[0.019s] Invoking command in '/home/cagla/ros2_ws/build/my_robot_description': CMAKE_PREFIX_PATH=${CMAKE_PREFIX_PATH}:/opt/ros/humble /usr/bin/cmake --build /home/cagla/ros2_ws/build/my_robot_description -- -j8 -l8
[0.131s] Invoked command in '/home/cagla/ros2_ws/build/my_robot_description' returned '0': CMAKE_PREFIX_PATH=${CMAKE_PREFIX_PATH}:/opt/ros/humble /usr/bin/cmake --build /home/cagla/ros2_ws/build/my_robot_description -- -j8 -l8
[0.193s] Invoking command in '/home/cagla/ros2_ws/build/my_robot_description': CMAKE_PREFIX_PATH=${CMAKE_PREFIX_PATH}:/opt/ros/humble /usr/bin/cmake --install /home/cagla/ros2_ws/build/my_robot_description
[0.207s] -- Install configuration: ""
[0.208s] -- Up-to-date: /home/cagla/ros2_ws/install/my_robot_description/share/my_robot_description//urdf
[0.208s] -- Up-to-date: /home/cagla/ros2_ws/install/my_robot_description/share/my_robot_description//urdf/my_robot.urdf.xacro
[0.208s] -- Up-to-date: /home/cagla/ros2_ws/install/my_robot_description/share/my_robot_description//urdf/mobile_base.xacro
[0.208s] -- Up-to-date: /home/cagla/ros2_ws/install/my_robot_description/share/my_robot_description//urdf/common_properties.xacro
[0.209s] -- Up-to-date: /home/cagla/ros2_ws/install/my_robot_description/share/my_robot_description//urdf/mobile_base_gazebo.xacro
[0.209s] -- Up-to-date: /home/cagla/ros2_ws/install/my_robot_description/share/my_robot_description//launch
[0.209s] -- Up-to-date: /home/cagla/ros2_ws/install/my_robot_description/share/my_robot_description//launch/display.launch.py
[0.209s] -- Up-to-date: /home/cagla/ros2_ws/install/my_robot_description/share/my_robot_description//launch/display.launch.xml
[0.210s] -- Up-to-date: /home/cagla/ros2_ws/install/my_robot_description/share/ament_index/resource_index/package_run_dependencies/my_robot_description
[0.210s] -- Up-to-date: /home/cagla/ros2_ws/install/my_robot_description/share/ament_index/resource_index/parent_prefix_path/my_robot_description
[0.210s] -- Up-to-date: /home/cagla/ros2_ws/install/my_robot_description/share/my_robot_description/environment/ament_prefix_path.sh
[0.210s] -- Up-to-date: /home/cagla/ros2_ws/install/my_robot_description/share/my_robot_description/environment/ament_prefix_path.dsv
[0.210s] -- Up-to-date: /home/cagla/ros2_ws/install/my_robot_description/share/my_robot_description/environment/path.sh
[0.211s] -- Up-to-date: /home/cagla/ros2_ws/install/my_robot_description/share/my_robot_description/environment/path.dsv
[0.211s] -- Up-to-date: /home/cagla/ros2_ws/install/my_robot_description/share/my_robot_description/local_setup.bash
[0.211s] -- Up-to-date: /home/cagla/ros2_ws/install/my_robot_description/share/my_robot_description/local_setup.sh
[0.212s] -- Up-to-date: /home/cagla/ros2_ws/install/my_robot_description/share/my_robot_description/local_setup.zsh
[0.212s] -- Up-to-date: /home/cagla/ros2_ws/install/my_robot_description/share/my_robot_description/local_setup.dsv
[0.213s] -- Installing: /home/cagla/ros2_ws/install/my_robot_description/share/my_robot_description/package.dsv
[0.214s] -- Up-to-date: /home/cagla/ros2_ws/install/my_robot_description/share/ament_index/resource_index/packages/my_robot_description
[0.214s] -- Up-to-date: /home/cagla/ros2_ws/install/my_robot_description/share/my_robot_description/cmake/my_robot_descriptionConfig.cmake
[0.215s] -- Up-to-date: /home/cagla/ros2_ws/install/my_robot_description/share/my_robot_description/cmake/my_robot_descriptionConfig-version.cmake
[0.216s] -- Up-to-date: /home/cagla/ros2_ws/install/my_robot_description/share/my_robot_description/package.xml
[0.216s] Invoked command in '/home/cagla/ros2_ws/build/my_robot_description' returned '0': CMAKE_PREFIX_PATH=${CMAKE_PREFIX_PATH}:/opt/ros/humble /usr/bin/cmake --install /home/cagla/ros2_ws/build/my_robot_description
