[0.180s] DEBUG:colcon:Command line arguments: ['/usr/bin/colcon', 'build']
[0.180s] DEBUG:colcon:Parsed command line arguments: Namespace(log_base=None, log_level=None, verb_name='build', build_base='build', install_base='install', merge_install=False, symlink_install=False, test_result_base=None, continue_on_error=False, executor='parallel', parallel_workers=8, event_handlers=None, ignore_user_meta=False, metas=['./colcon.meta'], base_paths=['.'], packages_ignore=None, packages_ignore_regex=None, paths=None, packages_up_to=None, packages_up_to_regex=None, packages_above=None, packages_above_and_dependencies=None, packages_above_depth=None, packages_select_by_dep=None, packages_skip_by_dep=None, packages_skip_up_to=None, packages_select_build_failed=False, packages_skip_build_finished=False, packages_select_test_failures=False, packages_skip_test_passed=False, packages_select=None, packages_skip=None, packages_select_regex=None, packages_skip_regex=None, packages_start=None, packages_end=None, allow_overriding=[], cmake_args=None, cmake_target=None, cmake_target_skip_unavailable=False, cmake_clean_cache=False, cmake_clean_first=False, cmake_force_configure=False, ament_cmake_args=None, catkin_cmake_args=None, catkin_skip_building_tests=False, verb_parser=<colcon_defaults.argument_parser.defaults.DefaultArgumentsDecorator object at 0x7a4aeb4f4310>, verb_extension=<colcon_core.verb.build.BuildVerb object at 0x7a4aeb690e80>, main=<bound method BuildVerb.main of <colcon_core.verb.build.BuildVerb object at 0x7a4aeb690e80>>)
[0.526s] Level 1:colcon.colcon_core.package_discovery:discover_packages(colcon_meta) check parameters
[0.526s] Level 1:colcon.colcon_core.package_discovery:discover_packages(recursive) check parameters
[0.526s] Level 1:colcon.colcon_core.package_discovery:discover_packages(ignore) check parameters
[0.526s] Level 1:colcon.colcon_core.package_discovery:discover_packages(path) check parameters
[0.526s] Level 1:colcon.colcon_core.package_discovery:discover_packages(colcon_meta) discover
[0.527s] Level 1:colcon.colcon_core.package_discovery:discover_packages(recursive) discover
[0.527s] INFO:colcon.colcon_core.package_discovery:Crawling recursively for packages in '/home/cagla/dev_ws/src'
[0.527s] Level 1:colcon.colcon_core.package_identification:_identify(.) by extensions ['ignore', 'ignore_ament_install']
[0.527s] Level 1:colcon.colcon_core.package_identification:_identify(.) by extension 'ignore'
[0.527s] Level 1:colcon.colcon_core.package_identification:_identify(.) by extension 'ignore_ament_install'
[0.527s] Level 1:colcon.colcon_core.package_identification:_identify(.) by extensions ['colcon_pkg']
[0.527s] Level 1:colcon.colcon_core.package_identification:_identify(.) by extension 'colcon_pkg'
[0.527s] Level 1:colcon.colcon_core.package_identification:_identify(.) by extensions ['colcon_meta']
[0.527s] Level 1:colcon.colcon_core.package_identification:_identify(.) by extension 'colcon_meta'
[0.527s] Level 1:colcon.colcon_core.package_identification:_identify(.) by extensions ['ros']
[0.527s] Level 1:colcon.colcon_core.package_identification:_identify(.) by extension 'ros'
[0.555s] Level 1:colcon.colcon_core.package_identification:_identify(.) by extensions ['cmake', 'python']
[0.555s] Level 1:colcon.colcon_core.package_identification:_identify(.) by extension 'cmake'
[0.555s] Level 1:colcon.colcon_core.package_identification:_identify(.) by extension 'python'
[0.555s] Level 1:colcon.colcon_core.package_identification:_identify(.) by extensions ['python_setup_py']
[0.555s] Level 1:colcon.colcon_core.package_identification:_identify(.) by extension 'python_setup_py'
[0.556s] Level 1:colcon.colcon_core.package_identification:_identify(articubot_one) by extensions ['ignore', 'ignore_ament_install']
[0.556s] Level 1:colcon.colcon_core.package_identification:_identify(articubot_one) by extension 'ignore'
[0.556s] Level 1:colcon.colcon_core.package_identification:_identify(articubot_one) by extension 'ignore_ament_install'
[0.556s] Level 1:colcon.colcon_core.package_identification:_identify(articubot_one) by extensions ['colcon_pkg']
[0.556s] Level 1:colcon.colcon_core.package_identification:_identify(articubot_one) by extension 'colcon_pkg'
[0.556s] Level 1:colcon.colcon_core.package_identification:_identify(articubot_one) by extensions ['colcon_meta']
[0.556s] Level 1:colcon.colcon_core.package_identification:_identify(articubot_one) by extension 'colcon_meta'
[0.556s] Level 1:colcon.colcon_core.package_identification:_identify(articubot_one) by extensions ['ros']
[0.556s] Level 1:colcon.colcon_core.package_identification:_identify(articubot_one) by extension 'ros'
[0.560s] DEBUG:colcon.colcon_core.package_identification:Package 'articubot_one' with type 'ros.ament_cmake' and name 'articubot_one'
[0.560s] Level 1:colcon.colcon_core.package_identification:_identify(ball_tracker) by extensions ['ignore', 'ignore_ament_install']
[0.560s] Level 1:colcon.colcon_core.package_identification:_identify(ball_tracker) by extension 'ignore'
[0.560s] Level 1:colcon.colcon_core.package_identification:_identify(ball_tracker) by extension 'ignore_ament_install'
[0.560s] Level 1:colcon.colcon_core.package_identification:_identify(ball_tracker) by extensions ['colcon_pkg']
[0.560s] Level 1:colcon.colcon_core.package_identification:_identify(ball_tracker) by extension 'colcon_pkg'
[0.560s] Level 1:colcon.colcon_core.package_identification:_identify(ball_tracker) by extensions ['colcon_meta']
[0.560s] Level 1:colcon.colcon_core.package_identification:_identify(ball_tracker) by extension 'colcon_meta'
[0.560s] Level 1:colcon.colcon_core.package_identification:_identify(ball_tracker) by extensions ['ros']
[0.560s] Level 1:colcon.colcon_core.package_identification:_identify(ball_tracker) by extension 'ros'
[0.561s] DEBUG:colcon.colcon_core.package_identification:Package 'ball_tracker' with type 'ros.ament_python' and name 'ball_tracker'
[0.561s] Level 1:colcon.colcon_core.package_identification:_identify(build) by extensions ['ignore', 'ignore_ament_install']
[0.561s] Level 1:colcon.colcon_core.package_identification:_identify(build) by extension 'ignore'
[0.561s] Level 1:colcon.colcon_core.package_identification:_identify(build) ignored
[0.562s] Level 1:colcon.colcon_core.package_identification:_identify(install) by extensions ['ignore', 'ignore_ament_install']
[0.562s] Level 1:colcon.colcon_core.package_identification:_identify(install) by extension 'ignore'
[0.562s] Level 1:colcon.colcon_core.package_identification:_identify(install) ignored
[0.562s] Level 1:colcon.colcon_core.package_identification:_identify(log) by extensions ['ignore', 'ignore_ament_install']
[0.562s] Level 1:colcon.colcon_core.package_identification:_identify(log) by extension 'ignore'
[0.562s] Level 1:colcon.colcon_core.package_identification:_identify(log) ignored
[0.562s] Level 1:colcon.colcon_core.package_discovery:discover_packages(recursive) using defaults
[0.562s] Level 1:colcon.colcon_core.package_discovery:discover_packages(ignore) discover
[0.562s] Level 1:colcon.colcon_core.package_discovery:discover_packages(ignore) using defaults
[0.562s] Level 1:colcon.colcon_core.package_discovery:discover_packages(path) discover
[0.562s] Level 1:colcon.colcon_core.package_discovery:discover_packages(path) using defaults
[0.589s] Level 1:colcon.colcon_core.package_discovery:discover_packages(prefix_path) check parameters
[0.590s] Level 1:colcon.colcon_core.package_discovery:discover_packages(prefix_path) discover
[0.593s] DEBUG:colcon.colcon_installed_package_information.package_discovery:Found 0 installed packages in /home/cagla/dev_ws/install
[0.594s] DEBUG:colcon.colcon_installed_package_information.package_discovery:Found 7 installed packages in /home/cagla/new_ws/install
[0.594s] DEBUG:colcon.colcon_installed_package_information.package_discovery:Found 2 installed packages in /home/cagla/ros2_ws/install
[0.596s] DEBUG:colcon.colcon_installed_package_information.package_discovery:Found 401 installed packages in /opt/ros/humble
[0.599s] Level 1:colcon.colcon_core.package_discovery:discover_packages(prefix_path) using defaults
[0.657s] Level 5:colcon.colcon_core.verb:set package 'articubot_one' build argument 'cmake_args' from command line to 'None'
[0.657s] Level 5:colcon.colcon_core.verb:set package 'articubot_one' build argument 'cmake_target' from command line to 'None'
[0.657s] Level 5:colcon.colcon_core.verb:set package 'articubot_one' build argument 'cmake_target_skip_unavailable' from command line to 'False'
[0.657s] Level 5:colcon.colcon_core.verb:set package 'articubot_one' build argument 'cmake_clean_cache' from command line to 'False'
[0.657s] Level 5:colcon.colcon_core.verb:set package 'articubot_one' build argument 'cmake_clean_first' from command line to 'False'
[0.657s] Level 5:colcon.colcon_core.verb:set package 'articubot_one' build argument 'cmake_force_configure' from command line to 'False'
[0.657s] Level 5:colcon.colcon_core.verb:set package 'articubot_one' build argument 'ament_cmake_args' from command line to 'None'
[0.657s] Level 5:colcon.colcon_core.verb:set package 'articubot_one' build argument 'catkin_cmake_args' from command line to 'None'
[0.657s] Level 5:colcon.colcon_core.verb:set package 'articubot_one' build argument 'catkin_skip_building_tests' from command line to 'False'
[0.657s] DEBUG:colcon.colcon_core.verb:Building package 'articubot_one' with the following arguments: {'ament_cmake_args': None, 'build_base': '/home/cagla/dev_ws/src/build/articubot_one', 'catkin_cmake_args': None, 'catkin_skip_building_tests': False, 'cmake_args': None, 'cmake_clean_cache': False, 'cmake_clean_first': False, 'cmake_force_configure': False, 'cmake_target': None, 'cmake_target_skip_unavailable': False, 'install_base': '/home/cagla/dev_ws/src/install/articubot_one', 'merge_install': False, 'path': '/home/cagla/dev_ws/src/articubot_one', 'symlink_install': False, 'test_result_base': None}
[0.657s] Level 5:colcon.colcon_core.verb:set package 'ball_tracker' build argument 'cmake_args' from command line to 'None'
[0.657s] Level 5:colcon.colcon_core.verb:set package 'ball_tracker' build argument 'cmake_target' from command line to 'None'
[0.657s] Level 5:colcon.colcon_core.verb:set package 'ball_tracker' build argument 'cmake_target_skip_unavailable' from command line to 'False'
[0.657s] Level 5:colcon.colcon_core.verb:set package 'ball_tracker' build argument 'cmake_clean_cache' from command line to 'False'
[0.657s] Level 5:colcon.colcon_core.verb:set package 'ball_tracker' build argument 'cmake_clean_first' from command line to 'False'
[0.657s] Level 5:colcon.colcon_core.verb:set package 'ball_tracker' build argument 'cmake_force_configure' from command line to 'False'
[0.657s] Level 5:colcon.colcon_core.verb:set package 'ball_tracker' build argument 'ament_cmake_args' from command line to 'None'
[0.658s] Level 5:colcon.colcon_core.verb:set package 'ball_tracker' build argument 'catkin_cmake_args' from command line to 'None'
[0.658s] Level 5:colcon.colcon_core.verb:set package 'ball_tracker' build argument 'catkin_skip_building_tests' from command line to 'False'
[0.658s] DEBUG:colcon.colcon_core.verb:Building package 'ball_tracker' with the following arguments: {'ament_cmake_args': None, 'build_base': '/home/cagla/dev_ws/src/build/ball_tracker', 'catkin_cmake_args': None, 'catkin_skip_building_tests': False, 'cmake_args': None, 'cmake_clean_cache': False, 'cmake_clean_first': False, 'cmake_force_configure': False, 'cmake_target': None, 'cmake_target_skip_unavailable': False, 'install_base': '/home/cagla/dev_ws/src/install/ball_tracker', 'merge_install': False, 'path': '/home/cagla/dev_ws/src/ball_tracker', 'symlink_install': False, 'test_result_base': None}
[0.658s] INFO:colcon.colcon_core.executor:Executing jobs using 'parallel' executor
[0.659s] DEBUG:colcon.colcon_parallel_executor.executor.parallel:run_until_complete
[0.659s] INFO:colcon.colcon_ros.task.ament_cmake.build:Building ROS package in '/home/cagla/dev_ws/src/articubot_one' with build type 'ament_cmake'
[0.659s] INFO:colcon.colcon_cmake.task.cmake.build:Building CMake package in '/home/cagla/dev_ws/src/articubot_one'
[0.662s] INFO:colcon.colcon_core.plugin_system:Skipping extension 'colcon_core.shell.bat': Not used on non-Windows systems
[0.663s] INFO:colcon.colcon_core.shell:Skip shell extension 'powershell' for command environment: Not usable outside of PowerShell
[0.663s] DEBUG:colcon.colcon_core.shell:Skip shell extension 'dsv' for command environment
[0.669s] INFO:colcon.colcon_ros.task.ament_python.build:Building ROS package in '/home/cagla/dev_ws/src/ball_tracker' with build type 'ament_python'
[0.669s] Level 1:colcon.colcon_core.shell:create_environment_hook('ball_tracker', 'ament_prefix_path')
[0.670s] INFO:colcon.colcon_core.shell:Creating environment hook '/home/cagla/dev_ws/src/install/ball_tracker/share/ball_tracker/hook/ament_prefix_path.ps1'
[0.672s] INFO:colcon.colcon_core.shell:Creating environment descriptor '/home/cagla/dev_ws/src/install/ball_tracker/share/ball_tracker/hook/ament_prefix_path.dsv'
[0.672s] INFO:colcon.colcon_core.shell:Creating environment hook '/home/cagla/dev_ws/src/install/ball_tracker/share/ball_tracker/hook/ament_prefix_path.sh'
[0.674s] INFO:colcon.colcon_core.shell:Skip shell extension 'powershell' for command environment: Not usable outside of PowerShell
[0.674s] DEBUG:colcon.colcon_core.shell:Skip shell extension 'dsv' for command environment
[0.685s] DEBUG:colcon.colcon_core.event_handler.log_command:Invoking command in '/home/cagla/dev_ws/src/build/articubot_one': CMAKE_PREFIX_PATH=${CMAKE_PREFIX_PATH}:/home/cagla/new_ws/install/serial_motor_demo:/home/cagla/new_ws/install/serial_motor_demo_msgs:/opt/ros/humble /usr/bin/cmake /home/cagla/dev_ws/src/articubot_one -DCMAKE_INSTALL_PREFIX=/home/cagla/dev_ws/src/install/articubot_one
[1.109s] INFO:colcon.colcon_core.task.python.build:Building Python package in '/home/cagla/dev_ws/src/ball_tracker'
[1.110s] INFO:colcon.colcon_core.shell:Skip shell extension 'powershell' for command environment: Not usable outside of PowerShell
[1.110s] DEBUG:colcon.colcon_core.shell:Skip shell extension 'dsv' for command environment
[1.769s] DEBUG:colcon.colcon_core.event_handler.log_command:Invoking command in '/home/cagla/dev_ws/src/ball_tracker': PYTHONPATH=/home/cagla/dev_ws/src/build/ball_tracker/prefix_override:/home/cagla/dev_ws/src/install/ball_tracker/lib/python3.10/site-packages:${PYTHONPATH} /usr/bin/python3 -W ignore:setup.py install is deprecated setup.py egg_info --egg-base ../build/ball_tracker build --build-base /home/cagla/dev_ws/src/build/ball_tracker/build install --record /home/cagla/dev_ws/src/build/ball_tracker/install.log --install-scripts $base/lib/ball_tracker --single-version-externally-managed install_data
[2.157s] DEBUG:colcon.colcon_core.event_handler.log_command:Invoked command in '/home/cagla/dev_ws/src/build/articubot_one' returned '0': CMAKE_PREFIX_PATH=${CMAKE_PREFIX_PATH}:/home/cagla/new_ws/install/serial_motor_demo:/home/cagla/new_ws/install/serial_motor_demo_msgs:/opt/ros/humble /usr/bin/cmake /home/cagla/dev_ws/src/articubot_one -DCMAKE_INSTALL_PREFIX=/home/cagla/dev_ws/src/install/articubot_one
[2.162s] DEBUG:colcon.colcon_core.event_handler.log_command:Invoking command in '/home/cagla/dev_ws/src/build/articubot_one': CMAKE_PREFIX_PATH=${CMAKE_PREFIX_PATH}:/home/cagla/new_ws/install/serial_motor_demo:/home/cagla/new_ws/install/serial_motor_demo_msgs:/opt/ros/humble /usr/bin/cmake --build /home/cagla/dev_ws/src/build/articubot_one -- -j8 -l8
[2.233s] DEBUG:colcon.colcon_core.event_handler.log_command:Invoked command in '/home/cagla/dev_ws/src/build/articubot_one' returned '0': CMAKE_PREFIX_PATH=${CMAKE_PREFIX_PATH}:/home/cagla/new_ws/install/serial_motor_demo:/home/cagla/new_ws/install/serial_motor_demo_msgs:/opt/ros/humble /usr/bin/cmake --build /home/cagla/dev_ws/src/build/articubot_one -- -j8 -l8
[2.250s] DEBUG:colcon.colcon_core.event_handler.log_command:Invoked command in '/home/cagla/dev_ws/src/ball_tracker' returned '0': PYTHONPATH=/home/cagla/dev_ws/src/build/ball_tracker/prefix_override:/home/cagla/dev_ws/src/install/ball_tracker/lib/python3.10/site-packages:${PYTHONPATH} /usr/bin/python3 -W ignore:setup.py install is deprecated setup.py egg_info --egg-base ../build/ball_tracker build --build-base /home/cagla/dev_ws/src/build/ball_tracker/build install --record /home/cagla/dev_ws/src/build/ball_tracker/install.log --install-scripts $base/lib/ball_tracker --single-version-externally-managed install_data
[2.257s] Level 1:colcon.colcon_core.environment:checking '/home/cagla/dev_ws/src/install/ball_tracker' for CMake module files
[2.257s] Level 1:colcon.colcon_core.environment:checking '/home/cagla/dev_ws/src/install/ball_tracker' for CMake config files
[2.258s] Level 1:colcon.colcon_core.environment:checking '/home/cagla/dev_ws/src/install/ball_tracker/lib'
[2.258s] Level 1:colcon.colcon_core.environment:checking '/home/cagla/dev_ws/src/install/ball_tracker/bin'
[2.258s] Level 1:colcon.colcon_core.environment:checking '/home/cagla/dev_ws/src/install/ball_tracker/lib/pkgconfig/ball_tracker.pc'
[2.259s] Level 1:colcon.colcon_core.environment:checking '/home/cagla/dev_ws/src/install/ball_tracker/lib/python3.10/site-packages'
[2.259s] Level 1:colcon.colcon_core.shell:create_environment_hook('ball_tracker', 'pythonpath')
[2.259s] INFO:colcon.colcon_core.shell:Creating environment hook '/home/cagla/dev_ws/src/install/ball_tracker/share/ball_tracker/hook/pythonpath.ps1'
[2.260s] INFO:colcon.colcon_core.shell:Creating environment descriptor '/home/cagla/dev_ws/src/install/ball_tracker/share/ball_tracker/hook/pythonpath.dsv'
[2.260s] INFO:colcon.colcon_core.shell:Creating environment hook '/home/cagla/dev_ws/src/install/ball_tracker/share/ball_tracker/hook/pythonpath.sh'
[2.260s] Level 1:colcon.colcon_core.environment:checking '/home/cagla/dev_ws/src/install/ball_tracker/bin'
[2.260s] Level 1:colcon.colcon_core.environment:create_environment_scripts_only(ball_tracker)
[2.261s] INFO:colcon.colcon_core.shell:Creating package script '/home/cagla/dev_ws/src/install/ball_tracker/share/ball_tracker/package.ps1'
[2.262s] INFO:colcon.colcon_core.shell:Creating package descriptor '/home/cagla/dev_ws/src/install/ball_tracker/share/ball_tracker/package.dsv'
[2.263s] INFO:colcon.colcon_core.shell:Creating package script '/home/cagla/dev_ws/src/install/ball_tracker/share/ball_tracker/package.sh'
[2.265s] INFO:colcon.colcon_core.shell:Creating package script '/home/cagla/dev_ws/src/install/ball_tracker/share/ball_tracker/package.bash'
[2.266s] INFO:colcon.colcon_core.shell:Creating package script '/home/cagla/dev_ws/src/install/ball_tracker/share/ball_tracker/package.zsh'
[2.267s] Level 1:colcon.colcon_core.environment:create_file_with_runtime_dependencies(/home/cagla/dev_ws/src/install/ball_tracker/share/colcon-core/packages/ball_tracker)
[2.305s] DEBUG:colcon.colcon_core.event_handler.log_command:Invoking command in '/home/cagla/dev_ws/src/build/articubot_one': CMAKE_PREFIX_PATH=${CMAKE_PREFIX_PATH}:/home/cagla/new_ws/install/serial_motor_demo:/home/cagla/new_ws/install/serial_motor_demo_msgs:/opt/ros/humble /usr/bin/cmake --install /home/cagla/dev_ws/src/build/articubot_one
[2.331s] Level 1:colcon.colcon_core.environment:create_environment_scripts_only(articubot_one)
[2.332s] Level 1:colcon.colcon_core.environment:checking '/home/cagla/dev_ws/src/install/articubot_one' for CMake module files
[2.333s] DEBUG:colcon.colcon_core.event_handler.log_command:Invoked command in '/home/cagla/dev_ws/src/build/articubot_one' returned '0': CMAKE_PREFIX_PATH=${CMAKE_PREFIX_PATH}:/home/cagla/new_ws/install/serial_motor_demo:/home/cagla/new_ws/install/serial_motor_demo_msgs:/opt/ros/humble /usr/bin/cmake --install /home/cagla/dev_ws/src/build/articubot_one
[2.333s] Level 1:colcon.colcon_core.environment:checking '/home/cagla/dev_ws/src/install/articubot_one' for CMake config files
[2.334s] Level 1:colcon.colcon_core.shell:create_environment_hook('articubot_one', 'cmake_prefix_path')
[2.334s] INFO:colcon.colcon_core.shell:Creating environment hook '/home/cagla/dev_ws/src/install/articubot_one/share/articubot_one/hook/cmake_prefix_path.ps1'
[2.335s] INFO:colcon.colcon_core.shell:Creating environment descriptor '/home/cagla/dev_ws/src/install/articubot_one/share/articubot_one/hook/cmake_prefix_path.dsv'
[2.335s] INFO:colcon.colcon_core.shell:Creating environment hook '/home/cagla/dev_ws/src/install/articubot_one/share/articubot_one/hook/cmake_prefix_path.sh'
[2.335s] Level 1:colcon.colcon_core.environment:checking '/home/cagla/dev_ws/src/install/articubot_one/bin'
[2.336s] Level 1:colcon.colcon_core.environment:checking '/home/cagla/dev_ws/src/install/articubot_one/lib/pkgconfig/articubot_one.pc'
[2.336s] Level 1:colcon.colcon_core.environment:checking '/home/cagla/dev_ws/src/install/articubot_one/lib/python3.10/site-packages'
[2.336s] Level 1:colcon.colcon_core.environment:checking '/home/cagla/dev_ws/src/install/articubot_one/bin'
[2.336s] INFO:colcon.colcon_core.shell:Creating package script '/home/cagla/dev_ws/src/install/articubot_one/share/articubot_one/package.ps1'
[2.337s] INFO:colcon.colcon_core.shell:Creating package descriptor '/home/cagla/dev_ws/src/install/articubot_one/share/articubot_one/package.dsv'
[2.337s] INFO:colcon.colcon_core.shell:Creating package script '/home/cagla/dev_ws/src/install/articubot_one/share/articubot_one/package.sh'
[2.338s] INFO:colcon.colcon_core.shell:Creating package script '/home/cagla/dev_ws/src/install/articubot_one/share/articubot_one/package.bash'
[2.338s] INFO:colcon.colcon_core.shell:Creating package script '/home/cagla/dev_ws/src/install/articubot_one/share/articubot_one/package.zsh'
[2.338s] Level 1:colcon.colcon_core.environment:create_file_with_runtime_dependencies(/home/cagla/dev_ws/src/install/articubot_one/share/colcon-core/packages/articubot_one)
[2.390s] Level 1:colcon.colcon_core.environment:create_environment_scripts_only(articubot_one)
[2.390s] Level 1:colcon.colcon_core.environment:checking '/home/cagla/dev_ws/src/install/articubot_one' for CMake module files
[2.391s] Level 1:colcon.colcon_core.environment:checking '/home/cagla/dev_ws/src/install/articubot_one' for CMake config files
[2.392s] Level 1:colcon.colcon_core.shell:create_environment_hook('articubot_one', 'cmake_prefix_path')
[2.392s] INFO:colcon.colcon_core.shell:Creating environment hook '/home/cagla/dev_ws/src/install/articubot_one/share/articubot_one/hook/cmake_prefix_path.ps1'
[2.393s] INFO:colcon.colcon_core.shell:Creating environment descriptor '/home/cagla/dev_ws/src/install/articubot_one/share/articubot_one/hook/cmake_prefix_path.dsv'
[2.394s] INFO:colcon.colcon_core.shell:Creating environment hook '/home/cagla/dev_ws/src/install/articubot_one/share/articubot_one/hook/cmake_prefix_path.sh'
[2.395s] Level 1:colcon.colcon_core.environment:checking '/home/cagla/dev_ws/src/install/articubot_one/bin'
[2.395s] Level 1:colcon.colcon_core.environment:checking '/home/cagla/dev_ws/src/install/articubot_one/lib/pkgconfig/articubot_one.pc'
[2.396s] Level 1:colcon.colcon_core.environment:checking '/home/cagla/dev_ws/src/install/articubot_one/lib/python3.10/site-packages'
[2.396s] Level 1:colcon.colcon_core.environment:checking '/home/cagla/dev_ws/src/install/articubot_one/bin'
[2.397s] INFO:colcon.colcon_core.shell:Creating package script '/home/cagla/dev_ws/src/install/articubot_one/share/articubot_one/package.ps1'
[2.398s] INFO:colcon.colcon_core.shell:Creating package descriptor '/home/cagla/dev_ws/src/install/articubot_one/share/articubot_one/package.dsv'
[2.399s] INFO:colcon.colcon_core.shell:Creating package script '/home/cagla/dev_ws/src/install/articubot_one/share/articubot_one/package.sh'
[2.400s] INFO:colcon.colcon_core.shell:Creating package script '/home/cagla/dev_ws/src/install/articubot_one/share/articubot_one/package.bash'
[2.400s] INFO:colcon.colcon_core.shell:Creating package script '/home/cagla/dev_ws/src/install/articubot_one/share/articubot_one/package.zsh'
[2.401s] Level 1:colcon.colcon_core.environment:create_file_with_runtime_dependencies(/home/cagla/dev_ws/src/install/articubot_one/share/colcon-core/packages/articubot_one)
[2.402s] DEBUG:colcon.colcon_parallel_executor.executor.parallel:closing loop
[2.402s] DEBUG:colcon.colcon_parallel_executor.executor.parallel:loop closed
[2.402s] DEBUG:colcon.colcon_parallel_executor.executor.parallel:run_until_complete finished with '0'
[2.402s] DEBUG:colcon.colcon_core.event_reactor:joining thread
[2.413s] INFO:colcon.colcon_core.plugin_system:Skipping extension 'colcon_notification.desktop_notification.terminal_notifier': Not used on non-Darwin systems
[2.413s] INFO:colcon.colcon_core.plugin_system:Skipping extension 'colcon_notification.desktop_notification.win32': Not used on non-Windows systems
[2.413s] INFO:colcon.colcon_notification.desktop_notification:Sending desktop notification using 'notify2'
[2.437s] DEBUG:colcon.colcon_core.event_reactor:joined thread
[2.438s] INFO:colcon.colcon_core.shell:Creating prefix script '/home/cagla/dev_ws/src/install/local_setup.ps1'
[2.441s] INFO:colcon.colcon_core.shell:Creating prefix util module '/home/cagla/dev_ws/src/install/_local_setup_util_ps1.py'
[2.445s] INFO:colcon.colcon_core.shell:Creating prefix chain script '/home/cagla/dev_ws/src/install/setup.ps1'
[2.450s] INFO:colcon.colcon_core.shell:Creating prefix script '/home/cagla/dev_ws/src/install/local_setup.sh'
[2.452s] INFO:colcon.colcon_core.shell:Creating prefix util module '/home/cagla/dev_ws/src/install/_local_setup_util_sh.py'
[2.453s] INFO:colcon.colcon_core.shell:Creating prefix chain script '/home/cagla/dev_ws/src/install/setup.sh'
[2.457s] INFO:colcon.colcon_core.shell:Creating prefix script '/home/cagla/dev_ws/src/install/local_setup.bash'
[2.458s] INFO:colcon.colcon_core.shell:Creating prefix chain script '/home/cagla/dev_ws/src/install/setup.bash'
[2.462s] INFO:colcon.colcon_core.shell:Creating prefix script '/home/cagla/dev_ws/src/install/local_setup.zsh'
[2.464s] INFO:colcon.colcon_core.shell:Creating prefix chain script '/home/cagla/dev_ws/src/install/setup.zsh'
