[0.303s] DEBUG:colcon:Command line arguments: ['/usr/bin/colcon', 'build']
[0.303s] DEBUG:colcon:Parsed command line arguments: Namespace(log_base=None, log_level=None, verb_name='build', build_base='build', install_base='install', merge_install=False, symlink_install=False, test_result_base=None, continue_on_error=False, executor='parallel', parallel_workers=8, event_handlers=None, ignore_user_meta=False, metas=['./colcon.meta'], base_paths=['.'], packages_ignore=None, packages_ignore_regex=None, paths=None, packages_up_to=None, packages_up_to_regex=None, packages_above=None, packages_above_and_dependencies=None, packages_above_depth=None, packages_select_by_dep=None, packages_skip_by_dep=None, packages_skip_up_to=None, packages_select_build_failed=False, packages_skip_build_finished=False, packages_select_test_failures=False, packages_skip_test_passed=False, packages_select=None, packages_skip=None, packages_select_regex=None, packages_skip_regex=None, packages_start=None, packages_end=None, allow_overriding=[], cmake_args=None, cmake_target=None, cmake_target_skip_unavailable=False, cmake_clean_cache=False, cmake_clean_first=False, cmake_force_configure=False, ament_cmake_args=None, catkin_cmake_args=None, catkin_skip_building_tests=False, verb_parser=<colcon_defaults.argument_parser.defaults.DefaultArgumentsDecorator object at 0x720d9f542800>, verb_extension=<colcon_core.verb.build.BuildVerb object at 0x720d9f63f400>, main=<bound method BuildVerb.main of <colcon_core.verb.build.BuildVerb object at 0x720d9f63f400>>)
[0.656s] Level 1:colcon.colcon_core.package_discovery:discover_packages(colcon_meta) check parameters
[0.656s] Level 1:colcon.colcon_core.package_discovery:discover_packages(recursive) check parameters
[0.656s] Level 1:colcon.colcon_core.package_discovery:discover_packages(ignore) check parameters
[0.656s] Level 1:colcon.colcon_core.package_discovery:discover_packages(path) check parameters
[0.656s] Level 1:colcon.colcon_core.package_discovery:discover_packages(colcon_meta) discover
[0.656s] Level 1:colcon.colcon_core.package_discovery:discover_packages(recursive) discover
[0.656s] INFO:colcon.colcon_core.package_discovery:Crawling recursively for packages in '/home/cagla/ros2_ws'
[0.657s] Level 1:colcon.colcon_core.package_identification:_identify(.) by extensions ['ignore', 'ignore_ament_install']
[0.657s] Level 1:colcon.colcon_core.package_identification:_identify(.) by extension 'ignore'
[0.657s] Level 1:colcon.colcon_core.package_identification:_identify(.) by extension 'ignore_ament_install'
[0.657s] Level 1:colcon.colcon_core.package_identification:_identify(.) by extensions ['colcon_pkg']
[0.657s] Level 1:colcon.colcon_core.package_identification:_identify(.) by extension 'colcon_pkg'
[0.657s] Level 1:colcon.colcon_core.package_identification:_identify(.) by extensions ['colcon_meta']
[0.657s] Level 1:colcon.colcon_core.package_identification:_identify(.) by extension 'colcon_meta'
[0.657s] Level 1:colcon.colcon_core.package_identification:_identify(.) by extensions ['ros']
[0.657s] Level 1:colcon.colcon_core.package_identification:_identify(.) by extension 'ros'
[0.672s] Level 1:colcon.colcon_core.package_identification:_identify(.) by extensions ['cmake', 'python']
[0.673s] Level 1:colcon.colcon_core.package_identification:_identify(.) by extension 'cmake'
[0.673s] Level 1:colcon.colcon_core.package_identification:_identify(.) by extension 'python'
[0.673s] Level 1:colcon.colcon_core.package_identification:_identify(.) by extensions ['python_setup_py']
[0.673s] Level 1:colcon.colcon_core.package_identification:_identify(.) by extension 'python_setup_py'
[0.673s] Level 1:colcon.colcon_core.package_identification:_identify(build) by extensions ['ignore', 'ignore_ament_install']
[0.673s] Level 1:colcon.colcon_core.package_identification:_identify(build) by extension 'ignore'
[0.673s] Level 1:colcon.colcon_core.package_identification:_identify(build) ignored
[0.673s] Level 1:colcon.colcon_core.package_identification:_identify(install) by extensions ['ignore', 'ignore_ament_install']
[0.673s] Level 1:colcon.colcon_core.package_identification:_identify(install) by extension 'ignore'
[0.673s] Level 1:colcon.colcon_core.package_identification:_identify(install) ignored
[0.674s] Level 1:colcon.colcon_core.package_identification:_identify(log) by extensions ['ignore', 'ignore_ament_install']
[0.674s] Level 1:colcon.colcon_core.package_identification:_identify(log) by extension 'ignore'
[0.674s] Level 1:colcon.colcon_core.package_identification:_identify(log) ignored
[0.674s] Level 1:colcon.colcon_core.package_identification:_identify(src) by extensions ['ignore', 'ignore_ament_install']
[0.674s] Level 1:colcon.colcon_core.package_identification:_identify(src) by extension 'ignore'
[0.674s] Level 1:colcon.colcon_core.package_identification:_identify(src) by extension 'ignore_ament_install'
[0.674s] Level 1:colcon.colcon_core.package_identification:_identify(src) by extensions ['colcon_pkg']
[0.674s] Level 1:colcon.colcon_core.package_identification:_identify(src) by extension 'colcon_pkg'
[0.674s] Level 1:colcon.colcon_core.package_identification:_identify(src) by extensions ['colcon_meta']
[0.674s] Level 1:colcon.colcon_core.package_identification:_identify(src) by extension 'colcon_meta'
[0.674s] Level 1:colcon.colcon_core.package_identification:_identify(src) by extensions ['ros']
[0.674s] Level 1:colcon.colcon_core.package_identification:_identify(src) by extension 'ros'
[0.675s] Level 1:colcon.colcon_core.package_identification:_identify(src) by extensions ['cmake', 'python']
[0.675s] Level 1:colcon.colcon_core.package_identification:_identify(src) by extension 'cmake'
[0.675s] Level 1:colcon.colcon_core.package_identification:_identify(src) by extension 'python'
[0.675s] Level 1:colcon.colcon_core.package_identification:_identify(src) by extensions ['python_setup_py']
[0.675s] Level 1:colcon.colcon_core.package_identification:_identify(src) by extension 'python_setup_py'
[0.675s] Level 1:colcon.colcon_core.package_identification:_identify(src/my_robot_bringup) by extensions ['ignore', 'ignore_ament_install']
[0.675s] Level 1:colcon.colcon_core.package_identification:_identify(src/my_robot_bringup) by extension 'ignore'
[0.675s] Level 1:colcon.colcon_core.package_identification:_identify(src/my_robot_bringup) by extension 'ignore_ament_install'
[0.675s] Level 1:colcon.colcon_core.package_identification:_identify(src/my_robot_bringup) by extensions ['colcon_pkg']
[0.675s] Level 1:colcon.colcon_core.package_identification:_identify(src/my_robot_bringup) by extension 'colcon_pkg'
[0.675s] Level 1:colcon.colcon_core.package_identification:_identify(src/my_robot_bringup) by extensions ['colcon_meta']
[0.675s] Level 1:colcon.colcon_core.package_identification:_identify(src/my_robot_bringup) by extension 'colcon_meta'
[0.675s] Level 1:colcon.colcon_core.package_identification:_identify(src/my_robot_bringup) by extensions ['ros']
[0.675s] Level 1:colcon.colcon_core.package_identification:_identify(src/my_robot_bringup) by extension 'ros'
[0.692s] DEBUG:colcon.colcon_core.package_identification:Package 'src/my_robot_bringup' with type 'ros.ament_cmake' and name 'my_robot_bringup'
[0.693s] Level 1:colcon.colcon_core.package_identification:_identify(src/my_robot_description) by extensions ['ignore', 'ignore_ament_install']
[0.693s] Level 1:colcon.colcon_core.package_identification:_identify(src/my_robot_description) by extension 'ignore'
[0.693s] Level 1:colcon.colcon_core.package_identification:_identify(src/my_robot_description) by extension 'ignore_ament_install'
[0.693s] Level 1:colcon.colcon_core.package_identification:_identify(src/my_robot_description) by extensions ['colcon_pkg']
[0.693s] Level 1:colcon.colcon_core.package_identification:_identify(src/my_robot_description) by extension 'colcon_pkg'
[0.693s] Level 1:colcon.colcon_core.package_identification:_identify(src/my_robot_description) by extensions ['colcon_meta']
[0.693s] Level 1:colcon.colcon_core.package_identification:_identify(src/my_robot_description) by extension 'colcon_meta'
[0.693s] Level 1:colcon.colcon_core.package_identification:_identify(src/my_robot_description) by extensions ['ros']
[0.693s] Level 1:colcon.colcon_core.package_identification:_identify(src/my_robot_description) by extension 'ros'
[0.694s] DEBUG:colcon.colcon_core.package_identification:Package 'src/my_robot_description' with type 'ros.ament_cmake' and name 'my_robot_description'
[0.694s] Level 1:colcon.colcon_core.package_discovery:discover_packages(recursive) using defaults
[0.694s] Level 1:colcon.colcon_core.package_discovery:discover_packages(ignore) discover
[0.694s] Level 1:colcon.colcon_core.package_discovery:discover_packages(ignore) using defaults
[0.694s] Level 1:colcon.colcon_core.package_discovery:discover_packages(path) discover
[0.694s] Level 1:colcon.colcon_core.package_discovery:discover_packages(path) using defaults
[0.721s] Level 1:colcon.colcon_core.package_discovery:discover_packages(prefix_path) check parameters
[0.721s] Level 1:colcon.colcon_core.package_discovery:discover_packages(prefix_path) discover
[0.725s] DEBUG:colcon.colcon_installed_package_information.package_discovery:Found 2 installed packages in /home/cagla/ros2_ws/install
[0.727s] DEBUG:colcon.colcon_installed_package_information.package_discovery:Found 398 installed packages in /opt/ros/humble
[0.729s] Level 1:colcon.colcon_core.package_discovery:discover_packages(prefix_path) using defaults
[0.860s] Level 5:colcon.colcon_core.verb:set package 'my_robot_description' build argument 'cmake_args' from command line to 'None'
[0.860s] Level 5:colcon.colcon_core.verb:set package 'my_robot_description' build argument 'cmake_target' from command line to 'None'
[0.860s] Level 5:colcon.colcon_core.verb:set package 'my_robot_description' build argument 'cmake_target_skip_unavailable' from command line to 'False'
[0.860s] Level 5:colcon.colcon_core.verb:set package 'my_robot_description' build argument 'cmake_clean_cache' from command line to 'False'
[0.860s] Level 5:colcon.colcon_core.verb:set package 'my_robot_description' build argument 'cmake_clean_first' from command line to 'False'
[0.860s] Level 5:colcon.colcon_core.verb:set package 'my_robot_description' build argument 'cmake_force_configure' from command line to 'False'
[0.860s] Level 5:colcon.colcon_core.verb:set package 'my_robot_description' build argument 'ament_cmake_args' from command line to 'None'
[0.860s] Level 5:colcon.colcon_core.verb:set package 'my_robot_description' build argument 'catkin_cmake_args' from command line to 'None'
[0.860s] Level 5:colcon.colcon_core.verb:set package 'my_robot_description' build argument 'catkin_skip_building_tests' from command line to 'False'
[0.860s] DEBUG:colcon.colcon_core.verb:Building package 'my_robot_description' with the following arguments: {'ament_cmake_args': None, 'build_base': '/home/cagla/ros2_ws/build/my_robot_description', 'catkin_cmake_args': None, 'catkin_skip_building_tests': False, 'cmake_args': None, 'cmake_clean_cache': False, 'cmake_clean_first': False, 'cmake_force_configure': False, 'cmake_target': None, 'cmake_target_skip_unavailable': False, 'install_base': '/home/cagla/ros2_ws/install/my_robot_description', 'merge_install': False, 'path': '/home/cagla/ros2_ws/src/my_robot_description', 'symlink_install': False, 'test_result_base': None}
[0.861s] Level 5:colcon.colcon_core.verb:set package 'my_robot_bringup' build argument 'cmake_args' from command line to 'None'
[0.861s] Level 5:colcon.colcon_core.verb:set package 'my_robot_bringup' build argument 'cmake_target' from command line to 'None'
[0.861s] Level 5:colcon.colcon_core.verb:set package 'my_robot_bringup' build argument 'cmake_target_skip_unavailable' from command line to 'False'
[0.861s] Level 5:colcon.colcon_core.verb:set package 'my_robot_bringup' build argument 'cmake_clean_cache' from command line to 'False'
[0.861s] Level 5:colcon.colcon_core.verb:set package 'my_robot_bringup' build argument 'cmake_clean_first' from command line to 'False'
[0.861s] Level 5:colcon.colcon_core.verb:set package 'my_robot_bringup' build argument 'cmake_force_configure' from command line to 'False'
[0.861s] Level 5:colcon.colcon_core.verb:set package 'my_robot_bringup' build argument 'ament_cmake_args' from command line to 'None'
[0.861s] Level 5:colcon.colcon_core.verb:set package 'my_robot_bringup' build argument 'catkin_cmake_args' from command line to 'None'
[0.861s] Level 5:colcon.colcon_core.verb:set package 'my_robot_bringup' build argument 'catkin_skip_building_tests' from command line to 'False'
[0.861s] DEBUG:colcon.colcon_core.verb:Building package 'my_robot_bringup' with the following arguments: {'ament_cmake_args': None, 'build_base': '/home/cagla/ros2_ws/build/my_robot_bringup', 'catkin_cmake_args': None, 'catkin_skip_building_tests': False, 'cmake_args': None, 'cmake_clean_cache': False, 'cmake_clean_first': False, 'cmake_force_configure': False, 'cmake_target': None, 'cmake_target_skip_unavailable': False, 'install_base': '/home/cagla/ros2_ws/install/my_robot_bringup', 'merge_install': False, 'path': '/home/cagla/ros2_ws/src/my_robot_bringup', 'symlink_install': False, 'test_result_base': None}
[0.861s] INFO:colcon.colcon_core.executor:Executing jobs using 'parallel' executor
[0.862s] DEBUG:colcon.colcon_parallel_executor.executor.parallel:run_until_complete
[0.863s] INFO:colcon.colcon_ros.task.ament_cmake.build:Building ROS package in '/home/cagla/ros2_ws/src/my_robot_description' with build type 'ament_cmake'
[0.863s] INFO:colcon.colcon_cmake.task.cmake.build:Building CMake package in '/home/cagla/ros2_ws/src/my_robot_description'
[0.867s] INFO:colcon.colcon_core.plugin_system:Skipping extension 'colcon_core.shell.bat': Not used on non-Windows systems
[0.867s] INFO:colcon.colcon_core.shell:Skip shell extension 'powershell' for command environment: Not usable outside of PowerShell
[0.867s] DEBUG:colcon.colcon_core.shell:Skip shell extension 'dsv' for command environment
[0.885s] DEBUG:colcon.colcon_core.event_handler.log_command:Invoking command in '/home/cagla/ros2_ws/build/my_robot_description': CMAKE_PREFIX_PATH=${CMAKE_PREFIX_PATH}:/opt/ros/humble /usr/bin/cmake --build /home/cagla/ros2_ws/build/my_robot_description -- -j8 -l8
[0.988s] DEBUG:colcon.colcon_core.event_handler.log_command:Invoked command in '/home/cagla/ros2_ws/build/my_robot_description' returned '0': CMAKE_PREFIX_PATH=${CMAKE_PREFIX_PATH}:/opt/ros/humble /usr/bin/cmake --build /home/cagla/ros2_ws/build/my_robot_description -- -j8 -l8
[1.063s] DEBUG:colcon.colcon_core.event_handler.log_command:Invoking command in '/home/cagla/ros2_ws/build/my_robot_description': CMAKE_PREFIX_PATH=${CMAKE_PREFIX_PATH}:/opt/ros/humble /usr/bin/cmake --install /home/cagla/ros2_ws/build/my_robot_description
[1.081s] Level 1:colcon.colcon_core.environment:create_environment_scripts_only(my_robot_description)
[1.082s] DEBUG:colcon.colcon_core.event_handler.log_command:Invoked command in '/home/cagla/ros2_ws/build/my_robot_description' returned '0': CMAKE_PREFIX_PATH=${CMAKE_PREFIX_PATH}:/opt/ros/humble /usr/bin/cmake --install /home/cagla/ros2_ws/build/my_robot_description
[1.089s] Level 1:colcon.colcon_core.environment:checking '/home/cagla/ros2_ws/install/my_robot_description' for CMake module files
[1.090s] Level 1:colcon.colcon_core.environment:checking '/home/cagla/ros2_ws/install/my_robot_description' for CMake config files
[1.090s] Level 1:colcon.colcon_core.shell:create_environment_hook('my_robot_description', 'cmake_prefix_path')
[1.091s] INFO:colcon.colcon_core.shell:Creating environment hook '/home/cagla/ros2_ws/install/my_robot_description/share/my_robot_description/hook/cmake_prefix_path.ps1'
[1.092s] INFO:colcon.colcon_core.shell:Creating environment descriptor '/home/cagla/ros2_ws/install/my_robot_description/share/my_robot_description/hook/cmake_prefix_path.dsv'
[1.093s] INFO:colcon.colcon_core.shell:Creating environment hook '/home/cagla/ros2_ws/install/my_robot_description/share/my_robot_description/hook/cmake_prefix_path.sh'
[1.094s] Level 1:colcon.colcon_core.environment:checking '/home/cagla/ros2_ws/install/my_robot_description/bin'
[1.094s] Level 1:colcon.colcon_core.environment:checking '/home/cagla/ros2_ws/install/my_robot_description/lib/pkgconfig/my_robot_description.pc'
[1.095s] Level 1:colcon.colcon_core.environment:checking '/home/cagla/ros2_ws/install/my_robot_description/lib/python3.10/site-packages'
[1.095s] Level 1:colcon.colcon_core.environment:checking '/home/cagla/ros2_ws/install/my_robot_description/bin'
[1.095s] INFO:colcon.colcon_core.shell:Creating package script '/home/cagla/ros2_ws/install/my_robot_description/share/my_robot_description/package.ps1'
[1.097s] INFO:colcon.colcon_core.shell:Creating package descriptor '/home/cagla/ros2_ws/install/my_robot_description/share/my_robot_description/package.dsv'
[1.097s] INFO:colcon.colcon_core.shell:Creating package script '/home/cagla/ros2_ws/install/my_robot_description/share/my_robot_description/package.sh'
[1.098s] INFO:colcon.colcon_core.shell:Creating package script '/home/cagla/ros2_ws/install/my_robot_description/share/my_robot_description/package.bash'
[1.100s] INFO:colcon.colcon_core.shell:Creating package script '/home/cagla/ros2_ws/install/my_robot_description/share/my_robot_description/package.zsh'
[1.101s] Level 1:colcon.colcon_core.environment:create_file_with_runtime_dependencies(/home/cagla/ros2_ws/install/my_robot_description/share/colcon-core/packages/my_robot_description)
[1.160s] Level 1:colcon.colcon_core.environment:create_environment_scripts_only(my_robot_description)
[1.161s] Level 1:colcon.colcon_core.environment:checking '/home/cagla/ros2_ws/install/my_robot_description' for CMake module files
[1.162s] Level 1:colcon.colcon_core.environment:checking '/home/cagla/ros2_ws/install/my_robot_description' for CMake config files
[1.163s] Level 1:colcon.colcon_core.shell:create_environment_hook('my_robot_description', 'cmake_prefix_path')
[1.163s] INFO:colcon.colcon_core.shell:Creating environment hook '/home/cagla/ros2_ws/install/my_robot_description/share/my_robot_description/hook/cmake_prefix_path.ps1'
[1.165s] INFO:colcon.colcon_core.shell:Creating environment descriptor '/home/cagla/ros2_ws/install/my_robot_description/share/my_robot_description/hook/cmake_prefix_path.dsv'
[1.165s] INFO:colcon.colcon_core.shell:Creating environment hook '/home/cagla/ros2_ws/install/my_robot_description/share/my_robot_description/hook/cmake_prefix_path.sh'
[1.167s] Level 1:colcon.colcon_core.environment:checking '/home/cagla/ros2_ws/install/my_robot_description/bin'
[1.167s] Level 1:colcon.colcon_core.environment:checking '/home/cagla/ros2_ws/install/my_robot_description/lib/pkgconfig/my_robot_description.pc'
[1.168s] Level 1:colcon.colcon_core.environment:checking '/home/cagla/ros2_ws/install/my_robot_description/lib/python3.10/site-packages'
[1.168s] Level 1:colcon.colcon_core.environment:checking '/home/cagla/ros2_ws/install/my_robot_description/bin'
[1.169s] INFO:colcon.colcon_core.shell:Creating package script '/home/cagla/ros2_ws/install/my_robot_description/share/my_robot_description/package.ps1'
[1.170s] INFO:colcon.colcon_core.shell:Creating package descriptor '/home/cagla/ros2_ws/install/my_robot_description/share/my_robot_description/package.dsv'
[1.172s] INFO:colcon.colcon_core.shell:Creating package script '/home/cagla/ros2_ws/install/my_robot_description/share/my_robot_description/package.sh'
[1.173s] INFO:colcon.colcon_core.shell:Creating package script '/home/cagla/ros2_ws/install/my_robot_description/share/my_robot_description/package.bash'
[1.174s] INFO:colcon.colcon_core.shell:Creating package script '/home/cagla/ros2_ws/install/my_robot_description/share/my_robot_description/package.zsh'
[1.175s] Level 1:colcon.colcon_core.environment:create_file_with_runtime_dependencies(/home/cagla/ros2_ws/install/my_robot_description/share/colcon-core/packages/my_robot_description)
[1.176s] INFO:colcon.colcon_ros.task.ament_cmake.build:Building ROS package in '/home/cagla/ros2_ws/src/my_robot_bringup' with build type 'ament_cmake'
[1.177s] INFO:colcon.colcon_cmake.task.cmake.build:Building CMake package in '/home/cagla/ros2_ws/src/my_robot_bringup'
[1.177s] INFO:colcon.colcon_core.shell:Skip shell extension 'powershell' for command environment: Not usable outside of PowerShell
[1.177s] DEBUG:colcon.colcon_core.shell:Skip shell extension 'dsv' for command environment
[1.202s] DEBUG:colcon.colcon_core.event_handler.log_command:Invoking command in '/home/cagla/ros2_ws/build/my_robot_bringup': CMAKE_PREFIX_PATH=/home/cagla/ros2_ws/install/my_robot_description:/home/cagla/ros2_ws/install/my_robot_bringup:/opt/ros/humble /usr/bin/cmake --build /home/cagla/ros2_ws/build/my_robot_bringup -- -j8 -l8
[1.270s] DEBUG:colcon.colcon_core.event_handler.log_command:Invoked command in '/home/cagla/ros2_ws/build/my_robot_bringup' returned '0': CMAKE_PREFIX_PATH=/home/cagla/ros2_ws/install/my_robot_description:/home/cagla/ros2_ws/install/my_robot_bringup:/opt/ros/humble /usr/bin/cmake --build /home/cagla/ros2_ws/build/my_robot_bringup -- -j8 -l8
[1.316s] DEBUG:colcon.colcon_core.event_handler.log_command:Invoking command in '/home/cagla/ros2_ws/build/my_robot_bringup': CMAKE_PREFIX_PATH=/home/cagla/ros2_ws/install/my_robot_description:/home/cagla/ros2_ws/install/my_robot_bringup:/opt/ros/humble /usr/bin/cmake --install /home/cagla/ros2_ws/build/my_robot_bringup
[1.336s] Level 1:colcon.colcon_core.environment:create_environment_scripts_only(my_robot_bringup)
[1.337s] Level 1:colcon.colcon_core.environment:checking '/home/cagla/ros2_ws/install/my_robot_bringup' for CMake module files
[1.338s] DEBUG:colcon.colcon_core.event_handler.log_command:Invoked command in '/home/cagla/ros2_ws/build/my_robot_bringup' returned '0': CMAKE_PREFIX_PATH=/home/cagla/ros2_ws/install/my_robot_description:/home/cagla/ros2_ws/install/my_robot_bringup:/opt/ros/humble /usr/bin/cmake --install /home/cagla/ros2_ws/build/my_robot_bringup
[1.340s] Level 1:colcon.colcon_core.environment:checking '/home/cagla/ros2_ws/install/my_robot_bringup' for CMake config files
[1.340s] Level 1:colcon.colcon_core.shell:create_environment_hook('my_robot_bringup', 'cmake_prefix_path')
[1.341s] INFO:colcon.colcon_core.shell:Creating environment hook '/home/cagla/ros2_ws/install/my_robot_bringup/share/my_robot_bringup/hook/cmake_prefix_path.ps1'
[1.342s] INFO:colcon.colcon_core.shell:Creating environment descriptor '/home/cagla/ros2_ws/install/my_robot_bringup/share/my_robot_bringup/hook/cmake_prefix_path.dsv'
[1.343s] INFO:colcon.colcon_core.shell:Creating environment hook '/home/cagla/ros2_ws/install/my_robot_bringup/share/my_robot_bringup/hook/cmake_prefix_path.sh'
[1.344s] Level 1:colcon.colcon_core.environment:checking '/home/cagla/ros2_ws/install/my_robot_bringup/bin'
[1.344s] Level 1:colcon.colcon_core.environment:checking '/home/cagla/ros2_ws/install/my_robot_bringup/lib/pkgconfig/my_robot_bringup.pc'
[1.345s] Level 1:colcon.colcon_core.environment:checking '/home/cagla/ros2_ws/install/my_robot_bringup/lib/python3.10/site-packages'
[1.346s] Level 1:colcon.colcon_core.environment:checking '/home/cagla/ros2_ws/install/my_robot_bringup/bin'
[1.347s] INFO:colcon.colcon_core.shell:Creating package script '/home/cagla/ros2_ws/install/my_robot_bringup/share/my_robot_bringup/package.ps1'
[1.348s] INFO:colcon.colcon_core.shell:Creating package descriptor '/home/cagla/ros2_ws/install/my_robot_bringup/share/my_robot_bringup/package.dsv'
[1.349s] INFO:colcon.colcon_core.shell:Creating package script '/home/cagla/ros2_ws/install/my_robot_bringup/share/my_robot_bringup/package.sh'
[1.350s] INFO:colcon.colcon_core.shell:Creating package script '/home/cagla/ros2_ws/install/my_robot_bringup/share/my_robot_bringup/package.bash'
[1.351s] INFO:colcon.colcon_core.shell:Creating package script '/home/cagla/ros2_ws/install/my_robot_bringup/share/my_robot_bringup/package.zsh'
[1.352s] Level 1:colcon.colcon_core.environment:create_file_with_runtime_dependencies(/home/cagla/ros2_ws/install/my_robot_bringup/share/colcon-core/packages/my_robot_bringup)
[1.397s] Level 1:colcon.colcon_core.environment:create_environment_scripts_only(my_robot_bringup)
[1.397s] Level 1:colcon.colcon_core.environment:checking '/home/cagla/ros2_ws/install/my_robot_bringup' for CMake module files
[1.398s] Level 1:colcon.colcon_core.environment:checking '/home/cagla/ros2_ws/install/my_robot_bringup' for CMake config files
[1.398s] Level 1:colcon.colcon_core.shell:create_environment_hook('my_robot_bringup', 'cmake_prefix_path')
[1.398s] INFO:colcon.colcon_core.shell:Creating environment hook '/home/cagla/ros2_ws/install/my_robot_bringup/share/my_robot_bringup/hook/cmake_prefix_path.ps1'
[1.399s] INFO:colcon.colcon_core.shell:Creating environment descriptor '/home/cagla/ros2_ws/install/my_robot_bringup/share/my_robot_bringup/hook/cmake_prefix_path.dsv'
[1.399s] INFO:colcon.colcon_core.shell:Creating environment hook '/home/cagla/ros2_ws/install/my_robot_bringup/share/my_robot_bringup/hook/cmake_prefix_path.sh'
[1.400s] Level 1:colcon.colcon_core.environment:checking '/home/cagla/ros2_ws/install/my_robot_bringup/bin'
[1.400s] Level 1:colcon.colcon_core.environment:checking '/home/cagla/ros2_ws/install/my_robot_bringup/lib/pkgconfig/my_robot_bringup.pc'
[1.400s] Level 1:colcon.colcon_core.environment:checking '/home/cagla/ros2_ws/install/my_robot_bringup/lib/python3.10/site-packages'
[1.401s] Level 1:colcon.colcon_core.environment:checking '/home/cagla/ros2_ws/install/my_robot_bringup/bin'
[1.401s] INFO:colcon.colcon_core.shell:Creating package script '/home/cagla/ros2_ws/install/my_robot_bringup/share/my_robot_bringup/package.ps1'
[1.402s] INFO:colcon.colcon_core.shell:Creating package descriptor '/home/cagla/ros2_ws/install/my_robot_bringup/share/my_robot_bringup/package.dsv'
[1.403s] INFO:colcon.colcon_core.shell:Creating package script '/home/cagla/ros2_ws/install/my_robot_bringup/share/my_robot_bringup/package.sh'
[1.403s] INFO:colcon.colcon_core.shell:Creating package script '/home/cagla/ros2_ws/install/my_robot_bringup/share/my_robot_bringup/package.bash'
[1.404s] INFO:colcon.colcon_core.shell:Creating package script '/home/cagla/ros2_ws/install/my_robot_bringup/share/my_robot_bringup/package.zsh'
[1.404s] Level 1:colcon.colcon_core.environment:create_file_with_runtime_dependencies(/home/cagla/ros2_ws/install/my_robot_bringup/share/colcon-core/packages/my_robot_bringup)
[1.405s] DEBUG:colcon.colcon_parallel_executor.executor.parallel:closing loop
[1.405s] DEBUG:colcon.colcon_parallel_executor.executor.parallel:loop closed
[1.405s] DEBUG:colcon.colcon_parallel_executor.executor.parallel:run_until_complete finished with '0'
[1.405s] DEBUG:colcon.colcon_core.event_reactor:joining thread
[1.417s] INFO:colcon.colcon_core.plugin_system:Skipping extension 'colcon_notification.desktop_notification.terminal_notifier': Not used on non-Darwin systems
[1.417s] INFO:colcon.colcon_core.plugin_system:Skipping extension 'colcon_notification.desktop_notification.win32': Not used on non-Windows systems
[1.417s] INFO:colcon.colcon_notification.desktop_notification:Sending desktop notification using 'notify2'
[1.440s] DEBUG:colcon.colcon_core.event_reactor:joined thread
[1.440s] INFO:colcon.colcon_core.shell:Creating prefix script '/home/cagla/ros2_ws/install/local_setup.ps1'
[1.442s] INFO:colcon.colcon_core.shell:Creating prefix util module '/home/cagla/ros2_ws/install/_local_setup_util_ps1.py'
[1.444s] INFO:colcon.colcon_core.shell:Creating prefix chain script '/home/cagla/ros2_ws/install/setup.ps1'
[1.445s] INFO:colcon.colcon_core.shell:Creating prefix script '/home/cagla/ros2_ws/install/local_setup.sh'
[1.446s] INFO:colcon.colcon_core.shell:Creating prefix util module '/home/cagla/ros2_ws/install/_local_setup_util_sh.py'
[1.446s] INFO:colcon.colcon_core.shell:Creating prefix chain script '/home/cagla/ros2_ws/install/setup.sh'
[1.448s] INFO:colcon.colcon_core.shell:Creating prefix script '/home/cagla/ros2_ws/install/local_setup.bash'
[1.448s] INFO:colcon.colcon_core.shell:Creating prefix chain script '/home/cagla/ros2_ws/install/setup.bash'
[1.450s] INFO:colcon.colcon_core.shell:Creating prefix script '/home/cagla/ros2_ws/install/local_setup.zsh'
[1.451s] INFO:colcon.colcon_core.shell:Creating prefix chain script '/home/cagla/ros2_ws/install/setup.zsh'
