[0.018s] Invoking command in '/home/reveha/reveha_ws/build/serial': CMAKE_PREFIX_PATH=${CMAKE_PREFIX_PATH}:/opt/ros/humble /home/reveha/.local/bin/cmake /home/reveha/reveha_ws/src/serial -DCMAKE_INSTALL_PREFIX=/home/reveha/reveha_ws/install/serial
[0.181s] -- The C compiler identification is GNU 11.4.0
[0.251s] -- The CXX compiler identification is GNU 11.4.0
[0.265s] -- Detecting C compiler ABI info
[0.335s] -- Detecting C compiler ABI info - done
[0.370s] -- Check for working C compiler: /usr/bin/cc - skipped
[0.371s] -- Detecting C compile features
[0.372s] -- Detecting C compile features - done
[0.380s] -- Detecting CXX compiler ABI info
[0.464s] -- Detecting CXX compiler ABI info - done
[0.482s] -- Check for working CXX compiler: /usr/bin/c++ - skipped
[0.482s] -- Detecting CXX compile features
[0.483s] -- Detecting CXX compile features - done
[0.486s] -- Found ament_cmake: 1.3.9 (/opt/ros/humble/share/ament_cmake/cmake)
[0.610s] -- Found Python3: /usr/bin/python3 (found version "3.10.12") found components: Interpreter
[0.702s] -- Found ament_cmake_gtest: 1.3.9 (/opt/ros/humble/share/ament_cmake_gtest/cmake)
[0.716s] -- Found Boost: /usr/lib/x86_64-linux-gnu/cmake/Boost-1.74.0/BoostConfig.cmake (found version "1.74.0")
[0.721s] -- Found gtest sources under '/opt/ros/humble/src/gtest_vendor': C++ tests using 'Google Test' will be built
[0.723s] -- Performing Test CMAKE_HAVE_LIBC_PTHREAD
[0.803s] -- Performing Test CMAKE_HAVE_LIBC_PTHREAD - Success
[0.804s] -- Found Threads: TRUE
[0.867s] -- Configuring done (0.8s)
[0.880s] -- Generating done (0.0s)
[0.882s] -- Build files have been written to: /home/reveha/reveha_ws/build/serial
[0.904s] Invoked command in '/home/reveha/reveha_ws/build/serial' returned '0': CMAKE_PREFIX_PATH=${CMAKE_PREFIX_PATH}:/opt/ros/humble /home/reveha/.local/bin/cmake /home/reveha/reveha_ws/src/serial -DCMAKE_INSTALL_PREFIX=/home/reveha/reveha_ws/install/serial
[0.905s] Invoking command in '/home/reveha/reveha_ws/build/serial': CMAKE_PREFIX_PATH=${CMAKE_PREFIX_PATH}:/opt/ros/humble /home/reveha/.local/bin/cmake --build /home/reveha/reveha_ws/build/serial -- -j12 -l12
[0.993s] [ 28%] [32mBuilding CXX object gtest/CMakeFiles/gtest.dir/src/gtest-all.cc.o[0m
[0.993s] [ 28%] [32mBuilding CXX object CMakeFiles/serial.dir/src/serial.cc.o[0m
[0.993s] [ 28%] [32mBuilding CXX object CMakeFiles/serial.dir/src/impl/unix.cc.o[0m
[0.993s] [ 35%] [32mBuilding CXX object gtest/CMakeFiles/gtest_main.dir/src/gtest_main.cc.o[0m
[0.993s] [ 35%] [32mBuilding CXX object CMakeFiles/serial.dir/src/impl/list_ports/list_ports_linux.cc.o[0m
[1.507s] [ 42%] [32m[1mLinking CXX static library libserial.a[0m
[1.532s] [ 42%] Built target serial
[1.543s] [ 50%] [32mBuilding CXX object CMakeFiles/serial_example.dir/examples/serial_example.cc.o[0m
[1.834s] [ 57%] [32m[1mLinking CXX executable serial_example[0m
[1.886s] [ 64%] [32m[1mLinking CXX static library libgtest_main.a[0m
[1.904s] [ 64%] Built target gtest_main
[1.930s] [ 64%] Built target serial_example
[3.703s] [ 71%] [32m[1mLinking CXX static library libgtest.a[0m
[3.767s] [ 71%] Built target gtest
[3.779s] [ 78%] [32mBuilding CXX object tests/CMakeFiles/serial-test-timer.dir/unit/unix_timer_tests.cc.o[0m
[3.788s] [ 85%] [32mBuilding CXX object tests/CMakeFiles/serial-test.dir/unix_serial_tests.cc.o[0m
[4.505s] In file included from [01m[K/usr/include/boost/bind.hpp:30[m[K,
[4.505s]                  from [01m[K/home/reveha/reveha_ws/src/serial/tests/unix_serial_tests.cc:23[m[K:
[4.505s] [01m[K/usr/include/boost/bind.hpp:36:1:[m[K [01;36m[Knote: [m[K‘[01m[K#pragma message: The practice of declaring the Bind placeholders (_1, _2, ...) in the global namespace is deprecated. Please use <boost/bind/bind.hpp> + using namespace boost::placeholders, or define BOOST_BIND_GLOBAL_PLACEHOLDERS to retain the current behavior.[m[K’
[4.506s]    36 | [01;36m[KBOOST_PRAGMA_MESSAGE[m[K(
[4.506s]       | [01;36m[K^~~~~~~~~~~~~~~~~~~~[m[K
[4.544s] [ 92%] [32m[1mLinking CXX executable serial-test-timer[0m
[4.685s] [100%] [32m[1mLinking CXX executable serial-test[0m
[4.690s] [100%] Built target serial-test-timer
[4.822s] [100%] Built target serial-test
[4.847s] Invoked command in '/home/reveha/reveha_ws/build/serial' returned '0': CMAKE_PREFIX_PATH=${CMAKE_PREFIX_PATH}:/opt/ros/humble /home/reveha/.local/bin/cmake --build /home/reveha/reveha_ws/build/serial -- -j12 -l12
[4.965s] Invoking command in '/home/reveha/reveha_ws/build/serial': CMAKE_PREFIX_PATH=${CMAKE_PREFIX_PATH}:/opt/ros/humble /home/reveha/.local/bin/cmake --install /home/reveha/reveha_ws/build/serial
[5.026s] -- Install configuration: ""
[5.027s] -- Installing: /home/reveha/reveha_ws/install/serial/lib/libserial.a
[5.027s] -- Installing: /home/reveha/reveha_ws/install/serial/include/serial/serial.h
[5.028s] -- Installing: /home/reveha/reveha_ws/install/serial/include/serial/v8stdint.h
[5.028s] -- Installing: /home/reveha/reveha_ws/install/serial/share/serial/environment/library_path.sh
[5.029s] -- Installing: /home/reveha/reveha_ws/install/serial/share/serial/environment/library_path.dsv
[5.029s] -- Installing: /home/reveha/reveha_ws/install/serial/share/ament_index/resource_index/package_run_dependencies/serial
[5.030s] -- Installing: /home/reveha/reveha_ws/install/serial/share/ament_index/resource_index/parent_prefix_path/serial
[5.030s] -- Installing: /home/reveha/reveha_ws/install/serial/share/serial/environment/ament_prefix_path.sh
[5.031s] -- Installing: /home/reveha/reveha_ws/install/serial/share/serial/environment/ament_prefix_path.dsv
[5.031s] -- Installing: /home/reveha/reveha_ws/install/serial/share/serial/environment/path.sh
[5.031s] -- Installing: /home/reveha/reveha_ws/install/serial/share/serial/environment/path.dsv
[5.032s] -- Installing: /home/reveha/reveha_ws/install/serial/share/serial/local_setup.bash
[5.032s] -- Installing: /home/reveha/reveha_ws/install/serial/share/serial/local_setup.sh
[5.033s] -- Installing: /home/reveha/reveha_ws/install/serial/share/serial/local_setup.zsh
[5.033s] -- Installing: /home/reveha/reveha_ws/install/serial/share/serial/local_setup.dsv
[5.033s] -- Installing: /home/reveha/reveha_ws/install/serial/share/serial/package.dsv
[5.033s] -- Installing: /home/reveha/reveha_ws/install/serial/share/ament_index/resource_index/packages/serial
[5.034s] -- Installing: /home/reveha/reveha_ws/install/serial/share/serial/cmake/ament_cmake_export_include_directories-extras.cmake
[5.034s] -- Installing: /home/reveha/reveha_ws/install/serial/share/serial/cmake/ament_cmake_export_libraries-extras.cmake
[5.035s] -- Installing: /home/reveha/reveha_ws/install/serial/share/serial/cmake/serialConfig.cmake
[5.035s] -- Installing: /home/reveha/reveha_ws/install/serial/share/serial/cmake/serialConfig-version.cmake
[5.035s] -- Installing: /home/reveha/reveha_ws/install/serial/share/serial/package.xml
[5.053s] Invoked command in '/home/reveha/reveha_ws/build/serial' returned '0': CMAKE_PREFIX_PATH=${CMAKE_PREFIX_PATH}:/opt/ros/humble /home/reveha/.local/bin/cmake --install /home/reveha/reveha_ws/build/serial
