[0.021s] Invoking command in '/home/cagla/ros2_ws/build/my_robot_description': CMAKE_PREFIX_PATH=/opt/ros/humble /usr/bin/cmake /home/cagla/ros2_ws/src/my_robot_description -DCMAKE_INSTALL_PREFIX=/home/cagla/ros2_ws/install/my_robot_description
[0.198s] -- The C compiler identification is GNU 11.4.0
[0.363s] -- The CXX compiler identification is GNU 11.4.0
[0.379s] -- Detecting C compiler ABI info
[0.495s] -- Detecting C compiler ABI info - done
[0.507s] -- Check for working C compiler: /usr/bin/cc - skipped
[0.508s] -- Detecting C compile features
[0.509s] -- Detecting C compile features - done
[0.515s] -- Detecting CXX compiler ABI info
[0.683s] -- Detecting CXX compiler ABI info - done
[0.703s] -- Check for working CXX compiler: /usr/bin/c++ - skipped
[0.703s] -- Detecting CXX compile features
[0.704s] -- Detecting CXX compile features - done
[0.725s] -- Found ament_cmake: 1.3.8 (/opt/ros/humble/share/ament_cmake/cmake)
[1.095s] -- Found Python3: /usr/bin/python3 (found version "3.10.12") found components: Interpreter 
[1.419s] -- Configuring done
[1.425s] -- Generating done
[1.427s] -- Build files have been written to: /home/cagla/ros2_ws/build/my_robot_description
[1.436s] Invoked command in '/home/cagla/ros2_ws/build/my_robot_description' returned '0': CMAKE_PREFIX_PATH=/opt/ros/humble /usr/bin/cmake /home/cagla/ros2_ws/src/my_robot_description -DCMAKE_INSTALL_PREFIX=/home/cagla/ros2_ws/install/my_robot_description
[1.439s] Invoking command in '/home/cagla/ros2_ws/build/my_robot_description': CMAKE_PREFIX_PATH=/opt/ros/humble /usr/bin/cmake --build /home/cagla/ros2_ws/build/my_robot_description -- -j8 -l8
[1.521s] Invoked command in '/home/cagla/ros2_ws/build/my_robot_description' returned '0': CMAKE_PREFIX_PATH=/opt/ros/humble /usr/bin/cmake --build /home/cagla/ros2_ws/build/my_robot_description -- -j8 -l8
[1.588s] Invoking command in '/home/cagla/ros2_ws/build/my_robot_description': CMAKE_PREFIX_PATH=/opt/ros/humble /usr/bin/cmake --install /home/cagla/ros2_ws/build/my_robot_description
[1.602s] -- Install configuration: ""
[1.602s] -- Installing: /home/cagla/ros2_ws/install/my_robot_description/share/my_robot_description//urdf
[1.602s] -- Installing: /home/cagla/ros2_ws/install/my_robot_description/share/my_robot_description//urdf/my_robot.urdf
[1.603s] -- Installing: /home/cagla/ros2_ws/install/my_robot_description/share/my_robot_description//launch
[1.603s] -- Installing: /home/cagla/ros2_ws/install/my_robot_description/share/my_robot_description//launch/display.launch.xml
[1.604s] -- Installing: /home/cagla/ros2_ws/install/my_robot_description/share/ament_index/resource_index/package_run_dependencies/my_robot_description
[1.604s] -- Installing: /home/cagla/ros2_ws/install/my_robot_description/share/ament_index/resource_index/parent_prefix_path/my_robot_description
[1.605s] -- Installing: /home/cagla/ros2_ws/install/my_robot_description/share/my_robot_description/environment/ament_prefix_path.sh
[1.605s] -- Installing: /home/cagla/ros2_ws/install/my_robot_description/share/my_robot_description/environment/ament_prefix_path.dsv
[1.606s] -- Installing: /home/cagla/ros2_ws/install/my_robot_description/share/my_robot_description/environment/path.sh
[1.606s] -- Installing: /home/cagla/ros2_ws/install/my_robot_description/share/my_robot_description/environment/path.dsv
[1.606s] -- Installing: /home/cagla/ros2_ws/install/my_robot_description/share/my_robot_description/local_setup.bash
[1.607s] -- Installing: /home/cagla/ros2_ws/install/my_robot_description/share/my_robot_description/local_setup.sh
[1.607s] -- Installing: /home/cagla/ros2_ws/install/my_robot_description/share/my_robot_description/local_setup.zsh
[1.607s] -- Installing: /home/cagla/ros2_ws/install/my_robot_description/share/my_robot_description/local_setup.dsv
[1.608s] -- Installing: /home/cagla/ros2_ws/install/my_robot_description/share/my_robot_description/package.dsv
[1.608s] -- Installing: /home/cagla/ros2_ws/install/my_robot_description/share/ament_index/resource_index/packages/my_robot_description
[1.609s] -- Installing: /home/cagla/ros2_ws/install/my_robot_description/share/my_robot_description/cmake/my_robot_descriptionConfig.cmake
[1.609s] -- Installing: /home/cagla/ros2_ws/install/my_robot_description/share/my_robot_description/cmake/my_robot_descriptionConfig-version.cmake
[1.610s] -- Installing: /home/cagla/ros2_ws/install/my_robot_description/share/my_robot_description/package.xml
[1.615s] Invoked command in '/home/cagla/ros2_ws/build/my_robot_description' returned '0': CMAKE_PREFIX_PATH=/opt/ros/humble /usr/bin/cmake --install /home/cagla/ros2_ws/build/my_robot_description
