[0.601s] Invoking command in '/home/reveha/reveha_ws/src/ball_tracker': PYTHONPATH=/home/reveha/reveha_ws/build/ball_tracker/prefix_override:/home/reveha/reveha_ws/install/ball_tracker/lib/python3.10/site-packages:${PYTHONPATH} /usr/bin/python3 -W ignore:setup.py install is deprecated setup.py egg_info --egg-base ../../build/ball_tracker build --build-base /home/reveha/reveha_ws/build/ball_tracker/build install --record /home/reveha/reveha_ws/build/ball_tracker/install.log --install-scripts $base/lib/ball_tracker --single-version-externally-managed install_data
[0.820s] /usr/lib/python3/dist-packages/setuptools/dist.py:723: UserWarning: Usage of dash-separated 'script-dir' will not be supported in future versions. Please use the underscore name 'script_dir' instead
[0.820s]   warnings.warn(
[0.828s] running egg_info
[0.829s] creating ../../build/ball_tracker/ball_tracker.egg-info
[0.829s] writing ../../build/ball_tracker/ball_tracker.egg-info/PKG-INFO
[0.829s] writing dependency_links to ../../build/ball_tracker/ball_tracker.egg-info/dependency_links.txt
[0.829s] writing entry points to ../../build/ball_tracker/ball_tracker.egg-info/entry_points.txt
[0.829s] writing requirements to ../../build/ball_tracker/ball_tracker.egg-info/requires.txt
[0.830s] writing top-level names to ../../build/ball_tracker/ball_tracker.egg-info/top_level.txt
[0.830s] writing manifest file '../../build/ball_tracker/ball_tracker.egg-info/SOURCES.txt'
[0.832s] reading manifest file '../../build/ball_tracker/ball_tracker.egg-info/SOURCES.txt'
[0.832s] writing manifest file '../../build/ball_tracker/ball_tracker.egg-info/SOURCES.txt'
[0.832s] running build
[0.832s] running build_py
[0.832s] creating /home/reveha/reveha_ws/build/ball_tracker/build
[0.832s] creating /home/reveha/reveha_ws/build/ball_tracker/build/lib
[0.833s] creating /home/reveha/reveha_ws/build/ball_tracker/build/lib/ball_tracker
[0.833s] copying ball_tracker/follow_ball.py -> /home/reveha/reveha_ws/build/ball_tracker/build/lib/ball_tracker
[0.833s] copying ball_tracker/process_image.py -> /home/reveha/reveha_ws/build/ball_tracker/build/lib/ball_tracker
[0.833s] copying ball_tracker/detect_ball_3d.py -> /home/reveha/reveha_ws/build/ball_tracker/build/lib/ball_tracker
[0.833s] copying ball_tracker/detect_ball.py -> /home/reveha/reveha_ws/build/ball_tracker/build/lib/ball_tracker
[0.833s] copying ball_tracker/__init__.py -> /home/reveha/reveha_ws/build/ball_tracker/build/lib/ball_tracker
[0.833s] running install
[0.833s] running install_lib
[0.834s] creating /home/reveha/reveha_ws/install/ball_tracker/lib/python3.10/site-packages/ball_tracker
[0.834s] copying /home/reveha/reveha_ws/build/ball_tracker/build/lib/ball_tracker/follow_ball.py -> /home/reveha/reveha_ws/install/ball_tracker/lib/python3.10/site-packages/ball_tracker
[0.835s] copying /home/reveha/reveha_ws/build/ball_tracker/build/lib/ball_tracker/process_image.py -> /home/reveha/reveha_ws/install/ball_tracker/lib/python3.10/site-packages/ball_tracker
[0.835s] copying /home/reveha/reveha_ws/build/ball_tracker/build/lib/ball_tracker/detect_ball_3d.py -> /home/reveha/reveha_ws/install/ball_tracker/lib/python3.10/site-packages/ball_tracker
[0.835s] copying /home/reveha/reveha_ws/build/ball_tracker/build/lib/ball_tracker/detect_ball.py -> /home/reveha/reveha_ws/install/ball_tracker/lib/python3.10/site-packages/ball_tracker
[0.835s] copying /home/reveha/reveha_ws/build/ball_tracker/build/lib/ball_tracker/__init__.py -> /home/reveha/reveha_ws/install/ball_tracker/lib/python3.10/site-packages/ball_tracker
[0.836s] byte-compiling /home/reveha/reveha_ws/install/ball_tracker/lib/python3.10/site-packages/ball_tracker/follow_ball.py to follow_ball.cpython-310.pyc
[0.839s] byte-compiling /home/reveha/reveha_ws/install/ball_tracker/lib/python3.10/site-packages/ball_tracker/process_image.py to process_image.cpython-310.pyc
[0.840s] byte-compiling /home/reveha/reveha_ws/install/ball_tracker/lib/python3.10/site-packages/ball_tracker/detect_ball_3d.py to detect_ball_3d.cpython-310.pyc
[0.840s] byte-compiling /home/reveha/reveha_ws/install/ball_tracker/lib/python3.10/site-packages/ball_tracker/detect_ball.py to detect_ball.cpython-310.pyc
[0.841s] byte-compiling /home/reveha/reveha_ws/install/ball_tracker/lib/python3.10/site-packages/ball_tracker/__init__.py to __init__.cpython-310.pyc
[0.841s] running install_data
[0.841s] creating /home/reveha/reveha_ws/install/ball_tracker/share/ament_index
[0.841s] creating /home/reveha/reveha_ws/install/ball_tracker/share/ament_index/resource_index
[0.841s] creating /home/reveha/reveha_ws/install/ball_tracker/share/ament_index/resource_index/packages
[0.841s] copying resource/ball_tracker -> /home/reveha/reveha_ws/install/ball_tracker/share/ament_index/resource_index/packages
[0.842s] copying package.xml -> /home/reveha/reveha_ws/install/ball_tracker/share/ball_tracker
[0.842s] creating /home/reveha/reveha_ws/install/ball_tracker/share/ball_tracker/launch
[0.842s] copying launch/ball_tracker.launch.py -> /home/reveha/reveha_ws/install/ball_tracker/share/ball_tracker/launch
[0.842s] copying launch/example_launch_include.launch.py -> /home/reveha/reveha_ws/install/ball_tracker/share/ball_tracker/launch
[0.842s] creating /home/reveha/reveha_ws/install/ball_tracker/share/ball_tracker/config
[0.842s] copying config/ball_tracker_params_example.yaml -> /home/reveha/reveha_ws/install/ball_tracker/share/ball_tracker/config
[0.842s] running install_egg_info
[0.844s] Copying ../../build/ball_tracker/ball_tracker.egg-info to /home/reveha/reveha_ws/install/ball_tracker/lib/python3.10/site-packages/ball_tracker-0.0.0-py3.10.egg-info
[0.845s] running install_scripts
[0.863s] Installing detect_ball script to /home/reveha/reveha_ws/install/ball_tracker/lib/ball_tracker
[0.863s] Installing detect_ball_3d script to /home/reveha/reveha_ws/install/ball_tracker/lib/ball_tracker
[0.863s] Installing follow_ball script to /home/reveha/reveha_ws/install/ball_tracker/lib/ball_tracker
[0.864s] writing list of installed files to '/home/reveha/reveha_ws/build/ball_tracker/install.log'
[0.898s] Invoked command in '/home/reveha/reveha_ws/src/ball_tracker' returned '0': PYTHONPATH=/home/reveha/reveha_ws/build/ball_tracker/prefix_override:/home/reveha/reveha_ws/install/ball_tracker/lib/python3.10/site-packages:${PYTHONPATH} /usr/bin/python3 -W ignore:setup.py install is deprecated setup.py egg_info --egg-base ../../build/ball_tracker build --build-base /home/reveha/reveha_ws/build/ball_tracker/build install --record /home/reveha/reveha_ws/build/ball_tracker/install.log --install-scripts $base/lib/ball_tracker --single-version-externally-managed install_data
