[0.013s] Invoking command in '/home/reveha/ydlidar_ros2_ws/build/ydlidar_ros2_driver': CMAKE_PREFIX_PATH=${CMAKE_PREFIX_PATH}:/opt/ros/humble /home/reveha/.local/bin/cmake /home/reveha/ydlidar_ros2_ws/src/ydlidar_ros2_driver -DAMENT_CMAKE_SYMLINK_INSTALL=1 -DCMAKE_INSTALL_PREFIX=/home/reveha/ydlidar_ros2_ws/install/ydlidar_ros2_driver
[0.109s] -- Found ament_cmake: 1.3.9 (/opt/ros/humble/share/ament_cmake/cmake)
[0.384s] -- Override CMake install command with custom implementation using symlinks instead of copying resources
[0.402s] -- Found rclcpp: 16.0.9 (/opt/ros/humble/share/rclcpp/cmake)
[0.475s] -- Found rosidl_generator_c: 3.1.5 (/opt/ros/humble/share/rosidl_generator_c/cmake)
[0.478s] -- Found rosidl_adapter: 3.1.5 (/opt/ros/humble/share/rosidl_adapter/cmake)
[0.485s] -- Found rosidl_generator_cpp: 3.1.5 (/opt/ros/humble/share/rosidl_generator_cpp/cmake)
[0.498s] -- Using all available rosidl_typesupport_c: rosidl_typesupport_fastrtps_c;rosidl_typesupport_introspection_c
[0.517s] -- Using all available rosidl_typesupport_cpp: rosidl_typesupport_fastrtps_cpp;rosidl_typesupport_introspection_cpp
[0.584s] -- Found rmw_implementation_cmake: 6.1.2 (/opt/ros/humble/share/rmw_implementation_cmake/cmake)
[0.586s] -- Found rmw_fastrtps_cpp: 6.2.6 (/opt/ros/humble/share/rmw_fastrtps_cpp/cmake)
[0.726s] -- Using RMW implementation 'rmw_fastrtps_cpp' as default
[0.903s] -- Found sensor_msgs: 4.2.3 (/opt/ros/humble/share/sensor_msgs/cmake)
[1.039s] -- Found visualization_msgs: 4.2.3 (/opt/ros/humble/share/visualization_msgs/cmake)
[1.164s] -- Found std_srvs: 4.2.3 (/opt/ros/humble/share/std_srvs/cmake)
[1.195s] [31mCMake Error at CMakeLists.txt:25 (find_package):
[1.195s]   By not providing "Findydlidar_sdk.cmake" in CMAKE_MODULE_PATH this project
[1.195s]   has asked CMake to find a package configuration file provided by
[1.195s]   "ydlidar_sdk", but CMake did not find one.
[1.196s] 
[1.196s]   Could not find a package configuration file provided by "ydlidar_sdk" with
[1.196s]   any of the following names:
[1.196s] 
[1.196s]     ydlidar_sdkConfig.cmake
[1.196s]     ydlidar_sdk-config.cmake
[1.196s] 
[1.196s]   Add the installation prefix of "ydlidar_sdk" to CMAKE_PREFIX_PATH or set
[1.196s]   "ydlidar_sdk_DIR" to a directory containing one of the above files.  If
[1.196s]   "ydlidar_sdk" provides a separate development package or SDK, be sure it
[1.196s]   has been installed.
[1.196s] 
[1.196s] [0m
[1.196s] -- Configuring incomplete, errors occurred!
[1.216s] Invoked command in '/home/reveha/ydlidar_ros2_ws/build/ydlidar_ros2_driver' returned '1': CMAKE_PREFIX_PATH=${CMAKE_PREFIX_PATH}:/opt/ros/humble /home/reveha/.local/bin/cmake /home/reveha/ydlidar_ros2_ws/src/ydlidar_ros2_driver -DAMENT_CMAKE_SYMLINK_INSTALL=1 -DCMAKE_INSTALL_PREFIX=/home/reveha/ydlidar_ros2_ws/install/ydlidar_ros2_driver
