[0.212s] DEBUG:colcon:Command line arguments: ['/usr/bin/colcon', 'build']
[0.212s] DEBUG:colcon:Parsed command line arguments: Namespace(log_base=None, log_level=None, verb_name='build', build_base='build', install_base='install', merge_install=False, symlink_install=False, test_result_base=None, continue_on_error=False, executor='parallel', parallel_workers=8, event_handlers=None, ignore_user_meta=False, metas=['./colcon.meta'], base_paths=['.'], packages_ignore=None, packages_ignore_regex=None, paths=None, packages_up_to=None, packages_up_to_regex=None, packages_above=None, packages_above_and_dependencies=None, packages_above_depth=None, packages_select_by_dep=None, packages_skip_by_dep=None, packages_skip_up_to=None, packages_select_build_failed=False, packages_skip_build_finished=False, packages_select_test_failures=False, packages_skip_test_passed=False, packages_select=None, packages_skip=None, packages_select_regex=None, packages_skip_regex=None, packages_start=None, packages_end=None, allow_overriding=[], cmake_args=None, cmake_target=None, cmake_target_skip_unavailable=False, cmake_clean_cache=False, cmake_clean_first=False, cmake_force_configure=False, ament_cmake_args=None, catkin_cmake_args=None, catkin_skip_building_tests=False, verb_parser=<colcon_defaults.argument_parser.defaults.DefaultArgumentsDecorator object at 0x7fec8653ac20>, verb_extension=<colcon_core.verb.build.BuildVerb object at 0x7fec8663b820>, main=<bound method BuildVerb.main of <colcon_core.verb.build.BuildVerb object at 0x7fec8663b820>>)
[0.591s] Level 1:colcon.colcon_core.package_discovery:discover_packages(colcon_meta) check parameters
[0.591s] Level 1:colcon.colcon_core.package_discovery:discover_packages(recursive) check parameters
[0.591s] Level 1:colcon.colcon_core.package_discovery:discover_packages(ignore) check parameters
[0.591s] Level 1:colcon.colcon_core.package_discovery:discover_packages(path) check parameters
[0.591s] Level 1:colcon.colcon_core.package_discovery:discover_packages(colcon_meta) discover
[0.591s] Level 1:colcon.colcon_core.package_discovery:discover_packages(recursive) discover
[0.591s] INFO:colcon.colcon_core.package_discovery:Crawling recursively for packages in '/home/cagla/ros2_ws'
[0.592s] Level 1:colcon.colcon_core.package_identification:_identify(.) by extensions ['ignore', 'ignore_ament_install']
[0.592s] Level 1:colcon.colcon_core.package_identification:_identify(.) by extension 'ignore'
[0.592s] Level 1:colcon.colcon_core.package_identification:_identify(.) by extension 'ignore_ament_install'
[0.592s] Level 1:colcon.colcon_core.package_identification:_identify(.) by extensions ['colcon_pkg']
[0.592s] Level 1:colcon.colcon_core.package_identification:_identify(.) by extension 'colcon_pkg'
[0.592s] Level 1:colcon.colcon_core.package_identification:_identify(.) by extensions ['colcon_meta']
[0.592s] Level 1:colcon.colcon_core.package_identification:_identify(.) by extension 'colcon_meta'
[0.592s] Level 1:colcon.colcon_core.package_identification:_identify(.) by extensions ['ros']
[0.592s] Level 1:colcon.colcon_core.package_identification:_identify(.) by extension 'ros'
[0.635s] Level 1:colcon.colcon_core.package_identification:_identify(.) by extensions ['cmake', 'python']
[0.635s] Level 1:colcon.colcon_core.package_identification:_identify(.) by extension 'cmake'
[0.635s] Level 1:colcon.colcon_core.package_identification:_identify(.) by extension 'python'
[0.635s] Level 1:colcon.colcon_core.package_identification:_identify(.) by extensions ['python_setup_py']
[0.635s] Level 1:colcon.colcon_core.package_identification:_identify(.) by extension 'python_setup_py'
[0.635s] Level 1:colcon.colcon_core.package_identification:_identify(build) by extensions ['ignore', 'ignore_ament_install']
[0.636s] Level 1:colcon.colcon_core.package_identification:_identify(build) by extension 'ignore'
[0.636s] Level 1:colcon.colcon_core.package_identification:_identify(build) ignored
[0.636s] Level 1:colcon.colcon_core.package_identification:_identify(install) by extensions ['ignore', 'ignore_ament_install']
[0.636s] Level 1:colcon.colcon_core.package_identification:_identify(install) by extension 'ignore'
[0.636s] Level 1:colcon.colcon_core.package_identification:_identify(install) ignored
[0.637s] Level 1:colcon.colcon_core.package_identification:_identify(log) by extensions ['ignore', 'ignore_ament_install']
[0.637s] Level 1:colcon.colcon_core.package_identification:_identify(log) by extension 'ignore'
[0.637s] Level 1:colcon.colcon_core.package_identification:_identify(log) ignored
[0.637s] Level 1:colcon.colcon_core.package_identification:_identify(src) by extensions ['ignore', 'ignore_ament_install']
[0.637s] Level 1:colcon.colcon_core.package_identification:_identify(src) by extension 'ignore'
[0.637s] Level 1:colcon.colcon_core.package_identification:_identify(src) by extension 'ignore_ament_install'
[0.638s] Level 1:colcon.colcon_core.package_identification:_identify(src) by extensions ['colcon_pkg']
[0.638s] Level 1:colcon.colcon_core.package_identification:_identify(src) by extension 'colcon_pkg'
[0.638s] Level 1:colcon.colcon_core.package_identification:_identify(src) by extensions ['colcon_meta']
[0.638s] Level 1:colcon.colcon_core.package_identification:_identify(src) by extension 'colcon_meta'
[0.638s] Level 1:colcon.colcon_core.package_identification:_identify(src) by extensions ['ros']
[0.638s] Level 1:colcon.colcon_core.package_identification:_identify(src) by extension 'ros'
[0.638s] Level 1:colcon.colcon_core.package_identification:_identify(src) by extensions ['cmake', 'python']
[0.638s] Level 1:colcon.colcon_core.package_identification:_identify(src) by extension 'cmake'
[0.638s] Level 1:colcon.colcon_core.package_identification:_identify(src) by extension 'python'
[0.638s] Level 1:colcon.colcon_core.package_identification:_identify(src) by extensions ['python_setup_py']
[0.638s] Level 1:colcon.colcon_core.package_identification:_identify(src) by extension 'python_setup_py'
[0.638s] Level 1:colcon.colcon_core.package_identification:_identify(src/my_robot_bringup) by extensions ['ignore', 'ignore_ament_install']
[0.639s] Level 1:colcon.colcon_core.package_identification:_identify(src/my_robot_bringup) by extension 'ignore'
[0.639s] Level 1:colcon.colcon_core.package_identification:_identify(src/my_robot_bringup) by extension 'ignore_ament_install'
[0.639s] Level 1:colcon.colcon_core.package_identification:_identify(src/my_robot_bringup) by extensions ['colcon_pkg']
[0.639s] Level 1:colcon.colcon_core.package_identification:_identify(src/my_robot_bringup) by extension 'colcon_pkg'
[0.639s] Level 1:colcon.colcon_core.package_identification:_identify(src/my_robot_bringup) by extensions ['colcon_meta']
[0.639s] Level 1:colcon.colcon_core.package_identification:_identify(src/my_robot_bringup) by extension 'colcon_meta'
[0.639s] Level 1:colcon.colcon_core.package_identification:_identify(src/my_robot_bringup) by extensions ['ros']
[0.639s] Level 1:colcon.colcon_core.package_identification:_identify(src/my_robot_bringup) by extension 'ros'
[0.644s] DEBUG:colcon.colcon_core.package_identification:Package 'src/my_robot_bringup' with type 'ros.ament_cmake' and name 'my_robot_bringup'
[0.644s] Level 1:colcon.colcon_core.package_identification:_identify(src/my_robot_description) by extensions ['ignore', 'ignore_ament_install']
[0.644s] Level 1:colcon.colcon_core.package_identification:_identify(src/my_robot_description) by extension 'ignore'
[0.644s] Level 1:colcon.colcon_core.package_identification:_identify(src/my_robot_description) by extension 'ignore_ament_install'
[0.644s] Level 1:colcon.colcon_core.package_identification:_identify(src/my_robot_description) by extensions ['colcon_pkg']
[0.644s] Level 1:colcon.colcon_core.package_identification:_identify(src/my_robot_description) by extension 'colcon_pkg'
[0.645s] Level 1:colcon.colcon_core.package_identification:_identify(src/my_robot_description) by extensions ['colcon_meta']
[0.645s] Level 1:colcon.colcon_core.package_identification:_identify(src/my_robot_description) by extension 'colcon_meta'
[0.645s] Level 1:colcon.colcon_core.package_identification:_identify(src/my_robot_description) by extensions ['ros']
[0.645s] Level 1:colcon.colcon_core.package_identification:_identify(src/my_robot_description) by extension 'ros'
[0.646s] DEBUG:colcon.colcon_core.package_identification:Package 'src/my_robot_description' with type 'ros.ament_cmake' and name 'my_robot_description'
[0.646s] Level 1:colcon.colcon_core.package_discovery:discover_packages(recursive) using defaults
[0.646s] Level 1:colcon.colcon_core.package_discovery:discover_packages(ignore) discover
[0.646s] Level 1:colcon.colcon_core.package_discovery:discover_packages(ignore) using defaults
[0.646s] Level 1:colcon.colcon_core.package_discovery:discover_packages(path) discover
[0.646s] Level 1:colcon.colcon_core.package_discovery:discover_packages(path) using defaults
[0.687s] Level 1:colcon.colcon_core.package_discovery:discover_packages(prefix_path) check parameters
[0.687s] Level 1:colcon.colcon_core.package_discovery:discover_packages(prefix_path) discover
[0.691s] DEBUG:colcon.colcon_installed_package_information.package_discovery:Found 2 installed packages in /home/cagla/ros2_ws/install
[0.694s] DEBUG:colcon.colcon_installed_package_information.package_discovery:Found 398 installed packages in /opt/ros/humble
[0.699s] Level 1:colcon.colcon_core.package_discovery:discover_packages(prefix_path) using defaults
[0.775s] Level 5:colcon.colcon_core.verb:set package 'my_robot_description' build argument 'cmake_args' from command line to 'None'
[0.775s] Level 5:colcon.colcon_core.verb:set package 'my_robot_description' build argument 'cmake_target' from command line to 'None'
[0.775s] Level 5:colcon.colcon_core.verb:set package 'my_robot_description' build argument 'cmake_target_skip_unavailable' from command line to 'False'
[0.775s] Level 5:colcon.colcon_core.verb:set package 'my_robot_description' build argument 'cmake_clean_cache' from command line to 'False'
[0.775s] Level 5:colcon.colcon_core.verb:set package 'my_robot_description' build argument 'cmake_clean_first' from command line to 'False'
[0.775s] Level 5:colcon.colcon_core.verb:set package 'my_robot_description' build argument 'cmake_force_configure' from command line to 'False'
[0.775s] Level 5:colcon.colcon_core.verb:set package 'my_robot_description' build argument 'ament_cmake_args' from command line to 'None'
[0.775s] Level 5:colcon.colcon_core.verb:set package 'my_robot_description' build argument 'catkin_cmake_args' from command line to 'None'
[0.775s] Level 5:colcon.colcon_core.verb:set package 'my_robot_description' build argument 'catkin_skip_building_tests' from command line to 'False'
[0.775s] DEBUG:colcon.colcon_core.verb:Building package 'my_robot_description' with the following arguments: {'ament_cmake_args': None, 'build_base': '/home/cagla/ros2_ws/build/my_robot_description', 'catkin_cmake_args': None, 'catkin_skip_building_tests': False, 'cmake_args': None, 'cmake_clean_cache': False, 'cmake_clean_first': False, 'cmake_force_configure': False, 'cmake_target': None, 'cmake_target_skip_unavailable': False, 'install_base': '/home/cagla/ros2_ws/install/my_robot_description', 'merge_install': False, 'path': '/home/cagla/ros2_ws/src/my_robot_description', 'symlink_install': False, 'test_result_base': None}
[0.776s] Level 5:colcon.colcon_core.verb:set package 'my_robot_bringup' build argument 'cmake_args' from command line to 'None'
[0.776s] Level 5:colcon.colcon_core.verb:set package 'my_robot_bringup' build argument 'cmake_target' from command line to 'None'
[0.776s] Level 5:colcon.colcon_core.verb:set package 'my_robot_bringup' build argument 'cmake_target_skip_unavailable' from command line to 'False'
[0.776s] Level 5:colcon.colcon_core.verb:set package 'my_robot_bringup' build argument 'cmake_clean_cache' from command line to 'False'
[0.776s] Level 5:colcon.colcon_core.verb:set package 'my_robot_bringup' build argument 'cmake_clean_first' from command line to 'False'
[0.776s] Level 5:colcon.colcon_core.verb:set package 'my_robot_bringup' build argument 'cmake_force_configure' from command line to 'False'
[0.776s] Level 5:colcon.colcon_core.verb:set package 'my_robot_bringup' build argument 'ament_cmake_args' from command line to 'None'
[0.776s] Level 5:colcon.colcon_core.verb:set package 'my_robot_bringup' build argument 'catkin_cmake_args' from command line to 'None'
[0.776s] Level 5:colcon.colcon_core.verb:set package 'my_robot_bringup' build argument 'catkin_skip_building_tests' from command line to 'False'
[0.776s] DEBUG:colcon.colcon_core.verb:Building package 'my_robot_bringup' with the following arguments: {'ament_cmake_args': None, 'build_base': '/home/cagla/ros2_ws/build/my_robot_bringup', 'catkin_cmake_args': None, 'catkin_skip_building_tests': False, 'cmake_args': None, 'cmake_clean_cache': False, 'cmake_clean_first': False, 'cmake_force_configure': False, 'cmake_target': None, 'cmake_target_skip_unavailable': False, 'install_base': '/home/cagla/ros2_ws/install/my_robot_bringup', 'merge_install': False, 'path': '/home/cagla/ros2_ws/src/my_robot_bringup', 'symlink_install': False, 'test_result_base': None}
[0.776s] INFO:colcon.colcon_core.executor:Executing jobs using 'parallel' executor
[0.778s] DEBUG:colcon.colcon_parallel_executor.executor.parallel:run_until_complete
[0.779s] INFO:colcon.colcon_ros.task.ament_cmake.build:Building ROS package in '/home/cagla/ros2_ws/src/my_robot_description' with build type 'ament_cmake'
[0.779s] INFO:colcon.colcon_cmake.task.cmake.build:Building CMake package in '/home/cagla/ros2_ws/src/my_robot_description'
[0.785s] INFO:colcon.colcon_core.plugin_system:Skipping extension 'colcon_core.shell.bat': Not used on non-Windows systems
[0.785s] INFO:colcon.colcon_core.shell:Skip shell extension 'powershell' for command environment: Not usable outside of PowerShell
[0.785s] DEBUG:colcon.colcon_core.shell:Skip shell extension 'dsv' for command environment
[0.805s] DEBUG:colcon.colcon_core.event_handler.log_command:Invoking command in '/home/cagla/ros2_ws/build/my_robot_description': CMAKE_PREFIX_PATH=${CMAKE_PREFIX_PATH}:/opt/ros/humble /usr/bin/cmake --build /home/cagla/ros2_ws/build/my_robot_description -- -j8 -l8
[0.889s] DEBUG:colcon.colcon_core.event_handler.log_command:Invoked command in '/home/cagla/ros2_ws/build/my_robot_description' returned '0': CMAKE_PREFIX_PATH=${CMAKE_PREFIX_PATH}:/opt/ros/humble /usr/bin/cmake --build /home/cagla/ros2_ws/build/my_robot_description -- -j8 -l8
[0.954s] DEBUG:colcon.colcon_core.event_handler.log_command:Invoking command in '/home/cagla/ros2_ws/build/my_robot_description': CMAKE_PREFIX_PATH=${CMAKE_PREFIX_PATH}:/opt/ros/humble /usr/bin/cmake --install /home/cagla/ros2_ws/build/my_robot_description
[0.974s] Level 1:colcon.colcon_core.environment:create_environment_scripts_only(my_robot_description)
[0.975s] DEBUG:colcon.colcon_core.event_handler.log_command:Invoked command in '/home/cagla/ros2_ws/build/my_robot_description' returned '0': CMAKE_PREFIX_PATH=${CMAKE_PREFIX_PATH}:/opt/ros/humble /usr/bin/cmake --install /home/cagla/ros2_ws/build/my_robot_description
[0.981s] Level 1:colcon.colcon_core.environment:checking '/home/cagla/ros2_ws/install/my_robot_description' for CMake module files
[0.982s] Level 1:colcon.colcon_core.environment:checking '/home/cagla/ros2_ws/install/my_robot_description' for CMake config files
[0.983s] Level 1:colcon.colcon_core.shell:create_environment_hook('my_robot_description', 'cmake_prefix_path')
[0.983s] INFO:colcon.colcon_core.shell:Creating environment hook '/home/cagla/ros2_ws/install/my_robot_description/share/my_robot_description/hook/cmake_prefix_path.ps1'
[0.985s] INFO:colcon.colcon_core.shell:Creating environment descriptor '/home/cagla/ros2_ws/install/my_robot_description/share/my_robot_description/hook/cmake_prefix_path.dsv'
[0.986s] INFO:colcon.colcon_core.shell:Creating environment hook '/home/cagla/ros2_ws/install/my_robot_description/share/my_robot_description/hook/cmake_prefix_path.sh'
[0.988s] Level 1:colcon.colcon_core.environment:checking '/home/cagla/ros2_ws/install/my_robot_description/bin'
[0.989s] Level 1:colcon.colcon_core.environment:checking '/home/cagla/ros2_ws/install/my_robot_description/lib/pkgconfig/my_robot_description.pc'
[0.989s] Level 1:colcon.colcon_core.environment:checking '/home/cagla/ros2_ws/install/my_robot_description/lib/python3.10/site-packages'
[0.989s] Level 1:colcon.colcon_core.environment:checking '/home/cagla/ros2_ws/install/my_robot_description/bin'
[0.990s] INFO:colcon.colcon_core.shell:Creating package script '/home/cagla/ros2_ws/install/my_robot_description/share/my_robot_description/package.ps1'
[0.991s] INFO:colcon.colcon_core.shell:Creating package descriptor '/home/cagla/ros2_ws/install/my_robot_description/share/my_robot_description/package.dsv'
[0.992s] INFO:colcon.colcon_core.shell:Creating package script '/home/cagla/ros2_ws/install/my_robot_description/share/my_robot_description/package.sh'
[0.993s] INFO:colcon.colcon_core.shell:Creating package script '/home/cagla/ros2_ws/install/my_robot_description/share/my_robot_description/package.bash'
[0.994s] INFO:colcon.colcon_core.shell:Creating package script '/home/cagla/ros2_ws/install/my_robot_description/share/my_robot_description/package.zsh'
[0.995s] Level 1:colcon.colcon_core.environment:create_file_with_runtime_dependencies(/home/cagla/ros2_ws/install/my_robot_description/share/colcon-core/packages/my_robot_description)
[1.040s] Level 1:colcon.colcon_core.environment:create_environment_scripts_only(my_robot_description)
[1.041s] Level 1:colcon.colcon_core.environment:checking '/home/cagla/ros2_ws/install/my_robot_description' for CMake module files
[1.042s] Level 1:colcon.colcon_core.environment:checking '/home/cagla/ros2_ws/install/my_robot_description' for CMake config files
[1.042s] Level 1:colcon.colcon_core.shell:create_environment_hook('my_robot_description', 'cmake_prefix_path')
[1.043s] INFO:colcon.colcon_core.shell:Creating environment hook '/home/cagla/ros2_ws/install/my_robot_description/share/my_robot_description/hook/cmake_prefix_path.ps1'
[1.043s] INFO:colcon.colcon_core.shell:Creating environment descriptor '/home/cagla/ros2_ws/install/my_robot_description/share/my_robot_description/hook/cmake_prefix_path.dsv'
[1.044s] INFO:colcon.colcon_core.shell:Creating environment hook '/home/cagla/ros2_ws/install/my_robot_description/share/my_robot_description/hook/cmake_prefix_path.sh'
[1.045s] Level 1:colcon.colcon_core.environment:checking '/home/cagla/ros2_ws/install/my_robot_description/bin'
[1.045s] Level 1:colcon.colcon_core.environment:checking '/home/cagla/ros2_ws/install/my_robot_description/lib/pkgconfig/my_robot_description.pc'
[1.045s] Level 1:colcon.colcon_core.environment:checking '/home/cagla/ros2_ws/install/my_robot_description/lib/python3.10/site-packages'
[1.046s] Level 1:colcon.colcon_core.environment:checking '/home/cagla/ros2_ws/install/my_robot_description/bin'
[1.046s] INFO:colcon.colcon_core.shell:Creating package script '/home/cagla/ros2_ws/install/my_robot_description/share/my_robot_description/package.ps1'
[1.047s] INFO:colcon.colcon_core.shell:Creating package descriptor '/home/cagla/ros2_ws/install/my_robot_description/share/my_robot_description/package.dsv'
[1.048s] INFO:colcon.colcon_core.shell:Creating package script '/home/cagla/ros2_ws/install/my_robot_description/share/my_robot_description/package.sh'
[1.048s] INFO:colcon.colcon_core.shell:Creating package script '/home/cagla/ros2_ws/install/my_robot_description/share/my_robot_description/package.bash'
[1.049s] INFO:colcon.colcon_core.shell:Creating package script '/home/cagla/ros2_ws/install/my_robot_description/share/my_robot_description/package.zsh'
[1.050s] Level 1:colcon.colcon_core.environment:create_file_with_runtime_dependencies(/home/cagla/ros2_ws/install/my_robot_description/share/colcon-core/packages/my_robot_description)
[1.050s] INFO:colcon.colcon_ros.task.ament_cmake.build:Building ROS package in '/home/cagla/ros2_ws/src/my_robot_bringup' with build type 'ament_cmake'
[1.050s] INFO:colcon.colcon_cmake.task.cmake.build:Building CMake package in '/home/cagla/ros2_ws/src/my_robot_bringup'
[1.051s] INFO:colcon.colcon_core.shell:Skip shell extension 'powershell' for command environment: Not usable outside of PowerShell
[1.051s] DEBUG:colcon.colcon_core.shell:Skip shell extension 'dsv' for command environment
[1.070s] DEBUG:colcon.colcon_core.event_handler.log_command:Invoking command in '/home/cagla/ros2_ws/build/my_robot_bringup': CMAKE_PREFIX_PATH=/home/cagla/ros2_ws/install/my_robot_description:/home/cagla/ros2_ws/install/my_robot_bringup:/opt/ros/humble /usr/bin/cmake --build /home/cagla/ros2_ws/build/my_robot_bringup -- -j8 -l8
[1.149s] DEBUG:colcon.colcon_core.event_handler.log_command:Invoked command in '/home/cagla/ros2_ws/build/my_robot_bringup' returned '0': CMAKE_PREFIX_PATH=/home/cagla/ros2_ws/install/my_robot_description:/home/cagla/ros2_ws/install/my_robot_bringup:/opt/ros/humble /usr/bin/cmake --build /home/cagla/ros2_ws/build/my_robot_bringup -- -j8 -l8
[1.196s] DEBUG:colcon.colcon_core.event_handler.log_command:Invoking command in '/home/cagla/ros2_ws/build/my_robot_bringup': CMAKE_PREFIX_PATH=/home/cagla/ros2_ws/install/my_robot_description:/home/cagla/ros2_ws/install/my_robot_bringup:/opt/ros/humble /usr/bin/cmake --install /home/cagla/ros2_ws/build/my_robot_bringup
[1.217s] Level 1:colcon.colcon_core.environment:create_environment_scripts_only(my_robot_bringup)
[1.218s] Level 1:colcon.colcon_core.environment:checking '/home/cagla/ros2_ws/install/my_robot_bringup' for CMake module files
[1.219s] DEBUG:colcon.colcon_core.event_handler.log_command:Invoked command in '/home/cagla/ros2_ws/build/my_robot_bringup' returned '0': CMAKE_PREFIX_PATH=/home/cagla/ros2_ws/install/my_robot_description:/home/cagla/ros2_ws/install/my_robot_bringup:/opt/ros/humble /usr/bin/cmake --install /home/cagla/ros2_ws/build/my_robot_bringup
[1.219s] Level 1:colcon.colcon_core.environment:checking '/home/cagla/ros2_ws/install/my_robot_bringup' for CMake config files
[1.220s] Level 1:colcon.colcon_core.shell:create_environment_hook('my_robot_bringup', 'cmake_prefix_path')
[1.220s] INFO:colcon.colcon_core.shell:Creating environment hook '/home/cagla/ros2_ws/install/my_robot_bringup/share/my_robot_bringup/hook/cmake_prefix_path.ps1'
[1.221s] INFO:colcon.colcon_core.shell:Creating environment descriptor '/home/cagla/ros2_ws/install/my_robot_bringup/share/my_robot_bringup/hook/cmake_prefix_path.dsv'
[1.222s] INFO:colcon.colcon_core.shell:Creating environment hook '/home/cagla/ros2_ws/install/my_robot_bringup/share/my_robot_bringup/hook/cmake_prefix_path.sh'
[1.223s] Level 1:colcon.colcon_core.environment:checking '/home/cagla/ros2_ws/install/my_robot_bringup/bin'
[1.223s] Level 1:colcon.colcon_core.environment:checking '/home/cagla/ros2_ws/install/my_robot_bringup/lib/pkgconfig/my_robot_bringup.pc'
[1.223s] Level 1:colcon.colcon_core.environment:checking '/home/cagla/ros2_ws/install/my_robot_bringup/lib/python3.10/site-packages'
[1.223s] Level 1:colcon.colcon_core.environment:checking '/home/cagla/ros2_ws/install/my_robot_bringup/bin'
[1.224s] INFO:colcon.colcon_core.shell:Creating package script '/home/cagla/ros2_ws/install/my_robot_bringup/share/my_robot_bringup/package.ps1'
[1.224s] INFO:colcon.colcon_core.shell:Creating package descriptor '/home/cagla/ros2_ws/install/my_robot_bringup/share/my_robot_bringup/package.dsv'
[1.225s] INFO:colcon.colcon_core.shell:Creating package script '/home/cagla/ros2_ws/install/my_robot_bringup/share/my_robot_bringup/package.sh'
[1.225s] INFO:colcon.colcon_core.shell:Creating package script '/home/cagla/ros2_ws/install/my_robot_bringup/share/my_robot_bringup/package.bash'
[1.226s] INFO:colcon.colcon_core.shell:Creating package script '/home/cagla/ros2_ws/install/my_robot_bringup/share/my_robot_bringup/package.zsh'
[1.226s] Level 1:colcon.colcon_core.environment:create_file_with_runtime_dependencies(/home/cagla/ros2_ws/install/my_robot_bringup/share/colcon-core/packages/my_robot_bringup)
[1.271s] Level 1:colcon.colcon_core.environment:create_environment_scripts_only(my_robot_bringup)
[1.272s] Level 1:colcon.colcon_core.environment:checking '/home/cagla/ros2_ws/install/my_robot_bringup' for CMake module files
[1.272s] Level 1:colcon.colcon_core.environment:checking '/home/cagla/ros2_ws/install/my_robot_bringup' for CMake config files
[1.273s] Level 1:colcon.colcon_core.shell:create_environment_hook('my_robot_bringup', 'cmake_prefix_path')
[1.273s] INFO:colcon.colcon_core.shell:Creating environment hook '/home/cagla/ros2_ws/install/my_robot_bringup/share/my_robot_bringup/hook/cmake_prefix_path.ps1'
[1.274s] INFO:colcon.colcon_core.shell:Creating environment descriptor '/home/cagla/ros2_ws/install/my_robot_bringup/share/my_robot_bringup/hook/cmake_prefix_path.dsv'
[1.274s] INFO:colcon.colcon_core.shell:Creating environment hook '/home/cagla/ros2_ws/install/my_robot_bringup/share/my_robot_bringup/hook/cmake_prefix_path.sh'
[1.275s] Level 1:colcon.colcon_core.environment:checking '/home/cagla/ros2_ws/install/my_robot_bringup/bin'
[1.275s] Level 1:colcon.colcon_core.environment:checking '/home/cagla/ros2_ws/install/my_robot_bringup/lib/pkgconfig/my_robot_bringup.pc'
[1.275s] Level 1:colcon.colcon_core.environment:checking '/home/cagla/ros2_ws/install/my_robot_bringup/lib/python3.10/site-packages'
[1.275s] Level 1:colcon.colcon_core.environment:checking '/home/cagla/ros2_ws/install/my_robot_bringup/bin'
[1.276s] INFO:colcon.colcon_core.shell:Creating package script '/home/cagla/ros2_ws/install/my_robot_bringup/share/my_robot_bringup/package.ps1'
[1.276s] INFO:colcon.colcon_core.shell:Creating package descriptor '/home/cagla/ros2_ws/install/my_robot_bringup/share/my_robot_bringup/package.dsv'
[1.277s] INFO:colcon.colcon_core.shell:Creating package script '/home/cagla/ros2_ws/install/my_robot_bringup/share/my_robot_bringup/package.sh'
[1.278s] INFO:colcon.colcon_core.shell:Creating package script '/home/cagla/ros2_ws/install/my_robot_bringup/share/my_robot_bringup/package.bash'
[1.278s] INFO:colcon.colcon_core.shell:Creating package script '/home/cagla/ros2_ws/install/my_robot_bringup/share/my_robot_bringup/package.zsh'
[1.279s] Level 1:colcon.colcon_core.environment:create_file_with_runtime_dependencies(/home/cagla/ros2_ws/install/my_robot_bringup/share/colcon-core/packages/my_robot_bringup)
[1.279s] DEBUG:colcon.colcon_parallel_executor.executor.parallel:closing loop
[1.279s] DEBUG:colcon.colcon_parallel_executor.executor.parallel:loop closed
[1.280s] DEBUG:colcon.colcon_parallel_executor.executor.parallel:run_until_complete finished with '0'
[1.280s] DEBUG:colcon.colcon_core.event_reactor:joining thread
[1.294s] INFO:colcon.colcon_core.plugin_system:Skipping extension 'colcon_notification.desktop_notification.terminal_notifier': Not used on non-Darwin systems
[1.294s] INFO:colcon.colcon_core.plugin_system:Skipping extension 'colcon_notification.desktop_notification.win32': Not used on non-Windows systems
[1.294s] INFO:colcon.colcon_notification.desktop_notification:Sending desktop notification using 'notify2'
[1.310s] DEBUG:colcon.colcon_core.event_reactor:joined thread
[1.311s] INFO:colcon.colcon_core.shell:Creating prefix script '/home/cagla/ros2_ws/install/local_setup.ps1'
[1.313s] INFO:colcon.colcon_core.shell:Creating prefix util module '/home/cagla/ros2_ws/install/_local_setup_util_ps1.py'
[1.316s] INFO:colcon.colcon_core.shell:Creating prefix chain script '/home/cagla/ros2_ws/install/setup.ps1'
[1.319s] INFO:colcon.colcon_core.shell:Creating prefix script '/home/cagla/ros2_ws/install/local_setup.sh'
[1.320s] INFO:colcon.colcon_core.shell:Creating prefix util module '/home/cagla/ros2_ws/install/_local_setup_util_sh.py'
[1.321s] INFO:colcon.colcon_core.shell:Creating prefix chain script '/home/cagla/ros2_ws/install/setup.sh'
[1.323s] INFO:colcon.colcon_core.shell:Creating prefix script '/home/cagla/ros2_ws/install/local_setup.bash'
[1.323s] INFO:colcon.colcon_core.shell:Creating prefix chain script '/home/cagla/ros2_ws/install/setup.bash'
[1.325s] INFO:colcon.colcon_core.shell:Creating prefix script '/home/cagla/ros2_ws/install/local_setup.zsh'
[1.326s] INFO:colcon.colcon_core.shell:Creating prefix chain script '/home/cagla/ros2_ws/install/setup.zsh'
