[0.019s] Invoking command in '/home/cagla/ros2_ws/build/my_robot_bringup': CMAKE_PREFIX_PATH=/home/cagla/ros2_ws/install/my_robot_description:/home/cagla/ros2_ws/install/my_robot_bringup:/opt/ros/humble /usr/bin/cmake --build /home/cagla/ros2_ws/build/my_robot_bringup -- -j8 -l8
[0.074s] -- Found ament_cmake: 1.3.8 (/opt/ros/humble/share/ament_cmake/cmake)
[0.442s] -- Configuring done
[0.450s] -- Generating done
[0.452s] -- Build files have been written to: /home/cagla/ros2_ws/build/my_robot_bringup
[0.497s] Invoked command in '/home/cagla/ros2_ws/build/my_robot_bringup' returned '0': CMAKE_PREFIX_PATH=/home/cagla/ros2_ws/install/my_robot_description:/home/cagla/ros2_ws/install/my_robot_bringup:/opt/ros/humble /usr/bin/cmake --build /home/cagla/ros2_ws/build/my_robot_bringup -- -j8 -l8
[0.547s] Invoking command in '/home/cagla/ros2_ws/build/my_robot_bringup': CMAKE_PREFIX_PATH=/home/cagla/ros2_ws/install/my_robot_description:/home/cagla/ros2_ws/install/my_robot_bringup:/opt/ros/humble /usr/bin/cmake --install /home/cagla/ros2_ws/build/my_robot_bringup
[0.562s] -- Install configuration: ""
[0.562s] -- Up-to-date: /home/cagla/ros2_ws/install/my_robot_bringup/share/my_robot_bringup//launch
[0.563s] -- Up-to-date: /home/cagla/ros2_ws/install/my_robot_bringup/share/my_robot_bringup//launch/my_robot_gazebo_navigation.launch.xml
[0.563s] -- Up-to-date: /home/cagla/ros2_ws/install/my_robot_bringup/share/my_robot_bringup//launch/for_navigation.launch.py
[0.563s] -- Up-to-date: /home/cagla/ros2_ws/install/my_robot_bringup/share/my_robot_bringup//launch/my_robot_gazebo.launch.xml
[0.564s] -- Installing: /home/cagla/ros2_ws/install/my_robot_bringup/share/my_robot_bringup//launch/try.py
[0.564s] -- Up-to-date: /home/cagla/ros2_ws/install/my_robot_bringup/share/my_robot_bringup//rviz
[0.564s] -- Up-to-date: /home/cagla/ros2_ws/install/my_robot_bringup/share/my_robot_bringup//rviz/urdf_config.rviz
[0.564s] -- Up-to-date: /home/cagla/ros2_ws/install/my_robot_bringup/share/my_robot_bringup//worlds
[0.564s] -- Up-to-date: /home/cagla/ros2_ws/install/my_robot_bringup/share/my_robot_bringup//worlds/test_world.world
[0.565s] -- Up-to-date: /home/cagla/ros2_ws/install/my_robot_bringup/share/my_robot_bringup//worlds/my_world.world
[0.565s] -- Installing: /home/cagla/ros2_ws/install/my_robot_bringup/share/ament_index/resource_index/package_run_dependencies/my_robot_bringup
[0.565s] -- Up-to-date: /home/cagla/ros2_ws/install/my_robot_bringup/share/ament_index/resource_index/parent_prefix_path/my_robot_bringup
[0.566s] -- Up-to-date: /home/cagla/ros2_ws/install/my_robot_bringup/share/my_robot_bringup/environment/ament_prefix_path.sh
[0.566s] -- Installing: /home/cagla/ros2_ws/install/my_robot_bringup/share/my_robot_bringup/environment/ament_prefix_path.dsv
[0.566s] -- Up-to-date: /home/cagla/ros2_ws/install/my_robot_bringup/share/my_robot_bringup/environment/path.sh
[0.566s] -- Installing: /home/cagla/ros2_ws/install/my_robot_bringup/share/my_robot_bringup/environment/path.dsv
[0.566s] -- Up-to-date: /home/cagla/ros2_ws/install/my_robot_bringup/share/my_robot_bringup/local_setup.bash
[0.567s] -- Up-to-date: /home/cagla/ros2_ws/install/my_robot_bringup/share/my_robot_bringup/local_setup.sh
[0.567s] -- Up-to-date: /home/cagla/ros2_ws/install/my_robot_bringup/share/my_robot_bringup/local_setup.zsh
[0.567s] -- Installing: /home/cagla/ros2_ws/install/my_robot_bringup/share/my_robot_bringup/local_setup.dsv
[0.567s] -- Installing: /home/cagla/ros2_ws/install/my_robot_bringup/share/my_robot_bringup/package.dsv
[0.567s] -- Up-to-date: /home/cagla/ros2_ws/install/my_robot_bringup/share/ament_index/resource_index/packages/my_robot_bringup
[0.568s] -- Up-to-date: /home/cagla/ros2_ws/install/my_robot_bringup/share/my_robot_bringup/cmake/my_robot_bringupConfig.cmake
[0.568s] -- Up-to-date: /home/cagla/ros2_ws/install/my_robot_bringup/share/my_robot_bringup/cmake/my_robot_bringupConfig-version.cmake
[0.568s] -- Installing: /home/cagla/ros2_ws/install/my_robot_bringup/share/my_robot_bringup/package.xml
[0.574s] Invoked command in '/home/cagla/ros2_ws/build/my_robot_bringup' returned '0': CMAKE_PREFIX_PATH=/home/cagla/ros2_ws/install/my_robot_description:/home/cagla/ros2_ws/install/my_robot_bringup:/opt/ros/humble /usr/bin/cmake --install /home/cagla/ros2_ws/build/my_robot_bringup
