[0.020s] Invoking command in '/home/cagla/ros2_ws/build/my_robot_description': CMAKE_PREFIX_PATH=${CMAKE_PREFIX_PATH}:/opt/ros/humble /usr/bin/cmake --build /home/cagla/ros2_ws/build/my_robot_description -- -j8 -l8
[0.109s] Invoked command in '/home/cagla/ros2_ws/build/my_robot_description' returned '0': CMAKE_PREFIX_PATH=${CMAKE_PREFIX_PATH}:/opt/ros/humble /usr/bin/cmake --build /home/cagla/ros2_ws/build/my_robot_description -- -j8 -l8
[0.173s] Invoking command in '/home/cagla/ros2_ws/build/my_robot_description': CMAKE_PREFIX_PATH=${CMAKE_PREFIX_PATH}:/opt/ros/humble /usr/bin/cmake --install /home/cagla/ros2_ws/build/my_robot_description
[0.185s] -- Install configuration: ""
[0.185s] -- Up-to-date: /home/cagla/ros2_ws/install/my_robot_description/share/my_robot_description//urdf
[0.186s] -- Up-to-date: /home/cagla/ros2_ws/install/my_robot_description/share/my_robot_description//urdf/robot_core.xacro
[0.186s] -- Up-to-date: /home/cagla/ros2_ws/install/my_robot_description/share/my_robot_description//urdf/lidar.xacro
[0.186s] -- Up-to-date: /home/cagla/ros2_ws/install/my_robot_description/share/my_robot_description//urdf/inertial_macros.xacro
[0.186s] -- Up-to-date: /home/cagla/ros2_ws/install/my_robot_description/share/my_robot_description//urdf/robot.urdf.xacro
[0.186s] -- Up-to-date: /home/cagla/ros2_ws/install/my_robot_description/share/my_robot_description//urdf/gazebo_control.xacro
[0.187s] -- Up-to-date: /home/cagla/ros2_ws/install/my_robot_description/share/my_robot_description//launch
[0.187s] -- Up-to-date: /home/cagla/ros2_ws/install/my_robot_description/share/my_robot_description//launch/display.launch.py
[0.187s] -- Up-to-date: /home/cagla/ros2_ws/install/my_robot_description/share/my_robot_description//launch/display.launch.xml
[0.187s] -- Up-to-date: /home/cagla/ros2_ws/install/my_robot_description/share/ament_index/resource_index/package_run_dependencies/my_robot_description
[0.187s] -- Up-to-date: /home/cagla/ros2_ws/install/my_robot_description/share/ament_index/resource_index/parent_prefix_path/my_robot_description
[0.187s] -- Up-to-date: /home/cagla/ros2_ws/install/my_robot_description/share/my_robot_description/environment/ament_prefix_path.sh
[0.187s] -- Up-to-date: /home/cagla/ros2_ws/install/my_robot_description/share/my_robot_description/environment/ament_prefix_path.dsv
[0.188s] -- Up-to-date: /home/cagla/ros2_ws/install/my_robot_description/share/my_robot_description/environment/path.sh
[0.188s] -- Up-to-date: /home/cagla/ros2_ws/install/my_robot_description/share/my_robot_description/environment/path.dsv
[0.188s] -- Up-to-date: /home/cagla/ros2_ws/install/my_robot_description/share/my_robot_description/local_setup.bash
[0.188s] -- Up-to-date: /home/cagla/ros2_ws/install/my_robot_description/share/my_robot_description/local_setup.sh
[0.188s] -- Up-to-date: /home/cagla/ros2_ws/install/my_robot_description/share/my_robot_description/local_setup.zsh
[0.188s] -- Up-to-date: /home/cagla/ros2_ws/install/my_robot_description/share/my_robot_description/local_setup.dsv
[0.188s] -- Installing: /home/cagla/ros2_ws/install/my_robot_description/share/my_robot_description/package.dsv
[0.188s] -- Up-to-date: /home/cagla/ros2_ws/install/my_robot_description/share/ament_index/resource_index/packages/my_robot_description
[0.188s] -- Up-to-date: /home/cagla/ros2_ws/install/my_robot_description/share/my_robot_description/cmake/my_robot_descriptionConfig.cmake
[0.189s] -- Up-to-date: /home/cagla/ros2_ws/install/my_robot_description/share/my_robot_description/cmake/my_robot_descriptionConfig-version.cmake
[0.189s] -- Up-to-date: /home/cagla/ros2_ws/install/my_robot_description/share/my_robot_description/package.xml
[0.191s] Invoked command in '/home/cagla/ros2_ws/build/my_robot_description' returned '0': CMAKE_PREFIX_PATH=${CMAKE_PREFIX_PATH}:/opt/ros/humble /usr/bin/cmake --install /home/cagla/ros2_ws/build/my_robot_description
