[0.019s] Invoking command in '/home/cagla/ros2_ws/build/my_robot_description': CMAKE_PREFIX_PATH=${CMAKE_PREFIX_PATH}:/opt/ros/humble /usr/bin/cmake --build /home/cagla/ros2_ws/build/my_robot_description -- -j8 -l8
[0.102s] Invoked command in '/home/cagla/ros2_ws/build/my_robot_description' returned '0': CMAKE_PREFIX_PATH=${CMAKE_PREFIX_PATH}:/opt/ros/humble /usr/bin/cmake --build /home/cagla/ros2_ws/build/my_robot_description -- -j8 -l8
[0.164s] Invoking command in '/home/cagla/ros2_ws/build/my_robot_description': CMAKE_PREFIX_PATH=${CMAKE_PREFIX_PATH}:/opt/ros/humble /usr/bin/cmake --install /home/cagla/ros2_ws/build/my_robot_description
[0.176s] -- Install configuration: ""
[0.177s] -- Up-to-date: /home/cagla/ros2_ws/install/my_robot_description/share/my_robot_description//urdf
[0.177s] -- Up-to-date: /home/cagla/ros2_ws/install/my_robot_description/share/my_robot_description//urdf/robot_core.xacro
[0.177s] -- Up-to-date: /home/cagla/ros2_ws/install/my_robot_description/share/my_robot_description//urdf/lidar.xacro
[0.177s] -- Up-to-date: /home/cagla/ros2_ws/install/my_robot_description/share/my_robot_description//urdf/inertial_macros.xacro
[0.178s] -- Up-to-date: /home/cagla/ros2_ws/install/my_robot_description/share/my_robot_description//urdf/robot.urdf.xacro
[0.178s] -- Up-to-date: /home/cagla/ros2_ws/install/my_robot_description/share/my_robot_description//urdf/gazebo_control.xacro
[0.178s] -- Up-to-date: /home/cagla/ros2_ws/install/my_robot_description/share/my_robot_description//launch
[0.178s] -- Up-to-date: /home/cagla/ros2_ws/install/my_robot_description/share/my_robot_description//launch/display.launch.py
[0.178s] -- Up-to-date: /home/cagla/ros2_ws/install/my_robot_description/share/my_robot_description//launch/display.launch.xml
[0.178s] -- Up-to-date: /home/cagla/ros2_ws/install/my_robot_description/share/ament_index/resource_index/package_run_dependencies/my_robot_description
[0.179s] -- Up-to-date: /home/cagla/ros2_ws/install/my_robot_description/share/ament_index/resource_index/parent_prefix_path/my_robot_description
[0.179s] -- Up-to-date: /home/cagla/ros2_ws/install/my_robot_description/share/my_robot_description/environment/ament_prefix_path.sh
[0.179s] -- Up-to-date: /home/cagla/ros2_ws/install/my_robot_description/share/my_robot_description/environment/ament_prefix_path.dsv
[0.179s] -- Up-to-date: /home/cagla/ros2_ws/install/my_robot_description/share/my_robot_description/environment/path.sh
[0.179s] -- Up-to-date: /home/cagla/ros2_ws/install/my_robot_description/share/my_robot_description/environment/path.dsv
[0.179s] -- Up-to-date: /home/cagla/ros2_ws/install/my_robot_description/share/my_robot_description/local_setup.bash
[0.179s] -- Up-to-date: /home/cagla/ros2_ws/install/my_robot_description/share/my_robot_description/local_setup.sh
[0.180s] -- Up-to-date: /home/cagla/ros2_ws/install/my_robot_description/share/my_robot_description/local_setup.zsh
[0.180s] -- Up-to-date: /home/cagla/ros2_ws/install/my_robot_description/share/my_robot_description/local_setup.dsv
[0.180s] -- Installing: /home/cagla/ros2_ws/install/my_robot_description/share/my_robot_description/package.dsv
[0.180s] -- Up-to-date: /home/cagla/ros2_ws/install/my_robot_description/share/ament_index/resource_index/packages/my_robot_description
[0.180s] -- Up-to-date: /home/cagla/ros2_ws/install/my_robot_description/share/my_robot_description/cmake/my_robot_descriptionConfig.cmake
[0.180s] -- Up-to-date: /home/cagla/ros2_ws/install/my_robot_description/share/my_robot_description/cmake/my_robot_descriptionConfig-version.cmake
[0.181s] -- Up-to-date: /home/cagla/ros2_ws/install/my_robot_description/share/my_robot_description/package.xml
[0.182s] Invoked command in '/home/cagla/ros2_ws/build/my_robot_description' returned '0': CMAKE_PREFIX_PATH=${CMAKE_PREFIX_PATH}:/opt/ros/humble /usr/bin/cmake --install /home/cagla/ros2_ws/build/my_robot_description
