[0.020s] Invoking command in '/home/cagla/ros2_ws/build/my_robot_bringup': CMAKE_PREFIX_PATH=/home/cagla/ros2_ws/install/my_robot_description:/home/cagla/ros2_ws/install/my_robot_bringup:/opt/ros/humble /usr/bin/cmake --build /home/cagla/ros2_ws/build/my_robot_bringup -- -j8 -l8
[0.119s] Invoked command in '/home/cagla/ros2_ws/build/my_robot_bringup' returned '0': CMAKE_PREFIX_PATH=/home/cagla/ros2_ws/install/my_robot_description:/home/cagla/ros2_ws/install/my_robot_bringup:/opt/ros/humble /usr/bin/cmake --build /home/cagla/ros2_ws/build/my_robot_bringup -- -j8 -l8
[0.178s] Invoking command in '/home/cagla/ros2_ws/build/my_robot_bringup': CMAKE_PREFIX_PATH=/home/cagla/ros2_ws/install/my_robot_description:/home/cagla/ros2_ws/install/my_robot_bringup:/opt/ros/humble /usr/bin/cmake --install /home/cagla/ros2_ws/build/my_robot_bringup
[0.200s] -- Install configuration: ""
[0.200s] -- Up-to-date: /home/cagla/ros2_ws/install/my_robot_bringup/share/my_robot_bringup//launch
[0.200s] -- Up-to-date: /home/cagla/ros2_ws/install/my_robot_bringup/share/my_robot_bringup//launch/custom_bringup_launch.py
[0.200s] -- Installing: /home/cagla/ros2_ws/install/my_robot_bringup/share/my_robot_bringup//launch/main__mapping.launch.py
[0.201s] -- Up-to-date: /home/cagla/ros2_ws/install/my_robot_bringup/share/my_robot_bringup//launch/custom_navigation_launch.py
[0.201s] -- Up-to-date: /home/cagla/ros2_ws/install/my_robot_bringup/share/my_robot_bringup//launch/custom_online_async_launch.py
[0.201s] -- Up-to-date: /home/cagla/ros2_ws/install/my_robot_bringup/share/my_robot_bringup//rviz
[0.201s] -- Up-to-date: /home/cagla/ros2_ws/install/my_robot_bringup/share/my_robot_bringup//rviz/urdf_config.rviz
[0.201s] -- Up-to-date: /home/cagla/ros2_ws/install/my_robot_bringup/share/my_robot_bringup//worlds
[0.201s] -- Up-to-date: /home/cagla/ros2_ws/install/my_robot_bringup/share/my_robot_bringup//worlds/test_world.world
[0.201s] -- Up-to-date: /home/cagla/ros2_ws/install/my_robot_bringup/share/my_robot_bringup//worlds/my_world.world
[0.201s] -- Up-to-date: /home/cagla/ros2_ws/install/my_robot_bringup/share/ament_index/resource_index/package_run_dependencies/my_robot_bringup
[0.202s] -- Up-to-date: /home/cagla/ros2_ws/install/my_robot_bringup/share/ament_index/resource_index/parent_prefix_path/my_robot_bringup
[0.202s] -- Up-to-date: /home/cagla/ros2_ws/install/my_robot_bringup/share/my_robot_bringup/environment/ament_prefix_path.sh
[0.202s] -- Up-to-date: /home/cagla/ros2_ws/install/my_robot_bringup/share/my_robot_bringup/environment/ament_prefix_path.dsv
[0.202s] -- Up-to-date: /home/cagla/ros2_ws/install/my_robot_bringup/share/my_robot_bringup/environment/path.sh
[0.202s] -- Up-to-date: /home/cagla/ros2_ws/install/my_robot_bringup/share/my_robot_bringup/environment/path.dsv
[0.202s] -- Up-to-date: /home/cagla/ros2_ws/install/my_robot_bringup/share/my_robot_bringup/local_setup.bash
[0.202s] -- Up-to-date: /home/cagla/ros2_ws/install/my_robot_bringup/share/my_robot_bringup/local_setup.sh
[0.202s] -- Up-to-date: /home/cagla/ros2_ws/install/my_robot_bringup/share/my_robot_bringup/local_setup.zsh
[0.202s] -- Up-to-date: /home/cagla/ros2_ws/install/my_robot_bringup/share/my_robot_bringup/local_setup.dsv
[0.203s] -- Installing: /home/cagla/ros2_ws/install/my_robot_bringup/share/my_robot_bringup/package.dsv
[0.203s] -- Up-to-date: /home/cagla/ros2_ws/install/my_robot_bringup/share/ament_index/resource_index/packages/my_robot_bringup
[0.203s] -- Up-to-date: /home/cagla/ros2_ws/install/my_robot_bringup/share/my_robot_bringup/cmake/my_robot_bringupConfig.cmake
[0.203s] -- Up-to-date: /home/cagla/ros2_ws/install/my_robot_bringup/share/my_robot_bringup/cmake/my_robot_bringupConfig-version.cmake
[0.203s] -- Up-to-date: /home/cagla/ros2_ws/install/my_robot_bringup/share/my_robot_bringup/package.xml
[0.209s] Invoked command in '/home/cagla/ros2_ws/build/my_robot_bringup' returned '0': CMAKE_PREFIX_PATH=/home/cagla/ros2_ws/install/my_robot_description:/home/cagla/ros2_ws/install/my_robot_bringup:/opt/ros/humble /usr/bin/cmake --install /home/cagla/ros2_ws/build/my_robot_bringup
