[0.799s] Invoking command in '/home/reveha/reveha_ws/build/ball_tracker': PYTHONPATH=/home/reveha/reveha_ws/build/ball_tracker/prefix_override:/home/reveha/reveha_ws/install/ball_tracker/lib/python3.10/site-packages:${PYTHONPATH} /usr/bin/python3 -W ignore:setup.py install is deprecated setup.py develop --uninstall --editable --build-directory /home/reveha/reveha_ws/build/ball_tracker/build
[1.030s] /usr/lib/python3/dist-packages/setuptools/dist.py:723: UserWarning: Usage of dash-separated 'script-dir' will not be supported in future versions. Please use the underscore name 'script_dir' instead
[1.030s]   warnings.warn(
[1.056s] running develop
[1.056s] /usr/lib/python3/dist-packages/setuptools/command/easy_install.py:158: EasyInstallDeprecationWarning: easy_install command is deprecated. Use build and pip and other standards-based tools.
[1.056s]   warnings.warn(
[1.217s] Removing /home/reveha/reveha_ws/install/ball_tracker/lib/python3.10/site-packages/ball-tracker.egg-link (link to .)
[1.249s] Invoked command in '/home/reveha/reveha_ws/build/ball_tracker' returned '0': PYTHONPATH=/home/reveha/reveha_ws/build/ball_tracker/prefix_override:/home/reveha/reveha_ws/install/ball_tracker/lib/python3.10/site-packages:${PYTHONPATH} /usr/bin/python3 -W ignore:setup.py install is deprecated setup.py develop --uninstall --editable --build-directory /home/reveha/reveha_ws/build/ball_tracker/build
[1.251s] Invoking command in '/home/reveha/reveha_ws/src/ball_tracker': PYTHONPATH=/home/reveha/reveha_ws/build/ball_tracker/prefix_override:/home/reveha/reveha_ws/install/ball_tracker/lib/python3.10/site-packages:${PYTHONPATH} /usr/bin/python3 -W ignore:setup.py install is deprecated setup.py egg_info --egg-base ../../build/ball_tracker build --build-base /home/reveha/reveha_ws/build/ball_tracker/build install --record /home/reveha/reveha_ws/build/ball_tracker/install.log --install-scripts $base/lib/ball_tracker --single-version-externally-managed install_data --force
[1.464s] /usr/lib/python3/dist-packages/setuptools/dist.py:723: UserWarning: Usage of dash-separated 'script-dir' will not be supported in future versions. Please use the underscore name 'script_dir' instead
[1.464s]   warnings.warn(
[1.471s] running egg_info
[1.473s] writing ../../build/ball_tracker/ball_tracker.egg-info/PKG-INFO
[1.473s] writing dependency_links to ../../build/ball_tracker/ball_tracker.egg-info/dependency_links.txt
[1.473s] writing entry points to ../../build/ball_tracker/ball_tracker.egg-info/entry_points.txt
[1.474s] writing requirements to ../../build/ball_tracker/ball_tracker.egg-info/requires.txt
[1.474s] writing top-level names to ../../build/ball_tracker/ball_tracker.egg-info/top_level.txt
[1.475s] reading manifest file '../../build/ball_tracker/ball_tracker.egg-info/SOURCES.txt'
[1.476s] writing manifest file '../../build/ball_tracker/ball_tracker.egg-info/SOURCES.txt'
[1.476s] running build
[1.476s] running build_py
[1.477s] running install
[1.477s] running install_lib
[1.477s] creating /home/reveha/reveha_ws/install/ball_tracker/lib/python3.10/site-packages/ball_tracker
[1.478s] copying /home/reveha/reveha_ws/build/ball_tracker/build/lib/ball_tracker/follow_ball.py -> /home/reveha/reveha_ws/install/ball_tracker/lib/python3.10/site-packages/ball_tracker
[1.478s] copying /home/reveha/reveha_ws/build/ball_tracker/build/lib/ball_tracker/process_image.py -> /home/reveha/reveha_ws/install/ball_tracker/lib/python3.10/site-packages/ball_tracker
[1.478s] copying /home/reveha/reveha_ws/build/ball_tracker/build/lib/ball_tracker/detect_ball_3d.py -> /home/reveha/reveha_ws/install/ball_tracker/lib/python3.10/site-packages/ball_tracker
[1.478s] copying /home/reveha/reveha_ws/build/ball_tracker/build/lib/ball_tracker/detect_ball.py -> /home/reveha/reveha_ws/install/ball_tracker/lib/python3.10/site-packages/ball_tracker
[1.479s] copying /home/reveha/reveha_ws/build/ball_tracker/build/lib/ball_tracker/__init__.py -> /home/reveha/reveha_ws/install/ball_tracker/lib/python3.10/site-packages/ball_tracker
[1.479s] byte-compiling /home/reveha/reveha_ws/install/ball_tracker/lib/python3.10/site-packages/ball_tracker/follow_ball.py to follow_ball.cpython-310.pyc
[1.479s] byte-compiling /home/reveha/reveha_ws/install/ball_tracker/lib/python3.10/site-packages/ball_tracker/process_image.py to process_image.cpython-310.pyc
[1.480s] byte-compiling /home/reveha/reveha_ws/install/ball_tracker/lib/python3.10/site-packages/ball_tracker/detect_ball_3d.py to detect_ball_3d.cpython-310.pyc
[1.480s] byte-compiling /home/reveha/reveha_ws/install/ball_tracker/lib/python3.10/site-packages/ball_tracker/detect_ball.py to detect_ball.cpython-310.pyc
[1.481s] byte-compiling /home/reveha/reveha_ws/install/ball_tracker/lib/python3.10/site-packages/ball_tracker/__init__.py to __init__.cpython-310.pyc
[1.481s] running install_data
[1.481s] copying resource/ball_tracker -> /home/reveha/reveha_ws/install/ball_tracker/share/ament_index/resource_index/packages
[1.481s] copying package.xml -> /home/reveha/reveha_ws/install/ball_tracker/share/ball_tracker
[1.482s] copying launch/ball_tracker.launch.py -> /home/reveha/reveha_ws/install/ball_tracker/share/ball_tracker/launch
[1.482s] copying launch/example_launch_include.launch.py -> /home/reveha/reveha_ws/install/ball_tracker/share/ball_tracker/launch
[1.482s] copying config/ball_tracker_params_example.yaml -> /home/reveha/reveha_ws/install/ball_tracker/share/ball_tracker/config
[1.482s] running install_egg_info
[1.483s] Copying ../../build/ball_tracker/ball_tracker.egg-info to /home/reveha/reveha_ws/install/ball_tracker/lib/python3.10/site-packages/ball_tracker-0.0.0-py3.10.egg-info
[1.484s] running install_scripts
[1.501s] Installing detect_ball script to /home/reveha/reveha_ws/install/ball_tracker/lib/ball_tracker
[1.501s] Installing detect_ball_3d script to /home/reveha/reveha_ws/install/ball_tracker/lib/ball_tracker
[1.501s] Installing follow_ball script to /home/reveha/reveha_ws/install/ball_tracker/lib/ball_tracker
[1.502s] writing list of installed files to '/home/reveha/reveha_ws/build/ball_tracker/install.log'
[1.529s] Invoked command in '/home/reveha/reveha_ws/src/ball_tracker' returned '0': PYTHONPATH=/home/reveha/reveha_ws/build/ball_tracker/prefix_override:/home/reveha/reveha_ws/install/ball_tracker/lib/python3.10/site-packages:${PYTHONPATH} /usr/bin/python3 -W ignore:setup.py install is deprecated setup.py egg_info --egg-base ../../build/ball_tracker build --build-base /home/reveha/reveha_ws/build/ball_tracker/build install --record /home/reveha/reveha_ws/build/ball_tracker/install.log --install-scripts $base/lib/ball_tracker --single-version-externally-managed install_data --force
