[0.417s] DEBUG:colcon:Command line arguments: ['/usr/bin/colcon', 'build']
[0.417s] DEBUG:colcon:Parsed command line arguments: Namespace(log_base=None, log_level=None, verb_name='build', build_base='build', install_base='install', merge_install=False, symlink_install=False, test_result_base=None, continue_on_error=False, executor='parallel', parallel_workers=8, event_handlers=None, ignore_user_meta=False, metas=['./colcon.meta'], base_paths=['.'], packages_ignore=None, packages_ignore_regex=None, paths=None, packages_up_to=None, packages_up_to_regex=None, packages_above=None, packages_above_and_dependencies=None, packages_above_depth=None, packages_select_by_dep=None, packages_skip_by_dep=None, packages_skip_up_to=None, packages_select_build_failed=False, packages_skip_build_finished=False, packages_select_test_failures=False, packages_skip_test_passed=False, packages_select=None, packages_skip=None, packages_select_regex=None, packages_skip_regex=None, packages_start=None, packages_end=None, allow_overriding=[], cmake_args=None, cmake_target=None, cmake_target_skip_unavailable=False, cmake_clean_cache=False, cmake_clean_first=False, cmake_force_configure=False, ament_cmake_args=None, catkin_cmake_args=None, catkin_skip_building_tests=False, verb_parser=<colcon_defaults.argument_parser.defaults.DefaultArgumentsDecorator object at 0x7f54c5b4e800>, verb_extension=<colcon_core.verb.build.BuildVerb object at 0x7f54c5c4b400>, main=<bound method BuildVerb.main of <colcon_core.verb.build.BuildVerb object at 0x7f54c5c4b400>>)
[0.855s] Level 1:colcon.colcon_core.package_discovery:discover_packages(colcon_meta) check parameters
[0.855s] Level 1:colcon.colcon_core.package_discovery:discover_packages(recursive) check parameters
[0.855s] Level 1:colcon.colcon_core.package_discovery:discover_packages(ignore) check parameters
[0.855s] Level 1:colcon.colcon_core.package_discovery:discover_packages(path) check parameters
[0.855s] Level 1:colcon.colcon_core.package_discovery:discover_packages(colcon_meta) discover
[0.856s] Level 1:colcon.colcon_core.package_discovery:discover_packages(recursive) discover
[0.856s] INFO:colcon.colcon_core.package_discovery:Crawling recursively for packages in '/home/cagla/ros2_ws'
[0.856s] Level 1:colcon.colcon_core.package_identification:_identify(.) by extensions ['ignore', 'ignore_ament_install']
[0.856s] Level 1:colcon.colcon_core.package_identification:_identify(.) by extension 'ignore'
[0.856s] Level 1:colcon.colcon_core.package_identification:_identify(.) by extension 'ignore_ament_install'
[0.856s] Level 1:colcon.colcon_core.package_identification:_identify(.) by extensions ['colcon_pkg']
[0.856s] Level 1:colcon.colcon_core.package_identification:_identify(.) by extension 'colcon_pkg'
[0.856s] Level 1:colcon.colcon_core.package_identification:_identify(.) by extensions ['colcon_meta']
[0.856s] Level 1:colcon.colcon_core.package_identification:_identify(.) by extension 'colcon_meta'
[0.856s] Level 1:colcon.colcon_core.package_identification:_identify(.) by extensions ['ros']
[0.856s] Level 1:colcon.colcon_core.package_identification:_identify(.) by extension 'ros'
[0.877s] Level 1:colcon.colcon_core.package_identification:_identify(.) by extensions ['cmake', 'python']
[0.877s] Level 1:colcon.colcon_core.package_identification:_identify(.) by extension 'cmake'
[0.877s] Level 1:colcon.colcon_core.package_identification:_identify(.) by extension 'python'
[0.877s] Level 1:colcon.colcon_core.package_identification:_identify(.) by extensions ['python_setup_py']
[0.877s] Level 1:colcon.colcon_core.package_identification:_identify(.) by extension 'python_setup_py'
[0.878s] Level 1:colcon.colcon_core.package_identification:_identify(build) by extensions ['ignore', 'ignore_ament_install']
[0.878s] Level 1:colcon.colcon_core.package_identification:_identify(build) by extension 'ignore'
[0.878s] Level 1:colcon.colcon_core.package_identification:_identify(build) ignored
[0.878s] Level 1:colcon.colcon_core.package_identification:_identify(install) by extensions ['ignore', 'ignore_ament_install']
[0.878s] Level 1:colcon.colcon_core.package_identification:_identify(install) by extension 'ignore'
[0.878s] Level 1:colcon.colcon_core.package_identification:_identify(install) ignored
[0.878s] Level 1:colcon.colcon_core.package_identification:_identify(log) by extensions ['ignore', 'ignore_ament_install']
[0.879s] Level 1:colcon.colcon_core.package_identification:_identify(log) by extension 'ignore'
[0.879s] Level 1:colcon.colcon_core.package_identification:_identify(log) ignored
[0.879s] Level 1:colcon.colcon_core.package_identification:_identify(src) by extensions ['ignore', 'ignore_ament_install']
[0.879s] Level 1:colcon.colcon_core.package_identification:_identify(src) by extension 'ignore'
[0.879s] Level 1:colcon.colcon_core.package_identification:_identify(src) by extension 'ignore_ament_install'
[0.879s] Level 1:colcon.colcon_core.package_identification:_identify(src) by extensions ['colcon_pkg']
[0.879s] Level 1:colcon.colcon_core.package_identification:_identify(src) by extension 'colcon_pkg'
[0.879s] Level 1:colcon.colcon_core.package_identification:_identify(src) by extensions ['colcon_meta']
[0.879s] Level 1:colcon.colcon_core.package_identification:_identify(src) by extension 'colcon_meta'
[0.879s] Level 1:colcon.colcon_core.package_identification:_identify(src) by extensions ['ros']
[0.880s] Level 1:colcon.colcon_core.package_identification:_identify(src) by extension 'ros'
[0.880s] Level 1:colcon.colcon_core.package_identification:_identify(src) by extensions ['cmake', 'python']
[0.880s] Level 1:colcon.colcon_core.package_identification:_identify(src) by extension 'cmake'
[0.880s] Level 1:colcon.colcon_core.package_identification:_identify(src) by extension 'python'
[0.880s] Level 1:colcon.colcon_core.package_identification:_identify(src) by extensions ['python_setup_py']
[0.880s] Level 1:colcon.colcon_core.package_identification:_identify(src) by extension 'python_setup_py'
[0.880s] Level 1:colcon.colcon_core.package_identification:_identify(src/my_robot_bringup) by extensions ['ignore', 'ignore_ament_install']
[0.880s] Level 1:colcon.colcon_core.package_identification:_identify(src/my_robot_bringup) by extension 'ignore'
[0.880s] Level 1:colcon.colcon_core.package_identification:_identify(src/my_robot_bringup) by extension 'ignore_ament_install'
[0.880s] Level 1:colcon.colcon_core.package_identification:_identify(src/my_robot_bringup) by extensions ['colcon_pkg']
[0.880s] Level 1:colcon.colcon_core.package_identification:_identify(src/my_robot_bringup) by extension 'colcon_pkg'
[0.881s] Level 1:colcon.colcon_core.package_identification:_identify(src/my_robot_bringup) by extensions ['colcon_meta']
[0.881s] Level 1:colcon.colcon_core.package_identification:_identify(src/my_robot_bringup) by extension 'colcon_meta'
[0.881s] Level 1:colcon.colcon_core.package_identification:_identify(src/my_robot_bringup) by extensions ['ros']
[0.881s] Level 1:colcon.colcon_core.package_identification:_identify(src/my_robot_bringup) by extension 'ros'
[0.904s] DEBUG:colcon.colcon_core.package_identification:Package 'src/my_robot_bringup' with type 'ros.ament_cmake' and name 'my_robot_bringup'
[0.905s] Level 1:colcon.colcon_core.package_identification:_identify(src/my_robot_description) by extensions ['ignore', 'ignore_ament_install']
[0.905s] Level 1:colcon.colcon_core.package_identification:_identify(src/my_robot_description) by extension 'ignore'
[0.905s] Level 1:colcon.colcon_core.package_identification:_identify(src/my_robot_description) by extension 'ignore_ament_install'
[0.905s] Level 1:colcon.colcon_core.package_identification:_identify(src/my_robot_description) by extensions ['colcon_pkg']
[0.905s] Level 1:colcon.colcon_core.package_identification:_identify(src/my_robot_description) by extension 'colcon_pkg'
[0.905s] Level 1:colcon.colcon_core.package_identification:_identify(src/my_robot_description) by extensions ['colcon_meta']
[0.905s] Level 1:colcon.colcon_core.package_identification:_identify(src/my_robot_description) by extension 'colcon_meta'
[0.905s] Level 1:colcon.colcon_core.package_identification:_identify(src/my_robot_description) by extensions ['ros']
[0.906s] Level 1:colcon.colcon_core.package_identification:_identify(src/my_robot_description) by extension 'ros'
[0.907s] DEBUG:colcon.colcon_core.package_identification:Package 'src/my_robot_description' with type 'ros.ament_cmake' and name 'my_robot_description'
[0.907s] Level 1:colcon.colcon_core.package_discovery:discover_packages(recursive) using defaults
[0.907s] Level 1:colcon.colcon_core.package_discovery:discover_packages(ignore) discover
[0.907s] Level 1:colcon.colcon_core.package_discovery:discover_packages(ignore) using defaults
[0.907s] Level 1:colcon.colcon_core.package_discovery:discover_packages(path) discover
[0.907s] Level 1:colcon.colcon_core.package_discovery:discover_packages(path) using defaults
[0.946s] Level 1:colcon.colcon_core.package_discovery:discover_packages(prefix_path) check parameters
[0.946s] Level 1:colcon.colcon_core.package_discovery:discover_packages(prefix_path) discover
[0.950s] DEBUG:colcon.colcon_installed_package_information.package_discovery:Found 2 installed packages in /home/cagla/ros2_ws/install
[0.953s] DEBUG:colcon.colcon_installed_package_information.package_discovery:Found 398 installed packages in /opt/ros/humble
[0.956s] Level 1:colcon.colcon_core.package_discovery:discover_packages(prefix_path) using defaults
[1.100s] Level 5:colcon.colcon_core.verb:set package 'my_robot_description' build argument 'cmake_args' from command line to 'None'
[1.100s] Level 5:colcon.colcon_core.verb:set package 'my_robot_description' build argument 'cmake_target' from command line to 'None'
[1.100s] Level 5:colcon.colcon_core.verb:set package 'my_robot_description' build argument 'cmake_target_skip_unavailable' from command line to 'False'
[1.101s] Level 5:colcon.colcon_core.verb:set package 'my_robot_description' build argument 'cmake_clean_cache' from command line to 'False'
[1.101s] Level 5:colcon.colcon_core.verb:set package 'my_robot_description' build argument 'cmake_clean_first' from command line to 'False'
[1.101s] Level 5:colcon.colcon_core.verb:set package 'my_robot_description' build argument 'cmake_force_configure' from command line to 'False'
[1.101s] Level 5:colcon.colcon_core.verb:set package 'my_robot_description' build argument 'ament_cmake_args' from command line to 'None'
[1.101s] Level 5:colcon.colcon_core.verb:set package 'my_robot_description' build argument 'catkin_cmake_args' from command line to 'None'
[1.101s] Level 5:colcon.colcon_core.verb:set package 'my_robot_description' build argument 'catkin_skip_building_tests' from command line to 'False'
[1.101s] DEBUG:colcon.colcon_core.verb:Building package 'my_robot_description' with the following arguments: {'ament_cmake_args': None, 'build_base': '/home/cagla/ros2_ws/build/my_robot_description', 'catkin_cmake_args': None, 'catkin_skip_building_tests': False, 'cmake_args': None, 'cmake_clean_cache': False, 'cmake_clean_first': False, 'cmake_force_configure': False, 'cmake_target': None, 'cmake_target_skip_unavailable': False, 'install_base': '/home/cagla/ros2_ws/install/my_robot_description', 'merge_install': False, 'path': '/home/cagla/ros2_ws/src/my_robot_description', 'symlink_install': False, 'test_result_base': None}
[1.101s] Level 5:colcon.colcon_core.verb:set package 'my_robot_bringup' build argument 'cmake_args' from command line to 'None'
[1.101s] Level 5:colcon.colcon_core.verb:set package 'my_robot_bringup' build argument 'cmake_target' from command line to 'None'
[1.101s] Level 5:colcon.colcon_core.verb:set package 'my_robot_bringup' build argument 'cmake_target_skip_unavailable' from command line to 'False'
[1.101s] Level 5:colcon.colcon_core.verb:set package 'my_robot_bringup' build argument 'cmake_clean_cache' from command line to 'False'
[1.101s] Level 5:colcon.colcon_core.verb:set package 'my_robot_bringup' build argument 'cmake_clean_first' from command line to 'False'
[1.101s] Level 5:colcon.colcon_core.verb:set package 'my_robot_bringup' build argument 'cmake_force_configure' from command line to 'False'
[1.101s] Level 5:colcon.colcon_core.verb:set package 'my_robot_bringup' build argument 'ament_cmake_args' from command line to 'None'
[1.101s] Level 5:colcon.colcon_core.verb:set package 'my_robot_bringup' build argument 'catkin_cmake_args' from command line to 'None'
[1.101s] Level 5:colcon.colcon_core.verb:set package 'my_robot_bringup' build argument 'catkin_skip_building_tests' from command line to 'False'
[1.102s] DEBUG:colcon.colcon_core.verb:Building package 'my_robot_bringup' with the following arguments: {'ament_cmake_args': None, 'build_base': '/home/cagla/ros2_ws/build/my_robot_bringup', 'catkin_cmake_args': None, 'catkin_skip_building_tests': False, 'cmake_args': None, 'cmake_clean_cache': False, 'cmake_clean_first': False, 'cmake_force_configure': False, 'cmake_target': None, 'cmake_target_skip_unavailable': False, 'install_base': '/home/cagla/ros2_ws/install/my_robot_bringup', 'merge_install': False, 'path': '/home/cagla/ros2_ws/src/my_robot_bringup', 'symlink_install': False, 'test_result_base': None}
[1.102s] INFO:colcon.colcon_core.executor:Executing jobs using 'parallel' executor
[1.103s] DEBUG:colcon.colcon_parallel_executor.executor.parallel:run_until_complete
[1.103s] INFO:colcon.colcon_ros.task.ament_cmake.build:Building ROS package in '/home/cagla/ros2_ws/src/my_robot_description' with build type 'ament_cmake'
[1.104s] INFO:colcon.colcon_cmake.task.cmake.build:Building CMake package in '/home/cagla/ros2_ws/src/my_robot_description'
[1.109s] INFO:colcon.colcon_core.plugin_system:Skipping extension 'colcon_core.shell.bat': Not used on non-Windows systems
[1.109s] INFO:colcon.colcon_core.shell:Skip shell extension 'powershell' for command environment: Not usable outside of PowerShell
[1.109s] DEBUG:colcon.colcon_core.shell:Skip shell extension 'dsv' for command environment
[1.128s] DEBUG:colcon.colcon_core.event_handler.log_command:Invoking command in '/home/cagla/ros2_ws/build/my_robot_description': CMAKE_PREFIX_PATH=${CMAKE_PREFIX_PATH}:/opt/ros/humble /usr/bin/cmake --build /home/cagla/ros2_ws/build/my_robot_description -- -j8 -l8
[1.272s] DEBUG:colcon.colcon_core.event_handler.log_command:Invoked command in '/home/cagla/ros2_ws/build/my_robot_description' returned '0': CMAKE_PREFIX_PATH=${CMAKE_PREFIX_PATH}:/opt/ros/humble /usr/bin/cmake --build /home/cagla/ros2_ws/build/my_robot_description -- -j8 -l8
[1.342s] DEBUG:colcon.colcon_core.event_handler.log_command:Invoking command in '/home/cagla/ros2_ws/build/my_robot_description': CMAKE_PREFIX_PATH=${CMAKE_PREFIX_PATH}:/opt/ros/humble /usr/bin/cmake --install /home/cagla/ros2_ws/build/my_robot_description
[1.365s] Level 1:colcon.colcon_core.environment:create_environment_scripts_only(my_robot_description)
[1.366s] DEBUG:colcon.colcon_core.event_handler.log_command:Invoked command in '/home/cagla/ros2_ws/build/my_robot_description' returned '0': CMAKE_PREFIX_PATH=${CMAKE_PREFIX_PATH}:/opt/ros/humble /usr/bin/cmake --install /home/cagla/ros2_ws/build/my_robot_description
[1.373s] Level 1:colcon.colcon_core.environment:checking '/home/cagla/ros2_ws/install/my_robot_description' for CMake module files
[1.374s] Level 1:colcon.colcon_core.environment:checking '/home/cagla/ros2_ws/install/my_robot_description' for CMake config files
[1.374s] Level 1:colcon.colcon_core.shell:create_environment_hook('my_robot_description', 'cmake_prefix_path')
[1.375s] INFO:colcon.colcon_core.shell:Creating environment hook '/home/cagla/ros2_ws/install/my_robot_description/share/my_robot_description/hook/cmake_prefix_path.ps1'
[1.376s] INFO:colcon.colcon_core.shell:Creating environment descriptor '/home/cagla/ros2_ws/install/my_robot_description/share/my_robot_description/hook/cmake_prefix_path.dsv'
[1.377s] INFO:colcon.colcon_core.shell:Creating environment hook '/home/cagla/ros2_ws/install/my_robot_description/share/my_robot_description/hook/cmake_prefix_path.sh'
[1.379s] Level 1:colcon.colcon_core.environment:checking '/home/cagla/ros2_ws/install/my_robot_description/bin'
[1.379s] Level 1:colcon.colcon_core.environment:checking '/home/cagla/ros2_ws/install/my_robot_description/lib/pkgconfig/my_robot_description.pc'
[1.379s] Level 1:colcon.colcon_core.environment:checking '/home/cagla/ros2_ws/install/my_robot_description/lib/python3.10/site-packages'
[1.380s] Level 1:colcon.colcon_core.environment:checking '/home/cagla/ros2_ws/install/my_robot_description/bin'
[1.380s] INFO:colcon.colcon_core.shell:Creating package script '/home/cagla/ros2_ws/install/my_robot_description/share/my_robot_description/package.ps1'
[1.381s] INFO:colcon.colcon_core.shell:Creating package descriptor '/home/cagla/ros2_ws/install/my_robot_description/share/my_robot_description/package.dsv'
[1.382s] INFO:colcon.colcon_core.shell:Creating package script '/home/cagla/ros2_ws/install/my_robot_description/share/my_robot_description/package.sh'
[1.383s] INFO:colcon.colcon_core.shell:Creating package script '/home/cagla/ros2_ws/install/my_robot_description/share/my_robot_description/package.bash'
[1.384s] INFO:colcon.colcon_core.shell:Creating package script '/home/cagla/ros2_ws/install/my_robot_description/share/my_robot_description/package.zsh'
[1.386s] Level 1:colcon.colcon_core.environment:create_file_with_runtime_dependencies(/home/cagla/ros2_ws/install/my_robot_description/share/colcon-core/packages/my_robot_description)
[1.429s] Level 1:colcon.colcon_core.environment:create_environment_scripts_only(my_robot_description)
[1.430s] Level 1:colcon.colcon_core.environment:checking '/home/cagla/ros2_ws/install/my_robot_description' for CMake module files
[1.430s] Level 1:colcon.colcon_core.environment:checking '/home/cagla/ros2_ws/install/my_robot_description' for CMake config files
[1.431s] Level 1:colcon.colcon_core.shell:create_environment_hook('my_robot_description', 'cmake_prefix_path')
[1.431s] INFO:colcon.colcon_core.shell:Creating environment hook '/home/cagla/ros2_ws/install/my_robot_description/share/my_robot_description/hook/cmake_prefix_path.ps1'
[1.432s] INFO:colcon.colcon_core.shell:Creating environment descriptor '/home/cagla/ros2_ws/install/my_robot_description/share/my_robot_description/hook/cmake_prefix_path.dsv'
[1.433s] INFO:colcon.colcon_core.shell:Creating environment hook '/home/cagla/ros2_ws/install/my_robot_description/share/my_robot_description/hook/cmake_prefix_path.sh'
[1.433s] Level 1:colcon.colcon_core.environment:checking '/home/cagla/ros2_ws/install/my_robot_description/bin'
[1.433s] Level 1:colcon.colcon_core.environment:checking '/home/cagla/ros2_ws/install/my_robot_description/lib/pkgconfig/my_robot_description.pc'
[1.434s] Level 1:colcon.colcon_core.environment:checking '/home/cagla/ros2_ws/install/my_robot_description/lib/python3.10/site-packages'
[1.434s] Level 1:colcon.colcon_core.environment:checking '/home/cagla/ros2_ws/install/my_robot_description/bin'
[1.435s] INFO:colcon.colcon_core.shell:Creating package script '/home/cagla/ros2_ws/install/my_robot_description/share/my_robot_description/package.ps1'
[1.435s] INFO:colcon.colcon_core.shell:Creating package descriptor '/home/cagla/ros2_ws/install/my_robot_description/share/my_robot_description/package.dsv'
[1.436s] INFO:colcon.colcon_core.shell:Creating package script '/home/cagla/ros2_ws/install/my_robot_description/share/my_robot_description/package.sh'
[1.437s] INFO:colcon.colcon_core.shell:Creating package script '/home/cagla/ros2_ws/install/my_robot_description/share/my_robot_description/package.bash'
[1.438s] INFO:colcon.colcon_core.shell:Creating package script '/home/cagla/ros2_ws/install/my_robot_description/share/my_robot_description/package.zsh'
[1.438s] Level 1:colcon.colcon_core.environment:create_file_with_runtime_dependencies(/home/cagla/ros2_ws/install/my_robot_description/share/colcon-core/packages/my_robot_description)
[1.439s] INFO:colcon.colcon_ros.task.ament_cmake.build:Building ROS package in '/home/cagla/ros2_ws/src/my_robot_bringup' with build type 'ament_cmake'
[1.439s] INFO:colcon.colcon_cmake.task.cmake.build:Building CMake package in '/home/cagla/ros2_ws/src/my_robot_bringup'
[1.440s] INFO:colcon.colcon_core.shell:Skip shell extension 'powershell' for command environment: Not usable outside of PowerShell
[1.440s] DEBUG:colcon.colcon_core.shell:Skip shell extension 'dsv' for command environment
[1.460s] DEBUG:colcon.colcon_core.event_handler.log_command:Invoking command in '/home/cagla/ros2_ws/build/my_robot_bringup': CMAKE_PREFIX_PATH=/home/cagla/ros2_ws/install/my_robot_description:/home/cagla/ros2_ws/install/my_robot_bringup:/opt/ros/humble /usr/bin/cmake --build /home/cagla/ros2_ws/build/my_robot_bringup -- -j8 -l8
[1.546s] DEBUG:colcon.colcon_core.event_handler.log_command:Invoked command in '/home/cagla/ros2_ws/build/my_robot_bringup' returned '0': CMAKE_PREFIX_PATH=/home/cagla/ros2_ws/install/my_robot_description:/home/cagla/ros2_ws/install/my_robot_bringup:/opt/ros/humble /usr/bin/cmake --build /home/cagla/ros2_ws/build/my_robot_bringup -- -j8 -l8
[1.598s] DEBUG:colcon.colcon_core.event_handler.log_command:Invoking command in '/home/cagla/ros2_ws/build/my_robot_bringup': CMAKE_PREFIX_PATH=/home/cagla/ros2_ws/install/my_robot_description:/home/cagla/ros2_ws/install/my_robot_bringup:/opt/ros/humble /usr/bin/cmake --install /home/cagla/ros2_ws/build/my_robot_bringup
[1.621s] Level 1:colcon.colcon_core.environment:create_environment_scripts_only(my_robot_bringup)
[1.622s] Level 1:colcon.colcon_core.environment:checking '/home/cagla/ros2_ws/install/my_robot_bringup' for CMake module files
[1.623s] DEBUG:colcon.colcon_core.event_handler.log_command:Invoked command in '/home/cagla/ros2_ws/build/my_robot_bringup' returned '0': CMAKE_PREFIX_PATH=/home/cagla/ros2_ws/install/my_robot_description:/home/cagla/ros2_ws/install/my_robot_bringup:/opt/ros/humble /usr/bin/cmake --install /home/cagla/ros2_ws/build/my_robot_bringup
[1.624s] Level 1:colcon.colcon_core.environment:checking '/home/cagla/ros2_ws/install/my_robot_bringup' for CMake config files
[1.625s] Level 1:colcon.colcon_core.shell:create_environment_hook('my_robot_bringup', 'cmake_prefix_path')
[1.625s] INFO:colcon.colcon_core.shell:Creating environment hook '/home/cagla/ros2_ws/install/my_robot_bringup/share/my_robot_bringup/hook/cmake_prefix_path.ps1'
[1.626s] INFO:colcon.colcon_core.shell:Creating environment descriptor '/home/cagla/ros2_ws/install/my_robot_bringup/share/my_robot_bringup/hook/cmake_prefix_path.dsv'
[1.627s] INFO:colcon.colcon_core.shell:Creating environment hook '/home/cagla/ros2_ws/install/my_robot_bringup/share/my_robot_bringup/hook/cmake_prefix_path.sh'
[1.628s] Level 1:colcon.colcon_core.environment:checking '/home/cagla/ros2_ws/install/my_robot_bringup/bin'
[1.628s] Level 1:colcon.colcon_core.environment:checking '/home/cagla/ros2_ws/install/my_robot_bringup/lib/pkgconfig/my_robot_bringup.pc'
[1.629s] Level 1:colcon.colcon_core.environment:checking '/home/cagla/ros2_ws/install/my_robot_bringup/lib/python3.10/site-packages'
[1.629s] Level 1:colcon.colcon_core.environment:checking '/home/cagla/ros2_ws/install/my_robot_bringup/bin'
[1.629s] INFO:colcon.colcon_core.shell:Creating package script '/home/cagla/ros2_ws/install/my_robot_bringup/share/my_robot_bringup/package.ps1'
[1.630s] INFO:colcon.colcon_core.shell:Creating package descriptor '/home/cagla/ros2_ws/install/my_robot_bringup/share/my_robot_bringup/package.dsv'
[1.631s] INFO:colcon.colcon_core.shell:Creating package script '/home/cagla/ros2_ws/install/my_robot_bringup/share/my_robot_bringup/package.sh'
[1.632s] INFO:colcon.colcon_core.shell:Creating package script '/home/cagla/ros2_ws/install/my_robot_bringup/share/my_robot_bringup/package.bash'
[1.632s] INFO:colcon.colcon_core.shell:Creating package script '/home/cagla/ros2_ws/install/my_robot_bringup/share/my_robot_bringup/package.zsh'
[1.633s] Level 1:colcon.colcon_core.environment:create_file_with_runtime_dependencies(/home/cagla/ros2_ws/install/my_robot_bringup/share/colcon-core/packages/my_robot_bringup)
[1.677s] Level 1:colcon.colcon_core.environment:create_environment_scripts_only(my_robot_bringup)
[1.677s] Level 1:colcon.colcon_core.environment:checking '/home/cagla/ros2_ws/install/my_robot_bringup' for CMake module files
[1.678s] Level 1:colcon.colcon_core.environment:checking '/home/cagla/ros2_ws/install/my_robot_bringup' for CMake config files
[1.679s] Level 1:colcon.colcon_core.shell:create_environment_hook('my_robot_bringup', 'cmake_prefix_path')
[1.679s] INFO:colcon.colcon_core.shell:Creating environment hook '/home/cagla/ros2_ws/install/my_robot_bringup/share/my_robot_bringup/hook/cmake_prefix_path.ps1'
[1.680s] INFO:colcon.colcon_core.shell:Creating environment descriptor '/home/cagla/ros2_ws/install/my_robot_bringup/share/my_robot_bringup/hook/cmake_prefix_path.dsv'
[1.681s] INFO:colcon.colcon_core.shell:Creating environment hook '/home/cagla/ros2_ws/install/my_robot_bringup/share/my_robot_bringup/hook/cmake_prefix_path.sh'
[1.682s] Level 1:colcon.colcon_core.environment:checking '/home/cagla/ros2_ws/install/my_robot_bringup/bin'
[1.682s] Level 1:colcon.colcon_core.environment:checking '/home/cagla/ros2_ws/install/my_robot_bringup/lib/pkgconfig/my_robot_bringup.pc'
[1.683s] Level 1:colcon.colcon_core.environment:checking '/home/cagla/ros2_ws/install/my_robot_bringup/lib/python3.10/site-packages'
[1.684s] Level 1:colcon.colcon_core.environment:checking '/home/cagla/ros2_ws/install/my_robot_bringup/bin'
[1.685s] INFO:colcon.colcon_core.shell:Creating package script '/home/cagla/ros2_ws/install/my_robot_bringup/share/my_robot_bringup/package.ps1'
[1.686s] INFO:colcon.colcon_core.shell:Creating package descriptor '/home/cagla/ros2_ws/install/my_robot_bringup/share/my_robot_bringup/package.dsv'
[1.687s] INFO:colcon.colcon_core.shell:Creating package script '/home/cagla/ros2_ws/install/my_robot_bringup/share/my_robot_bringup/package.sh'
[1.688s] INFO:colcon.colcon_core.shell:Creating package script '/home/cagla/ros2_ws/install/my_robot_bringup/share/my_robot_bringup/package.bash'
[1.688s] INFO:colcon.colcon_core.shell:Creating package script '/home/cagla/ros2_ws/install/my_robot_bringup/share/my_robot_bringup/package.zsh'
[1.689s] Level 1:colcon.colcon_core.environment:create_file_with_runtime_dependencies(/home/cagla/ros2_ws/install/my_robot_bringup/share/colcon-core/packages/my_robot_bringup)
[1.689s] DEBUG:colcon.colcon_parallel_executor.executor.parallel:closing loop
[1.690s] DEBUG:colcon.colcon_parallel_executor.executor.parallel:loop closed
[1.690s] DEBUG:colcon.colcon_parallel_executor.executor.parallel:run_until_complete finished with '0'
[1.690s] DEBUG:colcon.colcon_core.event_reactor:joining thread
[1.707s] INFO:colcon.colcon_core.plugin_system:Skipping extension 'colcon_notification.desktop_notification.terminal_notifier': Not used on non-Darwin systems
[1.707s] INFO:colcon.colcon_core.plugin_system:Skipping extension 'colcon_notification.desktop_notification.win32': Not used on non-Windows systems
[1.707s] INFO:colcon.colcon_notification.desktop_notification:Sending desktop notification using 'notify2'
[1.733s] DEBUG:colcon.colcon_core.event_reactor:joined thread
[1.734s] INFO:colcon.colcon_core.shell:Creating prefix script '/home/cagla/ros2_ws/install/local_setup.ps1'
[1.736s] INFO:colcon.colcon_core.shell:Creating prefix util module '/home/cagla/ros2_ws/install/_local_setup_util_ps1.py'
[1.738s] INFO:colcon.colcon_core.shell:Creating prefix chain script '/home/cagla/ros2_ws/install/setup.ps1'
[1.741s] INFO:colcon.colcon_core.shell:Creating prefix script '/home/cagla/ros2_ws/install/local_setup.sh'
[1.742s] INFO:colcon.colcon_core.shell:Creating prefix util module '/home/cagla/ros2_ws/install/_local_setup_util_sh.py'
[1.742s] INFO:colcon.colcon_core.shell:Creating prefix chain script '/home/cagla/ros2_ws/install/setup.sh'
[1.744s] INFO:colcon.colcon_core.shell:Creating prefix script '/home/cagla/ros2_ws/install/local_setup.bash'
[1.745s] INFO:colcon.colcon_core.shell:Creating prefix chain script '/home/cagla/ros2_ws/install/setup.bash'
[1.747s] INFO:colcon.colcon_core.shell:Creating prefix script '/home/cagla/ros2_ws/install/local_setup.zsh'
[1.748s] INFO:colcon.colcon_core.shell:Creating prefix chain script '/home/cagla/ros2_ws/install/setup.zsh'
