[0.020s] Invoking command in '/home/reveha/reveha_ws/build/serial': CMAKE_PREFIX_PATH=${CMAKE_PREFIX_PATH}:/home/reveha/reveha_ws/install/ball_tracker:/opt/ros/humble /home/reveha/.local/bin/cmake /home/reveha/reveha_ws/src/serial -DCMAKE_INSTALL_PREFIX=/home/reveha/reveha_ws/install/serial
[0.105s] -- Found ament_cmake: 1.3.9 (/opt/ros/humble/share/ament_cmake/cmake)
[0.365s] -- Override CMake install command with custom implementation using symlinks instead of copying resources
[0.374s] -- Found ament_cmake_gtest: 1.3.9 (/opt/ros/humble/share/ament_cmake_gtest/cmake)
[0.381s] -- Found gtest sources under '/opt/ros/humble/src/gtest_vendor': C++ tests using 'Google Test' will be built
[0.468s] -- Configuring done (0.4s)
[0.487s] -- Generating done (0.0s)
[0.491s] -- Build files have been written to: /home/reveha/reveha_ws/build/serial
[0.516s] Invoked command in '/home/reveha/reveha_ws/build/serial' returned '0': CMAKE_PREFIX_PATH=${CMAKE_PREFIX_PATH}:/home/reveha/reveha_ws/install/ball_tracker:/opt/ros/humble /home/reveha/.local/bin/cmake /home/reveha/reveha_ws/src/serial -DCMAKE_INSTALL_PREFIX=/home/reveha/reveha_ws/install/serial
[0.517s] Invoking command in '/home/reveha/reveha_ws/build/serial': CMAKE_PREFIX_PATH=${CMAKE_PREFIX_PATH}:/home/reveha/reveha_ws/install/ball_tracker:/opt/ros/humble /home/reveha/.local/bin/cmake --build /home/reveha/reveha_ws/build/serial -- -j12 -l12
[0.630s] [ 28%] Built target gtest
[0.630s] [ 28%] Built target gtest_main
[0.635s] [ 57%] Built target serial
[0.655s] [ 71%] Built target serial_example
[0.659s] [ 85%] Built target serial-test
[0.660s] [100%] Built target serial-test-timer
[0.692s] Invoked command in '/home/reveha/reveha_ws/build/serial' returned '0': CMAKE_PREFIX_PATH=${CMAKE_PREFIX_PATH}:/home/reveha/reveha_ws/install/ball_tracker:/opt/ros/humble /home/reveha/.local/bin/cmake --build /home/reveha/reveha_ws/build/serial -- -j12 -l12
[0.825s] Invoking command in '/home/reveha/reveha_ws/build/serial': CMAKE_PREFIX_PATH=${CMAKE_PREFIX_PATH}:/home/reveha/reveha_ws/install/ball_tracker:/opt/ros/humble /home/reveha/.local/bin/cmake --install /home/reveha/reveha_ws/build/serial
[0.898s] -- Install configuration: ""
[0.898s] -- Execute custom install script
[0.898s] -- Up-to-date symlink: /home/reveha/reveha_ws/install/serial/lib/libserial.a
[0.899s] -- Up-to-date symlink: /home/reveha/reveha_ws/install/serial/include/serial/serial.h
[0.899s] -- Up-to-date symlink: /home/reveha/reveha_ws/install/serial/include/serial/v8stdint.h
[0.899s] -- Up-to-date symlink: /home/reveha/reveha_ws/install/serial/share/serial/environment/library_path.sh
[0.899s] -- Up-to-date symlink: /home/reveha/reveha_ws/install/serial/share/serial/environment/library_path.dsv
[0.899s] -- Up-to-date symlink: /home/reveha/reveha_ws/install/serial/share/ament_index/resource_index/package_run_dependencies/serial
[0.899s] -- Up-to-date symlink: /home/reveha/reveha_ws/install/serial/share/ament_index/resource_index/parent_prefix_path/serial
[0.899s] -- Up-to-date symlink: /home/reveha/reveha_ws/install/serial/share/serial/environment/ament_prefix_path.sh
[0.900s] -- Up-to-date symlink: /home/reveha/reveha_ws/install/serial/share/serial/environment/ament_prefix_path.dsv
[0.900s] -- Up-to-date symlink: /home/reveha/reveha_ws/install/serial/share/serial/environment/path.sh
[0.900s] -- Up-to-date symlink: /home/reveha/reveha_ws/install/serial/share/serial/environment/path.dsv
[0.900s] -- Up-to-date symlink: /home/reveha/reveha_ws/install/serial/share/serial/local_setup.bash
[0.900s] -- Up-to-date symlink: /home/reveha/reveha_ws/install/serial/share/serial/local_setup.sh
[0.900s] -- Up-to-date symlink: /home/reveha/reveha_ws/install/serial/share/serial/local_setup.zsh
[0.900s] -- Up-to-date symlink: /home/reveha/reveha_ws/install/serial/share/serial/local_setup.dsv
[0.901s] -- Symlinking: /home/reveha/reveha_ws/install/serial/share/serial/package.dsv
[0.904s] -- Up-to-date symlink: /home/reveha/reveha_ws/install/serial/share/ament_index/resource_index/packages/serial
[0.905s] -- Up-to-date symlink: /home/reveha/reveha_ws/install/serial/share/serial/cmake/ament_cmake_export_include_directories-extras.cmake
[0.905s] -- Up-to-date symlink: /home/reveha/reveha_ws/install/serial/share/serial/cmake/ament_cmake_export_libraries-extras.cmake
[0.905s] -- Up-to-date symlink: /home/reveha/reveha_ws/install/serial/share/serial/cmake/serialConfig.cmake
[0.905s] -- Up-to-date symlink: /home/reveha/reveha_ws/install/serial/share/serial/cmake/serialConfig-version.cmake
[0.905s] -- Up-to-date symlink: /home/reveha/reveha_ws/install/serial/share/serial/package.xml
[0.927s] Invoked command in '/home/reveha/reveha_ws/build/serial' returned '0': CMAKE_PREFIX_PATH=${CMAKE_PREFIX_PATH}:/home/reveha/reveha_ws/install/ball_tracker:/opt/ros/humble /home/reveha/.local/bin/cmake --install /home/reveha/reveha_ws/build/serial
