[0.017s] Invoking command in '/home/cagla/ros2_ws/build/my_robot_bringup': CMAKE_PREFIX_PATH=/home/cagla/ros2_ws/install/my_robot_description:/home/cagla/ros2_ws/install/my_robot_bringup:/opt/ros/humble /usr/bin/cmake --build /home/cagla/ros2_ws/build/my_robot_bringup -- -j8 -l8
[0.057s] -- Found ament_cmake: 1.3.8 (/opt/ros/humble/share/ament_cmake/cmake)
[0.354s] -- Configuring done
[0.359s] -- Generating done
[0.361s] -- Build files have been written to: /home/cagla/ros2_ws/build/my_robot_bringup
[0.403s] Invoked command in '/home/cagla/ros2_ws/build/my_robot_bringup' returned '0': CMAKE_PREFIX_PATH=/home/cagla/ros2_ws/install/my_robot_description:/home/cagla/ros2_ws/install/my_robot_bringup:/opt/ros/humble /usr/bin/cmake --build /home/cagla/ros2_ws/build/my_robot_bringup -- -j8 -l8
[0.449s] Invoking command in '/home/cagla/ros2_ws/build/my_robot_bringup': CMAKE_PREFIX_PATH=/home/cagla/ros2_ws/install/my_robot_description:/home/cagla/ros2_ws/install/my_robot_bringup:/opt/ros/humble /usr/bin/cmake --install /home/cagla/ros2_ws/build/my_robot_bringup
[0.463s] -- Install configuration: ""
[0.463s] -- Up-to-date: /home/cagla/ros2_ws/install/my_robot_bringup/share/my_robot_bringup//launch
[0.463s] -- Up-to-date: /home/cagla/ros2_ws/install/my_robot_bringup/share/my_robot_bringup//launch/custom_bringup_launch.py
[0.463s] -- Up-to-date: /home/cagla/ros2_ws/install/my_robot_bringup/share/my_robot_bringup//launch/main__mapping.launch.py
[0.463s] -- Up-to-date: /home/cagla/ros2_ws/install/my_robot_bringup/share/my_robot_bringup//launch/main__navigation.launch.py
[0.464s] -- Up-to-date: /home/cagla/ros2_ws/install/my_robot_bringup/share/my_robot_bringup//launch/custom_navigation_launch.py
[0.464s] -- Up-to-date: /home/cagla/ros2_ws/install/my_robot_bringup/share/my_robot_bringup//launch/custom_online_async_launch.py
[0.464s] -- Up-to-date: /home/cagla/ros2_ws/install/my_robot_bringup/share/my_robot_bringup//worlds
[0.465s] -- Up-to-date: /home/cagla/ros2_ws/install/my_robot_bringup/share/my_robot_bringup//worlds/test_world.world
[0.465s] -- Up-to-date: /home/cagla/ros2_ws/install/my_robot_bringup/share/my_robot_bringup//worlds/my_world.world
[0.465s] -- Up-to-date: /home/cagla/ros2_ws/install/my_robot_bringup/share/my_robot_bringup//maps
[0.465s] -- Up-to-date: /home/cagla/ros2_ws/install/my_robot_bringup/share/ament_index/resource_index/package_run_dependencies/my_robot_bringup
[0.465s] -- Up-to-date: /home/cagla/ros2_ws/install/my_robot_bringup/share/ament_index/resource_index/parent_prefix_path/my_robot_bringup
[0.465s] -- Up-to-date: /home/cagla/ros2_ws/install/my_robot_bringup/share/my_robot_bringup/environment/ament_prefix_path.sh
[0.465s] -- Installing: /home/cagla/ros2_ws/install/my_robot_bringup/share/my_robot_bringup/environment/ament_prefix_path.dsv
[0.466s] -- Up-to-date: /home/cagla/ros2_ws/install/my_robot_bringup/share/my_robot_bringup/environment/path.sh
[0.466s] -- Installing: /home/cagla/ros2_ws/install/my_robot_bringup/share/my_robot_bringup/environment/path.dsv
[0.466s] -- Up-to-date: /home/cagla/ros2_ws/install/my_robot_bringup/share/my_robot_bringup/local_setup.bash
[0.466s] -- Up-to-date: /home/cagla/ros2_ws/install/my_robot_bringup/share/my_robot_bringup/local_setup.sh
[0.466s] -- Up-to-date: /home/cagla/ros2_ws/install/my_robot_bringup/share/my_robot_bringup/local_setup.zsh
[0.466s] -- Installing: /home/cagla/ros2_ws/install/my_robot_bringup/share/my_robot_bringup/local_setup.dsv
[0.466s] -- Installing: /home/cagla/ros2_ws/install/my_robot_bringup/share/my_robot_bringup/package.dsv
[0.466s] -- Up-to-date: /home/cagla/ros2_ws/install/my_robot_bringup/share/ament_index/resource_index/packages/my_robot_bringup
[0.466s] -- Up-to-date: /home/cagla/ros2_ws/install/my_robot_bringup/share/my_robot_bringup/cmake/my_robot_bringupConfig.cmake
[0.467s] -- Up-to-date: /home/cagla/ros2_ws/install/my_robot_bringup/share/my_robot_bringup/cmake/my_robot_bringupConfig-version.cmake
[0.467s] -- Up-to-date: /home/cagla/ros2_ws/install/my_robot_bringup/share/my_robot_bringup/package.xml
[0.471s] Invoked command in '/home/cagla/ros2_ws/build/my_robot_bringup' returned '0': CMAKE_PREFIX_PATH=/home/cagla/ros2_ws/install/my_robot_description:/home/cagla/ros2_ws/install/my_robot_bringup:/opt/ros/humble /usr/bin/cmake --install /home/cagla/ros2_ws/build/my_robot_bringup
