[0.096s] DEBUG:colcon:Command line arguments: ['/usr/bin/colcon', 'build']
[0.096s] DEBUG:colcon:Parsed command line arguments: Namespace(log_base=None, log_level=None, verb_name='build', build_base='build', install_base='install', merge_install=False, symlink_install=False, test_result_base=None, continue_on_error=False, executor='parallel', parallel_workers=12, event_handlers=None, ignore_user_meta=False, metas=['./colcon.meta'], base_paths=['.'], packages_ignore=None, packages_ignore_regex=None, paths=None, packages_up_to=None, packages_up_to_regex=None, packages_above=None, packages_above_and_dependencies=None, packages_above_depth=None, packages_select_by_dep=None, packages_skip_by_dep=None, packages_skip_up_to=None, packages_select_build_failed=False, packages_skip_build_finished=False, packages_select_test_failures=False, packages_skip_test_passed=False, packages_select=None, packages_skip=None, packages_select_regex=None, packages_skip_regex=None, packages_start=None, packages_end=None, allow_overriding=[], cmake_args=None, cmake_target=None, cmake_target_skip_unavailable=False, cmake_clean_cache=False, cmake_clean_first=False, cmake_force_configure=False, ament_cmake_args=None, catkin_cmake_args=None, catkin_skip_building_tests=False, mixin_files=None, mixin=None, verb_parser=<colcon_mixin.mixin.mixin_argument.MixinArgumentDecorator object at 0x79de2ef37400>, verb_extension=<colcon_core.verb.build.BuildVerb object at 0x79de2f0f1300>, main=<bound method BuildVerb.main of <colcon_core.verb.build.BuildVerb object at 0x79de2f0f1300>>, mixin_verb=('build',))
[0.266s] Level 1:colcon.colcon_core.package_discovery:discover_packages(colcon_meta) check parameters
[0.266s] Level 1:colcon.colcon_core.package_discovery:discover_packages(recursive) check parameters
[0.266s] Level 1:colcon.colcon_core.package_discovery:discover_packages(ignore) check parameters
[0.266s] Level 1:colcon.colcon_core.package_discovery:discover_packages(path) check parameters
[0.266s] Level 1:colcon.colcon_core.package_discovery:discover_packages(colcon_meta) discover
[0.266s] Level 1:colcon.colcon_core.package_discovery:discover_packages(recursive) discover
[0.266s] INFO:colcon.colcon_core.package_discovery:Crawling recursively for packages in '/home/reveha/reveha_ws'
[0.266s] Level 1:colcon.colcon_core.package_identification:_identify(.) by extensions ['ignore', 'ignore_ament_install']
[0.266s] Level 1:colcon.colcon_core.package_identification:_identify(.) by extension 'ignore'
[0.266s] Level 1:colcon.colcon_core.package_identification:_identify(.) by extension 'ignore_ament_install'
[0.266s] Level 1:colcon.colcon_core.package_identification:_identify(.) by extensions ['colcon_pkg']
[0.266s] Level 1:colcon.colcon_core.package_identification:_identify(.) by extension 'colcon_pkg'
[0.266s] Level 1:colcon.colcon_core.package_identification:_identify(.) by extensions ['colcon_meta']
[0.266s] Level 1:colcon.colcon_core.package_identification:_identify(.) by extension 'colcon_meta'
[0.266s] Level 1:colcon.colcon_core.package_identification:_identify(.) by extensions ['ros']
[0.267s] Level 1:colcon.colcon_core.package_identification:_identify(.) by extension 'ros'
[0.288s] Level 1:colcon.colcon_core.package_identification:_identify(.) by extensions ['cmake', 'python']
[0.288s] Level 1:colcon.colcon_core.package_identification:_identify(.) by extension 'cmake'
[0.288s] Level 1:colcon.colcon_core.package_identification:_identify(.) by extension 'python'
[0.288s] Level 1:colcon.colcon_core.package_identification:_identify(.) by extensions ['python_setup_py']
[0.288s] Level 1:colcon.colcon_core.package_identification:_identify(.) by extension 'python_setup_py'
[0.288s] Level 1:colcon.colcon_core.package_identification:_identify(build) by extensions ['ignore', 'ignore_ament_install']
[0.288s] Level 1:colcon.colcon_core.package_identification:_identify(build) by extension 'ignore'
[0.288s] Level 1:colcon.colcon_core.package_identification:_identify(build) ignored
[0.288s] Level 1:colcon.colcon_core.package_identification:_identify(install) by extensions ['ignore', 'ignore_ament_install']
[0.288s] Level 1:colcon.colcon_core.package_identification:_identify(install) by extension 'ignore'
[0.288s] Level 1:colcon.colcon_core.package_identification:_identify(install) ignored
[0.288s] Level 1:colcon.colcon_core.package_identification:_identify(log) by extensions ['ignore', 'ignore_ament_install']
[0.288s] Level 1:colcon.colcon_core.package_identification:_identify(log) by extension 'ignore'
[0.289s] Level 1:colcon.colcon_core.package_identification:_identify(log) ignored
[0.289s] Level 1:colcon.colcon_core.package_identification:_identify(src) by extensions ['ignore', 'ignore_ament_install']
[0.289s] Level 1:colcon.colcon_core.package_identification:_identify(src) by extension 'ignore'
[0.289s] Level 1:colcon.colcon_core.package_identification:_identify(src) by extension 'ignore_ament_install'
[0.289s] Level 1:colcon.colcon_core.package_identification:_identify(src) by extensions ['colcon_pkg']
[0.289s] Level 1:colcon.colcon_core.package_identification:_identify(src) by extension 'colcon_pkg'
[0.289s] Level 1:colcon.colcon_core.package_identification:_identify(src) by extensions ['colcon_meta']
[0.289s] Level 1:colcon.colcon_core.package_identification:_identify(src) by extension 'colcon_meta'
[0.289s] Level 1:colcon.colcon_core.package_identification:_identify(src) by extensions ['ros']
[0.289s] Level 1:colcon.colcon_core.package_identification:_identify(src) by extension 'ros'
[0.289s] Level 1:colcon.colcon_core.package_identification:_identify(src) by extensions ['cmake', 'python']
[0.289s] Level 1:colcon.colcon_core.package_identification:_identify(src) by extension 'cmake'
[0.289s] Level 1:colcon.colcon_core.package_identification:_identify(src) by extension 'python'
[0.289s] Level 1:colcon.colcon_core.package_identification:_identify(src) by extensions ['python_setup_py']
[0.289s] Level 1:colcon.colcon_core.package_identification:_identify(src) by extension 'python_setup_py'
[0.289s] Level 1:colcon.colcon_core.package_identification:_identify(src/articubot_one) by extensions ['ignore', 'ignore_ament_install']
[0.289s] Level 1:colcon.colcon_core.package_identification:_identify(src/articubot_one) by extension 'ignore'
[0.289s] Level 1:colcon.colcon_core.package_identification:_identify(src/articubot_one) by extension 'ignore_ament_install'
[0.289s] Level 1:colcon.colcon_core.package_identification:_identify(src/articubot_one) by extensions ['colcon_pkg']
[0.289s] Level 1:colcon.colcon_core.package_identification:_identify(src/articubot_one) by extension 'colcon_pkg'
[0.289s] Level 1:colcon.colcon_core.package_identification:_identify(src/articubot_one) by extensions ['colcon_meta']
[0.289s] Level 1:colcon.colcon_core.package_identification:_identify(src/articubot_one) by extension 'colcon_meta'
[0.290s] Level 1:colcon.colcon_core.package_identification:_identify(src/articubot_one) by extensions ['ros']
[0.290s] Level 1:colcon.colcon_core.package_identification:_identify(src/articubot_one) by extension 'ros'
[0.291s] DEBUG:colcon.colcon_core.package_identification:Package 'src/articubot_one' with type 'ros.ament_cmake' and name 'articubot_one'
[0.292s] Level 1:colcon.colcon_core.package_identification:_identify(src/ball_tracker) by extensions ['ignore', 'ignore_ament_install']
[0.292s] Level 1:colcon.colcon_core.package_identification:_identify(src/ball_tracker) by extension 'ignore'
[0.292s] Level 1:colcon.colcon_core.package_identification:_identify(src/ball_tracker) by extension 'ignore_ament_install'
[0.292s] Level 1:colcon.colcon_core.package_identification:_identify(src/ball_tracker) by extensions ['colcon_pkg']
[0.292s] Level 1:colcon.colcon_core.package_identification:_identify(src/ball_tracker) by extension 'colcon_pkg'
[0.292s] Level 1:colcon.colcon_core.package_identification:_identify(src/ball_tracker) by extensions ['colcon_meta']
[0.292s] Level 1:colcon.colcon_core.package_identification:_identify(src/ball_tracker) by extension 'colcon_meta'
[0.292s] Level 1:colcon.colcon_core.package_identification:_identify(src/ball_tracker) by extensions ['ros']
[0.292s] Level 1:colcon.colcon_core.package_identification:_identify(src/ball_tracker) by extension 'ros'
[0.293s] DEBUG:colcon.colcon_core.package_identification:Package 'src/ball_tracker' with type 'ros.ament_python' and name 'ball_tracker'
[0.293s] Level 1:colcon.colcon_core.package_identification:_identify(src/build) by extensions ['ignore', 'ignore_ament_install']
[0.293s] Level 1:colcon.colcon_core.package_identification:_identify(src/build) by extension 'ignore'
[0.293s] Level 1:colcon.colcon_core.package_identification:_identify(src/build) ignored
[0.293s] Level 1:colcon.colcon_core.package_identification:_identify(src/diffdrive_arduino) by extensions ['ignore', 'ignore_ament_install']
[0.293s] Level 1:colcon.colcon_core.package_identification:_identify(src/diffdrive_arduino) by extension 'ignore'
[0.293s] Level 1:colcon.colcon_core.package_identification:_identify(src/diffdrive_arduino) by extension 'ignore_ament_install'
[0.293s] Level 1:colcon.colcon_core.package_identification:_identify(src/diffdrive_arduino) by extensions ['colcon_pkg']
[0.293s] Level 1:colcon.colcon_core.package_identification:_identify(src/diffdrive_arduino) by extension 'colcon_pkg'
[0.293s] Level 1:colcon.colcon_core.package_identification:_identify(src/diffdrive_arduino) by extensions ['colcon_meta']
[0.293s] Level 1:colcon.colcon_core.package_identification:_identify(src/diffdrive_arduino) by extension 'colcon_meta'
[0.293s] Level 1:colcon.colcon_core.package_identification:_identify(src/diffdrive_arduino) by extensions ['ros']
[0.293s] Level 1:colcon.colcon_core.package_identification:_identify(src/diffdrive_arduino) by extension 'ros'
[0.294s] DEBUG:colcon.colcon_core.package_identification:Package 'src/diffdrive_arduino' with type 'ros.ament_cmake' and name 'diffdrive_arduino'
[0.294s] Level 1:colcon.colcon_core.package_identification:_identify(src/install) by extensions ['ignore', 'ignore_ament_install']
[0.294s] Level 1:colcon.colcon_core.package_identification:_identify(src/install) by extension 'ignore'
[0.294s] Level 1:colcon.colcon_core.package_identification:_identify(src/install) ignored
[0.294s] Level 1:colcon.colcon_core.package_identification:_identify(src/log) by extensions ['ignore', 'ignore_ament_install']
[0.295s] Level 1:colcon.colcon_core.package_identification:_identify(src/log) by extension 'ignore'
[0.295s] Level 1:colcon.colcon_core.package_identification:_identify(src/log) ignored
[0.295s] Level 1:colcon.colcon_core.package_identification:_identify(src/serial) by extensions ['ignore', 'ignore_ament_install']
[0.295s] Level 1:colcon.colcon_core.package_identification:_identify(src/serial) by extension 'ignore'
[0.295s] Level 1:colcon.colcon_core.package_identification:_identify(src/serial) by extension 'ignore_ament_install'
[0.295s] Level 1:colcon.colcon_core.package_identification:_identify(src/serial) by extensions ['colcon_pkg']
[0.295s] Level 1:colcon.colcon_core.package_identification:_identify(src/serial) by extension 'colcon_pkg'
[0.295s] Level 1:colcon.colcon_core.package_identification:_identify(src/serial) by extensions ['colcon_meta']
[0.295s] Level 1:colcon.colcon_core.package_identification:_identify(src/serial) by extension 'colcon_meta'
[0.295s] Level 1:colcon.colcon_core.package_identification:_identify(src/serial) by extensions ['ros']
[0.295s] Level 1:colcon.colcon_core.package_identification:_identify(src/serial) by extension 'ros'
[0.295s] DEBUG:colcon.colcon_core.package_identification:Package 'src/serial' with type 'ros.ament_cmake' and name 'serial'
[0.295s] Level 1:colcon.colcon_core.package_discovery:discover_packages(recursive) using defaults
[0.295s] Level 1:colcon.colcon_core.package_discovery:discover_packages(ignore) discover
[0.295s] Level 1:colcon.colcon_core.package_discovery:discover_packages(ignore) using defaults
[0.295s] Level 1:colcon.colcon_core.package_discovery:discover_packages(path) discover
[0.296s] Level 1:colcon.colcon_core.package_discovery:discover_packages(path) using defaults
[0.313s] Level 1:colcon.colcon_core.package_discovery:discover_packages(prefix_path) check parameters
[0.313s] Level 1:colcon.colcon_core.package_discovery:discover_packages(prefix_path) discover
[0.315s] DEBUG:colcon.colcon_installed_package_information.package_discovery:Found 4 installed packages in /home/reveha/reveha_ws/install
[0.316s] DEBUG:colcon.colcon_installed_package_information.package_discovery:Found 375 installed packages in /opt/ros/humble
[0.318s] Level 1:colcon.colcon_core.package_discovery:discover_packages(prefix_path) using defaults
[0.357s] Level 5:colcon.colcon_core.verb:set package 'articubot_one' build argument 'cmake_args' from command line to 'None'
[0.357s] Level 5:colcon.colcon_core.verb:set package 'articubot_one' build argument 'cmake_target' from command line to 'None'
[0.357s] Level 5:colcon.colcon_core.verb:set package 'articubot_one' build argument 'cmake_target_skip_unavailable' from command line to 'False'
[0.357s] Level 5:colcon.colcon_core.verb:set package 'articubot_one' build argument 'cmake_clean_cache' from command line to 'False'
[0.357s] Level 5:colcon.colcon_core.verb:set package 'articubot_one' build argument 'cmake_clean_first' from command line to 'False'
[0.357s] Level 5:colcon.colcon_core.verb:set package 'articubot_one' build argument 'cmake_force_configure' from command line to 'False'
[0.357s] Level 5:colcon.colcon_core.verb:set package 'articubot_one' build argument 'ament_cmake_args' from command line to 'None'
[0.357s] Level 5:colcon.colcon_core.verb:set package 'articubot_one' build argument 'catkin_cmake_args' from command line to 'None'
[0.357s] Level 5:colcon.colcon_core.verb:set package 'articubot_one' build argument 'catkin_skip_building_tests' from command line to 'False'
[0.357s] DEBUG:colcon.colcon_core.verb:Building package 'articubot_one' with the following arguments: {'ament_cmake_args': None, 'build_base': '/home/reveha/reveha_ws/build/articubot_one', 'catkin_cmake_args': None, 'catkin_skip_building_tests': False, 'cmake_args': None, 'cmake_clean_cache': False, 'cmake_clean_first': False, 'cmake_force_configure': False, 'cmake_target': None, 'cmake_target_skip_unavailable': False, 'install_base': '/home/reveha/reveha_ws/install/articubot_one', 'merge_install': False, 'path': '/home/reveha/reveha_ws/src/articubot_one', 'symlink_install': False, 'test_result_base': None}
[0.357s] Level 5:colcon.colcon_core.verb:set package 'ball_tracker' build argument 'cmake_args' from command line to 'None'
[0.357s] Level 5:colcon.colcon_core.verb:set package 'ball_tracker' build argument 'cmake_target' from command line to 'None'
[0.357s] Level 5:colcon.colcon_core.verb:set package 'ball_tracker' build argument 'cmake_target_skip_unavailable' from command line to 'False'
[0.357s] Level 5:colcon.colcon_core.verb:set package 'ball_tracker' build argument 'cmake_clean_cache' from command line to 'False'
[0.358s] Level 5:colcon.colcon_core.verb:set package 'ball_tracker' build argument 'cmake_clean_first' from command line to 'False'
[0.358s] Level 5:colcon.colcon_core.verb:set package 'ball_tracker' build argument 'cmake_force_configure' from command line to 'False'
[0.358s] Level 5:colcon.colcon_core.verb:set package 'ball_tracker' build argument 'ament_cmake_args' from command line to 'None'
[0.358s] Level 5:colcon.colcon_core.verb:set package 'ball_tracker' build argument 'catkin_cmake_args' from command line to 'None'
[0.358s] Level 5:colcon.colcon_core.verb:set package 'ball_tracker' build argument 'catkin_skip_building_tests' from command line to 'False'
[0.358s] DEBUG:colcon.colcon_core.verb:Building package 'ball_tracker' with the following arguments: {'ament_cmake_args': None, 'build_base': '/home/reveha/reveha_ws/build/ball_tracker', 'catkin_cmake_args': None, 'catkin_skip_building_tests': False, 'cmake_args': None, 'cmake_clean_cache': False, 'cmake_clean_first': False, 'cmake_force_configure': False, 'cmake_target': None, 'cmake_target_skip_unavailable': False, 'install_base': '/home/reveha/reveha_ws/install/ball_tracker', 'merge_install': False, 'path': '/home/reveha/reveha_ws/src/ball_tracker', 'symlink_install': False, 'test_result_base': None}
[0.358s] Level 5:colcon.colcon_core.verb:set package 'serial' build argument 'cmake_args' from command line to 'None'
[0.358s] Level 5:colcon.colcon_core.verb:set package 'serial' build argument 'cmake_target' from command line to 'None'
[0.358s] Level 5:colcon.colcon_core.verb:set package 'serial' build argument 'cmake_target_skip_unavailable' from command line to 'False'
[0.358s] Level 5:colcon.colcon_core.verb:set package 'serial' build argument 'cmake_clean_cache' from command line to 'False'
[0.358s] Level 5:colcon.colcon_core.verb:set package 'serial' build argument 'cmake_clean_first' from command line to 'False'
[0.358s] Level 5:colcon.colcon_core.verb:set package 'serial' build argument 'cmake_force_configure' from command line to 'False'
[0.358s] Level 5:colcon.colcon_core.verb:set package 'serial' build argument 'ament_cmake_args' from command line to 'None'
[0.358s] Level 5:colcon.colcon_core.verb:set package 'serial' build argument 'catkin_cmake_args' from command line to 'None'
[0.358s] Level 5:colcon.colcon_core.verb:set package 'serial' build argument 'catkin_skip_building_tests' from command line to 'False'
[0.358s] DEBUG:colcon.colcon_core.verb:Building package 'serial' with the following arguments: {'ament_cmake_args': None, 'build_base': '/home/reveha/reveha_ws/build/serial', 'catkin_cmake_args': None, 'catkin_skip_building_tests': False, 'cmake_args': None, 'cmake_clean_cache': False, 'cmake_clean_first': False, 'cmake_force_configure': False, 'cmake_target': None, 'cmake_target_skip_unavailable': False, 'install_base': '/home/reveha/reveha_ws/install/serial', 'merge_install': False, 'path': '/home/reveha/reveha_ws/src/serial', 'symlink_install': False, 'test_result_base': None}
[0.358s] Level 5:colcon.colcon_core.verb:set package 'diffdrive_arduino' build argument 'cmake_args' from command line to 'None'
[0.358s] Level 5:colcon.colcon_core.verb:set package 'diffdrive_arduino' build argument 'cmake_target' from command line to 'None'
[0.358s] Level 5:colcon.colcon_core.verb:set package 'diffdrive_arduino' build argument 'cmake_target_skip_unavailable' from command line to 'False'
[0.358s] Level 5:colcon.colcon_core.verb:set package 'diffdrive_arduino' build argument 'cmake_clean_cache' from command line to 'False'
[0.358s] Level 5:colcon.colcon_core.verb:set package 'diffdrive_arduino' build argument 'cmake_clean_first' from command line to 'False'
[0.359s] Level 5:colcon.colcon_core.verb:set package 'diffdrive_arduino' build argument 'cmake_force_configure' from command line to 'False'
[0.359s] Level 5:colcon.colcon_core.verb:set package 'diffdrive_arduino' build argument 'ament_cmake_args' from command line to 'None'
[0.359s] Level 5:colcon.colcon_core.verb:set package 'diffdrive_arduino' build argument 'catkin_cmake_args' from command line to 'None'
[0.359s] Level 5:colcon.colcon_core.verb:set package 'diffdrive_arduino' build argument 'catkin_skip_building_tests' from command line to 'False'
[0.359s] DEBUG:colcon.colcon_core.verb:Building package 'diffdrive_arduino' with the following arguments: {'ament_cmake_args': None, 'build_base': '/home/reveha/reveha_ws/build/diffdrive_arduino', 'catkin_cmake_args': None, 'catkin_skip_building_tests': False, 'cmake_args': None, 'cmake_clean_cache': False, 'cmake_clean_first': False, 'cmake_force_configure': False, 'cmake_target': None, 'cmake_target_skip_unavailable': False, 'install_base': '/home/reveha/reveha_ws/install/diffdrive_arduino', 'merge_install': False, 'path': '/home/reveha/reveha_ws/src/diffdrive_arduino', 'symlink_install': False, 'test_result_base': None}
[0.359s] INFO:colcon.colcon_core.executor:Executing jobs using 'parallel' executor
[0.360s] DEBUG:colcon.colcon_parallel_executor.executor.parallel:run_until_complete
[0.360s] INFO:colcon.colcon_ros.task.ament_cmake.build:Building ROS package in '/home/reveha/reveha_ws/src/serial' with build type 'ament_cmake'
[0.360s] INFO:colcon.colcon_cmake.task.cmake.build:Building CMake package in '/home/reveha/reveha_ws/src/serial'
[0.362s] INFO:colcon.colcon_core.plugin_system:Skipping extension 'colcon_core.shell.bat': Not used on non-Windows systems
[0.362s] INFO:colcon.colcon_core.shell:Skip shell extension 'powershell' for command environment: Not usable outside of PowerShell
[0.362s] DEBUG:colcon.colcon_core.shell:Skip shell extension 'dsv' for command environment
[0.366s] INFO:colcon.colcon_ros.task.ament_cmake.build:Building ROS package in '/home/reveha/reveha_ws/src/articubot_one' with build type 'ament_cmake'
[0.366s] INFO:colcon.colcon_cmake.task.cmake.build:Building CMake package in '/home/reveha/reveha_ws/src/articubot_one'
[0.367s] INFO:colcon.colcon_core.shell:Skip shell extension 'powershell' for command environment: Not usable outside of PowerShell
[0.367s] DEBUG:colcon.colcon_core.shell:Skip shell extension 'dsv' for command environment
[0.370s] INFO:colcon.colcon_ros.task.ament_python.build:Building ROS package in '/home/reveha/reveha_ws/src/ball_tracker' with build type 'ament_python'
[0.371s] Level 1:colcon.colcon_core.shell:create_environment_hook('ball_tracker', 'ament_prefix_path')
[0.371s] INFO:colcon.colcon_core.shell:Creating environment hook '/home/reveha/reveha_ws/install/ball_tracker/share/ball_tracker/hook/ament_prefix_path.ps1'
[0.372s] INFO:colcon.colcon_core.shell:Creating environment descriptor '/home/reveha/reveha_ws/install/ball_tracker/share/ball_tracker/hook/ament_prefix_path.dsv'
[0.372s] INFO:colcon.colcon_core.shell:Creating environment hook '/home/reveha/reveha_ws/install/ball_tracker/share/ball_tracker/hook/ament_prefix_path.sh'
[0.373s] INFO:colcon.colcon_core.shell:Skip shell extension 'powershell' for command environment: Not usable outside of PowerShell
[0.373s] DEBUG:colcon.colcon_core.shell:Skip shell extension 'dsv' for command environment
[0.383s] DEBUG:colcon.colcon_core.event_handler.log_command:Invoking command in '/home/reveha/reveha_ws/build/serial': CMAKE_PREFIX_PATH=${CMAKE_PREFIX_PATH}:/home/reveha/reveha_ws/install/ball_tracker:/opt/ros/humble /home/reveha/.local/bin/cmake --build /home/reveha/reveha_ws/build/serial -- -j12 -l12
[0.387s] DEBUG:colcon.colcon_core.event_handler.log_command:Invoking command in '/home/reveha/reveha_ws/build/articubot_one': CMAKE_PREFIX_PATH=${CMAKE_PREFIX_PATH}:/home/reveha/reveha_ws/install/ball_tracker:/opt/ros/humble /home/reveha/.local/bin/cmake --build /home/reveha/reveha_ws/build/articubot_one -- -j12 -l12
[0.636s] INFO:colcon.colcon_core.task.python.build:Building Python package in '/home/reveha/reveha_ws/src/ball_tracker'
[0.636s] INFO:colcon.colcon_core.shell:Skip shell extension 'powershell' for command environment: Not usable outside of PowerShell
[0.636s] DEBUG:colcon.colcon_core.shell:Skip shell extension 'dsv' for command environment
[0.641s] DEBUG:colcon.colcon_core.event_handler.log_command:Invoked command in '/home/reveha/reveha_ws/build/articubot_one' returned '0': CMAKE_PREFIX_PATH=${CMAKE_PREFIX_PATH}:/home/reveha/reveha_ws/install/ball_tracker:/opt/ros/humble /home/reveha/.local/bin/cmake --build /home/reveha/reveha_ws/build/articubot_one -- -j12 -l12
[0.643s] DEBUG:colcon.colcon_core.event_handler.log_command:Invoked command in '/home/reveha/reveha_ws/build/serial' returned '0': CMAKE_PREFIX_PATH=${CMAKE_PREFIX_PATH}:/home/reveha/reveha_ws/install/ball_tracker:/opt/ros/humble /home/reveha/.local/bin/cmake --build /home/reveha/reveha_ws/build/serial -- -j12 -l12
[0.823s] DEBUG:colcon.colcon_core.event_handler.log_command:Invoking command in '/home/reveha/reveha_ws/build/articubot_one': CMAKE_PREFIX_PATH=${CMAKE_PREFIX_PATH}:/home/reveha/reveha_ws/install/ball_tracker:/opt/ros/humble /home/reveha/.local/bin/cmake --install /home/reveha/reveha_ws/build/articubot_one
[0.827s] DEBUG:colcon.colcon_core.event_handler.log_command:Invoking command in '/home/reveha/reveha_ws/build/serial': CMAKE_PREFIX_PATH=${CMAKE_PREFIX_PATH}:/home/reveha/reveha_ws/install/ball_tracker:/opt/ros/humble /home/reveha/.local/bin/cmake --install /home/reveha/reveha_ws/build/serial
[0.922s] Level 1:colcon.colcon_core.environment:create_environment_scripts_only(serial)
[0.923s] DEBUG:colcon.colcon_core.event_handler.log_command:Invoked command in '/home/reveha/reveha_ws/build/serial' returned '0': CMAKE_PREFIX_PATH=${CMAKE_PREFIX_PATH}:/home/reveha/reveha_ws/install/ball_tracker:/opt/ros/humble /home/reveha/.local/bin/cmake --install /home/reveha/reveha_ws/build/serial
[0.926s] Level 1:colcon.colcon_core.environment:checking '/home/reveha/reveha_ws/install/serial' for CMake module files
[0.927s] Level 1:colcon.colcon_core.environment:checking '/home/reveha/reveha_ws/install/serial' for CMake config files
[0.928s] Level 1:colcon.colcon_core.shell:create_environment_hook('serial', 'cmake_prefix_path')
[0.928s] INFO:colcon.colcon_core.shell:Creating environment hook '/home/reveha/reveha_ws/install/serial/share/serial/hook/cmake_prefix_path.ps1'
[0.929s] INFO:colcon.colcon_core.shell:Creating environment descriptor '/home/reveha/reveha_ws/install/serial/share/serial/hook/cmake_prefix_path.dsv'
[0.929s] INFO:colcon.colcon_core.shell:Creating environment hook '/home/reveha/reveha_ws/install/serial/share/serial/hook/cmake_prefix_path.sh'
[0.930s] Level 1:colcon.colcon_core.environment:checking '/home/reveha/reveha_ws/install/serial/lib'
[0.931s] Level 1:colcon.colcon_core.environment:checking '/home/reveha/reveha_ws/install/serial/bin'
[0.931s] Level 1:colcon.colcon_core.environment:checking '/home/reveha/reveha_ws/install/serial/lib/pkgconfig/serial.pc'
[0.931s] Level 1:colcon.colcon_core.environment:checking '/home/reveha/reveha_ws/install/serial/lib/python3.10/site-packages'
[0.931s] Level 1:colcon.colcon_core.environment:checking '/home/reveha/reveha_ws/install/serial/bin'
[0.932s] INFO:colcon.colcon_core.shell:Creating package script '/home/reveha/reveha_ws/install/serial/share/serial/package.ps1'
[0.933s] INFO:colcon.colcon_core.shell:Creating package descriptor '/home/reveha/reveha_ws/install/serial/share/serial/package.dsv'
[0.934s] INFO:colcon.colcon_core.shell:Creating package script '/home/reveha/reveha_ws/install/serial/share/serial/package.sh'
[0.935s] INFO:colcon.colcon_core.shell:Creating package script '/home/reveha/reveha_ws/install/serial/share/serial/package.bash'
[0.936s] INFO:colcon.colcon_core.shell:Creating package script '/home/reveha/reveha_ws/install/serial/share/serial/package.zsh'
[0.937s] Level 1:colcon.colcon_core.environment:create_file_with_runtime_dependencies(/home/reveha/reveha_ws/install/serial/share/colcon-core/packages/serial)
[0.940s] Level 1:colcon.colcon_core.environment:create_environment_scripts_only(articubot_one)
[0.940s] Level 1:colcon.colcon_core.environment:checking '/home/reveha/reveha_ws/install/articubot_one' for CMake module files
[0.941s] DEBUG:colcon.colcon_core.event_handler.log_command:Invoked command in '/home/reveha/reveha_ws/build/articubot_one' returned '0': CMAKE_PREFIX_PATH=${CMAKE_PREFIX_PATH}:/home/reveha/reveha_ws/install/ball_tracker:/opt/ros/humble /home/reveha/.local/bin/cmake --install /home/reveha/reveha_ws/build/articubot_one
[0.942s] Level 1:colcon.colcon_core.environment:checking '/home/reveha/reveha_ws/install/articubot_one' for CMake config files
[0.942s] Level 1:colcon.colcon_core.shell:create_environment_hook('articubot_one', 'cmake_prefix_path')
[0.943s] INFO:colcon.colcon_core.shell:Creating environment hook '/home/reveha/reveha_ws/install/articubot_one/share/articubot_one/hook/cmake_prefix_path.ps1'
[0.943s] INFO:colcon.colcon_core.shell:Creating environment descriptor '/home/reveha/reveha_ws/install/articubot_one/share/articubot_one/hook/cmake_prefix_path.dsv'
[0.944s] INFO:colcon.colcon_core.shell:Creating environment hook '/home/reveha/reveha_ws/install/articubot_one/share/articubot_one/hook/cmake_prefix_path.sh'
[0.945s] Level 1:colcon.colcon_core.environment:checking '/home/reveha/reveha_ws/install/articubot_one/bin'
[0.945s] Level 1:colcon.colcon_core.environment:checking '/home/reveha/reveha_ws/install/articubot_one/lib/pkgconfig/articubot_one.pc'
[0.945s] Level 1:colcon.colcon_core.environment:checking '/home/reveha/reveha_ws/install/articubot_one/lib/python3.10/site-packages'
[0.945s] Level 1:colcon.colcon_core.environment:checking '/home/reveha/reveha_ws/install/articubot_one/bin'
[0.946s] INFO:colcon.colcon_core.shell:Creating package script '/home/reveha/reveha_ws/install/articubot_one/share/articubot_one/package.ps1'
[0.947s] INFO:colcon.colcon_core.shell:Creating package descriptor '/home/reveha/reveha_ws/install/articubot_one/share/articubot_one/package.dsv'
[0.947s] INFO:colcon.colcon_core.shell:Creating package script '/home/reveha/reveha_ws/install/articubot_one/share/articubot_one/package.sh'
[0.948s] INFO:colcon.colcon_core.shell:Creating package script '/home/reveha/reveha_ws/install/articubot_one/share/articubot_one/package.bash'
[0.949s] INFO:colcon.colcon_core.shell:Creating package script '/home/reveha/reveha_ws/install/articubot_one/share/articubot_one/package.zsh'
[0.949s] Level 1:colcon.colcon_core.environment:create_file_with_runtime_dependencies(/home/reveha/reveha_ws/install/articubot_one/share/colcon-core/packages/articubot_one)
[1.017s] DEBUG:colcon.colcon_core.event_handler.log_command:Invoking command in '/home/reveha/reveha_ws/src/ball_tracker': PYTHONPATH=/home/reveha/reveha_ws/build/ball_tracker/prefix_override:/home/reveha/reveha_ws/install/ball_tracker/lib/python3.10/site-packages:${PYTHONPATH} /usr/bin/python3 -W ignore:setup.py install is deprecated setup.py egg_info --egg-base ../../build/ball_tracker build --build-base /home/reveha/reveha_ws/build/ball_tracker/build install --record /home/reveha/reveha_ws/build/ball_tracker/install.log --install-scripts $base/lib/ball_tracker --single-version-externally-managed install_data
[1.054s] Level 1:colcon.colcon_core.environment:create_environment_scripts_only(articubot_one)
[1.054s] Level 1:colcon.colcon_core.environment:checking '/home/reveha/reveha_ws/install/articubot_one' for CMake module files
[1.055s] Level 1:colcon.colcon_core.environment:checking '/home/reveha/reveha_ws/install/articubot_one' for CMake config files
[1.056s] Level 1:colcon.colcon_core.shell:create_environment_hook('articubot_one', 'cmake_prefix_path')
[1.056s] INFO:colcon.colcon_core.shell:Creating environment hook '/home/reveha/reveha_ws/install/articubot_one/share/articubot_one/hook/cmake_prefix_path.ps1'
[1.057s] INFO:colcon.colcon_core.shell:Creating environment descriptor '/home/reveha/reveha_ws/install/articubot_one/share/articubot_one/hook/cmake_prefix_path.dsv'
[1.058s] INFO:colcon.colcon_core.shell:Creating environment hook '/home/reveha/reveha_ws/install/articubot_one/share/articubot_one/hook/cmake_prefix_path.sh'
[1.059s] Level 1:colcon.colcon_core.environment:checking '/home/reveha/reveha_ws/install/articubot_one/bin'
[1.060s] Level 1:colcon.colcon_core.environment:checking '/home/reveha/reveha_ws/install/articubot_one/lib/pkgconfig/articubot_one.pc'
[1.060s] Level 1:colcon.colcon_core.environment:checking '/home/reveha/reveha_ws/install/articubot_one/lib/python3.10/site-packages'
[1.060s] Level 1:colcon.colcon_core.environment:checking '/home/reveha/reveha_ws/install/articubot_one/bin'
[1.061s] INFO:colcon.colcon_core.shell:Creating package script '/home/reveha/reveha_ws/install/articubot_one/share/articubot_one/package.ps1'
[1.062s] INFO:colcon.colcon_core.shell:Creating package descriptor '/home/reveha/reveha_ws/install/articubot_one/share/articubot_one/package.dsv'
[1.063s] INFO:colcon.colcon_core.shell:Creating package script '/home/reveha/reveha_ws/install/articubot_one/share/articubot_one/package.sh'
[1.063s] INFO:colcon.colcon_core.shell:Creating package script '/home/reveha/reveha_ws/install/articubot_one/share/articubot_one/package.bash'
[1.063s] INFO:colcon.colcon_core.shell:Creating package script '/home/reveha/reveha_ws/install/articubot_one/share/articubot_one/package.zsh'
[1.064s] Level 1:colcon.colcon_core.environment:create_file_with_runtime_dependencies(/home/reveha/reveha_ws/install/articubot_one/share/colcon-core/packages/articubot_one)
[1.065s] Level 1:colcon.colcon_core.environment:create_environment_scripts_only(serial)
[1.065s] Level 1:colcon.colcon_core.environment:checking '/home/reveha/reveha_ws/install/serial' for CMake module files
[1.066s] Level 1:colcon.colcon_core.environment:checking '/home/reveha/reveha_ws/install/serial' for CMake config files
[1.067s] Level 1:colcon.colcon_core.shell:create_environment_hook('serial', 'cmake_prefix_path')
[1.067s] INFO:colcon.colcon_core.shell:Creating environment hook '/home/reveha/reveha_ws/install/serial/share/serial/hook/cmake_prefix_path.ps1'
[1.068s] INFO:colcon.colcon_core.shell:Creating environment descriptor '/home/reveha/reveha_ws/install/serial/share/serial/hook/cmake_prefix_path.dsv'
[1.069s] INFO:colcon.colcon_core.shell:Creating environment hook '/home/reveha/reveha_ws/install/serial/share/serial/hook/cmake_prefix_path.sh'
[1.070s] Level 1:colcon.colcon_core.environment:checking '/home/reveha/reveha_ws/install/serial/lib'
[1.070s] Level 1:colcon.colcon_core.environment:checking '/home/reveha/reveha_ws/install/serial/bin'
[1.070s] Level 1:colcon.colcon_core.environment:checking '/home/reveha/reveha_ws/install/serial/lib/pkgconfig/serial.pc'
[1.070s] Level 1:colcon.colcon_core.environment:checking '/home/reveha/reveha_ws/install/serial/lib/python3.10/site-packages'
[1.071s] Level 1:colcon.colcon_core.environment:checking '/home/reveha/reveha_ws/install/serial/bin'
[1.071s] INFO:colcon.colcon_core.shell:Creating package script '/home/reveha/reveha_ws/install/serial/share/serial/package.ps1'
[1.072s] INFO:colcon.colcon_core.shell:Creating package descriptor '/home/reveha/reveha_ws/install/serial/share/serial/package.dsv'
[1.073s] INFO:colcon.colcon_core.shell:Creating package script '/home/reveha/reveha_ws/install/serial/share/serial/package.sh'
[1.074s] INFO:colcon.colcon_core.shell:Creating package script '/home/reveha/reveha_ws/install/serial/share/serial/package.bash'
[1.075s] INFO:colcon.colcon_core.shell:Creating package script '/home/reveha/reveha_ws/install/serial/share/serial/package.zsh'
[1.076s] Level 1:colcon.colcon_core.environment:create_file_with_runtime_dependencies(/home/reveha/reveha_ws/install/serial/share/colcon-core/packages/serial)
[1.076s] INFO:colcon.colcon_ros.task.ament_cmake.build:Building ROS package in '/home/reveha/reveha_ws/src/diffdrive_arduino' with build type 'ament_cmake'
[1.077s] INFO:colcon.colcon_cmake.task.cmake.build:Building CMake package in '/home/reveha/reveha_ws/src/diffdrive_arduino'
[1.077s] INFO:colcon.colcon_core.shell:Skip shell extension 'powershell' for command environment: Not usable outside of PowerShell
[1.077s] DEBUG:colcon.colcon_core.shell:Skip shell extension 'dsv' for command environment
[1.098s] DEBUG:colcon.colcon_core.event_handler.log_command:Invoking command in '/home/reveha/reveha_ws/build/diffdrive_arduino': CMAKE_PREFIX_PATH=/home/reveha/reveha_ws/install/serial:/home/reveha/reveha_ws/install/diffdrive_arduino:/home/reveha/reveha_ws/install/articubot_one:/usr/local/share/YDLIDAR_SDK:/home/reveha/reveha_ws/install/ball_tracker:/opt/ros/humble /home/reveha/.local/bin/cmake --build /home/reveha/reveha_ws/build/diffdrive_arduino -- -j12 -l12
[1.230s] DEBUG:colcon.colcon_core.event_handler.log_command:Invoked command in '/home/reveha/reveha_ws/build/diffdrive_arduino' returned '0': CMAKE_PREFIX_PATH=/home/reveha/reveha_ws/install/serial:/home/reveha/reveha_ws/install/diffdrive_arduino:/home/reveha/reveha_ws/install/articubot_one:/usr/local/share/YDLIDAR_SDK:/home/reveha/reveha_ws/install/ball_tracker:/opt/ros/humble /home/reveha/.local/bin/cmake --build /home/reveha/reveha_ws/build/diffdrive_arduino -- -j12 -l12
[1.302s] Level 1:colcon.colcon_core.environment:checking '/home/reveha/reveha_ws/install/ball_tracker' for CMake module files
[1.303s] DEBUG:colcon.colcon_core.event_handler.log_command:Invoked command in '/home/reveha/reveha_ws/src/ball_tracker' returned '0': PYTHONPATH=/home/reveha/reveha_ws/build/ball_tracker/prefix_override:/home/reveha/reveha_ws/install/ball_tracker/lib/python3.10/site-packages:${PYTHONPATH} /usr/bin/python3 -W ignore:setup.py install is deprecated setup.py egg_info --egg-base ../../build/ball_tracker build --build-base /home/reveha/reveha_ws/build/ball_tracker/build install --record /home/reveha/reveha_ws/build/ball_tracker/install.log --install-scripts $base/lib/ball_tracker --single-version-externally-managed install_data
[1.303s] Level 1:colcon.colcon_core.environment:checking '/home/reveha/reveha_ws/install/ball_tracker' for CMake config files
[1.304s] Level 1:colcon.colcon_core.environment:checking '/home/reveha/reveha_ws/install/ball_tracker/lib'
[1.304s] Level 1:colcon.colcon_core.environment:checking '/home/reveha/reveha_ws/install/ball_tracker/bin'
[1.304s] Level 1:colcon.colcon_core.environment:checking '/home/reveha/reveha_ws/install/ball_tracker/lib/pkgconfig/ball_tracker.pc'
[1.304s] Level 1:colcon.colcon_core.environment:checking '/home/reveha/reveha_ws/install/ball_tracker/lib/python3.10/site-packages'
[1.305s] Level 1:colcon.colcon_core.shell:create_environment_hook('ball_tracker', 'pythonpath')
[1.305s] INFO:colcon.colcon_core.shell:Creating environment hook '/home/reveha/reveha_ws/install/ball_tracker/share/ball_tracker/hook/pythonpath.ps1'
[1.305s] INFO:colcon.colcon_core.shell:Creating environment descriptor '/home/reveha/reveha_ws/install/ball_tracker/share/ball_tracker/hook/pythonpath.dsv'
[1.305s] INFO:colcon.colcon_core.shell:Creating environment hook '/home/reveha/reveha_ws/install/ball_tracker/share/ball_tracker/hook/pythonpath.sh'
[1.306s] Level 1:colcon.colcon_core.environment:checking '/home/reveha/reveha_ws/install/ball_tracker/bin'
[1.306s] Level 1:colcon.colcon_core.environment:create_environment_scripts_only(ball_tracker)
[1.306s] INFO:colcon.colcon_core.shell:Creating package script '/home/reveha/reveha_ws/install/ball_tracker/share/ball_tracker/package.ps1'
[1.307s] INFO:colcon.colcon_core.shell:Creating package descriptor '/home/reveha/reveha_ws/install/ball_tracker/share/ball_tracker/package.dsv'
[1.307s] INFO:colcon.colcon_core.shell:Creating package script '/home/reveha/reveha_ws/install/ball_tracker/share/ball_tracker/package.sh'
[1.307s] INFO:colcon.colcon_core.shell:Creating package script '/home/reveha/reveha_ws/install/ball_tracker/share/ball_tracker/package.bash'
[1.308s] INFO:colcon.colcon_core.shell:Creating package script '/home/reveha/reveha_ws/install/ball_tracker/share/ball_tracker/package.zsh'
[1.308s] Level 1:colcon.colcon_core.environment:create_file_with_runtime_dependencies(/home/reveha/reveha_ws/install/ball_tracker/share/colcon-core/packages/ball_tracker)
[1.351s] DEBUG:colcon.colcon_core.event_handler.log_command:Invoking command in '/home/reveha/reveha_ws/build/diffdrive_arduino': CMAKE_PREFIX_PATH=/home/reveha/reveha_ws/install/serial:/home/reveha/reveha_ws/install/diffdrive_arduino:/home/reveha/reveha_ws/install/articubot_one:/usr/local/share/YDLIDAR_SDK:/home/reveha/reveha_ws/install/ball_tracker:/opt/ros/humble /home/reveha/.local/bin/cmake --install /home/reveha/reveha_ws/build/diffdrive_arduino
[1.477s] Level 1:colcon.colcon_core.environment:create_environment_scripts_only(diffdrive_arduino)
[1.477s] Level 1:colcon.colcon_core.environment:checking '/home/reveha/reveha_ws/install/diffdrive_arduino' for CMake module files
[1.478s] DEBUG:colcon.colcon_core.event_handler.log_command:Invoked command in '/home/reveha/reveha_ws/build/diffdrive_arduino' returned '0': CMAKE_PREFIX_PATH=/home/reveha/reveha_ws/install/serial:/home/reveha/reveha_ws/install/diffdrive_arduino:/home/reveha/reveha_ws/install/articubot_one:/usr/local/share/YDLIDAR_SDK:/home/reveha/reveha_ws/install/ball_tracker:/opt/ros/humble /home/reveha/.local/bin/cmake --install /home/reveha/reveha_ws/build/diffdrive_arduino
[1.478s] Level 1:colcon.colcon_core.environment:checking '/home/reveha/reveha_ws/install/diffdrive_arduino' for CMake config files
[1.478s] Level 1:colcon.colcon_core.shell:create_environment_hook('diffdrive_arduino', 'cmake_prefix_path')
[1.478s] INFO:colcon.colcon_core.shell:Creating environment hook '/home/reveha/reveha_ws/install/diffdrive_arduino/share/diffdrive_arduino/hook/cmake_prefix_path.ps1'
[1.479s] INFO:colcon.colcon_core.shell:Creating environment descriptor '/home/reveha/reveha_ws/install/diffdrive_arduino/share/diffdrive_arduino/hook/cmake_prefix_path.dsv'
[1.479s] INFO:colcon.colcon_core.shell:Creating environment hook '/home/reveha/reveha_ws/install/diffdrive_arduino/share/diffdrive_arduino/hook/cmake_prefix_path.sh'
[1.479s] Level 1:colcon.colcon_core.environment:checking '/home/reveha/reveha_ws/install/diffdrive_arduino/lib'
[1.480s] Level 1:colcon.colcon_core.shell:create_environment_hook('diffdrive_arduino', 'ld_library_path_lib')
[1.480s] INFO:colcon.colcon_core.shell:Creating environment hook '/home/reveha/reveha_ws/install/diffdrive_arduino/share/diffdrive_arduino/hook/ld_library_path_lib.ps1'
[1.480s] INFO:colcon.colcon_core.shell:Creating environment descriptor '/home/reveha/reveha_ws/install/diffdrive_arduino/share/diffdrive_arduino/hook/ld_library_path_lib.dsv'
[1.480s] INFO:colcon.colcon_core.shell:Creating environment hook '/home/reveha/reveha_ws/install/diffdrive_arduino/share/diffdrive_arduino/hook/ld_library_path_lib.sh'
[1.481s] Level 1:colcon.colcon_core.environment:checking '/home/reveha/reveha_ws/install/diffdrive_arduino/bin'
[1.481s] Level 1:colcon.colcon_core.environment:checking '/home/reveha/reveha_ws/install/diffdrive_arduino/lib/pkgconfig/diffdrive_arduino.pc'
[1.481s] Level 1:colcon.colcon_core.environment:checking '/home/reveha/reveha_ws/install/diffdrive_arduino/lib/python3.10/site-packages'
[1.481s] Level 1:colcon.colcon_core.environment:checking '/home/reveha/reveha_ws/install/diffdrive_arduino/bin'
[1.481s] INFO:colcon.colcon_core.shell:Creating package script '/home/reveha/reveha_ws/install/diffdrive_arduino/share/diffdrive_arduino/package.ps1'
[1.482s] INFO:colcon.colcon_core.shell:Creating package descriptor '/home/reveha/reveha_ws/install/diffdrive_arduino/share/diffdrive_arduino/package.dsv'
[1.482s] INFO:colcon.colcon_core.shell:Creating package script '/home/reveha/reveha_ws/install/diffdrive_arduino/share/diffdrive_arduino/package.sh'
[1.482s] INFO:colcon.colcon_core.shell:Creating package script '/home/reveha/reveha_ws/install/diffdrive_arduino/share/diffdrive_arduino/package.bash'
[1.483s] INFO:colcon.colcon_core.shell:Creating package script '/home/reveha/reveha_ws/install/diffdrive_arduino/share/diffdrive_arduino/package.zsh'
[1.483s] Level 1:colcon.colcon_core.environment:create_file_with_runtime_dependencies(/home/reveha/reveha_ws/install/diffdrive_arduino/share/colcon-core/packages/diffdrive_arduino)
[1.640s] Level 1:colcon.colcon_core.environment:create_environment_scripts_only(diffdrive_arduino)
[1.641s] Level 1:colcon.colcon_core.environment:checking '/home/reveha/reveha_ws/install/diffdrive_arduino' for CMake module files
[1.641s] Level 1:colcon.colcon_core.environment:checking '/home/reveha/reveha_ws/install/diffdrive_arduino' for CMake config files
[1.641s] Level 1:colcon.colcon_core.shell:create_environment_hook('diffdrive_arduino', 'cmake_prefix_path')
[1.641s] INFO:colcon.colcon_core.shell:Creating environment hook '/home/reveha/reveha_ws/install/diffdrive_arduino/share/diffdrive_arduino/hook/cmake_prefix_path.ps1'
[1.642s] INFO:colcon.colcon_core.shell:Creating environment descriptor '/home/reveha/reveha_ws/install/diffdrive_arduino/share/diffdrive_arduino/hook/cmake_prefix_path.dsv'
[1.642s] INFO:colcon.colcon_core.shell:Creating environment hook '/home/reveha/reveha_ws/install/diffdrive_arduino/share/diffdrive_arduino/hook/cmake_prefix_path.sh'
[1.642s] Level 1:colcon.colcon_core.environment:checking '/home/reveha/reveha_ws/install/diffdrive_arduino/lib'
[1.642s] Level 1:colcon.colcon_core.shell:create_environment_hook('diffdrive_arduino', 'ld_library_path_lib')
[1.643s] INFO:colcon.colcon_core.shell:Creating environment hook '/home/reveha/reveha_ws/install/diffdrive_arduino/share/diffdrive_arduino/hook/ld_library_path_lib.ps1'
[1.643s] INFO:colcon.colcon_core.shell:Creating environment descriptor '/home/reveha/reveha_ws/install/diffdrive_arduino/share/diffdrive_arduino/hook/ld_library_path_lib.dsv'
[1.643s] INFO:colcon.colcon_core.shell:Creating environment hook '/home/reveha/reveha_ws/install/diffdrive_arduino/share/diffdrive_arduino/hook/ld_library_path_lib.sh'
[1.643s] Level 1:colcon.colcon_core.environment:checking '/home/reveha/reveha_ws/install/diffdrive_arduino/bin'
[1.643s] Level 1:colcon.colcon_core.environment:checking '/home/reveha/reveha_ws/install/diffdrive_arduino/lib/pkgconfig/diffdrive_arduino.pc'
[1.644s] Level 1:colcon.colcon_core.environment:checking '/home/reveha/reveha_ws/install/diffdrive_arduino/lib/python3.10/site-packages'
[1.644s] Level 1:colcon.colcon_core.environment:checking '/home/reveha/reveha_ws/install/diffdrive_arduino/bin'
[1.644s] INFO:colcon.colcon_core.shell:Creating package script '/home/reveha/reveha_ws/install/diffdrive_arduino/share/diffdrive_arduino/package.ps1'
[1.644s] INFO:colcon.colcon_core.shell:Creating package descriptor '/home/reveha/reveha_ws/install/diffdrive_arduino/share/diffdrive_arduino/package.dsv'
[1.645s] INFO:colcon.colcon_core.shell:Creating package script '/home/reveha/reveha_ws/install/diffdrive_arduino/share/diffdrive_arduino/package.sh'
[1.645s] INFO:colcon.colcon_core.shell:Creating package script '/home/reveha/reveha_ws/install/diffdrive_arduino/share/diffdrive_arduino/package.bash'
[1.645s] INFO:colcon.colcon_core.shell:Creating package script '/home/reveha/reveha_ws/install/diffdrive_arduino/share/diffdrive_arduino/package.zsh'
[1.646s] Level 1:colcon.colcon_core.environment:create_file_with_runtime_dependencies(/home/reveha/reveha_ws/install/diffdrive_arduino/share/colcon-core/packages/diffdrive_arduino)
[1.646s] DEBUG:colcon.colcon_parallel_executor.executor.parallel:closing loop
[1.647s] DEBUG:colcon.colcon_parallel_executor.executor.parallel:loop closed
[1.647s] DEBUG:colcon.colcon_parallel_executor.executor.parallel:run_until_complete finished with '0'
[1.647s] DEBUG:colcon.colcon_core.event_reactor:joining thread
[1.656s] INFO:colcon.colcon_core.plugin_system:Skipping extension 'colcon_notification.desktop_notification.terminal_notifier': Not used on non-Darwin systems
[1.657s] INFO:colcon.colcon_core.plugin_system:Skipping extension 'colcon_notification.desktop_notification.win32': Not used on non-Windows systems
[1.657s] INFO:colcon.colcon_notification.desktop_notification:Sending desktop notification using 'notify2'
[1.674s] DEBUG:colcon.colcon_core.event_reactor:joined thread
[1.674s] INFO:colcon.colcon_core.shell:Creating prefix script '/home/reveha/reveha_ws/install/local_setup.ps1'
[1.676s] INFO:colcon.colcon_core.shell:Creating prefix util module '/home/reveha/reveha_ws/install/_local_setup_util_ps1.py'
[1.679s] INFO:colcon.colcon_core.shell:Creating prefix chain script '/home/reveha/reveha_ws/install/setup.ps1'
[1.681s] INFO:colcon.colcon_core.shell:Creating prefix script '/home/reveha/reveha_ws/install/local_setup.sh'
[1.682s] INFO:colcon.colcon_core.shell:Creating prefix util module '/home/reveha/reveha_ws/install/_local_setup_util_sh.py'
[1.683s] INFO:colcon.colcon_core.shell:Creating prefix chain script '/home/reveha/reveha_ws/install/setup.sh'
[1.685s] INFO:colcon.colcon_core.shell:Creating prefix script '/home/reveha/reveha_ws/install/local_setup.bash'
[1.686s] INFO:colcon.colcon_core.shell:Creating prefix chain script '/home/reveha/reveha_ws/install/setup.bash'
[1.689s] INFO:colcon.colcon_core.shell:Creating prefix script '/home/reveha/reveha_ws/install/local_setup.zsh'
[1.690s] INFO:colcon.colcon_core.shell:Creating prefix chain script '/home/reveha/reveha_ws/install/setup.zsh'
