[0.747s] Invoking command in '/home/reveha/reveha_ws/build/ball_tracker': PYTHONPATH=/home/reveha/reveha_ws/build/ball_tracker/prefix_override:/home/reveha/reveha_ws/install/ball_tracker/lib/python3.10/site-packages:${PYTHONPATH} /usr/bin/python3 -W ignore:setup.py install is deprecated setup.py develop --editable --build-directory /home/reveha/reveha_ws/build/ball_tracker/build --no-deps symlink_data --force
[0.972s] /usr/lib/python3/dist-packages/setuptools/dist.py:723: UserWarning: Usage of dash-separated 'script-dir' will not be supported in future versions. Please use the underscore name 'script_dir' instead
[0.972s]   warnings.warn(
[1.018s] running develop
[1.018s] /usr/lib/python3/dist-packages/setuptools/command/easy_install.py:158: EasyInstallDeprecationWarning: easy_install command is deprecated. Use build and pip and other standards-based tools.
[1.018s]   warnings.warn(
[1.206s] running egg_info
[1.206s] writing ball_tracker.egg-info/PKG-INFO
[1.207s] writing dependency_links to ball_tracker.egg-info/dependency_links.txt
[1.207s] writing entry points to ball_tracker.egg-info/entry_points.txt
[1.207s] writing requirements to ball_tracker.egg-info/requires.txt
[1.207s] writing top-level names to ball_tracker.egg-info/top_level.txt
[1.209s] reading manifest file 'ball_tracker.egg-info/SOURCES.txt'
[1.210s] writing manifest file 'ball_tracker.egg-info/SOURCES.txt'
[1.212s] running build_ext
[1.212s] Creating /home/reveha/reveha_ws/install/ball_tracker/lib/python3.10/site-packages/ball-tracker.egg-link (link to .)
[1.213s] Installing detect_ball script to /home/reveha/reveha_ws/install/ball_tracker/lib/ball_tracker
[1.214s] Installing detect_ball_3d script to /home/reveha/reveha_ws/install/ball_tracker/lib/ball_tracker
[1.214s] Installing follow_ball script to /home/reveha/reveha_ws/install/ball_tracker/lib/ball_tracker
[1.215s] 
[1.215s] Installed /home/reveha/reveha_ws/build/ball_tracker
[1.215s] running symlink_data
[1.215s] symbolically linking /home/reveha/reveha_ws/build/ball_tracker/resource/ball_tracker -> /home/reveha/reveha_ws/install/ball_tracker/share/ament_index/resource_index/packages
[1.216s] symbolically linking /home/reveha/reveha_ws/build/ball_tracker/package.xml -> /home/reveha/reveha_ws/install/ball_tracker/share/ball_tracker
[1.216s] symbolically linking /home/reveha/reveha_ws/build/ball_tracker/launch/ball_tracker.launch.py -> /home/reveha/reveha_ws/install/ball_tracker/share/ball_tracker/launch
[1.216s] symbolically linking /home/reveha/reveha_ws/build/ball_tracker/launch/example_launch_include.launch.py -> /home/reveha/reveha_ws/install/ball_tracker/share/ball_tracker/launch
[1.217s] symbolically linking /home/reveha/reveha_ws/build/ball_tracker/config/ball_tracker_params_example.yaml -> /home/reveha/reveha_ws/install/ball_tracker/share/ball_tracker/config
[1.260s] Invoked command in '/home/reveha/reveha_ws/build/ball_tracker' returned '0': PYTHONPATH=/home/reveha/reveha_ws/build/ball_tracker/prefix_override:/home/reveha/reveha_ws/install/ball_tracker/lib/python3.10/site-packages:${PYTHONPATH} /usr/bin/python3 -W ignore:setup.py install is deprecated setup.py develop --editable --build-directory /home/reveha/reveha_ws/build/ball_tracker/build --no-deps symlink_data --force
