[0.094s] DEBUG:colcon:Command line arguments: ['/usr/bin/colcon', 'build']
[0.094s] DEBUG:colcon:Parsed command line arguments: Namespace(log_base=None, log_level=None, verb_name='build', build_base='build', install_base='install', merge_install=False, symlink_install=False, test_result_base=None, continue_on_error=False, executor='parallel', parallel_workers=12, event_handlers=None, ignore_user_meta=False, metas=['./colcon.meta'], base_paths=['.'], packages_ignore=None, packages_ignore_regex=None, paths=None, packages_up_to=None, packages_up_to_regex=None, packages_above=None, packages_above_and_dependencies=None, packages_above_depth=None, packages_select_by_dep=None, packages_skip_by_dep=None, packages_skip_up_to=None, packages_select_build_failed=False, packages_skip_build_finished=False, packages_select_test_failures=False, packages_skip_test_passed=False, packages_select=None, packages_skip=None, packages_select_regex=None, packages_skip_regex=None, packages_start=None, packages_end=None, allow_overriding=[], cmake_args=None, cmake_target=None, cmake_target_skip_unavailable=False, cmake_clean_cache=False, cmake_clean_first=False, cmake_force_configure=False, ament_cmake_args=None, catkin_cmake_args=None, catkin_skip_building_tests=False, mixin_files=None, mixin=None, verb_parser=<colcon_mixin.mixin.mixin_argument.MixinArgumentDecorator object at 0x72c8dcf27400>, verb_extension=<colcon_core.verb.build.BuildVerb object at 0x72c8dd0e1300>, main=<bound method BuildVerb.main of <colcon_core.verb.build.BuildVerb object at 0x72c8dd0e1300>>, mixin_verb=('build',))
[0.261s] Level 1:colcon.colcon_core.package_discovery:discover_packages(colcon_meta) check parameters
[0.261s] Level 1:colcon.colcon_core.package_discovery:discover_packages(recursive) check parameters
[0.261s] Level 1:colcon.colcon_core.package_discovery:discover_packages(ignore) check parameters
[0.261s] Level 1:colcon.colcon_core.package_discovery:discover_packages(path) check parameters
[0.261s] Level 1:colcon.colcon_core.package_discovery:discover_packages(colcon_meta) discover
[0.261s] Level 1:colcon.colcon_core.package_discovery:discover_packages(recursive) discover
[0.261s] INFO:colcon.colcon_core.package_discovery:Crawling recursively for packages in '/home/reveha/reveha_ws'
[0.261s] Level 1:colcon.colcon_core.package_identification:_identify(.) by extensions ['ignore', 'ignore_ament_install']
[0.261s] Level 1:colcon.colcon_core.package_identification:_identify(.) by extension 'ignore'
[0.261s] Level 1:colcon.colcon_core.package_identification:_identify(.) by extension 'ignore_ament_install'
[0.261s] Level 1:colcon.colcon_core.package_identification:_identify(.) by extensions ['colcon_pkg']
[0.261s] Level 1:colcon.colcon_core.package_identification:_identify(.) by extension 'colcon_pkg'
[0.262s] Level 1:colcon.colcon_core.package_identification:_identify(.) by extensions ['colcon_meta']
[0.262s] Level 1:colcon.colcon_core.package_identification:_identify(.) by extension 'colcon_meta'
[0.262s] Level 1:colcon.colcon_core.package_identification:_identify(.) by extensions ['ros']
[0.262s] Level 1:colcon.colcon_core.package_identification:_identify(.) by extension 'ros'
[0.281s] Level 1:colcon.colcon_core.package_identification:_identify(.) by extensions ['cmake', 'python']
[0.281s] Level 1:colcon.colcon_core.package_identification:_identify(.) by extension 'cmake'
[0.281s] Level 1:colcon.colcon_core.package_identification:_identify(.) by extension 'python'
[0.282s] Level 1:colcon.colcon_core.package_identification:_identify(.) by extensions ['python_setup_py']
[0.282s] Level 1:colcon.colcon_core.package_identification:_identify(.) by extension 'python_setup_py'
[0.282s] Level 1:colcon.colcon_core.package_identification:_identify(build) by extensions ['ignore', 'ignore_ament_install']
[0.282s] Level 1:colcon.colcon_core.package_identification:_identify(build) by extension 'ignore'
[0.282s] Level 1:colcon.colcon_core.package_identification:_identify(build) ignored
[0.282s] Level 1:colcon.colcon_core.package_identification:_identify(install) by extensions ['ignore', 'ignore_ament_install']
[0.282s] Level 1:colcon.colcon_core.package_identification:_identify(install) by extension 'ignore'
[0.282s] Level 1:colcon.colcon_core.package_identification:_identify(install) ignored
[0.282s] Level 1:colcon.colcon_core.package_identification:_identify(log) by extensions ['ignore', 'ignore_ament_install']
[0.282s] Level 1:colcon.colcon_core.package_identification:_identify(log) by extension 'ignore'
[0.282s] Level 1:colcon.colcon_core.package_identification:_identify(log) ignored
[0.282s] Level 1:colcon.colcon_core.package_identification:_identify(src) by extensions ['ignore', 'ignore_ament_install']
[0.282s] Level 1:colcon.colcon_core.package_identification:_identify(src) by extension 'ignore'
[0.282s] Level 1:colcon.colcon_core.package_identification:_identify(src) by extension 'ignore_ament_install'
[0.282s] Level 1:colcon.colcon_core.package_identification:_identify(src) by extensions ['colcon_pkg']
[0.282s] Level 1:colcon.colcon_core.package_identification:_identify(src) by extension 'colcon_pkg'
[0.283s] Level 1:colcon.colcon_core.package_identification:_identify(src) by extensions ['colcon_meta']
[0.283s] Level 1:colcon.colcon_core.package_identification:_identify(src) by extension 'colcon_meta'
[0.283s] Level 1:colcon.colcon_core.package_identification:_identify(src) by extensions ['ros']
[0.283s] Level 1:colcon.colcon_core.package_identification:_identify(src) by extension 'ros'
[0.283s] Level 1:colcon.colcon_core.package_identification:_identify(src) by extensions ['cmake', 'python']
[0.283s] Level 1:colcon.colcon_core.package_identification:_identify(src) by extension 'cmake'
[0.283s] Level 1:colcon.colcon_core.package_identification:_identify(src) by extension 'python'
[0.283s] Level 1:colcon.colcon_core.package_identification:_identify(src) by extensions ['python_setup_py']
[0.283s] Level 1:colcon.colcon_core.package_identification:_identify(src) by extension 'python_setup_py'
[0.283s] Level 1:colcon.colcon_core.package_identification:_identify(src/articubot_one) by extensions ['ignore', 'ignore_ament_install']
[0.283s] Level 1:colcon.colcon_core.package_identification:_identify(src/articubot_one) by extension 'ignore'
[0.283s] Level 1:colcon.colcon_core.package_identification:_identify(src/articubot_one) by extension 'ignore_ament_install'
[0.283s] Level 1:colcon.colcon_core.package_identification:_identify(src/articubot_one) by extensions ['colcon_pkg']
[0.283s] Level 1:colcon.colcon_core.package_identification:_identify(src/articubot_one) by extension 'colcon_pkg'
[0.283s] Level 1:colcon.colcon_core.package_identification:_identify(src/articubot_one) by extensions ['colcon_meta']
[0.283s] Level 1:colcon.colcon_core.package_identification:_identify(src/articubot_one) by extension 'colcon_meta'
[0.283s] Level 1:colcon.colcon_core.package_identification:_identify(src/articubot_one) by extensions ['ros']
[0.283s] Level 1:colcon.colcon_core.package_identification:_identify(src/articubot_one) by extension 'ros'
[0.285s] DEBUG:colcon.colcon_core.package_identification:Package 'src/articubot_one' with type 'ros.ament_cmake' and name 'articubot_one'
[0.285s] Level 1:colcon.colcon_core.package_identification:_identify(src/ball_tracker) by extensions ['ignore', 'ignore_ament_install']
[0.285s] Level 1:colcon.colcon_core.package_identification:_identify(src/ball_tracker) by extension 'ignore'
[0.285s] Level 1:colcon.colcon_core.package_identification:_identify(src/ball_tracker) by extension 'ignore_ament_install'
[0.285s] Level 1:colcon.colcon_core.package_identification:_identify(src/ball_tracker) by extensions ['colcon_pkg']
[0.285s] Level 1:colcon.colcon_core.package_identification:_identify(src/ball_tracker) by extension 'colcon_pkg'
[0.285s] Level 1:colcon.colcon_core.package_identification:_identify(src/ball_tracker) by extensions ['colcon_meta']
[0.285s] Level 1:colcon.colcon_core.package_identification:_identify(src/ball_tracker) by extension 'colcon_meta'
[0.285s] Level 1:colcon.colcon_core.package_identification:_identify(src/ball_tracker) by extensions ['ros']
[0.285s] Level 1:colcon.colcon_core.package_identification:_identify(src/ball_tracker) by extension 'ros'
[0.286s] DEBUG:colcon.colcon_core.package_identification:Package 'src/ball_tracker' with type 'ros.ament_python' and name 'ball_tracker'
[0.286s] Level 1:colcon.colcon_core.package_identification:_identify(src/build) by extensions ['ignore', 'ignore_ament_install']
[0.287s] Level 1:colcon.colcon_core.package_identification:_identify(src/build) by extension 'ignore'
[0.287s] Level 1:colcon.colcon_core.package_identification:_identify(src/build) ignored
[0.287s] Level 1:colcon.colcon_core.package_identification:_identify(src/diffdrive_arduino) by extensions ['ignore', 'ignore_ament_install']
[0.287s] Level 1:colcon.colcon_core.package_identification:_identify(src/diffdrive_arduino) by extension 'ignore'
[0.287s] Level 1:colcon.colcon_core.package_identification:_identify(src/diffdrive_arduino) by extension 'ignore_ament_install'
[0.287s] Level 1:colcon.colcon_core.package_identification:_identify(src/diffdrive_arduino) by extensions ['colcon_pkg']
[0.287s] Level 1:colcon.colcon_core.package_identification:_identify(src/diffdrive_arduino) by extension 'colcon_pkg'
[0.287s] Level 1:colcon.colcon_core.package_identification:_identify(src/diffdrive_arduino) by extensions ['colcon_meta']
[0.287s] Level 1:colcon.colcon_core.package_identification:_identify(src/diffdrive_arduino) by extension 'colcon_meta'
[0.287s] Level 1:colcon.colcon_core.package_identification:_identify(src/diffdrive_arduino) by extensions ['ros']
[0.287s] Level 1:colcon.colcon_core.package_identification:_identify(src/diffdrive_arduino) by extension 'ros'
[0.288s] DEBUG:colcon.colcon_core.package_identification:Package 'src/diffdrive_arduino' with type 'ros.ament_cmake' and name 'diffdrive_arduino'
[0.288s] Level 1:colcon.colcon_core.package_identification:_identify(src/install) by extensions ['ignore', 'ignore_ament_install']
[0.288s] Level 1:colcon.colcon_core.package_identification:_identify(src/install) by extension 'ignore'
[0.288s] Level 1:colcon.colcon_core.package_identification:_identify(src/install) ignored
[0.288s] Level 1:colcon.colcon_core.package_identification:_identify(src/log) by extensions ['ignore', 'ignore_ament_install']
[0.288s] Level 1:colcon.colcon_core.package_identification:_identify(src/log) by extension 'ignore'
[0.288s] Level 1:colcon.colcon_core.package_identification:_identify(src/log) ignored
[0.288s] Level 1:colcon.colcon_core.package_identification:_identify(src/serial) by extensions ['ignore', 'ignore_ament_install']
[0.288s] Level 1:colcon.colcon_core.package_identification:_identify(src/serial) by extension 'ignore'
[0.288s] Level 1:colcon.colcon_core.package_identification:_identify(src/serial) by extension 'ignore_ament_install'
[0.288s] Level 1:colcon.colcon_core.package_identification:_identify(src/serial) by extensions ['colcon_pkg']
[0.288s] Level 1:colcon.colcon_core.package_identification:_identify(src/serial) by extension 'colcon_pkg'
[0.288s] Level 1:colcon.colcon_core.package_identification:_identify(src/serial) by extensions ['colcon_meta']
[0.288s] Level 1:colcon.colcon_core.package_identification:_identify(src/serial) by extension 'colcon_meta'
[0.288s] Level 1:colcon.colcon_core.package_identification:_identify(src/serial) by extensions ['ros']
[0.288s] Level 1:colcon.colcon_core.package_identification:_identify(src/serial) by extension 'ros'
[0.289s] DEBUG:colcon.colcon_core.package_identification:Package 'src/serial' with type 'ros.ament_cmake' and name 'serial'
[0.289s] Level 1:colcon.colcon_core.package_discovery:discover_packages(recursive) using defaults
[0.289s] Level 1:colcon.colcon_core.package_discovery:discover_packages(ignore) discover
[0.289s] Level 1:colcon.colcon_core.package_discovery:discover_packages(ignore) using defaults
[0.289s] Level 1:colcon.colcon_core.package_discovery:discover_packages(path) discover
[0.289s] Level 1:colcon.colcon_core.package_discovery:discover_packages(path) using defaults
[0.306s] Level 1:colcon.colcon_core.package_discovery:discover_packages(prefix_path) check parameters
[0.306s] Level 1:colcon.colcon_core.package_discovery:discover_packages(prefix_path) discover
[0.308s] DEBUG:colcon.colcon_installed_package_information.package_discovery:Found 4 installed packages in /home/reveha/reveha_ws/install
[0.309s] DEBUG:colcon.colcon_installed_package_information.package_discovery:Found 375 installed packages in /opt/ros/humble
[0.311s] Level 1:colcon.colcon_core.package_discovery:discover_packages(prefix_path) using defaults
[0.350s] Level 5:colcon.colcon_core.verb:set package 'articubot_one' build argument 'cmake_args' from command line to 'None'
[0.350s] Level 5:colcon.colcon_core.verb:set package 'articubot_one' build argument 'cmake_target' from command line to 'None'
[0.350s] Level 5:colcon.colcon_core.verb:set package 'articubot_one' build argument 'cmake_target_skip_unavailable' from command line to 'False'
[0.350s] Level 5:colcon.colcon_core.verb:set package 'articubot_one' build argument 'cmake_clean_cache' from command line to 'False'
[0.350s] Level 5:colcon.colcon_core.verb:set package 'articubot_one' build argument 'cmake_clean_first' from command line to 'False'
[0.350s] Level 5:colcon.colcon_core.verb:set package 'articubot_one' build argument 'cmake_force_configure' from command line to 'False'
[0.350s] Level 5:colcon.colcon_core.verb:set package 'articubot_one' build argument 'ament_cmake_args' from command line to 'None'
[0.350s] Level 5:colcon.colcon_core.verb:set package 'articubot_one' build argument 'catkin_cmake_args' from command line to 'None'
[0.350s] Level 5:colcon.colcon_core.verb:set package 'articubot_one' build argument 'catkin_skip_building_tests' from command line to 'False'
[0.350s] DEBUG:colcon.colcon_core.verb:Building package 'articubot_one' with the following arguments: {'ament_cmake_args': None, 'build_base': '/home/reveha/reveha_ws/build/articubot_one', 'catkin_cmake_args': None, 'catkin_skip_building_tests': False, 'cmake_args': None, 'cmake_clean_cache': False, 'cmake_clean_first': False, 'cmake_force_configure': False, 'cmake_target': None, 'cmake_target_skip_unavailable': False, 'install_base': '/home/reveha/reveha_ws/install/articubot_one', 'merge_install': False, 'path': '/home/reveha/reveha_ws/src/articubot_one', 'symlink_install': False, 'test_result_base': None}
[0.350s] Level 5:colcon.colcon_core.verb:set package 'ball_tracker' build argument 'cmake_args' from command line to 'None'
[0.350s] Level 5:colcon.colcon_core.verb:set package 'ball_tracker' build argument 'cmake_target' from command line to 'None'
[0.350s] Level 5:colcon.colcon_core.verb:set package 'ball_tracker' build argument 'cmake_target_skip_unavailable' from command line to 'False'
[0.350s] Level 5:colcon.colcon_core.verb:set package 'ball_tracker' build argument 'cmake_clean_cache' from command line to 'False'
[0.350s] Level 5:colcon.colcon_core.verb:set package 'ball_tracker' build argument 'cmake_clean_first' from command line to 'False'
[0.350s] Level 5:colcon.colcon_core.verb:set package 'ball_tracker' build argument 'cmake_force_configure' from command line to 'False'
[0.350s] Level 5:colcon.colcon_core.verb:set package 'ball_tracker' build argument 'ament_cmake_args' from command line to 'None'
[0.350s] Level 5:colcon.colcon_core.verb:set package 'ball_tracker' build argument 'catkin_cmake_args' from command line to 'None'
[0.350s] Level 5:colcon.colcon_core.verb:set package 'ball_tracker' build argument 'catkin_skip_building_tests' from command line to 'False'
[0.350s] DEBUG:colcon.colcon_core.verb:Building package 'ball_tracker' with the following arguments: {'ament_cmake_args': None, 'build_base': '/home/reveha/reveha_ws/build/ball_tracker', 'catkin_cmake_args': None, 'catkin_skip_building_tests': False, 'cmake_args': None, 'cmake_clean_cache': False, 'cmake_clean_first': False, 'cmake_force_configure': False, 'cmake_target': None, 'cmake_target_skip_unavailable': False, 'install_base': '/home/reveha/reveha_ws/install/ball_tracker', 'merge_install': False, 'path': '/home/reveha/reveha_ws/src/ball_tracker', 'symlink_install': False, 'test_result_base': None}
[0.351s] Level 5:colcon.colcon_core.verb:set package 'serial' build argument 'cmake_args' from command line to 'None'
[0.351s] Level 5:colcon.colcon_core.verb:set package 'serial' build argument 'cmake_target' from command line to 'None'
[0.351s] Level 5:colcon.colcon_core.verb:set package 'serial' build argument 'cmake_target_skip_unavailable' from command line to 'False'
[0.351s] Level 5:colcon.colcon_core.verb:set package 'serial' build argument 'cmake_clean_cache' from command line to 'False'
[0.351s] Level 5:colcon.colcon_core.verb:set package 'serial' build argument 'cmake_clean_first' from command line to 'False'
[0.351s] Level 5:colcon.colcon_core.verb:set package 'serial' build argument 'cmake_force_configure' from command line to 'False'
[0.351s] Level 5:colcon.colcon_core.verb:set package 'serial' build argument 'ament_cmake_args' from command line to 'None'
[0.351s] Level 5:colcon.colcon_core.verb:set package 'serial' build argument 'catkin_cmake_args' from command line to 'None'
[0.351s] Level 5:colcon.colcon_core.verb:set package 'serial' build argument 'catkin_skip_building_tests' from command line to 'False'
[0.351s] DEBUG:colcon.colcon_core.verb:Building package 'serial' with the following arguments: {'ament_cmake_args': None, 'build_base': '/home/reveha/reveha_ws/build/serial', 'catkin_cmake_args': None, 'catkin_skip_building_tests': False, 'cmake_args': None, 'cmake_clean_cache': False, 'cmake_clean_first': False, 'cmake_force_configure': False, 'cmake_target': None, 'cmake_target_skip_unavailable': False, 'install_base': '/home/reveha/reveha_ws/install/serial', 'merge_install': False, 'path': '/home/reveha/reveha_ws/src/serial', 'symlink_install': False, 'test_result_base': None}
[0.351s] Level 5:colcon.colcon_core.verb:set package 'diffdrive_arduino' build argument 'cmake_args' from command line to 'None'
[0.351s] Level 5:colcon.colcon_core.verb:set package 'diffdrive_arduino' build argument 'cmake_target' from command line to 'None'
[0.351s] Level 5:colcon.colcon_core.verb:set package 'diffdrive_arduino' build argument 'cmake_target_skip_unavailable' from command line to 'False'
[0.351s] Level 5:colcon.colcon_core.verb:set package 'diffdrive_arduino' build argument 'cmake_clean_cache' from command line to 'False'
[0.351s] Level 5:colcon.colcon_core.verb:set package 'diffdrive_arduino' build argument 'cmake_clean_first' from command line to 'False'
[0.351s] Level 5:colcon.colcon_core.verb:set package 'diffdrive_arduino' build argument 'cmake_force_configure' from command line to 'False'
[0.351s] Level 5:colcon.colcon_core.verb:set package 'diffdrive_arduino' build argument 'ament_cmake_args' from command line to 'None'
[0.351s] Level 5:colcon.colcon_core.verb:set package 'diffdrive_arduino' build argument 'catkin_cmake_args' from command line to 'None'
[0.351s] Level 5:colcon.colcon_core.verb:set package 'diffdrive_arduino' build argument 'catkin_skip_building_tests' from command line to 'False'
[0.351s] DEBUG:colcon.colcon_core.verb:Building package 'diffdrive_arduino' with the following arguments: {'ament_cmake_args': None, 'build_base': '/home/reveha/reveha_ws/build/diffdrive_arduino', 'catkin_cmake_args': None, 'catkin_skip_building_tests': False, 'cmake_args': None, 'cmake_clean_cache': False, 'cmake_clean_first': False, 'cmake_force_configure': False, 'cmake_target': None, 'cmake_target_skip_unavailable': False, 'install_base': '/home/reveha/reveha_ws/install/diffdrive_arduino', 'merge_install': False, 'path': '/home/reveha/reveha_ws/src/diffdrive_arduino', 'symlink_install': False, 'test_result_base': None}
[0.351s] INFO:colcon.colcon_core.executor:Executing jobs using 'parallel' executor
[0.352s] DEBUG:colcon.colcon_parallel_executor.executor.parallel:run_until_complete
[0.353s] INFO:colcon.colcon_ros.task.ament_cmake.build:Building ROS package in '/home/reveha/reveha_ws/src/serial' with build type 'ament_cmake'
[0.353s] INFO:colcon.colcon_cmake.task.cmake.build:Building CMake package in '/home/reveha/reveha_ws/src/serial'
[0.355s] INFO:colcon.colcon_core.plugin_system:Skipping extension 'colcon_core.shell.bat': Not used on non-Windows systems
[0.355s] INFO:colcon.colcon_core.shell:Skip shell extension 'powershell' for command environment: Not usable outside of PowerShell
[0.355s] DEBUG:colcon.colcon_core.shell:Skip shell extension 'dsv' for command environment
[0.359s] INFO:colcon.colcon_ros.task.ament_cmake.build:Building ROS package in '/home/reveha/reveha_ws/src/articubot_one' with build type 'ament_cmake'
[0.359s] INFO:colcon.colcon_cmake.task.cmake.build:Building CMake package in '/home/reveha/reveha_ws/src/articubot_one'
[0.359s] INFO:colcon.colcon_core.shell:Skip shell extension 'powershell' for command environment: Not usable outside of PowerShell
[0.360s] DEBUG:colcon.colcon_core.shell:Skip shell extension 'dsv' for command environment
[0.363s] INFO:colcon.colcon_ros.task.ament_python.build:Building ROS package in '/home/reveha/reveha_ws/src/ball_tracker' with build type 'ament_python'
[0.363s] Level 1:colcon.colcon_core.shell:create_environment_hook('ball_tracker', 'ament_prefix_path')
[0.363s] INFO:colcon.colcon_core.shell:Creating environment hook '/home/reveha/reveha_ws/install/ball_tracker/share/ball_tracker/hook/ament_prefix_path.ps1'
[0.364s] INFO:colcon.colcon_core.shell:Creating environment descriptor '/home/reveha/reveha_ws/install/ball_tracker/share/ball_tracker/hook/ament_prefix_path.dsv'
[0.365s] INFO:colcon.colcon_core.shell:Creating environment hook '/home/reveha/reveha_ws/install/ball_tracker/share/ball_tracker/hook/ament_prefix_path.sh'
[0.365s] INFO:colcon.colcon_core.shell:Skip shell extension 'powershell' for command environment: Not usable outside of PowerShell
[0.365s] DEBUG:colcon.colcon_core.shell:Skip shell extension 'dsv' for command environment
[0.377s] DEBUG:colcon.colcon_core.event_handler.log_command:Invoking command in '/home/reveha/reveha_ws/build/serial': CMAKE_PREFIX_PATH=${CMAKE_PREFIX_PATH}:/home/reveha/reveha_ws/install/ball_tracker:/opt/ros/humble /home/reveha/.local/bin/cmake --build /home/reveha/reveha_ws/build/serial -- -j12 -l12
[0.382s] DEBUG:colcon.colcon_core.event_handler.log_command:Invoking command in '/home/reveha/reveha_ws/build/articubot_one': CMAKE_PREFIX_PATH=${CMAKE_PREFIX_PATH}:/home/reveha/reveha_ws/install/ball_tracker:/opt/ros/humble /home/reveha/.local/bin/cmake --build /home/reveha/reveha_ws/build/articubot_one -- -j12 -l12
[0.699s] INFO:colcon.colcon_core.task.python.build:Building Python package in '/home/reveha/reveha_ws/src/ball_tracker'
[0.699s] INFO:colcon.colcon_core.shell:Skip shell extension 'powershell' for command environment: Not usable outside of PowerShell
[0.699s] DEBUG:colcon.colcon_core.shell:Skip shell extension 'dsv' for command environment
[0.707s] DEBUG:colcon.colcon_core.event_handler.log_command:Invoked command in '/home/reveha/reveha_ws/build/articubot_one' returned '0': CMAKE_PREFIX_PATH=${CMAKE_PREFIX_PATH}:/home/reveha/reveha_ws/install/ball_tracker:/opt/ros/humble /home/reveha/.local/bin/cmake --build /home/reveha/reveha_ws/build/articubot_one -- -j12 -l12
[0.708s] DEBUG:colcon.colcon_core.event_handler.log_command:Invoked command in '/home/reveha/reveha_ws/build/serial' returned '0': CMAKE_PREFIX_PATH=${CMAKE_PREFIX_PATH}:/home/reveha/reveha_ws/install/ball_tracker:/opt/ros/humble /home/reveha/.local/bin/cmake --build /home/reveha/reveha_ws/build/serial -- -j12 -l12
[0.925s] DEBUG:colcon.colcon_core.event_handler.log_command:Invoking command in '/home/reveha/reveha_ws/build/articubot_one': CMAKE_PREFIX_PATH=${CMAKE_PREFIX_PATH}:/home/reveha/reveha_ws/install/ball_tracker:/opt/ros/humble /home/reveha/.local/bin/cmake --install /home/reveha/reveha_ws/build/articubot_one
[0.928s] DEBUG:colcon.colcon_core.event_handler.log_command:Invoking command in '/home/reveha/reveha_ws/build/serial': CMAKE_PREFIX_PATH=${CMAKE_PREFIX_PATH}:/home/reveha/reveha_ws/install/ball_tracker:/opt/ros/humble /home/reveha/.local/bin/cmake --install /home/reveha/reveha_ws/build/serial
[1.019s] Level 1:colcon.colcon_core.environment:create_environment_scripts_only(articubot_one)
[1.020s] DEBUG:colcon.colcon_core.event_handler.log_command:Invoked command in '/home/reveha/reveha_ws/build/articubot_one' returned '0': CMAKE_PREFIX_PATH=${CMAKE_PREFIX_PATH}:/home/reveha/reveha_ws/install/ball_tracker:/opt/ros/humble /home/reveha/.local/bin/cmake --install /home/reveha/reveha_ws/build/articubot_one
[1.022s] Level 1:colcon.colcon_core.environment:checking '/home/reveha/reveha_ws/install/articubot_one' for CMake module files
[1.023s] Level 1:colcon.colcon_core.environment:checking '/home/reveha/reveha_ws/install/articubot_one' for CMake config files
[1.023s] Level 1:colcon.colcon_core.shell:create_environment_hook('articubot_one', 'cmake_prefix_path')
[1.023s] INFO:colcon.colcon_core.shell:Creating environment hook '/home/reveha/reveha_ws/install/articubot_one/share/articubot_one/hook/cmake_prefix_path.ps1'
[1.024s] INFO:colcon.colcon_core.shell:Creating environment descriptor '/home/reveha/reveha_ws/install/articubot_one/share/articubot_one/hook/cmake_prefix_path.dsv'
[1.024s] INFO:colcon.colcon_core.shell:Creating environment hook '/home/reveha/reveha_ws/install/articubot_one/share/articubot_one/hook/cmake_prefix_path.sh'
[1.025s] Level 1:colcon.colcon_core.environment:checking '/home/reveha/reveha_ws/install/articubot_one/bin'
[1.025s] Level 1:colcon.colcon_core.environment:checking '/home/reveha/reveha_ws/install/articubot_one/lib/pkgconfig/articubot_one.pc'
[1.025s] Level 1:colcon.colcon_core.environment:checking '/home/reveha/reveha_ws/install/articubot_one/lib/python3.10/site-packages'
[1.025s] Level 1:colcon.colcon_core.environment:checking '/home/reveha/reveha_ws/install/articubot_one/bin'
[1.026s] INFO:colcon.colcon_core.shell:Creating package script '/home/reveha/reveha_ws/install/articubot_one/share/articubot_one/package.ps1'
[1.027s] INFO:colcon.colcon_core.shell:Creating package descriptor '/home/reveha/reveha_ws/install/articubot_one/share/articubot_one/package.dsv'
[1.027s] INFO:colcon.colcon_core.shell:Creating package script '/home/reveha/reveha_ws/install/articubot_one/share/articubot_one/package.sh'
[1.028s] INFO:colcon.colcon_core.shell:Creating package script '/home/reveha/reveha_ws/install/articubot_one/share/articubot_one/package.bash'
[1.029s] INFO:colcon.colcon_core.shell:Creating package script '/home/reveha/reveha_ws/install/articubot_one/share/articubot_one/package.zsh'
[1.029s] Level 1:colcon.colcon_core.environment:create_file_with_runtime_dependencies(/home/reveha/reveha_ws/install/articubot_one/share/colcon-core/packages/articubot_one)
[1.031s] Level 1:colcon.colcon_core.environment:create_environment_scripts_only(serial)
[1.031s] Level 1:colcon.colcon_core.environment:checking '/home/reveha/reveha_ws/install/serial' for CMake module files
[1.032s] DEBUG:colcon.colcon_core.event_handler.log_command:Invoked command in '/home/reveha/reveha_ws/build/serial' returned '0': CMAKE_PREFIX_PATH=${CMAKE_PREFIX_PATH}:/home/reveha/reveha_ws/install/ball_tracker:/opt/ros/humble /home/reveha/.local/bin/cmake --install /home/reveha/reveha_ws/build/serial
[1.032s] Level 1:colcon.colcon_core.environment:checking '/home/reveha/reveha_ws/install/serial' for CMake config files
[1.033s] Level 1:colcon.colcon_core.shell:create_environment_hook('serial', 'cmake_prefix_path')
[1.033s] INFO:colcon.colcon_core.shell:Creating environment hook '/home/reveha/reveha_ws/install/serial/share/serial/hook/cmake_prefix_path.ps1'
[1.033s] INFO:colcon.colcon_core.shell:Creating environment descriptor '/home/reveha/reveha_ws/install/serial/share/serial/hook/cmake_prefix_path.dsv'
[1.034s] INFO:colcon.colcon_core.shell:Creating environment hook '/home/reveha/reveha_ws/install/serial/share/serial/hook/cmake_prefix_path.sh'
[1.034s] Level 1:colcon.colcon_core.environment:checking '/home/reveha/reveha_ws/install/serial/lib'
[1.034s] Level 1:colcon.colcon_core.environment:checking '/home/reveha/reveha_ws/install/serial/bin'
[1.034s] Level 1:colcon.colcon_core.environment:checking '/home/reveha/reveha_ws/install/serial/lib/pkgconfig/serial.pc'
[1.035s] Level 1:colcon.colcon_core.environment:checking '/home/reveha/reveha_ws/install/serial/lib/python3.10/site-packages'
[1.035s] Level 1:colcon.colcon_core.environment:checking '/home/reveha/reveha_ws/install/serial/bin'
[1.035s] INFO:colcon.colcon_core.shell:Creating package script '/home/reveha/reveha_ws/install/serial/share/serial/package.ps1'
[1.036s] INFO:colcon.colcon_core.shell:Creating package descriptor '/home/reveha/reveha_ws/install/serial/share/serial/package.dsv'
[1.036s] INFO:colcon.colcon_core.shell:Creating package script '/home/reveha/reveha_ws/install/serial/share/serial/package.sh'
[1.037s] INFO:colcon.colcon_core.shell:Creating package script '/home/reveha/reveha_ws/install/serial/share/serial/package.bash'
[1.037s] INFO:colcon.colcon_core.shell:Creating package script '/home/reveha/reveha_ws/install/serial/share/serial/package.zsh'
[1.038s] Level 1:colcon.colcon_core.environment:create_file_with_runtime_dependencies(/home/reveha/reveha_ws/install/serial/share/colcon-core/packages/serial)
[1.100s] DEBUG:colcon.colcon_core.event_handler.log_command:Invoking command in '/home/reveha/reveha_ws/src/ball_tracker': PYTHONPATH=/home/reveha/reveha_ws/build/ball_tracker/prefix_override:/home/reveha/reveha_ws/install/ball_tracker/lib/python3.10/site-packages:${PYTHONPATH} /usr/bin/python3 -W ignore:setup.py install is deprecated setup.py egg_info --egg-base ../../build/ball_tracker build --build-base /home/reveha/reveha_ws/build/ball_tracker/build install --record /home/reveha/reveha_ws/build/ball_tracker/install.log --install-scripts $base/lib/ball_tracker --single-version-externally-managed install_data
[1.129s] Level 1:colcon.colcon_core.environment:create_environment_scripts_only(articubot_one)
[1.130s] Level 1:colcon.colcon_core.environment:checking '/home/reveha/reveha_ws/install/articubot_one' for CMake module files
[1.130s] Level 1:colcon.colcon_core.environment:checking '/home/reveha/reveha_ws/install/articubot_one' for CMake config files
[1.130s] Level 1:colcon.colcon_core.shell:create_environment_hook('articubot_one', 'cmake_prefix_path')
[1.131s] INFO:colcon.colcon_core.shell:Creating environment hook '/home/reveha/reveha_ws/install/articubot_one/share/articubot_one/hook/cmake_prefix_path.ps1'
[1.131s] INFO:colcon.colcon_core.shell:Creating environment descriptor '/home/reveha/reveha_ws/install/articubot_one/share/articubot_one/hook/cmake_prefix_path.dsv'
[1.131s] INFO:colcon.colcon_core.shell:Creating environment hook '/home/reveha/reveha_ws/install/articubot_one/share/articubot_one/hook/cmake_prefix_path.sh'
[1.132s] Level 1:colcon.colcon_core.environment:checking '/home/reveha/reveha_ws/install/articubot_one/bin'
[1.132s] Level 1:colcon.colcon_core.environment:checking '/home/reveha/reveha_ws/install/articubot_one/lib/pkgconfig/articubot_one.pc'
[1.132s] Level 1:colcon.colcon_core.environment:checking '/home/reveha/reveha_ws/install/articubot_one/lib/python3.10/site-packages'
[1.132s] Level 1:colcon.colcon_core.environment:checking '/home/reveha/reveha_ws/install/articubot_one/bin'
[1.132s] INFO:colcon.colcon_core.shell:Creating package script '/home/reveha/reveha_ws/install/articubot_one/share/articubot_one/package.ps1'
[1.133s] INFO:colcon.colcon_core.shell:Creating package descriptor '/home/reveha/reveha_ws/install/articubot_one/share/articubot_one/package.dsv'
[1.133s] INFO:colcon.colcon_core.shell:Creating package script '/home/reveha/reveha_ws/install/articubot_one/share/articubot_one/package.sh'
[1.133s] INFO:colcon.colcon_core.shell:Creating package script '/home/reveha/reveha_ws/install/articubot_one/share/articubot_one/package.bash'
[1.134s] INFO:colcon.colcon_core.shell:Creating package script '/home/reveha/reveha_ws/install/articubot_one/share/articubot_one/package.zsh'
[1.134s] Level 1:colcon.colcon_core.environment:create_file_with_runtime_dependencies(/home/reveha/reveha_ws/install/articubot_one/share/colcon-core/packages/articubot_one)
[1.187s] Level 1:colcon.colcon_core.environment:create_environment_scripts_only(serial)
[1.187s] Level 1:colcon.colcon_core.environment:checking '/home/reveha/reveha_ws/install/serial' for CMake module files
[1.187s] Level 1:colcon.colcon_core.environment:checking '/home/reveha/reveha_ws/install/serial' for CMake config files
[1.188s] Level 1:colcon.colcon_core.shell:create_environment_hook('serial', 'cmake_prefix_path')
[1.188s] INFO:colcon.colcon_core.shell:Creating environment hook '/home/reveha/reveha_ws/install/serial/share/serial/hook/cmake_prefix_path.ps1'
[1.188s] INFO:colcon.colcon_core.shell:Creating environment descriptor '/home/reveha/reveha_ws/install/serial/share/serial/hook/cmake_prefix_path.dsv'
[1.188s] INFO:colcon.colcon_core.shell:Creating environment hook '/home/reveha/reveha_ws/install/serial/share/serial/hook/cmake_prefix_path.sh'
[1.189s] Level 1:colcon.colcon_core.environment:checking '/home/reveha/reveha_ws/install/serial/lib'
[1.189s] Level 1:colcon.colcon_core.environment:checking '/home/reveha/reveha_ws/install/serial/bin'
[1.189s] Level 1:colcon.colcon_core.environment:checking '/home/reveha/reveha_ws/install/serial/lib/pkgconfig/serial.pc'
[1.189s] Level 1:colcon.colcon_core.environment:checking '/home/reveha/reveha_ws/install/serial/lib/python3.10/site-packages'
[1.189s] Level 1:colcon.colcon_core.environment:checking '/home/reveha/reveha_ws/install/serial/bin'
[1.190s] INFO:colcon.colcon_core.shell:Creating package script '/home/reveha/reveha_ws/install/serial/share/serial/package.ps1'
[1.190s] INFO:colcon.colcon_core.shell:Creating package descriptor '/home/reveha/reveha_ws/install/serial/share/serial/package.dsv'
[1.191s] INFO:colcon.colcon_core.shell:Creating package script '/home/reveha/reveha_ws/install/serial/share/serial/package.sh'
[1.191s] INFO:colcon.colcon_core.shell:Creating package script '/home/reveha/reveha_ws/install/serial/share/serial/package.bash'
[1.191s] INFO:colcon.colcon_core.shell:Creating package script '/home/reveha/reveha_ws/install/serial/share/serial/package.zsh'
[1.192s] Level 1:colcon.colcon_core.environment:create_file_with_runtime_dependencies(/home/reveha/reveha_ws/install/serial/share/colcon-core/packages/serial)
[1.192s] INFO:colcon.colcon_ros.task.ament_cmake.build:Building ROS package in '/home/reveha/reveha_ws/src/diffdrive_arduino' with build type 'ament_cmake'
[1.192s] INFO:colcon.colcon_cmake.task.cmake.build:Building CMake package in '/home/reveha/reveha_ws/src/diffdrive_arduino'
[1.192s] INFO:colcon.colcon_core.shell:Skip shell extension 'powershell' for command environment: Not usable outside of PowerShell
[1.192s] DEBUG:colcon.colcon_core.shell:Skip shell extension 'dsv' for command environment
[1.203s] DEBUG:colcon.colcon_core.event_handler.log_command:Invoking command in '/home/reveha/reveha_ws/build/diffdrive_arduino': CMAKE_PREFIX_PATH=/home/reveha/reveha_ws/install/serial:/home/reveha/reveha_ws/install/diffdrive_arduino:/home/reveha/reveha_ws/install/articubot_one:/usr/local/share/YDLIDAR_SDK:/home/reveha/reveha_ws/install/ball_tracker:/opt/ros/humble /home/reveha/.local/bin/cmake --build /home/reveha/reveha_ws/build/diffdrive_arduino -- -j12 -l12
[1.323s] DEBUG:colcon.colcon_core.event_handler.log_command:Invoked command in '/home/reveha/reveha_ws/build/diffdrive_arduino' returned '0': CMAKE_PREFIX_PATH=/home/reveha/reveha_ws/install/serial:/home/reveha/reveha_ws/install/diffdrive_arduino:/home/reveha/reveha_ws/install/articubot_one:/usr/local/share/YDLIDAR_SDK:/home/reveha/reveha_ws/install/ball_tracker:/opt/ros/humble /home/reveha/.local/bin/cmake --build /home/reveha/reveha_ws/build/diffdrive_arduino -- -j12 -l12
[1.397s] Level 1:colcon.colcon_core.environment:checking '/home/reveha/reveha_ws/install/ball_tracker' for CMake module files
[1.397s] DEBUG:colcon.colcon_core.event_handler.log_command:Invoked command in '/home/reveha/reveha_ws/src/ball_tracker' returned '0': PYTHONPATH=/home/reveha/reveha_ws/build/ball_tracker/prefix_override:/home/reveha/reveha_ws/install/ball_tracker/lib/python3.10/site-packages:${PYTHONPATH} /usr/bin/python3 -W ignore:setup.py install is deprecated setup.py egg_info --egg-base ../../build/ball_tracker build --build-base /home/reveha/reveha_ws/build/ball_tracker/build install --record /home/reveha/reveha_ws/build/ball_tracker/install.log --install-scripts $base/lib/ball_tracker --single-version-externally-managed install_data
[1.398s] Level 1:colcon.colcon_core.environment:checking '/home/reveha/reveha_ws/install/ball_tracker' for CMake config files
[1.398s] Level 1:colcon.colcon_core.environment:checking '/home/reveha/reveha_ws/install/ball_tracker/lib'
[1.398s] Level 1:colcon.colcon_core.environment:checking '/home/reveha/reveha_ws/install/ball_tracker/bin'
[1.398s] Level 1:colcon.colcon_core.environment:checking '/home/reveha/reveha_ws/install/ball_tracker/lib/pkgconfig/ball_tracker.pc'
[1.399s] Level 1:colcon.colcon_core.environment:checking '/home/reveha/reveha_ws/install/ball_tracker/lib/python3.10/site-packages'
[1.399s] Level 1:colcon.colcon_core.shell:create_environment_hook('ball_tracker', 'pythonpath')
[1.399s] INFO:colcon.colcon_core.shell:Creating environment hook '/home/reveha/reveha_ws/install/ball_tracker/share/ball_tracker/hook/pythonpath.ps1'
[1.399s] INFO:colcon.colcon_core.shell:Creating environment descriptor '/home/reveha/reveha_ws/install/ball_tracker/share/ball_tracker/hook/pythonpath.dsv'
[1.399s] INFO:colcon.colcon_core.shell:Creating environment hook '/home/reveha/reveha_ws/install/ball_tracker/share/ball_tracker/hook/pythonpath.sh'
[1.400s] Level 1:colcon.colcon_core.environment:checking '/home/reveha/reveha_ws/install/ball_tracker/bin'
[1.400s] Level 1:colcon.colcon_core.environment:create_environment_scripts_only(ball_tracker)
[1.400s] INFO:colcon.colcon_core.shell:Creating package script '/home/reveha/reveha_ws/install/ball_tracker/share/ball_tracker/package.ps1'
[1.401s] INFO:colcon.colcon_core.shell:Creating package descriptor '/home/reveha/reveha_ws/install/ball_tracker/share/ball_tracker/package.dsv'
[1.401s] INFO:colcon.colcon_core.shell:Creating package script '/home/reveha/reveha_ws/install/ball_tracker/share/ball_tracker/package.sh'
[1.401s] INFO:colcon.colcon_core.shell:Creating package script '/home/reveha/reveha_ws/install/ball_tracker/share/ball_tracker/package.bash'
[1.401s] INFO:colcon.colcon_core.shell:Creating package script '/home/reveha/reveha_ws/install/ball_tracker/share/ball_tracker/package.zsh'
[1.402s] Level 1:colcon.colcon_core.environment:create_file_with_runtime_dependencies(/home/reveha/reveha_ws/install/ball_tracker/share/colcon-core/packages/ball_tracker)
[1.439s] DEBUG:colcon.colcon_core.event_handler.log_command:Invoking command in '/home/reveha/reveha_ws/build/diffdrive_arduino': CMAKE_PREFIX_PATH=/home/reveha/reveha_ws/install/serial:/home/reveha/reveha_ws/install/diffdrive_arduino:/home/reveha/reveha_ws/install/articubot_one:/usr/local/share/YDLIDAR_SDK:/home/reveha/reveha_ws/install/ball_tracker:/opt/ros/humble /home/reveha/.local/bin/cmake --install /home/reveha/reveha_ws/build/diffdrive_arduino
[1.534s] Level 1:colcon.colcon_core.environment:create_environment_scripts_only(diffdrive_arduino)
[1.535s] Level 1:colcon.colcon_core.environment:checking '/home/reveha/reveha_ws/install/diffdrive_arduino' for CMake module files
[1.536s] DEBUG:colcon.colcon_core.event_handler.log_command:Invoked command in '/home/reveha/reveha_ws/build/diffdrive_arduino' returned '0': CMAKE_PREFIX_PATH=/home/reveha/reveha_ws/install/serial:/home/reveha/reveha_ws/install/diffdrive_arduino:/home/reveha/reveha_ws/install/articubot_one:/usr/local/share/YDLIDAR_SDK:/home/reveha/reveha_ws/install/ball_tracker:/opt/ros/humble /home/reveha/.local/bin/cmake --install /home/reveha/reveha_ws/build/diffdrive_arduino
[1.536s] Level 1:colcon.colcon_core.environment:checking '/home/reveha/reveha_ws/install/diffdrive_arduino' for CMake config files
[1.537s] Level 1:colcon.colcon_core.shell:create_environment_hook('diffdrive_arduino', 'cmake_prefix_path')
[1.537s] INFO:colcon.colcon_core.shell:Creating environment hook '/home/reveha/reveha_ws/install/diffdrive_arduino/share/diffdrive_arduino/hook/cmake_prefix_path.ps1'
[1.538s] INFO:colcon.colcon_core.shell:Creating environment descriptor '/home/reveha/reveha_ws/install/diffdrive_arduino/share/diffdrive_arduino/hook/cmake_prefix_path.dsv'
[1.539s] INFO:colcon.colcon_core.shell:Creating environment hook '/home/reveha/reveha_ws/install/diffdrive_arduino/share/diffdrive_arduino/hook/cmake_prefix_path.sh'
[1.540s] Level 1:colcon.colcon_core.environment:checking '/home/reveha/reveha_ws/install/diffdrive_arduino/lib'
[1.540s] Level 1:colcon.colcon_core.shell:create_environment_hook('diffdrive_arduino', 'ld_library_path_lib')
[1.540s] INFO:colcon.colcon_core.shell:Creating environment hook '/home/reveha/reveha_ws/install/diffdrive_arduino/share/diffdrive_arduino/hook/ld_library_path_lib.ps1'
[1.541s] INFO:colcon.colcon_core.shell:Creating environment descriptor '/home/reveha/reveha_ws/install/diffdrive_arduino/share/diffdrive_arduino/hook/ld_library_path_lib.dsv'
[1.541s] INFO:colcon.colcon_core.shell:Creating environment hook '/home/reveha/reveha_ws/install/diffdrive_arduino/share/diffdrive_arduino/hook/ld_library_path_lib.sh'
[1.542s] Level 1:colcon.colcon_core.environment:checking '/home/reveha/reveha_ws/install/diffdrive_arduino/bin'
[1.542s] Level 1:colcon.colcon_core.environment:checking '/home/reveha/reveha_ws/install/diffdrive_arduino/lib/pkgconfig/diffdrive_arduino.pc'
[1.542s] Level 1:colcon.colcon_core.environment:checking '/home/reveha/reveha_ws/install/diffdrive_arduino/lib/python3.10/site-packages'
[1.542s] Level 1:colcon.colcon_core.environment:checking '/home/reveha/reveha_ws/install/diffdrive_arduino/bin'
[1.542s] INFO:colcon.colcon_core.shell:Creating package script '/home/reveha/reveha_ws/install/diffdrive_arduino/share/diffdrive_arduino/package.ps1'
[1.543s] INFO:colcon.colcon_core.shell:Creating package descriptor '/home/reveha/reveha_ws/install/diffdrive_arduino/share/diffdrive_arduino/package.dsv'
[1.543s] INFO:colcon.colcon_core.shell:Creating package script '/home/reveha/reveha_ws/install/diffdrive_arduino/share/diffdrive_arduino/package.sh'
[1.544s] INFO:colcon.colcon_core.shell:Creating package script '/home/reveha/reveha_ws/install/diffdrive_arduino/share/diffdrive_arduino/package.bash'
[1.544s] INFO:colcon.colcon_core.shell:Creating package script '/home/reveha/reveha_ws/install/diffdrive_arduino/share/diffdrive_arduino/package.zsh'
[1.544s] Level 1:colcon.colcon_core.environment:create_file_with_runtime_dependencies(/home/reveha/reveha_ws/install/diffdrive_arduino/share/colcon-core/packages/diffdrive_arduino)
[1.676s] Level 1:colcon.colcon_core.environment:create_environment_scripts_only(diffdrive_arduino)
[1.676s] Level 1:colcon.colcon_core.environment:checking '/home/reveha/reveha_ws/install/diffdrive_arduino' for CMake module files
[1.677s] Level 1:colcon.colcon_core.environment:checking '/home/reveha/reveha_ws/install/diffdrive_arduino' for CMake config files
[1.678s] Level 1:colcon.colcon_core.shell:create_environment_hook('diffdrive_arduino', 'cmake_prefix_path')
[1.678s] INFO:colcon.colcon_core.shell:Creating environment hook '/home/reveha/reveha_ws/install/diffdrive_arduino/share/diffdrive_arduino/hook/cmake_prefix_path.ps1'
[1.679s] INFO:colcon.colcon_core.shell:Creating environment descriptor '/home/reveha/reveha_ws/install/diffdrive_arduino/share/diffdrive_arduino/hook/cmake_prefix_path.dsv'
[1.679s] INFO:colcon.colcon_core.shell:Creating environment hook '/home/reveha/reveha_ws/install/diffdrive_arduino/share/diffdrive_arduino/hook/cmake_prefix_path.sh'
[1.680s] Level 1:colcon.colcon_core.environment:checking '/home/reveha/reveha_ws/install/diffdrive_arduino/lib'
[1.680s] Level 1:colcon.colcon_core.shell:create_environment_hook('diffdrive_arduino', 'ld_library_path_lib')
[1.680s] INFO:colcon.colcon_core.shell:Creating environment hook '/home/reveha/reveha_ws/install/diffdrive_arduino/share/diffdrive_arduino/hook/ld_library_path_lib.ps1'
[1.681s] INFO:colcon.colcon_core.shell:Creating environment descriptor '/home/reveha/reveha_ws/install/diffdrive_arduino/share/diffdrive_arduino/hook/ld_library_path_lib.dsv'
[1.682s] INFO:colcon.colcon_core.shell:Creating environment hook '/home/reveha/reveha_ws/install/diffdrive_arduino/share/diffdrive_arduino/hook/ld_library_path_lib.sh'
[1.683s] Level 1:colcon.colcon_core.environment:checking '/home/reveha/reveha_ws/install/diffdrive_arduino/bin'
[1.683s] Level 1:colcon.colcon_core.environment:checking '/home/reveha/reveha_ws/install/diffdrive_arduino/lib/pkgconfig/diffdrive_arduino.pc'
[1.683s] Level 1:colcon.colcon_core.environment:checking '/home/reveha/reveha_ws/install/diffdrive_arduino/lib/python3.10/site-packages'
[1.683s] Level 1:colcon.colcon_core.environment:checking '/home/reveha/reveha_ws/install/diffdrive_arduino/bin'
[1.684s] INFO:colcon.colcon_core.shell:Creating package script '/home/reveha/reveha_ws/install/diffdrive_arduino/share/diffdrive_arduino/package.ps1'
[1.685s] INFO:colcon.colcon_core.shell:Creating package descriptor '/home/reveha/reveha_ws/install/diffdrive_arduino/share/diffdrive_arduino/package.dsv'
[1.685s] INFO:colcon.colcon_core.shell:Creating package script '/home/reveha/reveha_ws/install/diffdrive_arduino/share/diffdrive_arduino/package.sh'
[1.686s] INFO:colcon.colcon_core.shell:Creating package script '/home/reveha/reveha_ws/install/diffdrive_arduino/share/diffdrive_arduino/package.bash'
[1.687s] INFO:colcon.colcon_core.shell:Creating package script '/home/reveha/reveha_ws/install/diffdrive_arduino/share/diffdrive_arduino/package.zsh'
[1.688s] Level 1:colcon.colcon_core.environment:create_file_with_runtime_dependencies(/home/reveha/reveha_ws/install/diffdrive_arduino/share/colcon-core/packages/diffdrive_arduino)
[1.688s] DEBUG:colcon.colcon_parallel_executor.executor.parallel:closing loop
[1.689s] DEBUG:colcon.colcon_parallel_executor.executor.parallel:loop closed
[1.689s] DEBUG:colcon.colcon_parallel_executor.executor.parallel:run_until_complete finished with '0'
[1.689s] DEBUG:colcon.colcon_core.event_reactor:joining thread
[1.699s] INFO:colcon.colcon_core.plugin_system:Skipping extension 'colcon_notification.desktop_notification.terminal_notifier': Not used on non-Darwin systems
[1.699s] INFO:colcon.colcon_core.plugin_system:Skipping extension 'colcon_notification.desktop_notification.win32': Not used on non-Windows systems
[1.699s] INFO:colcon.colcon_notification.desktop_notification:Sending desktop notification using 'notify2'
[1.711s] DEBUG:colcon.colcon_core.event_reactor:joined thread
[1.711s] INFO:colcon.colcon_core.shell:Creating prefix script '/home/reveha/reveha_ws/install/local_setup.ps1'
[1.713s] INFO:colcon.colcon_core.shell:Creating prefix util module '/home/reveha/reveha_ws/install/_local_setup_util_ps1.py'
[1.714s] INFO:colcon.colcon_core.shell:Creating prefix chain script '/home/reveha/reveha_ws/install/setup.ps1'
[1.715s] INFO:colcon.colcon_core.shell:Creating prefix script '/home/reveha/reveha_ws/install/local_setup.sh'
[1.715s] INFO:colcon.colcon_core.shell:Creating prefix util module '/home/reveha/reveha_ws/install/_local_setup_util_sh.py'
[1.716s] INFO:colcon.colcon_core.shell:Creating prefix chain script '/home/reveha/reveha_ws/install/setup.sh'
[1.717s] INFO:colcon.colcon_core.shell:Creating prefix script '/home/reveha/reveha_ws/install/local_setup.bash'
[1.717s] INFO:colcon.colcon_core.shell:Creating prefix chain script '/home/reveha/reveha_ws/install/setup.bash'
[1.718s] INFO:colcon.colcon_core.shell:Creating prefix script '/home/reveha/reveha_ws/install/local_setup.zsh'
[1.718s] INFO:colcon.colcon_core.shell:Creating prefix chain script '/home/reveha/reveha_ws/install/setup.zsh'
