[0.039s] Invoking command in '/home/reveha/reveha_ws/build/serial': CMAKE_PREFIX_PATH=${CMAKE_PREFIX_PATH}:/home/reveha/reveha_ws/install/ball_tracker:/opt/ros/humble /home/reveha/.local/bin/cmake --build /home/reveha/reveha_ws/build/serial -- -j12 -l12
[0.233s] [ 50%] Built target gtest_main
[0.233s] [ 57%] Built target serial
[0.233s] [ 57%] Built target gtest
[0.261s] [ 71%] Built target serial_example
[0.261s] [ 85%] Built target serial-test-timer
[0.268s] [100%] Built target serial-test
[0.492s] Invoked command in '/home/reveha/reveha_ws/build/serial' returned '0': CMAKE_PREFIX_PATH=${CMAKE_PREFIX_PATH}:/home/reveha/reveha_ws/install/ball_tracker:/opt/ros/humble /home/reveha/.local/bin/cmake --build /home/reveha/reveha_ws/build/serial -- -j12 -l12
[0.820s] Invoking command in '/home/reveha/reveha_ws/build/serial': CMAKE_PREFIX_PATH=${CMAKE_PREFIX_PATH}:/home/reveha/reveha_ws/install/ball_tracker:/opt/ros/humble /home/reveha/.local/bin/cmake --install /home/reveha/reveha_ws/build/serial
[0.935s] -- Install configuration: ""
[0.935s] -- Up-to-date: /home/reveha/reveha_ws/install/serial/lib/libserial.a
[0.935s] -- Up-to-date: /home/reveha/reveha_ws/install/serial/include/serial/serial.h
[0.935s] -- Up-to-date: /home/reveha/reveha_ws/install/serial/include/serial/v8stdint.h
[0.936s] -- Up-to-date: /home/reveha/reveha_ws/install/serial/share/serial/environment/library_path.sh
[0.936s] -- Up-to-date: /home/reveha/reveha_ws/install/serial/share/serial/environment/library_path.dsv
[0.937s] -- Up-to-date: /home/reveha/reveha_ws/install/serial/share/ament_index/resource_index/package_run_dependencies/serial
[0.937s] -- Up-to-date: /home/reveha/reveha_ws/install/serial/share/ament_index/resource_index/parent_prefix_path/serial
[0.937s] -- Up-to-date: /home/reveha/reveha_ws/install/serial/share/serial/environment/ament_prefix_path.sh
[0.937s] -- Up-to-date: /home/reveha/reveha_ws/install/serial/share/serial/environment/ament_prefix_path.dsv
[0.937s] -- Up-to-date: /home/reveha/reveha_ws/install/serial/share/serial/environment/path.sh
[0.938s] -- Up-to-date: /home/reveha/reveha_ws/install/serial/share/serial/environment/path.dsv
[0.938s] -- Up-to-date: /home/reveha/reveha_ws/install/serial/share/serial/local_setup.bash
[0.938s] -- Up-to-date: /home/reveha/reveha_ws/install/serial/share/serial/local_setup.sh
[0.939s] -- Up-to-date: /home/reveha/reveha_ws/install/serial/share/serial/local_setup.zsh
[0.939s] -- Up-to-date: /home/reveha/reveha_ws/install/serial/share/serial/local_setup.dsv
[0.939s] -- Installing: /home/reveha/reveha_ws/install/serial/share/serial/package.dsv
[0.939s] -- Up-to-date: /home/reveha/reveha_ws/install/serial/share/ament_index/resource_index/packages/serial
[0.939s] -- Up-to-date: /home/reveha/reveha_ws/install/serial/share/serial/cmake/ament_cmake_export_include_directories-extras.cmake
[0.939s] -- Up-to-date: /home/reveha/reveha_ws/install/serial/share/serial/cmake/ament_cmake_export_libraries-extras.cmake
[0.939s] -- Up-to-date: /home/reveha/reveha_ws/install/serial/share/serial/cmake/serialConfig.cmake
[0.940s] -- Up-to-date: /home/reveha/reveha_ws/install/serial/share/serial/cmake/serialConfig-version.cmake
[0.940s] -- Up-to-date: /home/reveha/reveha_ws/install/serial/share/serial/package.xml
[0.968s] Invoked command in '/home/reveha/reveha_ws/build/serial' returned '0': CMAKE_PREFIX_PATH=${CMAKE_PREFIX_PATH}:/home/reveha/reveha_ws/install/ball_tracker:/opt/ros/humble /home/reveha/.local/bin/cmake --install /home/reveha/reveha_ws/build/serial
