[0.611s] Invoking command in '/home/reveha/reveha_ws/src/ball_tracker': PYTHONPATH=/home/reveha/reveha_ws/build/ball_tracker/prefix_override:/home/reveha/reveha_ws/install/ball_tracker/lib/python3.10/site-packages:${PYTHONPATH} /usr/bin/python3 -W ignore:setup.py install is deprecated setup.py egg_info --egg-base ../../build/ball_tracker build --build-base /home/reveha/reveha_ws/build/ball_tracker/build install --record /home/reveha/reveha_ws/build/ball_tracker/install.log --install-scripts $base/lib/ball_tracker --single-version-externally-managed install_data
[0.823s] /usr/lib/python3/dist-packages/setuptools/dist.py:723: UserWarning: Usage of dash-separated 'script-dir' will not be supported in future versions. Please use the underscore name 'script_dir' instead
[0.823s]   warnings.warn(
[0.830s] running egg_info
[0.831s] writing ../../build/ball_tracker/ball_tracker.egg-info/PKG-INFO
[0.831s] writing dependency_links to ../../build/ball_tracker/ball_tracker.egg-info/dependency_links.txt
[0.831s] writing entry points to ../../build/ball_tracker/ball_tracker.egg-info/entry_points.txt
[0.831s] writing requirements to ../../build/ball_tracker/ball_tracker.egg-info/requires.txt
[0.831s] writing top-level names to ../../build/ball_tracker/ball_tracker.egg-info/top_level.txt
[0.832s] reading manifest file '../../build/ball_tracker/ball_tracker.egg-info/SOURCES.txt'
[0.833s] writing manifest file '../../build/ball_tracker/ball_tracker.egg-info/SOURCES.txt'
[0.833s] running build
[0.834s] running build_py
[0.834s] running install
[0.834s] running install_lib
[0.835s] running install_data
[0.835s] running install_egg_info
[0.838s] removing '/home/reveha/reveha_ws/install/ball_tracker/lib/python3.10/site-packages/ball_tracker-0.0.0-py3.10.egg-info' (and everything under it)
[0.838s] Copying ../../build/ball_tracker/ball_tracker.egg-info to /home/reveha/reveha_ws/install/ball_tracker/lib/python3.10/site-packages/ball_tracker-0.0.0-py3.10.egg-info
[0.839s] running install_scripts
[0.855s] Installing detect_ball script to /home/reveha/reveha_ws/install/ball_tracker/lib/ball_tracker
[0.855s] Installing detect_ball_3d script to /home/reveha/reveha_ws/install/ball_tracker/lib/ball_tracker
[0.856s] Installing follow_ball script to /home/reveha/reveha_ws/install/ball_tracker/lib/ball_tracker
[0.856s] writing list of installed files to '/home/reveha/reveha_ws/build/ball_tracker/install.log'
[0.884s] Invoked command in '/home/reveha/reveha_ws/src/ball_tracker' returned '0': PYTHONPATH=/home/reveha/reveha_ws/build/ball_tracker/prefix_override:/home/reveha/reveha_ws/install/ball_tracker/lib/python3.10/site-packages:${PYTHONPATH} /usr/bin/python3 -W ignore:setup.py install is deprecated setup.py egg_info --egg-base ../../build/ball_tracker build --build-base /home/reveha/reveha_ws/build/ball_tracker/build install --record /home/reveha/reveha_ws/build/ball_tracker/install.log --install-scripts $base/lib/ball_tracker --single-version-externally-managed install_data
