[0.010s] Invoking command in '/home/reveha/ydlidar_ros2_ws/build/ydlidar_ros2_driver': CMAKE_PREFIX_PATH=/opt/ros/humble /home/reveha/.local/bin/cmake /home/reveha/ydlidar_ros2_ws/src/ydlidar_ros2_driver -DAMENT_CMAKE_SYMLINK_INSTALL=1 -DCMAKE_INSTALL_PREFIX=/home/reveha/ydlidar_ros2_ws/install/ydlidar_ros2_driver
[0.185s] -- The C compiler identification is GNU 11.4.0
[0.316s] -- The CXX compiler identification is GNU 11.4.0
[0.343s] -- Detecting C compiler ABI info
[0.431s] -- Detecting C compiler ABI info - done
[0.451s] -- Check for working C compiler: /usr/bin/cc - skipped
[0.451s] -- Detecting C compile features
[0.452s] -- Detecting C compile features - done
[0.456s] -- Detecting CXX compiler ABI info
[0.561s] -- Detecting CXX compiler ABI info - done
[0.578s] -- Check for working CXX compiler: /usr/bin/c++ - skipped
[0.578s] -- Detecting CXX compile features
[0.579s] -- Detecting CXX compile features - done
[0.581s] -- Found ament_cmake: 1.3.9 (/opt/ros/humble/share/ament_cmake/cmake)
[0.781s] -- Found Python3: /usr/bin/python3 (found version "3.10.12") found components: Interpreter
[0.841s] -- Override CMake install command with custom implementation using symlinks instead of copying resources
[0.905s] -- Found rclcpp: 16.0.9 (/opt/ros/humble/share/rclcpp/cmake)
[0.964s] -- Found rosidl_generator_c: 3.1.5 (/opt/ros/humble/share/rosidl_generator_c/cmake)
[0.969s] -- Found rosidl_adapter: 3.1.5 (/opt/ros/humble/share/rosidl_adapter/cmake)
[0.978s] -- Found rosidl_generator_cpp: 3.1.5 (/opt/ros/humble/share/rosidl_generator_cpp/cmake)
[0.996s] -- Using all available rosidl_typesupport_c: rosidl_typesupport_fastrtps_c;rosidl_typesupport_introspection_c
[1.019s] -- Using all available rosidl_typesupport_cpp: rosidl_typesupport_fastrtps_cpp;rosidl_typesupport_introspection_cpp
[1.097s] -- Found rmw_implementation_cmake: 6.1.2 (/opt/ros/humble/share/rmw_implementation_cmake/cmake)
[1.099s] -- Found rmw_fastrtps_cpp: 6.2.6 (/opt/ros/humble/share/rmw_fastrtps_cpp/cmake)
[1.254s] -- Found OpenSSL: /usr/lib/x86_64-linux-gnu/libcrypto.so (found version "3.0.2")
[1.313s] -- Found FastRTPS: /opt/ros/humble/include
[1.369s] -- Using RMW implementation 'rmw_fastrtps_cpp' as default
[1.379s] -- Performing Test CMAKE_HAVE_LIBC_PTHREAD
[1.491s] -- Performing Test CMAKE_HAVE_LIBC_PTHREAD - Success
[1.492s] -- Found Threads: TRUE
[1.671s] -- Found sensor_msgs: 4.2.3 (/opt/ros/humble/share/sensor_msgs/cmake)
[1.815s] -- Found visualization_msgs: 4.2.3 (/opt/ros/humble/share/visualization_msgs/cmake)
[1.949s] -- Found std_srvs: 4.2.3 (/opt/ros/humble/share/std_srvs/cmake)
[1.981s] [31mCMake Error at CMakeLists.txt:25 (find_package):
[1.982s]   By not providing "Findydlidar_sdk.cmake" in CMAKE_MODULE_PATH this project
[1.982s]   has asked CMake to find a package configuration file provided by
[1.982s]   "ydlidar_sdk", but CMake did not find one.
[1.982s] 
[1.982s]   Could not find a package configuration file provided by "ydlidar_sdk" with
[1.982s]   any of the following names:
[1.982s] 
[1.982s]     ydlidar_sdkConfig.cmake
[1.982s]     ydlidar_sdk-config.cmake
[1.983s] 
[1.983s]   Add the installation prefix of "ydlidar_sdk" to CMAKE_PREFIX_PATH or set
[1.983s]   "ydlidar_sdk_DIR" to a directory containing one of the above files.  If
[1.983s]   "ydlidar_sdk" provides a separate development package or SDK, be sure it
[1.983s]   has been installed.
[1.983s] 
[1.983s] [0m
[1.983s] -- Configuring incomplete, errors occurred!
[2.006s] Invoked command in '/home/reveha/ydlidar_ros2_ws/build/ydlidar_ros2_driver' returned '1': CMAKE_PREFIX_PATH=/opt/ros/humble /home/reveha/.local/bin/cmake /home/reveha/ydlidar_ros2_ws/src/ydlidar_ros2_driver -DAMENT_CMAKE_SYMLINK_INSTALL=1 -DCMAKE_INSTALL_PREFIX=/home/reveha/ydlidar_ros2_ws/install/ydlidar_ros2_driver
