[0.017s] Invoking command in '/home/cagla/ros2_ws/build/my_robot_bringup': CMAKE_PREFIX_PATH=/home/cagla/ros2_ws/install/my_robot_description:/home/cagla/ros2_ws/install/my_robot_bringup:/opt/ros/humble /usr/bin/cmake --build /home/cagla/ros2_ws/build/my_robot_bringup -- -j8 -l8
[0.091s] Invoked command in '/home/cagla/ros2_ws/build/my_robot_bringup' returned '0': CMAKE_PREFIX_PATH=/home/cagla/ros2_ws/install/my_robot_description:/home/cagla/ros2_ws/install/my_robot_bringup:/opt/ros/humble /usr/bin/cmake --build /home/cagla/ros2_ws/build/my_robot_bringup -- -j8 -l8
[0.138s] Invoking command in '/home/cagla/ros2_ws/build/my_robot_bringup': CMAKE_PREFIX_PATH=/home/cagla/ros2_ws/install/my_robot_description:/home/cagla/ros2_ws/install/my_robot_bringup:/opt/ros/humble /usr/bin/cmake --install /home/cagla/ros2_ws/build/my_robot_bringup
[0.152s] -- Install configuration: ""
[0.152s] -- Up-to-date: /home/cagla/ros2_ws/install/my_robot_bringup/share/my_robot_bringup//launch
[0.153s] -- Up-to-date: /home/cagla/ros2_ws/install/my_robot_bringup/share/my_robot_bringup//launch/my_map.yaml
[0.153s] -- Installing: /home/cagla/ros2_ws/install/my_robot_bringup/share/my_robot_bringup//launch/custom_bringup_launch.py
[0.153s] -- Up-to-date: /home/cagla/ros2_ws/install/my_robot_bringup/share/my_robot_bringup//launch/main__mapping.launch.py
[0.153s] -- Up-to-date: /home/cagla/ros2_ws/install/my_robot_bringup/share/my_robot_bringup//launch/my_map.pgm
[0.153s] -- Up-to-date: /home/cagla/ros2_ws/install/my_robot_bringup/share/my_robot_bringup//launch/main__navigation.launch.py
[0.153s] -- Up-to-date: /home/cagla/ros2_ws/install/my_robot_bringup/share/my_robot_bringup//launch/custom_navigation_launch.py
[0.153s] -- Up-to-date: /home/cagla/ros2_ws/install/my_robot_bringup/share/my_robot_bringup//launch/custom_online_async_launch.py
[0.154s] -- Up-to-date: /home/cagla/ros2_ws/install/my_robot_bringup/share/my_robot_bringup//rviz
[0.154s] -- Up-to-date: /home/cagla/ros2_ws/install/my_robot_bringup/share/my_robot_bringup//rviz/urdf_config.rviz
[0.154s] -- Up-to-date: /home/cagla/ros2_ws/install/my_robot_bringup/share/my_robot_bringup//worlds
[0.154s] -- Up-to-date: /home/cagla/ros2_ws/install/my_robot_bringup/share/my_robot_bringup//worlds/test_world.world
[0.154s] -- Up-to-date: /home/cagla/ros2_ws/install/my_robot_bringup/share/my_robot_bringup//worlds/my_world.world
[0.154s] -- Up-to-date: /home/cagla/ros2_ws/install/my_robot_bringup/share/my_robot_bringup//maps
[0.155s] -- Installing: /home/cagla/ros2_ws/install/my_robot_bringup/share/my_robot_bringup//maps/my_mapx.pgm
[0.155s] -- Installing: /home/cagla/ros2_ws/install/my_robot_bringup/share/my_robot_bringup//maps/my_mapx.yaml
[0.155s] -- Up-to-date: /home/cagla/ros2_ws/install/my_robot_bringup/share/ament_index/resource_index/package_run_dependencies/my_robot_bringup
[0.155s] -- Up-to-date: /home/cagla/ros2_ws/install/my_robot_bringup/share/ament_index/resource_index/parent_prefix_path/my_robot_bringup
[0.155s] -- Up-to-date: /home/cagla/ros2_ws/install/my_robot_bringup/share/my_robot_bringup/environment/ament_prefix_path.sh
[0.155s] -- Up-to-date: /home/cagla/ros2_ws/install/my_robot_bringup/share/my_robot_bringup/environment/ament_prefix_path.dsv
[0.155s] -- Up-to-date: /home/cagla/ros2_ws/install/my_robot_bringup/share/my_robot_bringup/environment/path.sh
[0.156s] -- Up-to-date: /home/cagla/ros2_ws/install/my_robot_bringup/share/my_robot_bringup/environment/path.dsv
[0.156s] -- Up-to-date: /home/cagla/ros2_ws/install/my_robot_bringup/share/my_robot_bringup/local_setup.bash
[0.156s] -- Up-to-date: /home/cagla/ros2_ws/install/my_robot_bringup/share/my_robot_bringup/local_setup.sh
[0.156s] -- Up-to-date: /home/cagla/ros2_ws/install/my_robot_bringup/share/my_robot_bringup/local_setup.zsh
[0.156s] -- Up-to-date: /home/cagla/ros2_ws/install/my_robot_bringup/share/my_robot_bringup/local_setup.dsv
[0.156s] -- Up-to-date: /home/cagla/ros2_ws/install/my_robot_bringup/share/my_robot_bringup/package.dsv
[0.156s] -- Up-to-date: /home/cagla/ros2_ws/install/my_robot_bringup/share/ament_index/resource_index/packages/my_robot_bringup
[0.156s] -- Up-to-date: /home/cagla/ros2_ws/install/my_robot_bringup/share/my_robot_bringup/cmake/my_robot_bringupConfig.cmake
[0.157s] -- Up-to-date: /home/cagla/ros2_ws/install/my_robot_bringup/share/my_robot_bringup/cmake/my_robot_bringupConfig-version.cmake
[0.157s] -- Up-to-date: /home/cagla/ros2_ws/install/my_robot_bringup/share/my_robot_bringup/package.xml
[0.160s] Invoked command in '/home/cagla/ros2_ws/build/my_robot_bringup' returned '0': CMAKE_PREFIX_PATH=/home/cagla/ros2_ws/install/my_robot_description:/home/cagla/ros2_ws/install/my_robot_bringup:/opt/ros/humble /usr/bin/cmake --install /home/cagla/ros2_ws/build/my_robot_bringup
