[0.016s] Invoking command in '/home/cagla/ros2_ws/build/my_robot_bringup': CMAKE_PREFIX_PATH=/home/cagla/ros2_ws/install/my_robot_description:/home/cagla/ros2_ws/install/my_robot_bringup:/opt/ros/humble /usr/bin/cmake --build /home/cagla/ros2_ws/build/my_robot_bringup -- -j8 -l8
[0.067s] -- Found ament_cmake: 1.3.8 (/opt/ros/humble/share/ament_cmake/cmake)
[0.324s] -- Configuring done
[0.330s] -- Generating done
[0.332s] -- Build files have been written to: /home/cagla/ros2_ws/build/my_robot_bringup
[0.381s] Invoked command in '/home/cagla/ros2_ws/build/my_robot_bringup' returned '0': CMAKE_PREFIX_PATH=/home/cagla/ros2_ws/install/my_robot_description:/home/cagla/ros2_ws/install/my_robot_bringup:/opt/ros/humble /usr/bin/cmake --build /home/cagla/ros2_ws/build/my_robot_bringup -- -j8 -l8
[0.427s] Invoking command in '/home/cagla/ros2_ws/build/my_robot_bringup': CMAKE_PREFIX_PATH=/home/cagla/ros2_ws/install/my_robot_description:/home/cagla/ros2_ws/install/my_robot_bringup:/opt/ros/humble /usr/bin/cmake --install /home/cagla/ros2_ws/build/my_robot_bringup
[0.449s] -- Install configuration: ""
[0.449s] -- Up-to-date: /home/cagla/ros2_ws/install/my_robot_bringup/share/my_robot_bringup//launch
[0.450s] -- Installing: /home/cagla/ros2_ws/install/my_robot_bringup/share/my_robot_bringup//launch/my_map.yaml
[0.451s] -- Up-to-date: /home/cagla/ros2_ws/install/my_robot_bringup/share/my_robot_bringup//launch/custom_bringup_launch.py
[0.451s] -- Installing: /home/cagla/ros2_ws/install/my_robot_bringup/share/my_robot_bringup//launch/main__mapping.launch.py
[0.452s] -- Installing: /home/cagla/ros2_ws/install/my_robot_bringup/share/my_robot_bringup//launch/my_map.pgm
[0.453s] -- Up-to-date: /home/cagla/ros2_ws/install/my_robot_bringup/share/my_robot_bringup//launch/main__navigation.launch.py
[0.453s] -- Up-to-date: /home/cagla/ros2_ws/install/my_robot_bringup/share/my_robot_bringup//launch/custom_navigation_launch.py
[0.454s] -- Up-to-date: /home/cagla/ros2_ws/install/my_robot_bringup/share/my_robot_bringup//launch/custom_online_async_launch.py
[0.454s] -- Up-to-date: /home/cagla/ros2_ws/install/my_robot_bringup/share/my_robot_bringup//rviz
[0.454s] -- Up-to-date: /home/cagla/ros2_ws/install/my_robot_bringup/share/my_robot_bringup//rviz/urdf_config.rviz
[0.454s] -- Up-to-date: /home/cagla/ros2_ws/install/my_robot_bringup/share/my_robot_bringup//worlds
[0.455s] -- Up-to-date: /home/cagla/ros2_ws/install/my_robot_bringup/share/my_robot_bringup//worlds/test_world.world
[0.455s] -- Up-to-date: /home/cagla/ros2_ws/install/my_robot_bringup/share/my_robot_bringup//worlds/my_world.world
[0.455s] -- Installing: /home/cagla/ros2_ws/install/my_robot_bringup/share/ament_index/resource_index/package_run_dependencies/my_robot_bringup
[0.455s] -- Up-to-date: /home/cagla/ros2_ws/install/my_robot_bringup/share/ament_index/resource_index/parent_prefix_path/my_robot_bringup
[0.455s] -- Up-to-date: /home/cagla/ros2_ws/install/my_robot_bringup/share/my_robot_bringup/environment/ament_prefix_path.sh
[0.455s] -- Installing: /home/cagla/ros2_ws/install/my_robot_bringup/share/my_robot_bringup/environment/ament_prefix_path.dsv
[0.456s] -- Up-to-date: /home/cagla/ros2_ws/install/my_robot_bringup/share/my_robot_bringup/environment/path.sh
[0.456s] -- Installing: /home/cagla/ros2_ws/install/my_robot_bringup/share/my_robot_bringup/environment/path.dsv
[0.456s] -- Up-to-date: /home/cagla/ros2_ws/install/my_robot_bringup/share/my_robot_bringup/local_setup.bash
[0.456s] -- Up-to-date: /home/cagla/ros2_ws/install/my_robot_bringup/share/my_robot_bringup/local_setup.sh
[0.456s] -- Up-to-date: /home/cagla/ros2_ws/install/my_robot_bringup/share/my_robot_bringup/local_setup.zsh
[0.456s] -- Installing: /home/cagla/ros2_ws/install/my_robot_bringup/share/my_robot_bringup/local_setup.dsv
[0.457s] -- Installing: /home/cagla/ros2_ws/install/my_robot_bringup/share/my_robot_bringup/package.dsv
[0.457s] -- Up-to-date: /home/cagla/ros2_ws/install/my_robot_bringup/share/ament_index/resource_index/packages/my_robot_bringup
[0.457s] -- Up-to-date: /home/cagla/ros2_ws/install/my_robot_bringup/share/my_robot_bringup/cmake/my_robot_bringupConfig.cmake
[0.457s] -- Up-to-date: /home/cagla/ros2_ws/install/my_robot_bringup/share/my_robot_bringup/cmake/my_robot_bringupConfig-version.cmake
[0.457s] -- Installing: /home/cagla/ros2_ws/install/my_robot_bringup/share/my_robot_bringup/package.xml
[0.461s] Invoked command in '/home/cagla/ros2_ws/build/my_robot_bringup' returned '0': CMAKE_PREFIX_PATH=/home/cagla/ros2_ws/install/my_robot_description:/home/cagla/ros2_ws/install/my_robot_bringup:/opt/ros/humble /usr/bin/cmake --install /home/cagla/ros2_ws/build/my_robot_bringup
