[0.013s] Invoking command in '/home/reveha/reveha_ws/build/diffdrive_arduino': AMENT_PREFIX_PATH=/home/reveha/reveha_ws/install/serial:${AMENT_PREFIX_PATH} CMAKE_PREFIX_PATH=/home/reveha/reveha_ws/install/serial:/usr/local/share/YDLIDAR_SDK:/opt/ros/humble LD_LIBRARY_PATH=/home/reveha/reveha_ws/install/serial/lib:${LD_LIBRARY_PATH} /home/reveha/.local/bin/cmake --build /home/reveha/reveha_ws/build/diffdrive_arduino -- -j12 -l12
[0.115s] [ 42%] Built target fake_robot
[0.118s] [100%] Built target diffdrive_arduino
[0.138s] Invoked command in '/home/reveha/reveha_ws/build/diffdrive_arduino' returned '0': AMENT_PREFIX_PATH=/home/reveha/reveha_ws/install/serial:${AMENT_PREFIX_PATH} CMAKE_PREFIX_PATH=/home/reveha/reveha_ws/install/serial:/usr/local/share/YDLIDAR_SDK:/opt/ros/humble LD_LIBRARY_PATH=/home/reveha/reveha_ws/install/serial/lib:${LD_LIBRARY_PATH} /home/reveha/.local/bin/cmake --build /home/reveha/reveha_ws/build/diffdrive_arduino -- -j12 -l12
[0.260s] Invoking command in '/home/reveha/reveha_ws/build/diffdrive_arduino': AMENT_PREFIX_PATH=/home/reveha/reveha_ws/install/serial:${AMENT_PREFIX_PATH} CMAKE_PREFIX_PATH=/home/reveha/reveha_ws/install/serial:/usr/local/share/YDLIDAR_SDK:/opt/ros/humble LD_LIBRARY_PATH=/home/reveha/reveha_ws/install/serial/lib:${LD_LIBRARY_PATH} /home/reveha/.local/bin/cmake --install /home/reveha/reveha_ws/build/diffdrive_arduino
[0.327s] -- Install configuration: ""
[0.329s] -- Execute custom install script
[0.329s] -- Up-to-date symlink: /home/reveha/reveha_ws/install/diffdrive_arduino/share/diffdrive_arduino//robot_hardware.xml
[0.330s] -- Up-to-date symlink: /home/reveha/reveha_ws/install/diffdrive_arduino/share/diffdrive_arduino//fake_robot_hardware.xml
[0.331s] -- Up-to-date symlink: /home/reveha/reveha_ws/install/diffdrive_arduino/lib/libdiffdrive_arduino.so
[0.331s] -- Up-to-date symlink: /home/reveha/reveha_ws/install/diffdrive_arduino/lib/libfake_robot.so
[0.333s] -- Up-to-date symlink: /home/reveha/reveha_ws/install/diffdrive_arduino/share/diffdrive_arduino/controllers/robot_controller_example.yaml
[0.334s] -- Up-to-date symlink: /home/reveha/reveha_ws/install/diffdrive_arduino/share/diffdrive_arduino/__pycache__/test_robot.launch.cpython-310.pyc
[0.334s] -- Up-to-date symlink: /home/reveha/reveha_ws/install/diffdrive_arduino/share/diffdrive_arduino/fake_robot.launch.py
[0.334s] -- Up-to-date symlink: /home/reveha/reveha_ws/install/diffdrive_arduino/share/diffdrive_arduino/test_robot.launch.py
[0.335s] -- Up-to-date symlink: /home/reveha/reveha_ws/install/diffdrive_arduino/share/diffdrive_arduino/environment/library_path.sh
[0.336s] -- Up-to-date symlink: /home/reveha/reveha_ws/install/diffdrive_arduino/share/diffdrive_arduino/environment/library_path.dsv
[0.336s] -- Up-to-date symlink: /home/reveha/reveha_ws/install/diffdrive_arduino/share/ament_index/resource_index/package_run_dependencies/diffdrive_arduino
[0.337s] -- Up-to-date symlink: /home/reveha/reveha_ws/install/diffdrive_arduino/share/ament_index/resource_index/parent_prefix_path/diffdrive_arduino
[0.338s] -- Up-to-date symlink: /home/reveha/reveha_ws/install/diffdrive_arduino/share/diffdrive_arduino/environment/ament_prefix_path.sh
[0.338s] -- Up-to-date symlink: /home/reveha/reveha_ws/install/diffdrive_arduino/share/diffdrive_arduino/environment/ament_prefix_path.dsv
[0.339s] -- Up-to-date symlink: /home/reveha/reveha_ws/install/diffdrive_arduino/share/diffdrive_arduino/environment/path.sh
[0.339s] -- Up-to-date symlink: /home/reveha/reveha_ws/install/diffdrive_arduino/share/diffdrive_arduino/environment/path.dsv
[0.340s] -- Up-to-date symlink: /home/reveha/reveha_ws/install/diffdrive_arduino/share/diffdrive_arduino/local_setup.bash
[0.340s] -- Up-to-date symlink: /home/reveha/reveha_ws/install/diffdrive_arduino/share/diffdrive_arduino/local_setup.sh
[0.341s] -- Up-to-date symlink: /home/reveha/reveha_ws/install/diffdrive_arduino/share/diffdrive_arduino/local_setup.zsh
[0.342s] -- Up-to-date symlink: /home/reveha/reveha_ws/install/diffdrive_arduino/share/diffdrive_arduino/local_setup.dsv
[0.342s] -- Symlinking: /home/reveha/reveha_ws/install/diffdrive_arduino/share/diffdrive_arduino/package.dsv
[0.351s] -- Up-to-date symlink: /home/reveha/reveha_ws/install/diffdrive_arduino/share/ament_index/resource_index/packages/diffdrive_arduino
[0.351s] -- Up-to-date symlink: /home/reveha/reveha_ws/install/diffdrive_arduino/share/ament_index/resource_index/hardware_interface__pluginlib__plugin/diffdrive_arduino
[0.351s] -- Up-to-date symlink: /home/reveha/reveha_ws/install/diffdrive_arduino/share/diffdrive_arduino/cmake/ament_cmake_export_libraries-extras.cmake
[0.352s] -- Up-to-date symlink: /home/reveha/reveha_ws/install/diffdrive_arduino/share/diffdrive_arduino/cmake/ament_cmake_export_dependencies-extras.cmake
[0.352s] -- Up-to-date symlink: /home/reveha/reveha_ws/install/diffdrive_arduino/share/diffdrive_arduino/cmake/diffdrive_arduinoConfig.cmake
[0.352s] -- Up-to-date symlink: /home/reveha/reveha_ws/install/diffdrive_arduino/share/diffdrive_arduino/cmake/diffdrive_arduinoConfig-version.cmake
[0.353s] -- Up-to-date symlink: /home/reveha/reveha_ws/install/diffdrive_arduino/share/diffdrive_arduino/package.xml
[0.369s] Invoked command in '/home/reveha/reveha_ws/build/diffdrive_arduino' returned '0': AMENT_PREFIX_PATH=/home/reveha/reveha_ws/install/serial:${AMENT_PREFIX_PATH} CMAKE_PREFIX_PATH=/home/reveha/reveha_ws/install/serial:/usr/local/share/YDLIDAR_SDK:/opt/ros/humble LD_LIBRARY_PATH=/home/reveha/reveha_ws/install/serial/lib:${LD_LIBRARY_PATH} /home/reveha/.local/bin/cmake --install /home/reveha/reveha_ws/build/diffdrive_arduino
