[0.090s] DEBUG:colcon:Command line arguments: ['/usr/bin/colcon', 'build']
[0.090s] DEBUG:colcon:Parsed command line arguments: Namespace(log_base=None, log_level=None, verb_name='build', build_base='build', install_base='install', merge_install=False, symlink_install=False, test_result_base=None, continue_on_error=False, executor='parallel', parallel_workers=12, event_handlers=None, ignore_user_meta=False, metas=['./colcon.meta'], base_paths=['.'], packages_ignore=None, packages_ignore_regex=None, paths=None, packages_up_to=None, packages_up_to_regex=None, packages_above=None, packages_above_and_dependencies=None, packages_above_depth=None, packages_select_by_dep=None, packages_skip_by_dep=None, packages_skip_up_to=None, packages_select_build_failed=False, packages_skip_build_finished=False, packages_select_test_failures=False, packages_skip_test_passed=False, packages_select=None, packages_skip=None, packages_select_regex=None, packages_skip_regex=None, packages_start=None, packages_end=None, allow_overriding=[], cmake_args=None, cmake_target=None, cmake_target_skip_unavailable=False, cmake_clean_cache=False, cmake_clean_first=False, cmake_force_configure=False, ament_cmake_args=None, catkin_cmake_args=None, catkin_skip_building_tests=False, mixin_files=None, mixin=None, verb_parser=<colcon_mixin.mixin.mixin_argument.MixinArgumentDecorator object at 0x79d593a32ec0>, verb_extension=<colcon_core.verb.build.BuildVerb object at 0x79d593bf0dc0>, main=<bound method BuildVerb.main of <colcon_core.verb.build.BuildVerb object at 0x79d593bf0dc0>>, mixin_verb=('build',))
[0.250s] Level 1:colcon.colcon_core.package_discovery:discover_packages(colcon_meta) check parameters
[0.250s] Level 1:colcon.colcon_core.package_discovery:discover_packages(recursive) check parameters
[0.250s] Level 1:colcon.colcon_core.package_discovery:discover_packages(ignore) check parameters
[0.250s] Level 1:colcon.colcon_core.package_discovery:discover_packages(path) check parameters
[0.251s] Level 1:colcon.colcon_core.package_discovery:discover_packages(colcon_meta) discover
[0.251s] Level 1:colcon.colcon_core.package_discovery:discover_packages(recursive) discover
[0.251s] INFO:colcon.colcon_core.package_discovery:Crawling recursively for packages in '/home/reveha/reveha_ws'
[0.251s] Level 1:colcon.colcon_core.package_identification:_identify(.) by extensions ['ignore', 'ignore_ament_install']
[0.251s] Level 1:colcon.colcon_core.package_identification:_identify(.) by extension 'ignore'
[0.251s] Level 1:colcon.colcon_core.package_identification:_identify(.) by extension 'ignore_ament_install'
[0.251s] Level 1:colcon.colcon_core.package_identification:_identify(.) by extensions ['colcon_pkg']
[0.251s] Level 1:colcon.colcon_core.package_identification:_identify(.) by extension 'colcon_pkg'
[0.251s] Level 1:colcon.colcon_core.package_identification:_identify(.) by extensions ['colcon_meta']
[0.251s] Level 1:colcon.colcon_core.package_identification:_identify(.) by extension 'colcon_meta'
[0.251s] Level 1:colcon.colcon_core.package_identification:_identify(.) by extensions ['ros']
[0.251s] Level 1:colcon.colcon_core.package_identification:_identify(.) by extension 'ros'
[0.271s] Level 1:colcon.colcon_core.package_identification:_identify(.) by extensions ['cmake', 'python']
[0.271s] Level 1:colcon.colcon_core.package_identification:_identify(.) by extension 'cmake'
[0.271s] Level 1:colcon.colcon_core.package_identification:_identify(.) by extension 'python'
[0.271s] Level 1:colcon.colcon_core.package_identification:_identify(.) by extensions ['python_setup_py']
[0.271s] Level 1:colcon.colcon_core.package_identification:_identify(.) by extension 'python_setup_py'
[0.271s] Level 1:colcon.colcon_core.package_identification:_identify(build) by extensions ['ignore', 'ignore_ament_install']
[0.271s] Level 1:colcon.colcon_core.package_identification:_identify(build) by extension 'ignore'
[0.271s] Level 1:colcon.colcon_core.package_identification:_identify(build) ignored
[0.271s] Level 1:colcon.colcon_core.package_identification:_identify(install) by extensions ['ignore', 'ignore_ament_install']
[0.271s] Level 1:colcon.colcon_core.package_identification:_identify(install) by extension 'ignore'
[0.271s] Level 1:colcon.colcon_core.package_identification:_identify(install) ignored
[0.271s] Level 1:colcon.colcon_core.package_identification:_identify(log) by extensions ['ignore', 'ignore_ament_install']
[0.271s] Level 1:colcon.colcon_core.package_identification:_identify(log) by extension 'ignore'
[0.271s] Level 1:colcon.colcon_core.package_identification:_identify(log) ignored
[0.272s] Level 1:colcon.colcon_core.package_identification:_identify(src) by extensions ['ignore', 'ignore_ament_install']
[0.272s] Level 1:colcon.colcon_core.package_identification:_identify(src) by extension 'ignore'
[0.272s] Level 1:colcon.colcon_core.package_identification:_identify(src) by extension 'ignore_ament_install'
[0.272s] Level 1:colcon.colcon_core.package_identification:_identify(src) by extensions ['colcon_pkg']
[0.272s] Level 1:colcon.colcon_core.package_identification:_identify(src) by extension 'colcon_pkg'
[0.272s] Level 1:colcon.colcon_core.package_identification:_identify(src) by extensions ['colcon_meta']
[0.272s] Level 1:colcon.colcon_core.package_identification:_identify(src) by extension 'colcon_meta'
[0.272s] Level 1:colcon.colcon_core.package_identification:_identify(src) by extensions ['ros']
[0.272s] Level 1:colcon.colcon_core.package_identification:_identify(src) by extension 'ros'
[0.272s] Level 1:colcon.colcon_core.package_identification:_identify(src) by extensions ['cmake', 'python']
[0.272s] Level 1:colcon.colcon_core.package_identification:_identify(src) by extension 'cmake'
[0.272s] Level 1:colcon.colcon_core.package_identification:_identify(src) by extension 'python'
[0.272s] Level 1:colcon.colcon_core.package_identification:_identify(src) by extensions ['python_setup_py']
[0.272s] Level 1:colcon.colcon_core.package_identification:_identify(src) by extension 'python_setup_py'
[0.272s] Level 1:colcon.colcon_core.package_identification:_identify(src/articubot_one) by extensions ['ignore', 'ignore_ament_install']
[0.272s] Level 1:colcon.colcon_core.package_identification:_identify(src/articubot_one) by extension 'ignore'
[0.272s] Level 1:colcon.colcon_core.package_identification:_identify(src/articubot_one) by extension 'ignore_ament_install'
[0.272s] Level 1:colcon.colcon_core.package_identification:_identify(src/articubot_one) by extensions ['colcon_pkg']
[0.272s] Level 1:colcon.colcon_core.package_identification:_identify(src/articubot_one) by extension 'colcon_pkg'
[0.272s] Level 1:colcon.colcon_core.package_identification:_identify(src/articubot_one) by extensions ['colcon_meta']
[0.272s] Level 1:colcon.colcon_core.package_identification:_identify(src/articubot_one) by extension 'colcon_meta'
[0.272s] Level 1:colcon.colcon_core.package_identification:_identify(src/articubot_one) by extensions ['ros']
[0.272s] Level 1:colcon.colcon_core.package_identification:_identify(src/articubot_one) by extension 'ros'
[0.274s] DEBUG:colcon.colcon_core.package_identification:Package 'src/articubot_one' with type 'ros.ament_cmake' and name 'articubot_one'
[0.274s] Level 1:colcon.colcon_core.package_identification:_identify(src/ball_tracker) by extensions ['ignore', 'ignore_ament_install']
[0.274s] Level 1:colcon.colcon_core.package_identification:_identify(src/ball_tracker) by extension 'ignore'
[0.275s] Level 1:colcon.colcon_core.package_identification:_identify(src/ball_tracker) by extension 'ignore_ament_install'
[0.275s] Level 1:colcon.colcon_core.package_identification:_identify(src/ball_tracker) by extensions ['colcon_pkg']
[0.275s] Level 1:colcon.colcon_core.package_identification:_identify(src/ball_tracker) by extension 'colcon_pkg'
[0.275s] Level 1:colcon.colcon_core.package_identification:_identify(src/ball_tracker) by extensions ['colcon_meta']
[0.275s] Level 1:colcon.colcon_core.package_identification:_identify(src/ball_tracker) by extension 'colcon_meta'
[0.275s] Level 1:colcon.colcon_core.package_identification:_identify(src/ball_tracker) by extensions ['ros']
[0.275s] Level 1:colcon.colcon_core.package_identification:_identify(src/ball_tracker) by extension 'ros'
[0.276s] DEBUG:colcon.colcon_core.package_identification:Package 'src/ball_tracker' with type 'ros.ament_python' and name 'ball_tracker'
[0.276s] Level 1:colcon.colcon_core.package_identification:_identify(src/build) by extensions ['ignore', 'ignore_ament_install']
[0.276s] Level 1:colcon.colcon_core.package_identification:_identify(src/build) by extension 'ignore'
[0.276s] Level 1:colcon.colcon_core.package_identification:_identify(src/build) ignored
[0.276s] Level 1:colcon.colcon_core.package_identification:_identify(src/diffdrive_arduino) by extensions ['ignore', 'ignore_ament_install']
[0.276s] Level 1:colcon.colcon_core.package_identification:_identify(src/diffdrive_arduino) by extension 'ignore'
[0.276s] Level 1:colcon.colcon_core.package_identification:_identify(src/diffdrive_arduino) by extension 'ignore_ament_install'
[0.276s] Level 1:colcon.colcon_core.package_identification:_identify(src/diffdrive_arduino) by extensions ['colcon_pkg']
[0.276s] Level 1:colcon.colcon_core.package_identification:_identify(src/diffdrive_arduino) by extension 'colcon_pkg'
[0.276s] Level 1:colcon.colcon_core.package_identification:_identify(src/diffdrive_arduino) by extensions ['colcon_meta']
[0.276s] Level 1:colcon.colcon_core.package_identification:_identify(src/diffdrive_arduino) by extension 'colcon_meta'
[0.276s] Level 1:colcon.colcon_core.package_identification:_identify(src/diffdrive_arduino) by extensions ['ros']
[0.276s] Level 1:colcon.colcon_core.package_identification:_identify(src/diffdrive_arduino) by extension 'ros'
[0.277s] DEBUG:colcon.colcon_core.package_identification:Package 'src/diffdrive_arduino' with type 'ros.ament_cmake' and name 'diffdrive_arduino'
[0.277s] Level 1:colcon.colcon_core.package_identification:_identify(src/install) by extensions ['ignore', 'ignore_ament_install']
[0.277s] Level 1:colcon.colcon_core.package_identification:_identify(src/install) by extension 'ignore'
[0.277s] Level 1:colcon.colcon_core.package_identification:_identify(src/install) ignored
[0.277s] Level 1:colcon.colcon_core.package_identification:_identify(src/log) by extensions ['ignore', 'ignore_ament_install']
[0.277s] Level 1:colcon.colcon_core.package_identification:_identify(src/log) by extension 'ignore'
[0.277s] Level 1:colcon.colcon_core.package_identification:_identify(src/log) ignored
[0.277s] Level 1:colcon.colcon_core.package_identification:_identify(src/serial) by extensions ['ignore', 'ignore_ament_install']
[0.277s] Level 1:colcon.colcon_core.package_identification:_identify(src/serial) by extension 'ignore'
[0.277s] Level 1:colcon.colcon_core.package_identification:_identify(src/serial) by extension 'ignore_ament_install'
[0.277s] Level 1:colcon.colcon_core.package_identification:_identify(src/serial) by extensions ['colcon_pkg']
[0.277s] Level 1:colcon.colcon_core.package_identification:_identify(src/serial) by extension 'colcon_pkg'
[0.277s] Level 1:colcon.colcon_core.package_identification:_identify(src/serial) by extensions ['colcon_meta']
[0.277s] Level 1:colcon.colcon_core.package_identification:_identify(src/serial) by extension 'colcon_meta'
[0.277s] Level 1:colcon.colcon_core.package_identification:_identify(src/serial) by extensions ['ros']
[0.278s] Level 1:colcon.colcon_core.package_identification:_identify(src/serial) by extension 'ros'
[0.278s] DEBUG:colcon.colcon_core.package_identification:Package 'src/serial' with type 'ros.ament_cmake' and name 'serial'
[0.278s] Level 1:colcon.colcon_core.package_discovery:discover_packages(recursive) using defaults
[0.278s] Level 1:colcon.colcon_core.package_discovery:discover_packages(ignore) discover
[0.278s] Level 1:colcon.colcon_core.package_discovery:discover_packages(ignore) using defaults
[0.278s] Level 1:colcon.colcon_core.package_discovery:discover_packages(path) discover
[0.278s] Level 1:colcon.colcon_core.package_discovery:discover_packages(path) using defaults
[0.295s] Level 1:colcon.colcon_core.package_discovery:discover_packages(prefix_path) check parameters
[0.295s] Level 1:colcon.colcon_core.package_discovery:discover_packages(prefix_path) discover
[0.297s] DEBUG:colcon.colcon_installed_package_information.package_discovery:Found 312 installed packages in /opt/ros/humble
[0.298s] Level 1:colcon.colcon_core.package_discovery:discover_packages(prefix_path) using defaults
[0.331s] Level 5:colcon.colcon_core.verb:set package 'articubot_one' build argument 'cmake_args' from command line to 'None'
[0.331s] Level 5:colcon.colcon_core.verb:set package 'articubot_one' build argument 'cmake_target' from command line to 'None'
[0.331s] Level 5:colcon.colcon_core.verb:set package 'articubot_one' build argument 'cmake_target_skip_unavailable' from command line to 'False'
[0.331s] Level 5:colcon.colcon_core.verb:set package 'articubot_one' build argument 'cmake_clean_cache' from command line to 'False'
[0.331s] Level 5:colcon.colcon_core.verb:set package 'articubot_one' build argument 'cmake_clean_first' from command line to 'False'
[0.331s] Level 5:colcon.colcon_core.verb:set package 'articubot_one' build argument 'cmake_force_configure' from command line to 'False'
[0.331s] Level 5:colcon.colcon_core.verb:set package 'articubot_one' build argument 'ament_cmake_args' from command line to 'None'
[0.331s] Level 5:colcon.colcon_core.verb:set package 'articubot_one' build argument 'catkin_cmake_args' from command line to 'None'
[0.331s] Level 5:colcon.colcon_core.verb:set package 'articubot_one' build argument 'catkin_skip_building_tests' from command line to 'False'
[0.331s] DEBUG:colcon.colcon_core.verb:Building package 'articubot_one' with the following arguments: {'ament_cmake_args': None, 'build_base': '/home/reveha/reveha_ws/build/articubot_one', 'catkin_cmake_args': None, 'catkin_skip_building_tests': False, 'cmake_args': None, 'cmake_clean_cache': False, 'cmake_clean_first': False, 'cmake_force_configure': False, 'cmake_target': None, 'cmake_target_skip_unavailable': False, 'install_base': '/home/reveha/reveha_ws/install/articubot_one', 'merge_install': False, 'path': '/home/reveha/reveha_ws/src/articubot_one', 'symlink_install': False, 'test_result_base': None}
[0.332s] Level 5:colcon.colcon_core.verb:set package 'ball_tracker' build argument 'cmake_args' from command line to 'None'
[0.332s] Level 5:colcon.colcon_core.verb:set package 'ball_tracker' build argument 'cmake_target' from command line to 'None'
[0.332s] Level 5:colcon.colcon_core.verb:set package 'ball_tracker' build argument 'cmake_target_skip_unavailable' from command line to 'False'
[0.332s] Level 5:colcon.colcon_core.verb:set package 'ball_tracker' build argument 'cmake_clean_cache' from command line to 'False'
[0.332s] Level 5:colcon.colcon_core.verb:set package 'ball_tracker' build argument 'cmake_clean_first' from command line to 'False'
[0.332s] Level 5:colcon.colcon_core.verb:set package 'ball_tracker' build argument 'cmake_force_configure' from command line to 'False'
[0.332s] Level 5:colcon.colcon_core.verb:set package 'ball_tracker' build argument 'ament_cmake_args' from command line to 'None'
[0.332s] Level 5:colcon.colcon_core.verb:set package 'ball_tracker' build argument 'catkin_cmake_args' from command line to 'None'
[0.332s] Level 5:colcon.colcon_core.verb:set package 'ball_tracker' build argument 'catkin_skip_building_tests' from command line to 'False'
[0.332s] DEBUG:colcon.colcon_core.verb:Building package 'ball_tracker' with the following arguments: {'ament_cmake_args': None, 'build_base': '/home/reveha/reveha_ws/build/ball_tracker', 'catkin_cmake_args': None, 'catkin_skip_building_tests': False, 'cmake_args': None, 'cmake_clean_cache': False, 'cmake_clean_first': False, 'cmake_force_configure': False, 'cmake_target': None, 'cmake_target_skip_unavailable': False, 'install_base': '/home/reveha/reveha_ws/install/ball_tracker', 'merge_install': False, 'path': '/home/reveha/reveha_ws/src/ball_tracker', 'symlink_install': False, 'test_result_base': None}
[0.332s] Level 5:colcon.colcon_core.verb:set package 'serial' build argument 'cmake_args' from command line to 'None'
[0.332s] Level 5:colcon.colcon_core.verb:set package 'serial' build argument 'cmake_target' from command line to 'None'
[0.332s] Level 5:colcon.colcon_core.verb:set package 'serial' build argument 'cmake_target_skip_unavailable' from command line to 'False'
[0.332s] Level 5:colcon.colcon_core.verb:set package 'serial' build argument 'cmake_clean_cache' from command line to 'False'
[0.332s] Level 5:colcon.colcon_core.verb:set package 'serial' build argument 'cmake_clean_first' from command line to 'False'
[0.332s] Level 5:colcon.colcon_core.verb:set package 'serial' build argument 'cmake_force_configure' from command line to 'False'
[0.332s] Level 5:colcon.colcon_core.verb:set package 'serial' build argument 'ament_cmake_args' from command line to 'None'
[0.332s] Level 5:colcon.colcon_core.verb:set package 'serial' build argument 'catkin_cmake_args' from command line to 'None'
[0.332s] Level 5:colcon.colcon_core.verb:set package 'serial' build argument 'catkin_skip_building_tests' from command line to 'False'
[0.332s] DEBUG:colcon.colcon_core.verb:Building package 'serial' with the following arguments: {'ament_cmake_args': None, 'build_base': '/home/reveha/reveha_ws/build/serial', 'catkin_cmake_args': None, 'catkin_skip_building_tests': False, 'cmake_args': None, 'cmake_clean_cache': False, 'cmake_clean_first': False, 'cmake_force_configure': False, 'cmake_target': None, 'cmake_target_skip_unavailable': False, 'install_base': '/home/reveha/reveha_ws/install/serial', 'merge_install': False, 'path': '/home/reveha/reveha_ws/src/serial', 'symlink_install': False, 'test_result_base': None}
[0.333s] Level 5:colcon.colcon_core.verb:set package 'diffdrive_arduino' build argument 'cmake_args' from command line to 'None'
[0.333s] Level 5:colcon.colcon_core.verb:set package 'diffdrive_arduino' build argument 'cmake_target' from command line to 'None'
[0.333s] Level 5:colcon.colcon_core.verb:set package 'diffdrive_arduino' build argument 'cmake_target_skip_unavailable' from command line to 'False'
[0.333s] Level 5:colcon.colcon_core.verb:set package 'diffdrive_arduino' build argument 'cmake_clean_cache' from command line to 'False'
[0.333s] Level 5:colcon.colcon_core.verb:set package 'diffdrive_arduino' build argument 'cmake_clean_first' from command line to 'False'
[0.333s] Level 5:colcon.colcon_core.verb:set package 'diffdrive_arduino' build argument 'cmake_force_configure' from command line to 'False'
[0.333s] Level 5:colcon.colcon_core.verb:set package 'diffdrive_arduino' build argument 'ament_cmake_args' from command line to 'None'
[0.333s] Level 5:colcon.colcon_core.verb:set package 'diffdrive_arduino' build argument 'catkin_cmake_args' from command line to 'None'
[0.333s] Level 5:colcon.colcon_core.verb:set package 'diffdrive_arduino' build argument 'catkin_skip_building_tests' from command line to 'False'
[0.333s] DEBUG:colcon.colcon_core.verb:Building package 'diffdrive_arduino' with the following arguments: {'ament_cmake_args': None, 'build_base': '/home/reveha/reveha_ws/build/diffdrive_arduino', 'catkin_cmake_args': None, 'catkin_skip_building_tests': False, 'cmake_args': None, 'cmake_clean_cache': False, 'cmake_clean_first': False, 'cmake_force_configure': False, 'cmake_target': None, 'cmake_target_skip_unavailable': False, 'install_base': '/home/reveha/reveha_ws/install/diffdrive_arduino', 'merge_install': False, 'path': '/home/reveha/reveha_ws/src/diffdrive_arduino', 'symlink_install': False, 'test_result_base': None}
[0.333s] INFO:colcon.colcon_core.executor:Executing jobs using 'parallel' executor
[0.334s] DEBUG:colcon.colcon_parallel_executor.executor.parallel:run_until_complete
[0.334s] INFO:colcon.colcon_ros.task.ament_cmake.build:Building ROS package in '/home/reveha/reveha_ws/src/serial' with build type 'ament_cmake'
[0.334s] INFO:colcon.colcon_cmake.task.cmake.build:Building CMake package in '/home/reveha/reveha_ws/src/serial'
[0.336s] INFO:colcon.colcon_core.plugin_system:Skipping extension 'colcon_core.shell.bat': Not used on non-Windows systems
[0.337s] INFO:colcon.colcon_core.shell:Skip shell extension 'powershell' for command environment: Not usable outside of PowerShell
[0.337s] DEBUG:colcon.colcon_core.shell:Skip shell extension 'dsv' for command environment
[0.340s] INFO:colcon.colcon_ros.task.ament_cmake.build:Building ROS package in '/home/reveha/reveha_ws/src/articubot_one' with build type 'ament_cmake'
[0.340s] INFO:colcon.colcon_cmake.task.cmake.build:Building CMake package in '/home/reveha/reveha_ws/src/articubot_one'
[0.340s] INFO:colcon.colcon_core.shell:Skip shell extension 'powershell' for command environment: Not usable outside of PowerShell
[0.340s] DEBUG:colcon.colcon_core.shell:Skip shell extension 'dsv' for command environment
[0.343s] INFO:colcon.colcon_ros.task.ament_python.build:Building ROS package in '/home/reveha/reveha_ws/src/ball_tracker' with build type 'ament_python'
[0.343s] Level 1:colcon.colcon_core.shell:create_environment_hook('ball_tracker', 'ament_prefix_path')
[0.343s] INFO:colcon.colcon_core.shell:Creating environment hook '/home/reveha/reveha_ws/install/ball_tracker/share/ball_tracker/hook/ament_prefix_path.ps1'
[0.344s] INFO:colcon.colcon_core.shell:Creating environment descriptor '/home/reveha/reveha_ws/install/ball_tracker/share/ball_tracker/hook/ament_prefix_path.dsv'
[0.344s] INFO:colcon.colcon_core.shell:Creating environment hook '/home/reveha/reveha_ws/install/ball_tracker/share/ball_tracker/hook/ament_prefix_path.sh'
[0.345s] INFO:colcon.colcon_core.shell:Skip shell extension 'powershell' for command environment: Not usable outside of PowerShell
[0.345s] DEBUG:colcon.colcon_core.shell:Skip shell extension 'dsv' for command environment
[0.355s] DEBUG:colcon.colcon_core.event_handler.log_command:Invoking command in '/home/reveha/reveha_ws/build/serial': CMAKE_PREFIX_PATH=${CMAKE_PREFIX_PATH}:/opt/ros/humble /home/reveha/.local/bin/cmake --build /home/reveha/reveha_ws/build/serial -- -j12 -l12
[0.358s] DEBUG:colcon.colcon_core.event_handler.log_command:Invoking command in '/home/reveha/reveha_ws/build/articubot_one': CMAKE_PREFIX_PATH=${CMAKE_PREFIX_PATH}:/opt/ros/humble /home/reveha/.local/bin/cmake --build /home/reveha/reveha_ws/build/articubot_one -- -j12 -l12
[0.629s] INFO:colcon.colcon_core.task.python.build:Building Python package in '/home/reveha/reveha_ws/src/ball_tracker'
[0.630s] INFO:colcon.colcon_core.shell:Skip shell extension 'powershell' for command environment: Not usable outside of PowerShell
[0.630s] DEBUG:colcon.colcon_core.shell:Skip shell extension 'dsv' for command environment
[0.638s] DEBUG:colcon.colcon_core.event_handler.log_command:Invoked command in '/home/reveha/reveha_ws/build/articubot_one' returned '0': CMAKE_PREFIX_PATH=${CMAKE_PREFIX_PATH}:/opt/ros/humble /home/reveha/.local/bin/cmake --build /home/reveha/reveha_ws/build/articubot_one -- -j12 -l12
[0.639s] DEBUG:colcon.colcon_core.event_handler.log_command:Invoked command in '/home/reveha/reveha_ws/build/serial' returned '0': CMAKE_PREFIX_PATH=${CMAKE_PREFIX_PATH}:/opt/ros/humble /home/reveha/.local/bin/cmake --build /home/reveha/reveha_ws/build/serial -- -j12 -l12
[0.838s] DEBUG:colcon.colcon_core.event_handler.log_command:Invoking command in '/home/reveha/reveha_ws/build/articubot_one': CMAKE_PREFIX_PATH=${CMAKE_PREFIX_PATH}:/opt/ros/humble /home/reveha/.local/bin/cmake --install /home/reveha/reveha_ws/build/articubot_one
[0.840s] DEBUG:colcon.colcon_core.event_handler.log_command:Invoking command in '/home/reveha/reveha_ws/build/serial': CMAKE_PREFIX_PATH=${CMAKE_PREFIX_PATH}:/opt/ros/humble /home/reveha/.local/bin/cmake --install /home/reveha/reveha_ws/build/serial
[0.926s] Level 1:colcon.colcon_core.environment:create_environment_scripts_only(serial)
[0.927s] DEBUG:colcon.colcon_core.event_handler.log_command:Invoked command in '/home/reveha/reveha_ws/build/serial' returned '0': CMAKE_PREFIX_PATH=${CMAKE_PREFIX_PATH}:/opt/ros/humble /home/reveha/.local/bin/cmake --install /home/reveha/reveha_ws/build/serial
[0.931s] Level 1:colcon.colcon_core.environment:checking '/home/reveha/reveha_ws/install/serial' for CMake module files
[0.932s] Level 1:colcon.colcon_core.environment:checking '/home/reveha/reveha_ws/install/serial' for CMake config files
[0.932s] Level 1:colcon.colcon_core.shell:create_environment_hook('serial', 'cmake_prefix_path')
[0.933s] INFO:colcon.colcon_core.shell:Creating environment hook '/home/reveha/reveha_ws/install/serial/share/serial/hook/cmake_prefix_path.ps1'
[0.933s] INFO:colcon.colcon_core.shell:Creating environment descriptor '/home/reveha/reveha_ws/install/serial/share/serial/hook/cmake_prefix_path.dsv'
[0.934s] INFO:colcon.colcon_core.shell:Creating environment hook '/home/reveha/reveha_ws/install/serial/share/serial/hook/cmake_prefix_path.sh'
[0.936s] Level 1:colcon.colcon_core.environment:checking '/home/reveha/reveha_ws/install/serial/lib'
[0.936s] Level 1:colcon.colcon_core.environment:checking '/home/reveha/reveha_ws/install/serial/bin'
[0.936s] Level 1:colcon.colcon_core.environment:checking '/home/reveha/reveha_ws/install/serial/lib/pkgconfig/serial.pc'
[0.936s] Level 1:colcon.colcon_core.environment:checking '/home/reveha/reveha_ws/install/serial/lib/python3.10/site-packages'
[0.937s] Level 1:colcon.colcon_core.environment:checking '/home/reveha/reveha_ws/install/serial/bin'
[0.937s] INFO:colcon.colcon_core.shell:Creating package script '/home/reveha/reveha_ws/install/serial/share/serial/package.ps1'
[0.939s] INFO:colcon.colcon_core.shell:Creating package descriptor '/home/reveha/reveha_ws/install/serial/share/serial/package.dsv'
[0.940s] INFO:colcon.colcon_core.shell:Creating package script '/home/reveha/reveha_ws/install/serial/share/serial/package.sh'
[0.941s] INFO:colcon.colcon_core.shell:Creating package script '/home/reveha/reveha_ws/install/serial/share/serial/package.bash'
[0.942s] INFO:colcon.colcon_core.shell:Creating package script '/home/reveha/reveha_ws/install/serial/share/serial/package.zsh'
[0.943s] Level 1:colcon.colcon_core.environment:create_file_with_runtime_dependencies(/home/reveha/reveha_ws/install/serial/share/colcon-core/packages/serial)
[0.945s] Level 1:colcon.colcon_core.environment:create_environment_scripts_only(articubot_one)
[0.946s] DEBUG:colcon.colcon_core.event_handler.log_command:Invoked command in '/home/reveha/reveha_ws/build/articubot_one' returned '0': CMAKE_PREFIX_PATH=${CMAKE_PREFIX_PATH}:/opt/ros/humble /home/reveha/.local/bin/cmake --install /home/reveha/reveha_ws/build/articubot_one
[0.946s] Level 1:colcon.colcon_core.environment:checking '/home/reveha/reveha_ws/install/articubot_one' for CMake module files
[0.947s] Level 1:colcon.colcon_core.environment:checking '/home/reveha/reveha_ws/install/articubot_one' for CMake config files
[0.947s] Level 1:colcon.colcon_core.shell:create_environment_hook('articubot_one', 'cmake_prefix_path')
[0.948s] INFO:colcon.colcon_core.shell:Creating environment hook '/home/reveha/reveha_ws/install/articubot_one/share/articubot_one/hook/cmake_prefix_path.ps1'
[0.948s] INFO:colcon.colcon_core.shell:Creating environment descriptor '/home/reveha/reveha_ws/install/articubot_one/share/articubot_one/hook/cmake_prefix_path.dsv'
[0.949s] INFO:colcon.colcon_core.shell:Creating environment hook '/home/reveha/reveha_ws/install/articubot_one/share/articubot_one/hook/cmake_prefix_path.sh'
[0.950s] Level 1:colcon.colcon_core.environment:checking '/home/reveha/reveha_ws/install/articubot_one/bin'
[0.950s] Level 1:colcon.colcon_core.environment:checking '/home/reveha/reveha_ws/install/articubot_one/lib/pkgconfig/articubot_one.pc'
[0.950s] Level 1:colcon.colcon_core.environment:checking '/home/reveha/reveha_ws/install/articubot_one/lib/python3.10/site-packages'
[0.951s] Level 1:colcon.colcon_core.environment:checking '/home/reveha/reveha_ws/install/articubot_one/bin'
[0.951s] INFO:colcon.colcon_core.shell:Creating package script '/home/reveha/reveha_ws/install/articubot_one/share/articubot_one/package.ps1'
[0.952s] INFO:colcon.colcon_core.shell:Creating package descriptor '/home/reveha/reveha_ws/install/articubot_one/share/articubot_one/package.dsv'
[0.953s] INFO:colcon.colcon_core.shell:Creating package script '/home/reveha/reveha_ws/install/articubot_one/share/articubot_one/package.sh'
[0.953s] INFO:colcon.colcon_core.shell:Creating package script '/home/reveha/reveha_ws/install/articubot_one/share/articubot_one/package.bash'
[0.954s] INFO:colcon.colcon_core.shell:Creating package script '/home/reveha/reveha_ws/install/articubot_one/share/articubot_one/package.zsh'
[0.955s] Level 1:colcon.colcon_core.environment:create_file_with_runtime_dependencies(/home/reveha/reveha_ws/install/articubot_one/share/colcon-core/packages/articubot_one)
[0.985s] DEBUG:colcon.colcon_core.event_handler.log_command:Invoking command in '/home/reveha/reveha_ws/src/ball_tracker': PYTHONPATH=/home/reveha/reveha_ws/build/ball_tracker/prefix_override:/home/reveha/reveha_ws/install/ball_tracker/lib/python3.10/site-packages:${PYTHONPATH} /usr/bin/python3 -W ignore:setup.py install is deprecated setup.py egg_info --egg-base ../../build/ball_tracker build --build-base /home/reveha/reveha_ws/build/ball_tracker/build install --record /home/reveha/reveha_ws/build/ball_tracker/install.log --install-scripts $base/lib/ball_tracker --single-version-externally-managed install_data
[1.056s] Level 1:colcon.colcon_core.environment:create_environment_scripts_only(articubot_one)
[1.056s] Level 1:colcon.colcon_core.environment:checking '/home/reveha/reveha_ws/install/articubot_one' for CMake module files
[1.057s] Level 1:colcon.colcon_core.environment:checking '/home/reveha/reveha_ws/install/articubot_one' for CMake config files
[1.057s] Level 1:colcon.colcon_core.shell:create_environment_hook('articubot_one', 'cmake_prefix_path')
[1.057s] INFO:colcon.colcon_core.shell:Creating environment hook '/home/reveha/reveha_ws/install/articubot_one/share/articubot_one/hook/cmake_prefix_path.ps1'
[1.058s] INFO:colcon.colcon_core.shell:Creating environment descriptor '/home/reveha/reveha_ws/install/articubot_one/share/articubot_one/hook/cmake_prefix_path.dsv'
[1.058s] INFO:colcon.colcon_core.shell:Creating environment hook '/home/reveha/reveha_ws/install/articubot_one/share/articubot_one/hook/cmake_prefix_path.sh'
[1.059s] Level 1:colcon.colcon_core.environment:checking '/home/reveha/reveha_ws/install/articubot_one/bin'
[1.059s] Level 1:colcon.colcon_core.environment:checking '/home/reveha/reveha_ws/install/articubot_one/lib/pkgconfig/articubot_one.pc'
[1.059s] Level 1:colcon.colcon_core.environment:checking '/home/reveha/reveha_ws/install/articubot_one/lib/python3.10/site-packages'
[1.059s] Level 1:colcon.colcon_core.environment:checking '/home/reveha/reveha_ws/install/articubot_one/bin'
[1.059s] INFO:colcon.colcon_core.shell:Creating package script '/home/reveha/reveha_ws/install/articubot_one/share/articubot_one/package.ps1'
[1.060s] INFO:colcon.colcon_core.shell:Creating package descriptor '/home/reveha/reveha_ws/install/articubot_one/share/articubot_one/package.dsv'
[1.061s] INFO:colcon.colcon_core.shell:Creating package script '/home/reveha/reveha_ws/install/articubot_one/share/articubot_one/package.sh'
[1.061s] INFO:colcon.colcon_core.shell:Creating package script '/home/reveha/reveha_ws/install/articubot_one/share/articubot_one/package.bash'
[1.062s] INFO:colcon.colcon_core.shell:Creating package script '/home/reveha/reveha_ws/install/articubot_one/share/articubot_one/package.zsh'
[1.062s] Level 1:colcon.colcon_core.environment:create_file_with_runtime_dependencies(/home/reveha/reveha_ws/install/articubot_one/share/colcon-core/packages/articubot_one)
[1.074s] Level 1:colcon.colcon_core.environment:create_environment_scripts_only(serial)
[1.074s] Level 1:colcon.colcon_core.environment:checking '/home/reveha/reveha_ws/install/serial' for CMake module files
[1.075s] Level 1:colcon.colcon_core.environment:checking '/home/reveha/reveha_ws/install/serial' for CMake config files
[1.075s] Level 1:colcon.colcon_core.shell:create_environment_hook('serial', 'cmake_prefix_path')
[1.075s] INFO:colcon.colcon_core.shell:Creating environment hook '/home/reveha/reveha_ws/install/serial/share/serial/hook/cmake_prefix_path.ps1'
[1.076s] INFO:colcon.colcon_core.shell:Creating environment descriptor '/home/reveha/reveha_ws/install/serial/share/serial/hook/cmake_prefix_path.dsv'
[1.076s] INFO:colcon.colcon_core.shell:Creating environment hook '/home/reveha/reveha_ws/install/serial/share/serial/hook/cmake_prefix_path.sh'
[1.076s] Level 1:colcon.colcon_core.environment:checking '/home/reveha/reveha_ws/install/serial/lib'
[1.076s] Level 1:colcon.colcon_core.environment:checking '/home/reveha/reveha_ws/install/serial/bin'
[1.076s] Level 1:colcon.colcon_core.environment:checking '/home/reveha/reveha_ws/install/serial/lib/pkgconfig/serial.pc'
[1.076s] Level 1:colcon.colcon_core.environment:checking '/home/reveha/reveha_ws/install/serial/lib/python3.10/site-packages'
[1.077s] Level 1:colcon.colcon_core.environment:checking '/home/reveha/reveha_ws/install/serial/bin'
[1.077s] INFO:colcon.colcon_core.shell:Creating package script '/home/reveha/reveha_ws/install/serial/share/serial/package.ps1'
[1.077s] INFO:colcon.colcon_core.shell:Creating package descriptor '/home/reveha/reveha_ws/install/serial/share/serial/package.dsv'
[1.078s] INFO:colcon.colcon_core.shell:Creating package script '/home/reveha/reveha_ws/install/serial/share/serial/package.sh'
[1.078s] INFO:colcon.colcon_core.shell:Creating package script '/home/reveha/reveha_ws/install/serial/share/serial/package.bash'
[1.078s] INFO:colcon.colcon_core.shell:Creating package script '/home/reveha/reveha_ws/install/serial/share/serial/package.zsh'
[1.078s] Level 1:colcon.colcon_core.environment:create_file_with_runtime_dependencies(/home/reveha/reveha_ws/install/serial/share/colcon-core/packages/serial)
[1.079s] INFO:colcon.colcon_ros.task.ament_cmake.build:Building ROS package in '/home/reveha/reveha_ws/src/diffdrive_arduino' with build type 'ament_cmake'
[1.079s] INFO:colcon.colcon_cmake.task.cmake.build:Building CMake package in '/home/reveha/reveha_ws/src/diffdrive_arduino'
[1.079s] INFO:colcon.colcon_core.shell:Skip shell extension 'powershell' for command environment: Not usable outside of PowerShell
[1.079s] DEBUG:colcon.colcon_core.shell:Skip shell extension 'dsv' for command environment
[1.091s] DEBUG:colcon.colcon_core.event_handler.log_command:Invoking command in '/home/reveha/reveha_ws/build/diffdrive_arduino': AMENT_PREFIX_PATH=/home/reveha/reveha_ws/install/serial:${AMENT_PREFIX_PATH} CMAKE_PREFIX_PATH=/home/reveha/reveha_ws/install/serial:/usr/local/share/YDLIDAR_SDK:/opt/ros/humble LD_LIBRARY_PATH=/home/reveha/reveha_ws/install/serial/lib:${LD_LIBRARY_PATH} /home/reveha/.local/bin/cmake --build /home/reveha/reveha_ws/build/diffdrive_arduino -- -j12 -l12
[1.237s] DEBUG:colcon.colcon_core.event_handler.log_command:Invoked command in '/home/reveha/reveha_ws/build/diffdrive_arduino' returned '0': AMENT_PREFIX_PATH=/home/reveha/reveha_ws/install/serial:${AMENT_PREFIX_PATH} CMAKE_PREFIX_PATH=/home/reveha/reveha_ws/install/serial:/usr/local/share/YDLIDAR_SDK:/opt/ros/humble LD_LIBRARY_PATH=/home/reveha/reveha_ws/install/serial/lib:${LD_LIBRARY_PATH} /home/reveha/.local/bin/cmake --build /home/reveha/reveha_ws/build/diffdrive_arduino -- -j12 -l12
[1.264s] Level 1:colcon.colcon_core.environment:checking '/home/reveha/reveha_ws/install/ball_tracker' for CMake module files
[1.265s] DEBUG:colcon.colcon_core.event_handler.log_command:Invoked command in '/home/reveha/reveha_ws/src/ball_tracker' returned '0': PYTHONPATH=/home/reveha/reveha_ws/build/ball_tracker/prefix_override:/home/reveha/reveha_ws/install/ball_tracker/lib/python3.10/site-packages:${PYTHONPATH} /usr/bin/python3 -W ignore:setup.py install is deprecated setup.py egg_info --egg-base ../../build/ball_tracker build --build-base /home/reveha/reveha_ws/build/ball_tracker/build install --record /home/reveha/reveha_ws/build/ball_tracker/install.log --install-scripts $base/lib/ball_tracker --single-version-externally-managed install_data
[1.265s] Level 1:colcon.colcon_core.environment:checking '/home/reveha/reveha_ws/install/ball_tracker' for CMake config files
[1.265s] Level 1:colcon.colcon_core.environment:checking '/home/reveha/reveha_ws/install/ball_tracker/lib'
[1.266s] Level 1:colcon.colcon_core.environment:checking '/home/reveha/reveha_ws/install/ball_tracker/bin'
[1.266s] Level 1:colcon.colcon_core.environment:checking '/home/reveha/reveha_ws/install/ball_tracker/lib/pkgconfig/ball_tracker.pc'
[1.266s] Level 1:colcon.colcon_core.environment:checking '/home/reveha/reveha_ws/install/ball_tracker/lib/python3.10/site-packages'
[1.266s] Level 1:colcon.colcon_core.shell:create_environment_hook('ball_tracker', 'pythonpath')
[1.266s] INFO:colcon.colcon_core.shell:Creating environment hook '/home/reveha/reveha_ws/install/ball_tracker/share/ball_tracker/hook/pythonpath.ps1'
[1.266s] INFO:colcon.colcon_core.shell:Creating environment descriptor '/home/reveha/reveha_ws/install/ball_tracker/share/ball_tracker/hook/pythonpath.dsv'
[1.267s] INFO:colcon.colcon_core.shell:Creating environment hook '/home/reveha/reveha_ws/install/ball_tracker/share/ball_tracker/hook/pythonpath.sh'
[1.267s] Level 1:colcon.colcon_core.environment:checking '/home/reveha/reveha_ws/install/ball_tracker/bin'
[1.267s] Level 1:colcon.colcon_core.environment:create_environment_scripts_only(ball_tracker)
[1.268s] INFO:colcon.colcon_core.shell:Creating package script '/home/reveha/reveha_ws/install/ball_tracker/share/ball_tracker/package.ps1'
[1.268s] INFO:colcon.colcon_core.shell:Creating package descriptor '/home/reveha/reveha_ws/install/ball_tracker/share/ball_tracker/package.dsv'
[1.268s] INFO:colcon.colcon_core.shell:Creating package script '/home/reveha/reveha_ws/install/ball_tracker/share/ball_tracker/package.sh'
[1.269s] INFO:colcon.colcon_core.shell:Creating package script '/home/reveha/reveha_ws/install/ball_tracker/share/ball_tracker/package.bash'
[1.269s] INFO:colcon.colcon_core.shell:Creating package script '/home/reveha/reveha_ws/install/ball_tracker/share/ball_tracker/package.zsh'
[1.269s] Level 1:colcon.colcon_core.environment:create_file_with_runtime_dependencies(/home/reveha/reveha_ws/install/ball_tracker/share/colcon-core/packages/ball_tracker)
[1.340s] DEBUG:colcon.colcon_core.event_handler.log_command:Invoking command in '/home/reveha/reveha_ws/build/diffdrive_arduino': AMENT_PREFIX_PATH=/home/reveha/reveha_ws/install/serial:${AMENT_PREFIX_PATH} CMAKE_PREFIX_PATH=/home/reveha/reveha_ws/install/serial:/usr/local/share/YDLIDAR_SDK:/opt/ros/humble LD_LIBRARY_PATH=/home/reveha/reveha_ws/install/serial/lib:${LD_LIBRARY_PATH} /home/reveha/.local/bin/cmake --install /home/reveha/reveha_ws/build/diffdrive_arduino
[1.425s] Level 1:colcon.colcon_core.environment:create_environment_scripts_only(diffdrive_arduino)
[1.426s] Level 1:colcon.colcon_core.environment:checking '/home/reveha/reveha_ws/install/diffdrive_arduino' for CMake module files
[1.426s] DEBUG:colcon.colcon_core.event_handler.log_command:Invoked command in '/home/reveha/reveha_ws/build/diffdrive_arduino' returned '0': AMENT_PREFIX_PATH=/home/reveha/reveha_ws/install/serial:${AMENT_PREFIX_PATH} CMAKE_PREFIX_PATH=/home/reveha/reveha_ws/install/serial:/usr/local/share/YDLIDAR_SDK:/opt/ros/humble LD_LIBRARY_PATH=/home/reveha/reveha_ws/install/serial/lib:${LD_LIBRARY_PATH} /home/reveha/.local/bin/cmake --install /home/reveha/reveha_ws/build/diffdrive_arduino
[1.427s] Level 1:colcon.colcon_core.environment:checking '/home/reveha/reveha_ws/install/diffdrive_arduino' for CMake config files
[1.427s] Level 1:colcon.colcon_core.shell:create_environment_hook('diffdrive_arduino', 'cmake_prefix_path')
[1.428s] INFO:colcon.colcon_core.shell:Creating environment hook '/home/reveha/reveha_ws/install/diffdrive_arduino/share/diffdrive_arduino/hook/cmake_prefix_path.ps1'
[1.428s] INFO:colcon.colcon_core.shell:Creating environment descriptor '/home/reveha/reveha_ws/install/diffdrive_arduino/share/diffdrive_arduino/hook/cmake_prefix_path.dsv'
[1.429s] INFO:colcon.colcon_core.shell:Creating environment hook '/home/reveha/reveha_ws/install/diffdrive_arduino/share/diffdrive_arduino/hook/cmake_prefix_path.sh'
[1.430s] Level 1:colcon.colcon_core.environment:checking '/home/reveha/reveha_ws/install/diffdrive_arduino/lib'
[1.430s] Level 1:colcon.colcon_core.shell:create_environment_hook('diffdrive_arduino', 'ld_library_path_lib')
[1.430s] INFO:colcon.colcon_core.shell:Creating environment hook '/home/reveha/reveha_ws/install/diffdrive_arduino/share/diffdrive_arduino/hook/ld_library_path_lib.ps1'
[1.431s] INFO:colcon.colcon_core.shell:Creating environment descriptor '/home/reveha/reveha_ws/install/diffdrive_arduino/share/diffdrive_arduino/hook/ld_library_path_lib.dsv'
[1.431s] INFO:colcon.colcon_core.shell:Creating environment hook '/home/reveha/reveha_ws/install/diffdrive_arduino/share/diffdrive_arduino/hook/ld_library_path_lib.sh'
[1.432s] Level 1:colcon.colcon_core.environment:checking '/home/reveha/reveha_ws/install/diffdrive_arduino/bin'
[1.432s] Level 1:colcon.colcon_core.environment:checking '/home/reveha/reveha_ws/install/diffdrive_arduino/lib/pkgconfig/diffdrive_arduino.pc'
[1.433s] Level 1:colcon.colcon_core.environment:checking '/home/reveha/reveha_ws/install/diffdrive_arduino/lib/python3.10/site-packages'
[1.433s] Level 1:colcon.colcon_core.environment:checking '/home/reveha/reveha_ws/install/diffdrive_arduino/bin'
[1.434s] INFO:colcon.colcon_core.shell:Creating package script '/home/reveha/reveha_ws/install/diffdrive_arduino/share/diffdrive_arduino/package.ps1'
[1.435s] INFO:colcon.colcon_core.shell:Creating package descriptor '/home/reveha/reveha_ws/install/diffdrive_arduino/share/diffdrive_arduino/package.dsv'
[1.436s] INFO:colcon.colcon_core.shell:Creating package script '/home/reveha/reveha_ws/install/diffdrive_arduino/share/diffdrive_arduino/package.sh'
[1.436s] INFO:colcon.colcon_core.shell:Creating package script '/home/reveha/reveha_ws/install/diffdrive_arduino/share/diffdrive_arduino/package.bash'
[1.437s] INFO:colcon.colcon_core.shell:Creating package script '/home/reveha/reveha_ws/install/diffdrive_arduino/share/diffdrive_arduino/package.zsh'
[1.437s] Level 1:colcon.colcon_core.environment:create_file_with_runtime_dependencies(/home/reveha/reveha_ws/install/diffdrive_arduino/share/colcon-core/packages/diffdrive_arduino)
[1.568s] Level 1:colcon.colcon_core.environment:create_environment_scripts_only(diffdrive_arduino)
[1.568s] Level 1:colcon.colcon_core.environment:checking '/home/reveha/reveha_ws/install/diffdrive_arduino' for CMake module files
[1.569s] Level 1:colcon.colcon_core.environment:checking '/home/reveha/reveha_ws/install/diffdrive_arduino' for CMake config files
[1.570s] Level 1:colcon.colcon_core.shell:create_environment_hook('diffdrive_arduino', 'cmake_prefix_path')
[1.570s] INFO:colcon.colcon_core.shell:Creating environment hook '/home/reveha/reveha_ws/install/diffdrive_arduino/share/diffdrive_arduino/hook/cmake_prefix_path.ps1'
[1.571s] INFO:colcon.colcon_core.shell:Creating environment descriptor '/home/reveha/reveha_ws/install/diffdrive_arduino/share/diffdrive_arduino/hook/cmake_prefix_path.dsv'
[1.571s] INFO:colcon.colcon_core.shell:Creating environment hook '/home/reveha/reveha_ws/install/diffdrive_arduino/share/diffdrive_arduino/hook/cmake_prefix_path.sh'
[1.572s] Level 1:colcon.colcon_core.environment:checking '/home/reveha/reveha_ws/install/diffdrive_arduino/lib'
[1.572s] Level 1:colcon.colcon_core.shell:create_environment_hook('diffdrive_arduino', 'ld_library_path_lib')
[1.573s] INFO:colcon.colcon_core.shell:Creating environment hook '/home/reveha/reveha_ws/install/diffdrive_arduino/share/diffdrive_arduino/hook/ld_library_path_lib.ps1'
[1.573s] INFO:colcon.colcon_core.shell:Creating environment descriptor '/home/reveha/reveha_ws/install/diffdrive_arduino/share/diffdrive_arduino/hook/ld_library_path_lib.dsv'
[1.574s] INFO:colcon.colcon_core.shell:Creating environment hook '/home/reveha/reveha_ws/install/diffdrive_arduino/share/diffdrive_arduino/hook/ld_library_path_lib.sh'
[1.575s] Level 1:colcon.colcon_core.environment:checking '/home/reveha/reveha_ws/install/diffdrive_arduino/bin'
[1.575s] Level 1:colcon.colcon_core.environment:checking '/home/reveha/reveha_ws/install/diffdrive_arduino/lib/pkgconfig/diffdrive_arduino.pc'
[1.575s] Level 1:colcon.colcon_core.environment:checking '/home/reveha/reveha_ws/install/diffdrive_arduino/lib/python3.10/site-packages'
[1.576s] Level 1:colcon.colcon_core.environment:checking '/home/reveha/reveha_ws/install/diffdrive_arduino/bin'
[1.577s] INFO:colcon.colcon_core.shell:Creating package script '/home/reveha/reveha_ws/install/diffdrive_arduino/share/diffdrive_arduino/package.ps1'
[1.577s] INFO:colcon.colcon_core.shell:Creating package descriptor '/home/reveha/reveha_ws/install/diffdrive_arduino/share/diffdrive_arduino/package.dsv'
[1.578s] INFO:colcon.colcon_core.shell:Creating package script '/home/reveha/reveha_ws/install/diffdrive_arduino/share/diffdrive_arduino/package.sh'
[1.579s] INFO:colcon.colcon_core.shell:Creating package script '/home/reveha/reveha_ws/install/diffdrive_arduino/share/diffdrive_arduino/package.bash'
[1.580s] INFO:colcon.colcon_core.shell:Creating package script '/home/reveha/reveha_ws/install/diffdrive_arduino/share/diffdrive_arduino/package.zsh'
[1.581s] Level 1:colcon.colcon_core.environment:create_file_with_runtime_dependencies(/home/reveha/reveha_ws/install/diffdrive_arduino/share/colcon-core/packages/diffdrive_arduino)
[1.581s] DEBUG:colcon.colcon_parallel_executor.executor.parallel:closing loop
[1.582s] DEBUG:colcon.colcon_parallel_executor.executor.parallel:loop closed
[1.582s] DEBUG:colcon.colcon_parallel_executor.executor.parallel:run_until_complete finished with '0'
[1.582s] DEBUG:colcon.colcon_core.event_reactor:joining thread
[1.587s] INFO:colcon.colcon_core.plugin_system:Skipping extension 'colcon_notification.desktop_notification.terminal_notifier': Not used on non-Darwin systems
[1.587s] INFO:colcon.colcon_core.plugin_system:Skipping extension 'colcon_notification.desktop_notification.win32': Not used on non-Windows systems
[1.587s] INFO:colcon.colcon_notification.desktop_notification:Sending desktop notification using 'notify2'
[1.611s] DEBUG:colcon.colcon_core.event_reactor:joined thread
[1.611s] INFO:colcon.colcon_core.shell:Creating prefix script '/home/reveha/reveha_ws/install/local_setup.ps1'
[1.613s] INFO:colcon.colcon_core.shell:Creating prefix util module '/home/reveha/reveha_ws/install/_local_setup_util_ps1.py'
[1.615s] INFO:colcon.colcon_core.shell:Creating prefix chain script '/home/reveha/reveha_ws/install/setup.ps1'
[1.616s] INFO:colcon.colcon_core.shell:Creating prefix script '/home/reveha/reveha_ws/install/local_setup.sh'
[1.617s] INFO:colcon.colcon_core.shell:Creating prefix util module '/home/reveha/reveha_ws/install/_local_setup_util_sh.py'
[1.618s] INFO:colcon.colcon_core.shell:Creating prefix chain script '/home/reveha/reveha_ws/install/setup.sh'
[1.620s] INFO:colcon.colcon_core.shell:Creating prefix script '/home/reveha/reveha_ws/install/local_setup.bash'
[1.620s] INFO:colcon.colcon_core.shell:Creating prefix chain script '/home/reveha/reveha_ws/install/setup.bash'
[1.622s] INFO:colcon.colcon_core.shell:Creating prefix script '/home/reveha/reveha_ws/install/local_setup.zsh'
[1.623s] INFO:colcon.colcon_core.shell:Creating prefix chain script '/home/reveha/reveha_ws/install/setup.zsh'
