[0.025s] Invoking command in '/home/cagla/dev_ws/src/build/articubot_one': CMAKE_PREFIX_PATH=${CMAKE_PREFIX_PATH}:/home/cagla/new_ws/install/serial_motor_demo:/home/cagla/new_ws/install/serial_motor_demo_msgs:/opt/ros/humble /usr/bin/cmake /home/cagla/dev_ws/src/articubot_one -DCMAKE_INSTALL_PREFIX=/home/cagla/dev_ws/src/install/articubot_one
[0.227s] -- The C compiler identification is GNU 11.4.0
[0.394s] -- The CXX compiler identification is GNU 11.4.0
[0.412s] -- Detecting C compiler ABI info
[0.562s] -- Detecting C compiler ABI info - done
[0.584s] -- Check for working C compiler: /usr/bin/cc - skipped
[0.586s] -- Detecting C compile features
[0.587s] -- Detecting C compile features - done
[0.596s] -- Detecting CXX compiler ABI info
[0.792s] -- Detecting CXX compiler ABI info - done
[0.801s] -- Check for working CXX compiler: /usr/bin/c++ - skipped
[0.801s] -- Detecting CXX compile features
[0.802s] -- Detecting CXX compile features - done
[0.815s] -- Found ament_cmake: 1.3.8 (/opt/ros/humble/share/ament_cmake/cmake)
[1.075s] -- Found Python3: /usr/bin/python3 (found version "3.10.12") found components: Interpreter 
[1.271s] -- Found ament_lint_auto: 0.12.10 (/opt/ros/humble/share/ament_lint_auto/cmake)
[1.450s] -- Added test 'copyright' to check source files copyright and LICENSE
[1.466s] -- Added test 'flake8' to check Python code syntax and style conventions
[1.470s] -- Added test 'lint_cmake' to check CMake code style
[1.473s] -- Added test 'pep257' to check Python code against some of the docstring style conventions in PEP 257
[1.481s] -- Added test 'xmllint' to check XML markup files
[1.485s] -- Configuring done
[1.490s] -- Generating done
[1.491s] -- Build files have been written to: /home/cagla/dev_ws/src/build/articubot_one
[1.497s] Invoked command in '/home/cagla/dev_ws/src/build/articubot_one' returned '0': CMAKE_PREFIX_PATH=${CMAKE_PREFIX_PATH}:/home/cagla/new_ws/install/serial_motor_demo:/home/cagla/new_ws/install/serial_motor_demo_msgs:/opt/ros/humble /usr/bin/cmake /home/cagla/dev_ws/src/articubot_one -DCMAKE_INSTALL_PREFIX=/home/cagla/dev_ws/src/install/articubot_one
[1.502s] Invoking command in '/home/cagla/dev_ws/src/build/articubot_one': CMAKE_PREFIX_PATH=${CMAKE_PREFIX_PATH}:/home/cagla/new_ws/install/serial_motor_demo:/home/cagla/new_ws/install/serial_motor_demo_msgs:/opt/ros/humble /usr/bin/cmake --build /home/cagla/dev_ws/src/build/articubot_one -- -j8 -l8
[1.573s] Invoked command in '/home/cagla/dev_ws/src/build/articubot_one' returned '0': CMAKE_PREFIX_PATH=${CMAKE_PREFIX_PATH}:/home/cagla/new_ws/install/serial_motor_demo:/home/cagla/new_ws/install/serial_motor_demo_msgs:/opt/ros/humble /usr/bin/cmake --build /home/cagla/dev_ws/src/build/articubot_one -- -j8 -l8
[1.645s] Invoking command in '/home/cagla/dev_ws/src/build/articubot_one': CMAKE_PREFIX_PATH=${CMAKE_PREFIX_PATH}:/home/cagla/new_ws/install/serial_motor_demo:/home/cagla/new_ws/install/serial_motor_demo_msgs:/opt/ros/humble /usr/bin/cmake --install /home/cagla/dev_ws/src/build/articubot_one
[1.660s] -- Install configuration: ""
[1.660s] -- Installing: /home/cagla/dev_ws/src/install/articubot_one/share/articubot_one/config
[1.660s] -- Installing: /home/cagla/dev_ws/src/install/articubot_one/share/articubot_one/config/gaz_ros2_ctl_use_sim.yaml
[1.660s] -- Installing: /home/cagla/dev_ws/src/install/articubot_one/share/articubot_one/config/twist_mux.yaml
[1.660s] -- Installing: /home/cagla/dev_ws/src/install/articubot_one/share/articubot_one/config/mapper_params_online_async.yaml
[1.661s] -- Installing: /home/cagla/dev_ws/src/install/articubot_one/share/articubot_one/config/drive_bot.rviz
[1.661s] -- Installing: /home/cagla/dev_ws/src/install/articubot_one/share/articubot_one/config/map.rviz
[1.661s] -- Installing: /home/cagla/dev_ws/src/install/articubot_one/share/articubot_one/config/main.rviz
[1.662s] -- Installing: /home/cagla/dev_ws/src/install/articubot_one/share/articubot_one/config/gazebo_params.yaml
[1.662s] -- Installing: /home/cagla/dev_ws/src/install/articubot_one/share/articubot_one/config/joystick.yaml
[1.662s] -- Installing: /home/cagla/dev_ws/src/install/articubot_one/share/articubot_one/config/ball_tracker_params_sim.yaml
[1.662s] -- Installing: /home/cagla/dev_ws/src/install/articubot_one/share/articubot_one/config/my_controllers.yaml
[1.662s] -- Installing: /home/cagla/dev_ws/src/install/articubot_one/share/articubot_one/config/empty.yaml
[1.662s] -- Installing: /home/cagla/dev_ws/src/install/articubot_one/share/articubot_one/config/view_bot.rviz
[1.662s] -- Installing: /home/cagla/dev_ws/src/install/articubot_one/share/articubot_one/config/ball_tracker_params_robot.yaml
[1.663s] -- Installing: /home/cagla/dev_ws/src/install/articubot_one/share/articubot_one/config/nav2_params.yaml
[1.663s] -- Installing: /home/cagla/dev_ws/src/install/articubot_one/share/articubot_one/description
[1.663s] -- Installing: /home/cagla/dev_ws/src/install/articubot_one/share/articubot_one/description/robot_core.xacro
[1.663s] -- Installing: /home/cagla/dev_ws/src/install/articubot_one/share/articubot_one/description/face.xacro
[1.663s] -- Installing: /home/cagla/dev_ws/src/install/articubot_one/share/articubot_one/description/ros2_control.xacro
[1.663s] -- Installing: /home/cagla/dev_ws/src/install/articubot_one/share/articubot_one/description/depth_camera.xacro
[1.664s] -- Installing: /home/cagla/dev_ws/src/install/articubot_one/share/articubot_one/description/camera.xacro
[1.664s] -- Installing: /home/cagla/dev_ws/src/install/articubot_one/share/articubot_one/description/lidar.xacro
[1.664s] -- Installing: /home/cagla/dev_ws/src/install/articubot_one/share/articubot_one/description/inertial_macros.xacro
[1.664s] -- Installing: /home/cagla/dev_ws/src/install/articubot_one/share/articubot_one/description/robot.urdf.xacro
[1.664s] -- Installing: /home/cagla/dev_ws/src/install/articubot_one/share/articubot_one/description/gazebo_control.xacro
[1.664s] -- Installing: /home/cagla/dev_ws/src/install/articubot_one/share/articubot_one/launch
[1.664s] -- Installing: /home/cagla/dev_ws/src/install/articubot_one/share/articubot_one/launch/online_async_launch.py
[1.665s] -- Installing: /home/cagla/dev_ws/src/install/articubot_one/share/articubot_one/launch/ball_tracker.launch.py
[1.665s] -- Installing: /home/cagla/dev_ws/src/install/articubot_one/share/articubot_one/launch/localization_launch.py
[1.665s] -- Installing: /home/cagla/dev_ws/src/install/articubot_one/share/articubot_one/launch/rsp.launch.py
[1.665s] -- Installing: /home/cagla/dev_ws/src/install/articubot_one/share/articubot_one/launch/navigation_launch.py
[1.665s] -- Installing: /home/cagla/dev_ws/src/install/articubot_one/share/articubot_one/launch/camera.launch.py
[1.665s] -- Installing: /home/cagla/dev_ws/src/install/articubot_one/share/articubot_one/launch/rplidar.launch.py
[1.665s] -- Installing: /home/cagla/dev_ws/src/install/articubot_one/share/articubot_one/launch/launch_sim.launch.py
[1.666s] -- Installing: /home/cagla/dev_ws/src/install/articubot_one/share/articubot_one/launch/launch_robot.launch.py
[1.666s] -- Installing: /home/cagla/dev_ws/src/install/articubot_one/share/articubot_one/launch/joystick.launch.py
[1.666s] -- Installing: /home/cagla/dev_ws/src/install/articubot_one/share/articubot_one/worlds
[1.666s] -- Installing: /home/cagla/dev_ws/src/install/articubot_one/share/articubot_one/worlds/obstacles.world
[1.666s] -- Installing: /home/cagla/dev_ws/src/install/articubot_one/share/articubot_one/worlds/empty.world
[1.666s] -- Installing: /home/cagla/dev_ws/src/install/articubot_one/share/ament_index/resource_index/package_run_dependencies/articubot_one
[1.667s] -- Installing: /home/cagla/dev_ws/src/install/articubot_one/share/ament_index/resource_index/parent_prefix_path/articubot_one
[1.667s] -- Installing: /home/cagla/dev_ws/src/install/articubot_one/share/articubot_one/environment/ament_prefix_path.sh
[1.667s] -- Installing: /home/cagla/dev_ws/src/install/articubot_one/share/articubot_one/environment/ament_prefix_path.dsv
[1.667s] -- Installing: /home/cagla/dev_ws/src/install/articubot_one/share/articubot_one/environment/path.sh
[1.667s] -- Installing: /home/cagla/dev_ws/src/install/articubot_one/share/articubot_one/environment/path.dsv
[1.668s] -- Installing: /home/cagla/dev_ws/src/install/articubot_one/share/articubot_one/local_setup.bash
[1.668s] -- Installing: /home/cagla/dev_ws/src/install/articubot_one/share/articubot_one/local_setup.sh
[1.668s] -- Installing: /home/cagla/dev_ws/src/install/articubot_one/share/articubot_one/local_setup.zsh
[1.668s] -- Installing: /home/cagla/dev_ws/src/install/articubot_one/share/articubot_one/local_setup.dsv
[1.668s] -- Installing: /home/cagla/dev_ws/src/install/articubot_one/share/articubot_one/package.dsv
[1.669s] -- Installing: /home/cagla/dev_ws/src/install/articubot_one/share/ament_index/resource_index/packages/articubot_one
[1.669s] -- Installing: /home/cagla/dev_ws/src/install/articubot_one/share/articubot_one/cmake/articubot_oneConfig.cmake
[1.669s] -- Installing: /home/cagla/dev_ws/src/install/articubot_one/share/articubot_one/cmake/articubot_oneConfig-version.cmake
[1.669s] -- Installing: /home/cagla/dev_ws/src/install/articubot_one/share/articubot_one/package.xml
[1.673s] Invoked command in '/home/cagla/dev_ws/src/build/articubot_one' returned '0': CMAKE_PREFIX_PATH=${CMAKE_PREFIX_PATH}:/home/cagla/new_ws/install/serial_motor_demo:/home/cagla/new_ws/install/serial_motor_demo_msgs:/opt/ros/humble /usr/bin/cmake --install /home/cagla/dev_ws/src/build/articubot_one
