[0.010s] Invoking command in '/home/reveha/reveha_ws/build/diffdrive_arduino': CMAKE_PREFIX_PATH=/home/reveha/reveha_ws/install/serial:/home/reveha/reveha_ws/install/diffdrive_arduino:/home/reveha/reveha_ws/install/articubot_one:/usr/local/share/YDLIDAR_SDK:/home/reveha/reveha_ws/install/ball_tracker:/opt/ros/humble /home/reveha/.local/bin/cmake --build /home/reveha/reveha_ws/build/diffdrive_arduino -- -j12 -l12
[0.113s] [ 57%] Built target diffdrive_arduino
[0.117s] [100%] Built target fake_robot
[0.140s] Invoked command in '/home/reveha/reveha_ws/build/diffdrive_arduino' returned '0': CMAKE_PREFIX_PATH=/home/reveha/reveha_ws/install/serial:/home/reveha/reveha_ws/install/diffdrive_arduino:/home/reveha/reveha_ws/install/articubot_one:/usr/local/share/YDLIDAR_SDK:/home/reveha/reveha_ws/install/ball_tracker:/opt/ros/humble /home/reveha/.local/bin/cmake --build /home/reveha/reveha_ws/build/diffdrive_arduino -- -j12 -l12
[0.278s] Invoking command in '/home/reveha/reveha_ws/build/diffdrive_arduino': CMAKE_PREFIX_PATH=/home/reveha/reveha_ws/install/serial:/home/reveha/reveha_ws/install/diffdrive_arduino:/home/reveha/reveha_ws/install/articubot_one:/usr/local/share/YDLIDAR_SDK:/home/reveha/reveha_ws/install/ball_tracker:/opt/ros/humble /home/reveha/.local/bin/cmake --install /home/reveha/reveha_ws/build/diffdrive_arduino
[0.371s] -- Install configuration: ""
[0.371s] -- Up-to-date: /home/reveha/reveha_ws/install/diffdrive_arduino/share/diffdrive_arduino/robot_hardware.xml
[0.371s] -- Up-to-date: /home/reveha/reveha_ws/install/diffdrive_arduino/share/diffdrive_arduino/fake_robot_hardware.xml
[0.372s] -- Up-to-date: /home/reveha/reveha_ws/install/diffdrive_arduino/lib/libdiffdrive_arduino.so
[0.372s] -- Up-to-date: /home/reveha/reveha_ws/install/diffdrive_arduino/lib/libfake_robot.so
[0.372s] -- Up-to-date: /home/reveha/reveha_ws/install/diffdrive_arduino/share/diffdrive_arduino/controllers
[0.372s] -- Up-to-date: /home/reveha/reveha_ws/install/diffdrive_arduino/share/diffdrive_arduino/controllers/robot_controller_example.yaml
[0.372s] -- Up-to-date: /home/reveha/reveha_ws/install/diffdrive_arduino/share/diffdrive_arduino
[0.372s] -- Up-to-date: /home/reveha/reveha_ws/install/diffdrive_arduino/share/diffdrive_arduino/fake_robot.launch.py
[0.372s] -- Up-to-date: /home/reveha/reveha_ws/install/diffdrive_arduino/share/diffdrive_arduino/__pycache__
[0.372s] -- Up-to-date: /home/reveha/reveha_ws/install/diffdrive_arduino/share/diffdrive_arduino/__pycache__/test_robot.launch.cpython-310.pyc
[0.373s] -- Up-to-date: /home/reveha/reveha_ws/install/diffdrive_arduino/share/diffdrive_arduino/test_robot.launch.py
[0.373s] -- Up-to-date: /home/reveha/reveha_ws/install/diffdrive_arduino/share/diffdrive_arduino/environment/library_path.sh
[0.373s] -- Up-to-date: /home/reveha/reveha_ws/install/diffdrive_arduino/share/diffdrive_arduino/environment/library_path.dsv
[0.373s] -- Up-to-date: /home/reveha/reveha_ws/install/diffdrive_arduino/share/ament_index/resource_index/package_run_dependencies/diffdrive_arduino
[0.373s] -- Up-to-date: /home/reveha/reveha_ws/install/diffdrive_arduino/share/ament_index/resource_index/parent_prefix_path/diffdrive_arduino
[0.373s] -- Up-to-date: /home/reveha/reveha_ws/install/diffdrive_arduino/share/diffdrive_arduino/environment/ament_prefix_path.sh
[0.373s] -- Up-to-date: /home/reveha/reveha_ws/install/diffdrive_arduino/share/diffdrive_arduino/environment/ament_prefix_path.dsv
[0.373s] -- Up-to-date: /home/reveha/reveha_ws/install/diffdrive_arduino/share/diffdrive_arduino/environment/path.sh
[0.373s] -- Up-to-date: /home/reveha/reveha_ws/install/diffdrive_arduino/share/diffdrive_arduino/environment/path.dsv
[0.373s] -- Up-to-date: /home/reveha/reveha_ws/install/diffdrive_arduino/share/diffdrive_arduino/local_setup.bash
[0.373s] -- Up-to-date: /home/reveha/reveha_ws/install/diffdrive_arduino/share/diffdrive_arduino/local_setup.sh
[0.373s] -- Up-to-date: /home/reveha/reveha_ws/install/diffdrive_arduino/share/diffdrive_arduino/local_setup.zsh
[0.374s] -- Up-to-date: /home/reveha/reveha_ws/install/diffdrive_arduino/share/diffdrive_arduino/local_setup.dsv
[0.374s] -- Installing: /home/reveha/reveha_ws/install/diffdrive_arduino/share/diffdrive_arduino/package.dsv
[0.374s] -- Up-to-date: /home/reveha/reveha_ws/install/diffdrive_arduino/share/ament_index/resource_index/packages/diffdrive_arduino
[0.374s] -- Up-to-date: /home/reveha/reveha_ws/install/diffdrive_arduino/share/ament_index/resource_index/hardware_interface__pluginlib__plugin/diffdrive_arduino
[0.374s] -- Up-to-date: /home/reveha/reveha_ws/install/diffdrive_arduino/share/diffdrive_arduino/cmake/ament_cmake_export_libraries-extras.cmake
[0.374s] -- Up-to-date: /home/reveha/reveha_ws/install/diffdrive_arduino/share/diffdrive_arduino/cmake/ament_cmake_export_dependencies-extras.cmake
[0.374s] -- Up-to-date: /home/reveha/reveha_ws/install/diffdrive_arduino/share/diffdrive_arduino/cmake/diffdrive_arduinoConfig.cmake
[0.374s] -- Up-to-date: /home/reveha/reveha_ws/install/diffdrive_arduino/share/diffdrive_arduino/cmake/diffdrive_arduinoConfig-version.cmake
[0.374s] -- Up-to-date: /home/reveha/reveha_ws/install/diffdrive_arduino/share/diffdrive_arduino/package.xml
[0.392s] Invoked command in '/home/reveha/reveha_ws/build/diffdrive_arduino' returned '0': CMAKE_PREFIX_PATH=/home/reveha/reveha_ws/install/serial:/home/reveha/reveha_ws/install/diffdrive_arduino:/home/reveha/reveha_ws/install/articubot_one:/usr/local/share/YDLIDAR_SDK:/home/reveha/reveha_ws/install/ball_tracker:/opt/ros/humble /home/reveha/.local/bin/cmake --install /home/reveha/reveha_ws/build/diffdrive_arduino
