[1.099s] Invoking command in '/home/cagla/dev_ws/src/ball_tracker': PYTHONPATH=/home/cagla/dev_ws/src/build/ball_tracker/prefix_override:/home/cagla/dev_ws/src/install/ball_tracker/lib/python3.10/site-packages:${PYTHONPATH} /usr/bin/python3 -W ignore:setup.py install is deprecated setup.py egg_info --egg-base ../build/ball_tracker build --build-base /home/cagla/dev_ws/src/build/ball_tracker/build install --record /home/cagla/dev_ws/src/build/ball_tracker/install.log --install-scripts $base/lib/ball_tracker --single-version-externally-managed install_data
[1.484s] /usr/lib/python3/dist-packages/setuptools/dist.py:723: UserWarning: Usage of dash-separated 'script-dir' will not be supported in future versions. Please use the underscore name 'script_dir' instead
[1.484s]   warnings.warn(
[1.495s] running egg_info
[1.496s] creating ../build/ball_tracker/ball_tracker.egg-info
[1.496s] writing ../build/ball_tracker/ball_tracker.egg-info/PKG-INFO
[1.496s] writing dependency_links to ../build/ball_tracker/ball_tracker.egg-info/dependency_links.txt
[1.497s] writing entry points to ../build/ball_tracker/ball_tracker.egg-info/entry_points.txt
[1.497s] writing requirements to ../build/ball_tracker/ball_tracker.egg-info/requires.txt
[1.497s] writing top-level names to ../build/ball_tracker/ball_tracker.egg-info/top_level.txt
[1.497s] writing manifest file '../build/ball_tracker/ball_tracker.egg-info/SOURCES.txt'
[1.499s] reading manifest file '../build/ball_tracker/ball_tracker.egg-info/SOURCES.txt'
[1.500s] writing manifest file '../build/ball_tracker/ball_tracker.egg-info/SOURCES.txt'
[1.501s] running build
[1.501s] running build_py
[1.501s] creating /home/cagla/dev_ws/src/build/ball_tracker/build
[1.502s] creating /home/cagla/dev_ws/src/build/ball_tracker/build/lib
[1.502s] creating /home/cagla/dev_ws/src/build/ball_tracker/build/lib/ball_tracker
[1.502s] copying ball_tracker/__init__.py -> /home/cagla/dev_ws/src/build/ball_tracker/build/lib/ball_tracker
[1.502s] copying ball_tracker/detect_ball_3d.py -> /home/cagla/dev_ws/src/build/ball_tracker/build/lib/ball_tracker
[1.503s] copying ball_tracker/process_image.py -> /home/cagla/dev_ws/src/build/ball_tracker/build/lib/ball_tracker
[1.503s] copying ball_tracker/follow_ball.py -> /home/cagla/dev_ws/src/build/ball_tracker/build/lib/ball_tracker
[1.503s] copying ball_tracker/detect_ball.py -> /home/cagla/dev_ws/src/build/ball_tracker/build/lib/ball_tracker
[1.503s] running install
[1.503s] running install_lib
[1.504s] creating /home/cagla/dev_ws/src/install/ball_tracker/lib/python3.10/site-packages/ball_tracker
[1.504s] copying /home/cagla/dev_ws/src/build/ball_tracker/build/lib/ball_tracker/__init__.py -> /home/cagla/dev_ws/src/install/ball_tracker/lib/python3.10/site-packages/ball_tracker
[1.504s] copying /home/cagla/dev_ws/src/build/ball_tracker/build/lib/ball_tracker/detect_ball_3d.py -> /home/cagla/dev_ws/src/install/ball_tracker/lib/python3.10/site-packages/ball_tracker
[1.504s] copying /home/cagla/dev_ws/src/build/ball_tracker/build/lib/ball_tracker/process_image.py -> /home/cagla/dev_ws/src/install/ball_tracker/lib/python3.10/site-packages/ball_tracker
[1.505s] copying /home/cagla/dev_ws/src/build/ball_tracker/build/lib/ball_tracker/follow_ball.py -> /home/cagla/dev_ws/src/install/ball_tracker/lib/python3.10/site-packages/ball_tracker
[1.505s] copying /home/cagla/dev_ws/src/build/ball_tracker/build/lib/ball_tracker/detect_ball.py -> /home/cagla/dev_ws/src/install/ball_tracker/lib/python3.10/site-packages/ball_tracker
[1.505s] byte-compiling /home/cagla/dev_ws/src/install/ball_tracker/lib/python3.10/site-packages/ball_tracker/__init__.py to __init__.cpython-310.pyc
[1.505s] byte-compiling /home/cagla/dev_ws/src/install/ball_tracker/lib/python3.10/site-packages/ball_tracker/detect_ball_3d.py to detect_ball_3d.cpython-310.pyc
[1.506s] byte-compiling /home/cagla/dev_ws/src/install/ball_tracker/lib/python3.10/site-packages/ball_tracker/process_image.py to process_image.cpython-310.pyc
[1.507s] byte-compiling /home/cagla/dev_ws/src/install/ball_tracker/lib/python3.10/site-packages/ball_tracker/follow_ball.py to follow_ball.cpython-310.pyc
[1.508s] byte-compiling /home/cagla/dev_ws/src/install/ball_tracker/lib/python3.10/site-packages/ball_tracker/detect_ball.py to detect_ball.cpython-310.pyc
[1.509s] running install_data
[1.509s] creating /home/cagla/dev_ws/src/install/ball_tracker/share/ament_index
[1.509s] creating /home/cagla/dev_ws/src/install/ball_tracker/share/ament_index/resource_index
[1.509s] creating /home/cagla/dev_ws/src/install/ball_tracker/share/ament_index/resource_index/packages
[1.510s] copying resource/ball_tracker -> /home/cagla/dev_ws/src/install/ball_tracker/share/ament_index/resource_index/packages
[1.510s] copying package.xml -> /home/cagla/dev_ws/src/install/ball_tracker/share/ball_tracker
[1.510s] creating /home/cagla/dev_ws/src/install/ball_tracker/share/ball_tracker/launch
[1.510s] copying launch/ball_tracker.launch.py -> /home/cagla/dev_ws/src/install/ball_tracker/share/ball_tracker/launch
[1.511s] copying launch/example_launch_include.launch.py -> /home/cagla/dev_ws/src/install/ball_tracker/share/ball_tracker/launch
[1.511s] creating /home/cagla/dev_ws/src/install/ball_tracker/share/ball_tracker/config
[1.511s] copying config/ball_tracker_params_example.yaml -> /home/cagla/dev_ws/src/install/ball_tracker/share/ball_tracker/config
[1.511s] running install_egg_info
[1.512s] Copying ../build/ball_tracker/ball_tracker.egg-info to /home/cagla/dev_ws/src/install/ball_tracker/lib/python3.10/site-packages/ball_tracker-0.0.0-py3.10.egg-info
[1.513s] running install_scripts
[1.540s] Installing detect_ball script to /home/cagla/dev_ws/src/install/ball_tracker/lib/ball_tracker
[1.540s] Installing detect_ball_3d script to /home/cagla/dev_ws/src/install/ball_tracker/lib/ball_tracker
[1.541s] Installing follow_ball script to /home/cagla/dev_ws/src/install/ball_tracker/lib/ball_tracker
[1.541s] writing list of installed files to '/home/cagla/dev_ws/src/build/ball_tracker/install.log'
[1.580s] Invoked command in '/home/cagla/dev_ws/src/ball_tracker' returned '0': PYTHONPATH=/home/cagla/dev_ws/src/build/ball_tracker/prefix_override:/home/cagla/dev_ws/src/install/ball_tracker/lib/python3.10/site-packages:${PYTHONPATH} /usr/bin/python3 -W ignore:setup.py install is deprecated setup.py egg_info --egg-base ../build/ball_tracker build --build-base /home/cagla/dev_ws/src/build/ball_tracker/build install --record /home/cagla/dev_ws/src/build/ball_tracker/install.log --install-scripts $base/lib/ball_tracker --single-version-externally-managed install_data
