[0.012s] Invoking command in '/home/reveha/reveha_ws/build/diffdrive_arduino': CMAKE_PREFIX_PATH=/home/reveha/reveha_ws/install/serial:/home/reveha/reveha_ws/install/diffdrive_arduino:/home/reveha/reveha_ws/install/articubot_one:/usr/local/share/YDLIDAR_SDK:/home/reveha/reveha_ws/install/ball_tracker:/opt/ros/humble /home/reveha/.local/bin/cmake /home/reveha/reveha_ws/src/diffdrive_arduino -DCMAKE_INSTALL_PREFIX=/home/reveha/reveha_ws/install/diffdrive_arduino
[0.083s] -- Found ament_cmake: 1.3.9 (/opt/ros/humble/share/ament_cmake/cmake)
[0.357s] -- Override CMake install command with custom implementation using symlinks instead of copying resources
[0.375s] -- Found serial: 1.2.1 (/home/reveha/reveha_ws/install/serial/share/serial/cmake)
[0.379s] -- Found hardware_interface: 2.41.0 (/opt/ros/humble/share/hardware_interface/cmake)
[0.450s] -- Found rosidl_generator_c: 3.1.5 (/opt/ros/humble/share/rosidl_generator_c/cmake)
[0.453s] -- Found rosidl_adapter: 3.1.5 (/opt/ros/humble/share/rosidl_adapter/cmake)
[0.460s] -- Found rosidl_generator_cpp: 3.1.5 (/opt/ros/humble/share/rosidl_generator_cpp/cmake)
[0.473s] -- Using all available rosidl_typesupport_c: rosidl_typesupport_fastrtps_c;rosidl_typesupport_introspection_c
[0.493s] -- Using all available rosidl_typesupport_cpp: rosidl_typesupport_fastrtps_cpp;rosidl_typesupport_introspection_cpp
[1.174s] -- Found rmw_implementation_cmake: 6.1.2 (/opt/ros/humble/share/rmw_implementation_cmake/cmake)
[1.175s] -- Found rmw_fastrtps_cpp: 6.2.6 (/opt/ros/humble/share/rmw_fastrtps_cpp/cmake)
[1.213s] -- Found TinyXML2 via Config file: TinyXML2_DIR-NOTFOUND
[1.225s] -- Found TinyXML2 via Config file: TinyXML2_DIR-NOTFOUND
[1.251s] -- Found TinyXML2 via Config file: TinyXML2_DIR-NOTFOUND
[1.263s] -- Found TinyXML2 via Config file: TinyXML2_DIR-NOTFOUND
[1.278s] -- Using RMW implementation 'rmw_fastrtps_cpp' as default
[1.451s] -- Found controller_manager: 2.41.0 (/opt/ros/humble/share/controller_manager/cmake)
[2.703s] -- Configuring done (2.6s)
[2.764s] -- Generating done (0.0s)
[2.766s] -- Build files have been written to: /home/reveha/reveha_ws/build/diffdrive_arduino
[2.792s] Invoked command in '/home/reveha/reveha_ws/build/diffdrive_arduino' returned '0': CMAKE_PREFIX_PATH=/home/reveha/reveha_ws/install/serial:/home/reveha/reveha_ws/install/diffdrive_arduino:/home/reveha/reveha_ws/install/articubot_one:/usr/local/share/YDLIDAR_SDK:/home/reveha/reveha_ws/install/ball_tracker:/opt/ros/humble /home/reveha/.local/bin/cmake /home/reveha/reveha_ws/src/diffdrive_arduino -DCMAKE_INSTALL_PREFIX=/home/reveha/reveha_ws/install/diffdrive_arduino
[2.794s] Invoking command in '/home/reveha/reveha_ws/build/diffdrive_arduino': CMAKE_PREFIX_PATH=/home/reveha/reveha_ws/install/serial:/home/reveha/reveha_ws/install/diffdrive_arduino:/home/reveha/reveha_ws/install/articubot_one:/usr/local/share/YDLIDAR_SDK:/home/reveha/reveha_ws/install/ball_tracker:/opt/ros/humble /home/reveha/.local/bin/cmake --build /home/reveha/reveha_ws/build/diffdrive_arduino -- -j12 -l12
[2.912s] [ 42%] Built target fake_robot
[2.925s] [100%] Built target diffdrive_arduino
[2.946s] Invoked command in '/home/reveha/reveha_ws/build/diffdrive_arduino' returned '0': CMAKE_PREFIX_PATH=/home/reveha/reveha_ws/install/serial:/home/reveha/reveha_ws/install/diffdrive_arduino:/home/reveha/reveha_ws/install/articubot_one:/usr/local/share/YDLIDAR_SDK:/home/reveha/reveha_ws/install/ball_tracker:/opt/ros/humble /home/reveha/.local/bin/cmake --build /home/reveha/reveha_ws/build/diffdrive_arduino -- -j12 -l12
[3.066s] Invoking command in '/home/reveha/reveha_ws/build/diffdrive_arduino': CMAKE_PREFIX_PATH=/home/reveha/reveha_ws/install/serial:/home/reveha/reveha_ws/install/diffdrive_arduino:/home/reveha/reveha_ws/install/articubot_one:/usr/local/share/YDLIDAR_SDK:/home/reveha/reveha_ws/install/ball_tracker:/opt/ros/humble /home/reveha/.local/bin/cmake --install /home/reveha/reveha_ws/build/diffdrive_arduino
[3.135s] -- Install configuration: ""
[3.136s] -- Execute custom install script
[3.137s] -- Up-to-date symlink: /home/reveha/reveha_ws/install/diffdrive_arduino/share/diffdrive_arduino//robot_hardware.xml
[3.137s] -- Up-to-date symlink: /home/reveha/reveha_ws/install/diffdrive_arduino/share/diffdrive_arduino//fake_robot_hardware.xml
[3.137s] -- Up-to-date symlink: /home/reveha/reveha_ws/install/diffdrive_arduino/lib/libdiffdrive_arduino.so
[3.137s] -- Up-to-date symlink: /home/reveha/reveha_ws/install/diffdrive_arduino/lib/libfake_robot.so
[3.137s] -- Up-to-date symlink: /home/reveha/reveha_ws/install/diffdrive_arduino/share/diffdrive_arduino/controllers/robot_controller_example.yaml
[3.138s] -- Up-to-date symlink: /home/reveha/reveha_ws/install/diffdrive_arduino/share/diffdrive_arduino/__pycache__/test_robot.launch.cpython-310.pyc
[3.138s] -- Up-to-date symlink: /home/reveha/reveha_ws/install/diffdrive_arduino/share/diffdrive_arduino/fake_robot.launch.py
[3.138s] -- Up-to-date symlink: /home/reveha/reveha_ws/install/diffdrive_arduino/share/diffdrive_arduino/test_robot.launch.py
[3.138s] -- Up-to-date symlink: /home/reveha/reveha_ws/install/diffdrive_arduino/share/diffdrive_arduino/environment/library_path.sh
[3.138s] -- Up-to-date symlink: /home/reveha/reveha_ws/install/diffdrive_arduino/share/diffdrive_arduino/environment/library_path.dsv
[3.138s] -- Up-to-date symlink: /home/reveha/reveha_ws/install/diffdrive_arduino/share/ament_index/resource_index/package_run_dependencies/diffdrive_arduino
[3.139s] -- Up-to-date symlink: /home/reveha/reveha_ws/install/diffdrive_arduino/share/ament_index/resource_index/parent_prefix_path/diffdrive_arduino
[3.139s] -- Up-to-date symlink: /home/reveha/reveha_ws/install/diffdrive_arduino/share/diffdrive_arduino/environment/ament_prefix_path.sh
[3.139s] -- Up-to-date symlink: /home/reveha/reveha_ws/install/diffdrive_arduino/share/diffdrive_arduino/environment/ament_prefix_path.dsv
[3.139s] -- Up-to-date symlink: /home/reveha/reveha_ws/install/diffdrive_arduino/share/diffdrive_arduino/environment/path.sh
[3.139s] -- Up-to-date symlink: /home/reveha/reveha_ws/install/diffdrive_arduino/share/diffdrive_arduino/environment/path.dsv
[3.139s] -- Up-to-date symlink: /home/reveha/reveha_ws/install/diffdrive_arduino/share/diffdrive_arduino/local_setup.bash
[3.139s] -- Up-to-date symlink: /home/reveha/reveha_ws/install/diffdrive_arduino/share/diffdrive_arduino/local_setup.sh
[3.140s] -- Up-to-date symlink: /home/reveha/reveha_ws/install/diffdrive_arduino/share/diffdrive_arduino/local_setup.zsh
[3.140s] -- Up-to-date symlink: /home/reveha/reveha_ws/install/diffdrive_arduino/share/diffdrive_arduino/local_setup.dsv
[3.140s] -- Symlinking: /home/reveha/reveha_ws/install/diffdrive_arduino/share/diffdrive_arduino/package.dsv
[3.147s] -- Up-to-date symlink: /home/reveha/reveha_ws/install/diffdrive_arduino/share/ament_index/resource_index/packages/diffdrive_arduino
[3.148s] -- Up-to-date symlink: /home/reveha/reveha_ws/install/diffdrive_arduino/share/ament_index/resource_index/hardware_interface__pluginlib__plugin/diffdrive_arduino
[3.148s] -- Up-to-date symlink: /home/reveha/reveha_ws/install/diffdrive_arduino/share/diffdrive_arduino/cmake/ament_cmake_export_libraries-extras.cmake
[3.148s] -- Up-to-date symlink: /home/reveha/reveha_ws/install/diffdrive_arduino/share/diffdrive_arduino/cmake/ament_cmake_export_dependencies-extras.cmake
[3.148s] -- Up-to-date symlink: /home/reveha/reveha_ws/install/diffdrive_arduino/share/diffdrive_arduino/cmake/diffdrive_arduinoConfig.cmake
[3.148s] -- Up-to-date symlink: /home/reveha/reveha_ws/install/diffdrive_arduino/share/diffdrive_arduino/cmake/diffdrive_arduinoConfig-version.cmake
[3.148s] -- Up-to-date symlink: /home/reveha/reveha_ws/install/diffdrive_arduino/share/diffdrive_arduino/package.xml
[3.166s] Invoked command in '/home/reveha/reveha_ws/build/diffdrive_arduino' returned '0': CMAKE_PREFIX_PATH=/home/reveha/reveha_ws/install/serial:/home/reveha/reveha_ws/install/diffdrive_arduino:/home/reveha/reveha_ws/install/articubot_one:/usr/local/share/YDLIDAR_SDK:/home/reveha/reveha_ws/install/ball_tracker:/opt/ros/humble /home/reveha/.local/bin/cmake --install /home/reveha/reveha_ws/build/diffdrive_arduino
